2022-07-11 19:57:09,809 - data_pipeline - INFO - running CampaignParameters
2022-07-11 19:57:09,810 - data_pipeline - INFO - LocalCampaignParameters - Reading Campaign Parameters
2022-07-11 19:57:09,923 - data_pipeline - INFO - running ProcessSampleParameters
2022-07-11 19:57:09,924 - data_pipeline - INFO - LocalProcessSampleParameters - Reformatting Sample Parameters
2022-07-11 19:57:09,944 - data_pipeline - INFO - LocalProcessSampleParameters - Saving sample parameters data
2022-07-11 19:57:09,963 - data_pipeline - INFO - running ProcessConductance
2022-07-11 19:57:09,963 - data_pipeline - INFO - LocalProcessConductance - Processing Conductivity
2022-07-11 19:57:09,964 - data_pipeline - INFO - LocalProcessConductance - Processing Conductivity for sample 20
2022-07-11 19:57:09,968 - data_pipeline - INFO - LocalProcessConductance - Processing conductivity for sample 20, position 0
2022-07-11 19:57:09,986 - data_pipeline - INFO - LocalProcessConductance - Processing conductivity for sample 20, position 1
2022-07-11 19:57:10,007 - data_pipeline - INFO - LocalProcessConductance - Processing conductivity for sample 20, position 2
2022-07-11 19:57:10,026 - data_pipeline - INFO - LocalProcessConductance - Processing conductivity for sample 20, position 3
2022-07-11 19:57:10,045 - data_pipeline - INFO - LocalProcessConductance - Processing conductivity for sample 20, position 4
2022-07-11 19:57:10,069 - data_pipeline - INFO - LocalProcessConductance - Saving position conductivity data
2022-07-11 19:57:10,077 - data_pipeline - INFO - LocalProcessConductance - Saving sample conductivity data
2022-07-11 19:57:10,088 - data_pipeline - INFO - LocalProcessConductance - Saving raw conductivity data
2022-07-11 19:57:10,105 - data_pipeline - INFO - running ProcessXRF
2022-07-11 19:57:10,106 - data_pipeline - INFO - LocalProcessXRF - Processing XRF
2022-07-11 19:57:14,108 - data_pipeline - INFO - running CalculatePseudoconductivity
2022-07-11 19:57:14,444 - data_pipeline - INFO - running AggregateData
2022-07-11 19:57:14,492 - data_pipeline - INFO - LocalAggregateData - Saving aggregate sample data
2022-07-11 19:57:14,520 - data_pipeline - INFO - running CustomTransformations
2022-07-11 19:57:14,521 - data_pipeline - INFO - No cost parameters provided. Cost not calculated.
2022-07-11 19:57:14,537 - data_pipeline - INFO - running DataEntry
2022-07-11 19:57:14,538 - data_pipeline - INFO - LocalDataEntry - Complete the pipeline
