2022-07-12 16:45:59,584 - data_pipeline - INFO - running CampaignParameters
2022-07-12 16:45:59,585 - data_pipeline - INFO - LocalCampaignParameters - Reading Campaign Parameters
2022-07-12 16:45:59,720 - data_pipeline - INFO - running ProcessSampleParameters
2022-07-12 16:45:59,721 - data_pipeline - INFO - LocalProcessSampleParameters - Reformatting Sample Parameters
2022-07-12 16:45:59,741 - data_pipeline - INFO - LocalProcessSampleParameters - Saving sample parameters data
2022-07-12 16:45:59,761 - data_pipeline - INFO - running ProcessConductance
2022-07-12 16:45:59,762 - data_pipeline - INFO - LocalProcessConductance - Processing Conductivity
2022-07-12 16:45:59,763 - data_pipeline - INFO - LocalProcessConductance - Processing Conductivity for sample 48
2022-07-12 16:45:59,766 - data_pipeline - INFO - LocalProcessConductance - Processing conductivity for sample 48, position 0
2022-07-12 16:45:59,786 - data_pipeline - INFO - LocalProcessConductance - Processing conductivity for sample 48, position 1
2022-07-12 16:45:59,806 - data_pipeline - INFO - LocalProcessConductance - Processing conductivity for sample 48, position 2
2022-07-12 16:45:59,825 - data_pipeline - INFO - LocalProcessConductance - Processing conductivity for sample 48, position 3
2022-07-12 16:45:59,845 - data_pipeline - INFO - LocalProcessConductance - Processing conductivity for sample 48, position 4
2022-07-12 16:45:59,868 - data_pipeline - INFO - LocalProcessConductance - Saving position conductivity data
2022-07-12 16:45:59,875 - data_pipeline - INFO - LocalProcessConductance - Saving sample conductivity data
2022-07-12 16:45:59,888 - data_pipeline - INFO - LocalProcessConductance - Saving raw conductivity data
2022-07-12 16:45:59,906 - data_pipeline - INFO - running ProcessXRF
2022-07-12 16:45:59,907 - data_pipeline - INFO - LocalProcessXRF - Processing XRF
2022-07-12 16:46:03,837 - data_pipeline - INFO - running CalculatePseudoconductivity
2022-07-12 16:46:04,172 - data_pipeline - INFO - running AggregateData
2022-07-12 16:46:04,213 - data_pipeline - INFO - LocalAggregateData - Saving aggregate sample data
2022-07-12 16:46:04,241 - data_pipeline - INFO - running CustomTransformations
2022-07-12 16:46:04,242 - data_pipeline - INFO - No cost parameters provided. Cost not calculated.
2022-07-12 16:46:04,258 - data_pipeline - INFO - running DataEntry
2022-07-12 16:46:04,259 - data_pipeline - INFO - LocalDataEntry - Complete the pipeline
