2022-07-14 13:12:16,969 - data_pipeline - INFO - running CampaignParameters
2022-07-14 13:12:16,970 - data_pipeline - INFO - LocalCampaignParameters - Reading Campaign Parameters
2022-07-14 13:12:17,196 - data_pipeline - INFO - running ProcessSampleParameters
2022-07-14 13:12:17,197 - data_pipeline - INFO - LocalProcessSampleParameters - Reformatting Sample Parameters
2022-07-14 13:12:17,217 - data_pipeline - INFO - LocalProcessSampleParameters - Saving sample parameters data
2022-07-14 13:12:17,244 - data_pipeline - INFO - running ProcessConductance
2022-07-14 13:12:17,245 - data_pipeline - INFO - LocalProcessConductance - Processing Conductivity
2022-07-14 13:12:17,246 - data_pipeline - INFO - LocalProcessConductance - Processing Conductivity for sample 158
2022-07-14 13:12:17,249 - data_pipeline - INFO - LocalProcessConductance - Processing conductivity for sample 158, position 0
2022-07-14 13:12:17,268 - data_pipeline - INFO - LocalProcessConductance - Processing conductivity for sample 158, position 1
2022-07-14 13:12:17,288 - data_pipeline - INFO - LocalProcessConductance - Processing conductivity for sample 158, position 2
2022-07-14 13:12:17,307 - data_pipeline - INFO - LocalProcessConductance - Processing conductivity for sample 158, position 3
2022-07-14 13:12:17,327 - data_pipeline - INFO - LocalProcessConductance - Processing conductivity for sample 158, position 4
2022-07-14 13:12:17,351 - data_pipeline - INFO - LocalProcessConductance - Saving position conductivity data
2022-07-14 13:12:17,358 - data_pipeline - INFO - LocalProcessConductance - Saving sample conductivity data
2022-07-14 13:12:17,370 - data_pipeline - INFO - LocalProcessConductance - Saving raw conductivity data
2022-07-14 13:12:17,388 - data_pipeline - INFO - running ProcessXRF
2022-07-14 13:12:17,389 - data_pipeline - INFO - LocalProcessXRF - Processing XRF
2022-07-14 13:12:21,422 - data_pipeline - INFO - running CalculatePseudoconductivity
2022-07-14 13:12:21,702 - data_pipeline - INFO - running AggregateData
2022-07-14 13:12:21,746 - data_pipeline - INFO - LocalAggregateData - Saving aggregate sample data
2022-07-14 13:12:21,774 - data_pipeline - INFO - running CustomTransformations
2022-07-14 13:12:21,775 - data_pipeline - INFO - No cost parameters provided. Cost not calculated.
2022-07-14 13:12:21,790 - data_pipeline - INFO - running DataEntry
2022-07-14 13:12:21,791 - data_pipeline - INFO - LocalDataEntry - Complete the pipeline
