2022-07-14 03:40:39,148 - data_pipeline - INFO - running CampaignParameters
2022-07-14 03:40:39,149 - data_pipeline - INFO - LocalCampaignParameters - Reading Campaign Parameters
2022-07-14 03:40:39,301 - data_pipeline - INFO - running ProcessSampleParameters
2022-07-14 03:40:39,302 - data_pipeline - INFO - LocalProcessSampleParameters - Reformatting Sample Parameters
2022-07-14 03:40:39,323 - data_pipeline - INFO - LocalProcessSampleParameters - Saving sample parameters data
2022-07-14 03:40:39,343 - data_pipeline - INFO - running ProcessConductance
2022-07-14 03:40:39,343 - data_pipeline - INFO - LocalProcessConductance - Processing Conductivity
2022-07-14 03:40:39,344 - data_pipeline - INFO - LocalProcessConductance - Processing Conductivity for sample 128
2022-07-14 03:40:39,348 - data_pipeline - INFO - LocalProcessConductance - Processing conductivity for sample 128, position 0
2022-07-14 03:40:39,367 - data_pipeline - INFO - LocalProcessConductance - Processing conductivity for sample 128, position 1
2022-07-14 03:40:39,386 - data_pipeline - INFO - LocalProcessConductance - Processing conductivity for sample 128, position 2
2022-07-14 03:40:39,404 - data_pipeline - INFO - LocalProcessConductance - Processing conductivity for sample 128, position 3
2022-07-14 03:40:39,424 - data_pipeline - INFO - LocalProcessConductance - Processing conductivity for sample 128, position 4
2022-07-14 03:40:39,446 - data_pipeline - INFO - LocalProcessConductance - Saving position conductivity data
2022-07-14 03:40:39,454 - data_pipeline - INFO - LocalProcessConductance - Saving sample conductivity data
2022-07-14 03:40:39,466 - data_pipeline - INFO - LocalProcessConductance - Saving raw conductivity data
2022-07-14 03:40:39,483 - data_pipeline - INFO - running ProcessXRF
2022-07-14 03:40:39,484 - data_pipeline - INFO - LocalProcessXRF - Processing XRF
2022-07-14 03:40:43,447 - data_pipeline - INFO - running CalculatePseudoconductivity
2022-07-14 03:40:43,770 - data_pipeline - INFO - running AggregateData
2022-07-14 03:40:43,812 - data_pipeline - INFO - LocalAggregateData - Saving aggregate sample data
2022-07-14 03:40:43,841 - data_pipeline - INFO - running CustomTransformations
2022-07-14 03:40:43,842 - data_pipeline - INFO - No cost parameters provided. Cost not calculated.
2022-07-14 03:40:43,858 - data_pipeline - INFO - running DataEntry
2022-07-14 03:40:43,859 - data_pipeline - INFO - LocalDataEntry - Complete the pipeline
