2022-07-12 23:42:59,005 - data_pipeline - INFO - running CampaignParameters
2022-07-12 23:42:59,006 - data_pipeline - INFO - LocalCampaignParameters - Reading Campaign Parameters
2022-07-12 23:42:59,211 - data_pipeline - INFO - running ProcessSampleParameters
2022-07-12 23:42:59,212 - data_pipeline - INFO - LocalProcessSampleParameters - Reformatting Sample Parameters
2022-07-12 23:42:59,233 - data_pipeline - INFO - LocalProcessSampleParameters - Saving sample parameters data
2022-07-12 23:42:59,251 - data_pipeline - INFO - running ProcessConductance
2022-07-12 23:42:59,252 - data_pipeline - INFO - LocalProcessConductance - Processing Conductivity
2022-07-12 23:42:59,253 - data_pipeline - INFO - LocalProcessConductance - Processing Conductivity for sample 68
2022-07-12 23:42:59,256 - data_pipeline - INFO - LocalProcessConductance - Processing conductivity for sample 68, position 0
2022-07-12 23:42:59,276 - data_pipeline - INFO - LocalProcessConductance - Processing conductivity for sample 68, position 1
2022-07-12 23:42:59,295 - data_pipeline - INFO - LocalProcessConductance - Processing conductivity for sample 68, position 2
2022-07-12 23:42:59,314 - data_pipeline - INFO - LocalProcessConductance - Processing conductivity for sample 68, position 3
2022-07-12 23:42:59,333 - data_pipeline - INFO - LocalProcessConductance - Processing conductivity for sample 68, position 4
2022-07-12 23:42:59,356 - data_pipeline - INFO - LocalProcessConductance - Saving position conductivity data
2022-07-12 23:42:59,365 - data_pipeline - INFO - LocalProcessConductance - Saving sample conductivity data
2022-07-12 23:42:59,377 - data_pipeline - INFO - LocalProcessConductance - Saving raw conductivity data
2022-07-12 23:42:59,395 - data_pipeline - INFO - running ProcessXRF
2022-07-12 23:42:59,396 - data_pipeline - INFO - LocalProcessXRF - Processing XRF
2022-07-12 23:43:03,491 - data_pipeline - INFO - running CalculatePseudoconductivity
2022-07-12 23:43:03,941 - data_pipeline - INFO - running AggregateData
2022-07-12 23:43:03,983 - data_pipeline - INFO - LocalAggregateData - Saving aggregate sample data
2022-07-12 23:43:04,011 - data_pipeline - INFO - running CustomTransformations
2022-07-12 23:43:04,012 - data_pipeline - INFO - No cost parameters provided. Cost not calculated.
2022-07-12 23:43:04,028 - data_pipeline - INFO - running DataEntry
2022-07-12 23:43:04,028 - data_pipeline - INFO - LocalDataEntry - Complete the pipeline
