2022-07-14 12:34:19,027 - data_pipeline - INFO - running CampaignParameters
2022-07-14 12:34:19,028 - data_pipeline - INFO - LocalCampaignParameters - Reading Campaign Parameters
2022-07-14 12:34:19,497 - data_pipeline - INFO - running ProcessSampleParameters
2022-07-14 12:34:19,498 - data_pipeline - INFO - LocalProcessSampleParameters - Reformatting Sample Parameters
2022-07-14 12:34:19,518 - data_pipeline - INFO - LocalProcessSampleParameters - Saving sample parameters data
2022-07-14 12:34:19,538 - data_pipeline - INFO - running ProcessConductance
2022-07-14 12:34:19,539 - data_pipeline - INFO - LocalProcessConductance - Processing Conductivity
2022-07-14 12:34:19,540 - data_pipeline - INFO - LocalProcessConductance - Processing Conductivity for sample 156
2022-07-14 12:34:19,543 - data_pipeline - INFO - LocalProcessConductance - Processing conductivity for sample 156, position 0
2022-07-14 12:34:19,561 - data_pipeline - INFO - LocalProcessConductance - Processing conductivity for sample 156, position 1
2022-07-14 12:34:19,580 - data_pipeline - INFO - LocalProcessConductance - Processing conductivity for sample 156, position 2
2022-07-14 12:34:19,598 - data_pipeline - INFO - LocalProcessConductance - Processing conductivity for sample 156, position 3
2022-07-14 12:34:19,618 - data_pipeline - INFO - LocalProcessConductance - Processing conductivity for sample 156, position 4
2022-07-14 12:34:19,641 - data_pipeline - INFO - LocalProcessConductance - Saving position conductivity data
2022-07-14 12:34:19,649 - data_pipeline - INFO - LocalProcessConductance - Saving sample conductivity data
2022-07-14 12:34:19,661 - data_pipeline - INFO - LocalProcessConductance - Saving raw conductivity data
2022-07-14 12:34:19,680 - data_pipeline - INFO - running ProcessXRF
2022-07-14 12:34:19,681 - data_pipeline - INFO - LocalProcessXRF - Processing XRF
2022-07-14 12:34:23,686 - data_pipeline - INFO - running CalculatePseudoconductivity
2022-07-14 12:34:23,942 - data_pipeline - INFO - running AggregateData
2022-07-14 12:34:23,986 - data_pipeline - INFO - LocalAggregateData - Saving aggregate sample data
2022-07-14 12:34:24,032 - data_pipeline - INFO - running CustomTransformations
2022-07-14 12:34:24,033 - data_pipeline - INFO - No cost parameters provided. Cost not calculated.
2022-07-14 12:34:24,049 - data_pipeline - INFO - running DataEntry
2022-07-14 12:34:24,050 - data_pipeline - INFO - LocalDataEntry - Complete the pipeline
