2022-07-11 16:29:28,005 - data_pipeline - INFO - running CampaignParameters
2022-07-11 16:29:28,006 - data_pipeline - INFO - LocalCampaignParameters - Reading Campaign Parameters
2022-07-11 16:29:28,101 - data_pipeline - INFO - running ProcessSampleParameters
2022-07-11 16:29:28,102 - data_pipeline - INFO - LocalProcessSampleParameters - Reformatting Sample Parameters
2022-07-11 16:29:28,122 - data_pipeline - INFO - LocalProcessSampleParameters - Saving sample parameters data
2022-07-11 16:29:28,141 - data_pipeline - INFO - running ProcessConductance
2022-07-11 16:29:28,142 - data_pipeline - INFO - LocalProcessConductance - Processing Conductivity
2022-07-11 16:29:28,144 - data_pipeline - INFO - LocalProcessConductance - Processing Conductivity for sample 9
2022-07-11 16:29:28,147 - data_pipeline - INFO - LocalProcessConductance - Processing conductivity for sample 9, position 0
2022-07-11 16:29:28,165 - data_pipeline - INFO - LocalProcessConductance - Processing conductivity for sample 9, position 1
2022-07-11 16:29:28,185 - data_pipeline - INFO - LocalProcessConductance - Processing conductivity for sample 9, position 2
2022-07-11 16:29:28,204 - data_pipeline - INFO - LocalProcessConductance - Processing conductivity for sample 9, position 3
2022-07-11 16:29:28,223 - data_pipeline - INFO - LocalProcessConductance - Processing conductivity for sample 9, position 4
2022-07-11 16:29:28,246 - data_pipeline - INFO - LocalProcessConductance - Saving position conductivity data
2022-07-11 16:29:28,253 - data_pipeline - INFO - LocalProcessConductance - Saving sample conductivity data
2022-07-11 16:29:28,264 - data_pipeline - INFO - LocalProcessConductance - Saving raw conductivity data
2022-07-11 16:29:28,282 - data_pipeline - INFO - running ProcessXRF
2022-07-11 16:29:28,283 - data_pipeline - INFO - LocalProcessXRF - Processing XRF
2022-07-11 16:29:32,203 - data_pipeline - INFO - running CalculatePseudoconductivity
2022-07-11 16:29:32,480 - data_pipeline - INFO - running AggregateData
2022-07-11 16:29:32,523 - data_pipeline - INFO - LocalAggregateData - Saving aggregate sample data
2022-07-11 16:29:32,552 - data_pipeline - INFO - running CustomTransformations
2022-07-11 16:29:32,553 - data_pipeline - INFO - No cost parameters provided. Cost not calculated.
2022-07-11 16:29:32,569 - data_pipeline - INFO - running DataEntry
2022-07-11 16:29:32,569 - data_pipeline - INFO - LocalDataEntry - Complete the pipeline
