2022-07-14 14:06:23,545 - data_pipeline - INFO - running CampaignParameters
2022-07-14 14:06:23,545 - data_pipeline - INFO - LocalCampaignParameters - Reading Campaign Parameters
2022-07-14 14:06:23,717 - data_pipeline - INFO - running ProcessSampleParameters
2022-07-14 14:06:23,718 - data_pipeline - INFO - LocalProcessSampleParameters - Reformatting Sample Parameters
2022-07-14 14:06:23,738 - data_pipeline - INFO - LocalProcessSampleParameters - Saving sample parameters data
2022-07-14 14:06:23,757 - data_pipeline - INFO - running ProcessConductance
2022-07-14 14:06:23,757 - data_pipeline - INFO - LocalProcessConductance - Processing Conductivity
2022-07-14 14:06:23,758 - data_pipeline - INFO - LocalProcessConductance - Processing Conductivity for sample 161
2022-07-14 14:06:23,761 - data_pipeline - INFO - LocalProcessConductance - Processing conductivity for sample 161, position 0
2022-07-14 14:06:23,776 - data_pipeline - INFO - LocalProcessConductance - Processing conductivity for sample 161, position 1
2022-07-14 14:06:23,792 - data_pipeline - INFO - LocalProcessConductance - Processing conductivity for sample 161, position 2
2022-07-14 14:06:23,807 - data_pipeline - INFO - LocalProcessConductance - Processing conductivity for sample 161, position 3
2022-07-14 14:06:23,823 - data_pipeline - INFO - LocalProcessConductance - Processing conductivity for sample 161, position 4
2022-07-14 14:06:23,843 - data_pipeline - INFO - LocalProcessConductance - Saving position conductivity data
2022-07-14 14:06:23,851 - data_pipeline - INFO - LocalProcessConductance - Saving sample conductivity data
2022-07-14 14:06:23,863 - data_pipeline - INFO - LocalProcessConductance - Saving raw conductivity data
2022-07-14 14:06:23,882 - data_pipeline - INFO - running ProcessXRF
2022-07-14 14:06:23,883 - data_pipeline - INFO - LocalProcessXRF - Processing XRF
2022-07-14 14:06:27,889 - data_pipeline - INFO - running CalculatePseudoconductivity
2022-07-14 14:06:28,172 - data_pipeline - INFO - running AggregateData
2022-07-14 14:06:28,223 - data_pipeline - INFO - LocalAggregateData - Saving aggregate sample data
2022-07-14 14:06:28,250 - data_pipeline - INFO - running CustomTransformations
2022-07-14 14:06:28,250 - data_pipeline - INFO - No cost parameters provided. Cost not calculated.
2022-07-14 14:06:28,265 - data_pipeline - INFO - running DataEntry
2022-07-14 14:06:28,266 - data_pipeline - INFO - LocalDataEntry - Complete the pipeline
