2022-07-12 14:40:31,936 - data_pipeline - INFO - running CampaignParameters
2022-07-12 14:40:31,936 - data_pipeline - INFO - LocalCampaignParameters - Reading Campaign Parameters
2022-07-12 14:40:32,081 - data_pipeline - INFO - running ProcessSampleParameters
2022-07-12 14:40:32,082 - data_pipeline - INFO - LocalProcessSampleParameters - Reformatting Sample Parameters
2022-07-12 14:40:32,104 - data_pipeline - INFO - LocalProcessSampleParameters - Saving sample parameters data
2022-07-12 14:40:32,123 - data_pipeline - INFO - running ProcessConductance
2022-07-12 14:40:32,123 - data_pipeline - INFO - LocalProcessConductance - Processing Conductivity
2022-07-12 14:40:32,125 - data_pipeline - INFO - LocalProcessConductance - Processing Conductivity for sample 41
2022-07-12 14:40:32,128 - data_pipeline - INFO - LocalProcessConductance - Processing conductivity for sample 41, position 0
2022-07-12 14:40:32,147 - data_pipeline - INFO - LocalProcessConductance - Processing conductivity for sample 41, position 1
2022-07-12 14:40:32,167 - data_pipeline - INFO - LocalProcessConductance - Processing conductivity for sample 41, position 2
2022-07-12 14:40:32,186 - data_pipeline - INFO - LocalProcessConductance - Processing conductivity for sample 41, position 3
2022-07-12 14:40:32,206 - data_pipeline - INFO - LocalProcessConductance - Processing conductivity for sample 41, position 4
2022-07-12 14:40:32,229 - data_pipeline - INFO - LocalProcessConductance - Saving position conductivity data
2022-07-12 14:40:32,238 - data_pipeline - INFO - LocalProcessConductance - Saving sample conductivity data
2022-07-12 14:40:32,249 - data_pipeline - INFO - LocalProcessConductance - Saving raw conductivity data
2022-07-12 14:40:32,269 - data_pipeline - INFO - running ProcessXRF
2022-07-12 14:40:32,270 - data_pipeline - INFO - LocalProcessXRF - Processing XRF
2022-07-12 14:40:36,290 - data_pipeline - INFO - running CalculatePseudoconductivity
2022-07-12 14:40:36,645 - data_pipeline - INFO - running AggregateData
2022-07-12 14:40:36,688 - data_pipeline - INFO - LocalAggregateData - Saving aggregate sample data
2022-07-12 14:40:36,721 - data_pipeline - INFO - running CustomTransformations
2022-07-12 14:40:36,722 - data_pipeline - INFO - No cost parameters provided. Cost not calculated.
2022-07-12 14:40:36,737 - data_pipeline - INFO - running DataEntry
2022-07-12 14:40:36,738 - data_pipeline - INFO - LocalDataEntry - Complete the pipeline
