2022-07-13 03:35:03,494 - data_pipeline - INFO - running CampaignParameters
2022-07-13 03:35:03,495 - data_pipeline - INFO - LocalCampaignParameters - Reading Campaign Parameters
2022-07-13 03:35:03,820 - data_pipeline - INFO - running ProcessSampleParameters
2022-07-13 03:35:03,821 - data_pipeline - INFO - LocalProcessSampleParameters - Reformatting Sample Parameters
2022-07-13 03:35:03,841 - data_pipeline - INFO - LocalProcessSampleParameters - Saving sample parameters data
2022-07-13 03:35:03,860 - data_pipeline - INFO - running ProcessConductance
2022-07-13 03:35:03,861 - data_pipeline - INFO - LocalProcessConductance - Processing Conductivity
2022-07-13 03:35:03,862 - data_pipeline - INFO - LocalProcessConductance - Processing Conductivity for sample 80
2022-07-13 03:35:03,866 - data_pipeline - INFO - LocalProcessConductance - Processing conductivity for sample 80, position 0
2022-07-13 03:35:03,880 - data_pipeline - INFO - LocalProcessConductance - Processing conductivity for sample 80, position 1
2022-07-13 03:35:03,896 - data_pipeline - INFO - LocalProcessConductance - Processing conductivity for sample 80, position 2
2022-07-13 03:35:03,911 - data_pipeline - INFO - LocalProcessConductance - Processing conductivity for sample 80, position 3
2022-07-13 03:35:03,927 - data_pipeline - INFO - LocalProcessConductance - Processing conductivity for sample 80, position 4
2022-07-13 03:35:03,946 - data_pipeline - INFO - LocalProcessConductance - Saving position conductivity data
2022-07-13 03:35:03,955 - data_pipeline - INFO - LocalProcessConductance - Saving sample conductivity data
2022-07-13 03:35:03,967 - data_pipeline - INFO - LocalProcessConductance - Saving raw conductivity data
2022-07-13 03:35:03,985 - data_pipeline - INFO - running ProcessXRF
2022-07-13 03:35:03,986 - data_pipeline - INFO - LocalProcessXRF - Processing XRF
2022-07-13 03:35:07,960 - data_pipeline - INFO - running CalculatePseudoconductivity
2022-07-13 03:35:08,237 - data_pipeline - INFO - running AggregateData
2022-07-13 03:35:08,281 - data_pipeline - INFO - LocalAggregateData - Saving aggregate sample data
2022-07-13 03:35:08,306 - data_pipeline - INFO - running CustomTransformations
2022-07-13 03:35:08,307 - data_pipeline - INFO - No cost parameters provided. Cost not calculated.
2022-07-13 03:35:08,322 - data_pipeline - INFO - running DataEntry
2022-07-13 03:35:08,323 - data_pipeline - INFO - LocalDataEntry - Complete the pipeline
