2022-07-14 12:15:15,308 - data_pipeline - INFO - running CampaignParameters
2022-07-14 12:15:15,309 - data_pipeline - INFO - LocalCampaignParameters - Reading Campaign Parameters
2022-07-14 12:15:15,566 - data_pipeline - INFO - running ProcessSampleParameters
2022-07-14 12:15:15,567 - data_pipeline - INFO - LocalProcessSampleParameters - Reformatting Sample Parameters
2022-07-14 12:15:15,588 - data_pipeline - INFO - LocalProcessSampleParameters - Saving sample parameters data
2022-07-14 12:15:15,608 - data_pipeline - INFO - running ProcessConductance
2022-07-14 12:15:15,609 - data_pipeline - INFO - LocalProcessConductance - Processing Conductivity
2022-07-14 12:15:15,610 - data_pipeline - INFO - LocalProcessConductance - Processing Conductivity for sample 155
2022-07-14 12:15:15,613 - data_pipeline - INFO - LocalProcessConductance - Processing conductivity for sample 155, position 0
2022-07-14 12:15:15,631 - data_pipeline - INFO - LocalProcessConductance - Processing conductivity for sample 155, position 1
2022-07-14 12:15:15,650 - data_pipeline - INFO - LocalProcessConductance - Processing conductivity for sample 155, position 2
2022-07-14 12:15:15,669 - data_pipeline - INFO - LocalProcessConductance - Processing conductivity for sample 155, position 3
2022-07-14 12:15:15,689 - data_pipeline - INFO - LocalProcessConductance - Processing conductivity for sample 155, position 4
2022-07-14 12:15:15,711 - data_pipeline - INFO - LocalProcessConductance - Saving position conductivity data
2022-07-14 12:15:15,720 - data_pipeline - INFO - LocalProcessConductance - Saving sample conductivity data
2022-07-14 12:15:15,733 - data_pipeline - INFO - LocalProcessConductance - Saving raw conductivity data
2022-07-14 12:15:15,754 - data_pipeline - INFO - running ProcessXRF
2022-07-14 12:15:15,755 - data_pipeline - INFO - LocalProcessXRF - Processing XRF
2022-07-14 12:15:19,786 - data_pipeline - INFO - running CalculatePseudoconductivity
2022-07-14 12:15:20,061 - data_pipeline - INFO - running AggregateData
2022-07-14 12:15:20,105 - data_pipeline - INFO - LocalAggregateData - Saving aggregate sample data
2022-07-14 12:15:20,135 - data_pipeline - INFO - running CustomTransformations
2022-07-14 12:15:20,136 - data_pipeline - INFO - No cost parameters provided. Cost not calculated.
2022-07-14 12:15:20,152 - data_pipeline - INFO - running DataEntry
2022-07-14 12:15:20,153 - data_pipeline - INFO - LocalDataEntry - Complete the pipeline
