2022-07-12 17:20:34,911 - data_pipeline - INFO - running CampaignParameters
2022-07-12 17:20:34,912 - data_pipeline - INFO - LocalCampaignParameters - Reading Campaign Parameters
2022-07-12 17:20:35,102 - data_pipeline - INFO - running ProcessSampleParameters
2022-07-12 17:20:35,103 - data_pipeline - INFO - LocalProcessSampleParameters - Reformatting Sample Parameters
2022-07-12 17:20:35,124 - data_pipeline - INFO - LocalProcessSampleParameters - Saving sample parameters data
2022-07-12 17:20:35,147 - data_pipeline - INFO - running ProcessConductance
2022-07-12 17:20:35,148 - data_pipeline - INFO - LocalProcessConductance - Processing Conductivity
2022-07-12 17:20:35,149 - data_pipeline - INFO - LocalProcessConductance - Processing Conductivity for sample 50
2022-07-12 17:20:35,152 - data_pipeline - INFO - LocalProcessConductance - Processing conductivity for sample 50, position 0
2022-07-12 17:20:35,170 - data_pipeline - INFO - LocalProcessConductance - Processing conductivity for sample 50, position 1
2022-07-12 17:20:35,189 - data_pipeline - INFO - LocalProcessConductance - Processing conductivity for sample 50, position 2
2022-07-12 17:20:35,209 - data_pipeline - INFO - LocalProcessConductance - Processing conductivity for sample 50, position 3
2022-07-12 17:20:35,227 - data_pipeline - INFO - LocalProcessConductance - Processing conductivity for sample 50, position 4
2022-07-12 17:20:35,249 - data_pipeline - INFO - LocalProcessConductance - Saving position conductivity data
2022-07-12 17:20:35,258 - data_pipeline - INFO - LocalProcessConductance - Saving sample conductivity data
2022-07-12 17:20:35,270 - data_pipeline - INFO - LocalProcessConductance - Saving raw conductivity data
2022-07-12 17:20:35,290 - data_pipeline - INFO - running ProcessXRF
2022-07-12 17:20:35,291 - data_pipeline - INFO - LocalProcessXRF - Processing XRF
2022-07-12 17:20:39,275 - data_pipeline - INFO - running CalculatePseudoconductivity
2022-07-12 17:20:39,596 - data_pipeline - INFO - running AggregateData
2022-07-12 17:20:39,640 - data_pipeline - INFO - LocalAggregateData - Saving aggregate sample data
2022-07-12 17:20:39,668 - data_pipeline - INFO - running CustomTransformations
2022-07-12 17:20:39,669 - data_pipeline - INFO - No cost parameters provided. Cost not calculated.
2022-07-12 17:20:39,685 - data_pipeline - INFO - running DataEntry
2022-07-12 17:20:39,686 - data_pipeline - INFO - LocalDataEntry - Complete the pipeline
