2022-07-14 19:41:47,399 - data_pipeline - INFO - running CampaignParameters
2022-07-14 19:41:47,401 - data_pipeline - INFO - LocalCampaignParameters - Reading Campaign Parameters
2022-07-14 19:41:47,487 - data_pipeline - INFO - running ProcessSampleParameters
2022-07-14 19:41:47,488 - data_pipeline - INFO - LocalProcessSampleParameters - Reformatting Sample Parameters
2022-07-14 19:41:47,508 - data_pipeline - INFO - LocalProcessSampleParameters - Saving sample parameters data
2022-07-14 19:41:47,529 - data_pipeline - INFO - running ProcessConductance
2022-07-14 19:41:47,529 - data_pipeline - INFO - LocalProcessConductance - Processing Conductivity
2022-07-14 19:41:47,531 - data_pipeline - INFO - LocalProcessConductance - Processing Conductivity for sample 174
2022-07-14 19:41:47,534 - data_pipeline - INFO - LocalProcessConductance - Processing conductivity for sample 174, position 0
2022-07-14 19:41:47,554 - data_pipeline - INFO - LocalProcessConductance - Processing conductivity for sample 174, position 1
2022-07-14 19:41:47,574 - data_pipeline - INFO - LocalProcessConductance - Processing conductivity for sample 174, position 2
2022-07-14 19:41:47,593 - data_pipeline - INFO - LocalProcessConductance - Processing conductivity for sample 174, position 3
2022-07-14 19:41:47,612 - data_pipeline - INFO - LocalProcessConductance - Processing conductivity for sample 174, position 4
2022-07-14 19:41:47,639 - data_pipeline - INFO - LocalProcessConductance - Saving position conductivity data
2022-07-14 19:41:47,647 - data_pipeline - INFO - LocalProcessConductance - Saving sample conductivity data
2022-07-14 19:41:47,659 - data_pipeline - INFO - LocalProcessConductance - Saving raw conductivity data
2022-07-14 19:41:47,678 - data_pipeline - INFO - running ProcessXRF
2022-07-14 19:41:47,679 - data_pipeline - INFO - LocalProcessXRF - Processing XRF
2022-07-14 19:41:51,685 - data_pipeline - INFO - running CalculatePseudoconductivity
2022-07-14 19:41:51,983 - data_pipeline - INFO - running AggregateData
2022-07-14 19:41:52,025 - data_pipeline - INFO - LocalAggregateData - Saving aggregate sample data
2022-07-14 19:41:52,052 - data_pipeline - INFO - running CustomTransformations
2022-07-14 19:41:52,053 - data_pipeline - INFO - No cost parameters provided. Cost not calculated.
2022-07-14 19:41:52,096 - data_pipeline - INFO - running DataEntry
2022-07-14 19:41:52,097 - data_pipeline - INFO - LocalDataEntry - Complete the pipeline
