2022-07-13 11:25:24,748 - data_pipeline - INFO - running CampaignParameters
2022-07-13 11:25:24,749 - data_pipeline - INFO - LocalCampaignParameters - Reading Campaign Parameters
2022-07-13 11:25:24,880 - data_pipeline - INFO - running ProcessSampleParameters
2022-07-13 11:25:24,881 - data_pipeline - INFO - LocalProcessSampleParameters - Reformatting Sample Parameters
2022-07-13 11:25:24,902 - data_pipeline - INFO - LocalProcessSampleParameters - Saving sample parameters data
2022-07-13 11:25:24,921 - data_pipeline - INFO - running ProcessConductance
2022-07-13 11:25:24,922 - data_pipeline - INFO - LocalProcessConductance - Processing Conductivity
2022-07-13 11:25:24,923 - data_pipeline - INFO - LocalProcessConductance - Processing Conductivity for sample 89
2022-07-13 11:25:24,926 - data_pipeline - INFO - LocalProcessConductance - Processing conductivity for sample 89, position 0
2022-07-13 11:25:24,941 - data_pipeline - INFO - LocalProcessConductance - Processing conductivity for sample 89, position 1
2022-07-13 11:25:24,957 - data_pipeline - INFO - LocalProcessConductance - Processing conductivity for sample 89, position 2
2022-07-13 11:25:24,982 - data_pipeline - INFO - LocalProcessConductance - Processing conductivity for sample 89, position 3
2022-07-13 11:25:24,999 - data_pipeline - INFO - LocalProcessConductance - Processing conductivity for sample 89, position 4
2022-07-13 11:25:25,018 - data_pipeline - INFO - LocalProcessConductance - Saving position conductivity data
2022-07-13 11:25:25,027 - data_pipeline - INFO - LocalProcessConductance - Saving sample conductivity data
2022-07-13 11:25:25,039 - data_pipeline - INFO - LocalProcessConductance - Saving raw conductivity data
2022-07-13 11:25:25,056 - data_pipeline - INFO - running ProcessXRF
2022-07-13 11:25:25,057 - data_pipeline - INFO - LocalProcessXRF - Processing XRF
2022-07-13 11:25:29,009 - data_pipeline - INFO - running CalculatePseudoconductivity
2022-07-13 11:25:29,354 - data_pipeline - INFO - running AggregateData
2022-07-13 11:25:29,396 - data_pipeline - INFO - LocalAggregateData - Saving aggregate sample data
2022-07-13 11:25:29,423 - data_pipeline - INFO - running CustomTransformations
2022-07-13 11:25:29,423 - data_pipeline - INFO - No cost parameters provided. Cost not calculated.
2022-07-13 11:25:29,441 - data_pipeline - INFO - running DataEntry
2022-07-13 11:25:29,441 - data_pipeline - INFO - LocalDataEntry - Complete the pipeline
