2022-07-11 17:54:53,524 - data_pipeline - INFO - running CampaignParameters
2022-07-11 17:54:53,525 - data_pipeline - INFO - LocalCampaignParameters - Reading Campaign Parameters
2022-07-11 17:54:53,589 - data_pipeline - INFO - running ProcessSampleParameters
2022-07-11 17:54:53,590 - data_pipeline - INFO - LocalProcessSampleParameters - Reformatting Sample Parameters
2022-07-11 17:54:53,610 - data_pipeline - INFO - LocalProcessSampleParameters - Saving sample parameters data
2022-07-11 17:54:53,629 - data_pipeline - INFO - running ProcessConductance
2022-07-11 17:54:53,630 - data_pipeline - INFO - LocalProcessConductance - Processing Conductivity
2022-07-11 17:54:53,631 - data_pipeline - INFO - LocalProcessConductance - Processing Conductivity for sample 14
2022-07-11 17:54:53,634 - data_pipeline - INFO - LocalProcessConductance - Processing conductivity for sample 14, position 0
2022-07-11 17:54:53,653 - data_pipeline - INFO - LocalProcessConductance - Processing conductivity for sample 14, position 1
2022-07-11 17:54:53,673 - data_pipeline - INFO - LocalProcessConductance - Processing conductivity for sample 14, position 2
2022-07-11 17:54:53,692 - data_pipeline - INFO - LocalProcessConductance - Processing conductivity for sample 14, position 3
2022-07-11 17:54:53,712 - data_pipeline - INFO - LocalProcessConductance - Processing conductivity for sample 14, position 4
2022-07-11 17:54:53,734 - data_pipeline - INFO - LocalProcessConductance - Saving position conductivity data
2022-07-11 17:54:53,744 - data_pipeline - INFO - LocalProcessConductance - Saving sample conductivity data
2022-07-11 17:54:53,756 - data_pipeline - INFO - LocalProcessConductance - Saving raw conductivity data
2022-07-11 17:54:53,774 - data_pipeline - INFO - running ProcessXRF
2022-07-11 17:54:53,775 - data_pipeline - INFO - LocalProcessXRF - Processing XRF
2022-07-11 17:54:57,686 - data_pipeline - INFO - running CalculatePseudoconductivity
2022-07-11 17:54:58,041 - data_pipeline - INFO - running AggregateData
2022-07-11 17:54:58,088 - data_pipeline - INFO - LocalAggregateData - Saving aggregate sample data
2022-07-11 17:54:58,118 - data_pipeline - INFO - running CustomTransformations
2022-07-11 17:54:58,118 - data_pipeline - INFO - No cost parameters provided. Cost not calculated.
2022-07-11 17:54:58,135 - data_pipeline - INFO - running DataEntry
2022-07-11 17:54:58,135 - data_pipeline - INFO - LocalDataEntry - Complete the pipeline
