2022-07-12 18:29:31,157 - data_pipeline - INFO - running CampaignParameters
2022-07-12 18:29:31,158 - data_pipeline - INFO - LocalCampaignParameters - Reading Campaign Parameters
2022-07-12 18:29:31,388 - data_pipeline - INFO - running ProcessSampleParameters
2022-07-12 18:29:31,389 - data_pipeline - INFO - LocalProcessSampleParameters - Reformatting Sample Parameters
2022-07-12 18:29:31,410 - data_pipeline - INFO - LocalProcessSampleParameters - Saving sample parameters data
2022-07-12 18:29:31,430 - data_pipeline - INFO - running ProcessConductance
2022-07-12 18:29:31,431 - data_pipeline - INFO - LocalProcessConductance - Processing Conductivity
2022-07-12 18:29:31,432 - data_pipeline - INFO - LocalProcessConductance - Processing Conductivity for sample 54
2022-07-12 18:29:31,435 - data_pipeline - INFO - LocalProcessConductance - Processing conductivity for sample 54, position 0
2022-07-12 18:29:31,460 - data_pipeline - INFO - LocalProcessConductance - Processing conductivity for sample 54, position 1
2022-07-12 18:29:31,480 - data_pipeline - INFO - LocalProcessConductance - Processing conductivity for sample 54, position 2
2022-07-12 18:29:31,499 - data_pipeline - INFO - LocalProcessConductance - Processing conductivity for sample 54, position 3
2022-07-12 18:29:31,518 - data_pipeline - INFO - LocalProcessConductance - Processing conductivity for sample 54, position 4
2022-07-12 18:29:31,541 - data_pipeline - INFO - LocalProcessConductance - Saving position conductivity data
2022-07-12 18:29:31,549 - data_pipeline - INFO - LocalProcessConductance - Saving sample conductivity data
2022-07-12 18:29:31,561 - data_pipeline - INFO - LocalProcessConductance - Saving raw conductivity data
2022-07-12 18:29:31,578 - data_pipeline - INFO - running ProcessXRF
2022-07-12 18:29:31,579 - data_pipeline - INFO - LocalProcessXRF - Processing XRF
2022-07-12 18:29:35,559 - data_pipeline - INFO - running CalculatePseudoconductivity
2022-07-12 18:29:35,962 - data_pipeline - INFO - running AggregateData
2022-07-12 18:29:36,011 - data_pipeline - INFO - LocalAggregateData - Saving aggregate sample data
2022-07-12 18:29:36,039 - data_pipeline - INFO - running CustomTransformations
2022-07-12 18:29:36,040 - data_pipeline - INFO - No cost parameters provided. Cost not calculated.
2022-07-12 18:29:36,057 - data_pipeline - INFO - running DataEntry
2022-07-12 18:29:36,058 - data_pipeline - INFO - LocalDataEntry - Complete the pipeline
