2022-07-13 14:54:35,016 - data_pipeline - INFO - running CampaignParameters
2022-07-13 14:54:35,016 - data_pipeline - INFO - LocalCampaignParameters - Reading Campaign Parameters
2022-07-13 14:54:35,170 - data_pipeline - INFO - running ProcessSampleParameters
2022-07-13 14:54:35,171 - data_pipeline - INFO - LocalProcessSampleParameters - Reformatting Sample Parameters
2022-07-13 14:54:35,191 - data_pipeline - INFO - LocalProcessSampleParameters - Saving sample parameters data
2022-07-13 14:54:35,210 - data_pipeline - INFO - running ProcessConductance
2022-07-13 14:54:35,211 - data_pipeline - INFO - LocalProcessConductance - Processing Conductivity
2022-07-13 14:54:35,212 - data_pipeline - INFO - LocalProcessConductance - Processing Conductivity for sample 99
2022-07-13 14:54:35,215 - data_pipeline - INFO - LocalProcessConductance - Processing conductivity for sample 99, position 0
2022-07-13 14:54:35,233 - data_pipeline - INFO - LocalProcessConductance - Processing conductivity for sample 99, position 1
2022-07-13 14:54:35,253 - data_pipeline - INFO - LocalProcessConductance - Processing conductivity for sample 99, position 2
2022-07-13 14:54:35,273 - data_pipeline - INFO - LocalProcessConductance - Processing conductivity for sample 99, position 3
2022-07-13 14:54:35,291 - data_pipeline - INFO - LocalProcessConductance - Processing conductivity for sample 99, position 4
2022-07-13 14:54:35,314 - data_pipeline - INFO - LocalProcessConductance - Saving position conductivity data
2022-07-13 14:54:35,322 - data_pipeline - INFO - LocalProcessConductance - Saving sample conductivity data
2022-07-13 14:54:35,334 - data_pipeline - INFO - LocalProcessConductance - Saving raw conductivity data
2022-07-13 14:54:35,352 - data_pipeline - INFO - running ProcessXRF
2022-07-13 14:54:35,353 - data_pipeline - INFO - LocalProcessXRF - Processing XRF
2022-07-13 14:54:39,340 - data_pipeline - INFO - running CalculatePseudoconductivity
2022-07-13 14:54:39,594 - data_pipeline - INFO - running AggregateData
2022-07-13 14:54:39,644 - data_pipeline - INFO - LocalAggregateData - Saving aggregate sample data
2022-07-13 14:54:39,672 - data_pipeline - INFO - running CustomTransformations
2022-07-13 14:54:39,672 - data_pipeline - INFO - No cost parameters provided. Cost not calculated.
2022-07-13 14:54:39,689 - data_pipeline - INFO - running DataEntry
2022-07-13 14:54:39,690 - data_pipeline - INFO - LocalDataEntry - Complete the pipeline
