2022-07-13 11:38:14,915 - data_pipeline - INFO - running CampaignParameters
2022-07-13 11:38:14,916 - data_pipeline - INFO - LocalCampaignParameters - Reading Campaign Parameters
2022-07-13 11:38:14,986 - data_pipeline - INFO - running ProcessSampleParameters
2022-07-13 11:38:14,987 - data_pipeline - INFO - LocalProcessSampleParameters - Reformatting Sample Parameters
2022-07-13 11:38:15,007 - data_pipeline - INFO - LocalProcessSampleParameters - Saving sample parameters data
2022-07-13 11:38:15,026 - data_pipeline - INFO - running ProcessConductance
2022-07-13 11:38:15,027 - data_pipeline - INFO - LocalProcessConductance - Processing Conductivity
2022-07-13 11:38:15,027 - data_pipeline - INFO - LocalProcessConductance - Processing Conductivity for sample 90
2022-07-13 11:38:15,030 - data_pipeline - INFO - LocalProcessConductance - Processing conductivity for sample 90, position 0
2022-07-13 11:38:15,048 - data_pipeline - INFO - LocalProcessConductance - Processing conductivity for sample 90, position 1
2022-07-13 11:38:15,069 - data_pipeline - INFO - LocalProcessConductance - Processing conductivity for sample 90, position 2
2022-07-13 11:38:15,089 - data_pipeline - INFO - LocalProcessConductance - Processing conductivity for sample 90, position 3
2022-07-13 11:38:15,110 - data_pipeline - INFO - LocalProcessConductance - Processing conductivity for sample 90, position 4
2022-07-13 11:38:15,134 - data_pipeline - INFO - LocalProcessConductance - Saving position conductivity data
2022-07-13 11:38:15,144 - data_pipeline - INFO - LocalProcessConductance - Saving sample conductivity data
2022-07-13 11:38:15,157 - data_pipeline - INFO - LocalProcessConductance - Saving raw conductivity data
2022-07-13 11:38:15,177 - data_pipeline - INFO - running ProcessXRF
2022-07-13 11:38:15,178 - data_pipeline - INFO - LocalProcessXRF - Processing XRF
2022-07-13 11:38:19,142 - data_pipeline - INFO - running CalculatePseudoconductivity
2022-07-13 11:38:19,431 - data_pipeline - INFO - running AggregateData
2022-07-13 11:38:19,474 - data_pipeline - INFO - LocalAggregateData - Saving aggregate sample data
2022-07-13 11:38:19,503 - data_pipeline - INFO - running CustomTransformations
2022-07-13 11:38:19,504 - data_pipeline - INFO - No cost parameters provided. Cost not calculated.
2022-07-13 11:38:19,521 - data_pipeline - INFO - running DataEntry
2022-07-13 11:38:19,522 - data_pipeline - INFO - LocalDataEntry - Complete the pipeline
