2022-07-13 17:59:33,816 - data_pipeline - INFO - running CampaignParameters
2022-07-13 17:59:33,817 - data_pipeline - INFO - LocalCampaignParameters - Reading Campaign Parameters
2022-07-13 17:59:33,990 - data_pipeline - INFO - running ProcessSampleParameters
2022-07-13 17:59:33,991 - data_pipeline - INFO - LocalProcessSampleParameters - Reformatting Sample Parameters
2022-07-13 17:59:34,012 - data_pipeline - INFO - LocalProcessSampleParameters - Saving sample parameters data
2022-07-13 17:59:34,031 - data_pipeline - INFO - running ProcessConductance
2022-07-13 17:59:34,032 - data_pipeline - INFO - LocalProcessConductance - Processing Conductivity
2022-07-13 17:59:34,033 - data_pipeline - INFO - LocalProcessConductance - Processing Conductivity for sample 109
2022-07-13 17:59:34,037 - data_pipeline - INFO - LocalProcessConductance - Processing conductivity for sample 109, position 0
2022-07-13 17:59:34,056 - data_pipeline - INFO - LocalProcessConductance - Processing conductivity for sample 109, position 1
2022-07-13 17:59:34,075 - data_pipeline - INFO - LocalProcessConductance - Processing conductivity for sample 109, position 2
2022-07-13 17:59:34,094 - data_pipeline - INFO - LocalProcessConductance - Processing conductivity for sample 109, position 3
2022-07-13 17:59:34,114 - data_pipeline - INFO - LocalProcessConductance - Processing conductivity for sample 109, position 4
2022-07-13 17:59:34,143 - data_pipeline - INFO - LocalProcessConductance - Saving position conductivity data
2022-07-13 17:59:34,151 - data_pipeline - INFO - LocalProcessConductance - Saving sample conductivity data
2022-07-13 17:59:34,163 - data_pipeline - INFO - LocalProcessConductance - Saving raw conductivity data
2022-07-13 17:59:34,182 - data_pipeline - INFO - running ProcessXRF
2022-07-13 17:59:34,182 - data_pipeline - INFO - LocalProcessXRF - Processing XRF
2022-07-13 17:59:38,159 - data_pipeline - INFO - running CalculatePseudoconductivity
2022-07-13 17:59:38,466 - data_pipeline - INFO - running AggregateData
2022-07-13 17:59:38,518 - data_pipeline - INFO - LocalAggregateData - Saving aggregate sample data
2022-07-13 17:59:38,546 - data_pipeline - INFO - running CustomTransformations
2022-07-13 17:59:38,547 - data_pipeline - INFO - No cost parameters provided. Cost not calculated.
2022-07-13 17:59:38,564 - data_pipeline - INFO - running DataEntry
2022-07-13 17:59:38,565 - data_pipeline - INFO - LocalDataEntry - Complete the pipeline
