2022-07-14 04:26:15,348 - data_pipeline - INFO - running CampaignParameters
2022-07-14 04:26:15,349 - data_pipeline - INFO - LocalCampaignParameters - Reading Campaign Parameters
2022-07-14 04:26:15,475 - data_pipeline - INFO - running ProcessSampleParameters
2022-07-14 04:26:15,475 - data_pipeline - INFO - LocalProcessSampleParameters - Reformatting Sample Parameters
2022-07-14 04:26:15,494 - data_pipeline - INFO - LocalProcessSampleParameters - Saving sample parameters data
2022-07-14 04:26:15,513 - data_pipeline - INFO - running ProcessConductance
2022-07-14 04:26:15,514 - data_pipeline - INFO - LocalProcessConductance - Processing Conductivity
2022-07-14 04:26:15,515 - data_pipeline - INFO - LocalProcessConductance - Processing Conductivity for sample 131
2022-07-14 04:26:15,518 - data_pipeline - INFO - LocalProcessConductance - Processing conductivity for sample 131, position 0
2022-07-14 04:26:15,538 - data_pipeline - INFO - LocalProcessConductance - Processing conductivity for sample 131, position 1
2022-07-14 04:26:15,558 - data_pipeline - INFO - LocalProcessConductance - Processing conductivity for sample 131, position 2
2022-07-14 04:26:15,577 - data_pipeline - INFO - LocalProcessConductance - Processing conductivity for sample 131, position 3
2022-07-14 04:26:15,597 - data_pipeline - INFO - LocalProcessConductance - Processing conductivity for sample 131, position 4
2022-07-14 04:26:15,620 - data_pipeline - INFO - LocalProcessConductance - Saving position conductivity data
2022-07-14 04:26:15,628 - data_pipeline - INFO - LocalProcessConductance - Saving sample conductivity data
2022-07-14 04:26:15,640 - data_pipeline - INFO - LocalProcessConductance - Saving raw conductivity data
2022-07-14 04:26:15,658 - data_pipeline - INFO - running ProcessXRF
2022-07-14 04:26:15,658 - data_pipeline - INFO - LocalProcessXRF - Processing XRF
2022-07-14 04:26:20,331 - data_pipeline - INFO - running CalculatePseudoconductivity
2022-07-14 04:26:20,621 - data_pipeline - INFO - running AggregateData
2022-07-14 04:26:20,663 - data_pipeline - INFO - LocalAggregateData - Saving aggregate sample data
2022-07-14 04:26:20,690 - data_pipeline - INFO - running CustomTransformations
2022-07-14 04:26:20,691 - data_pipeline - INFO - No cost parameters provided. Cost not calculated.
2022-07-14 04:26:20,706 - data_pipeline - INFO - running DataEntry
2022-07-14 04:26:20,707 - data_pipeline - INFO - LocalDataEntry - Complete the pipeline
