2022-07-14 07:19:55,075 - data_pipeline - INFO - running CampaignParameters
2022-07-14 07:19:55,076 - data_pipeline - INFO - LocalCampaignParameters - Reading Campaign Parameters
2022-07-14 07:19:55,272 - data_pipeline - INFO - running ProcessSampleParameters
2022-07-14 07:19:55,273 - data_pipeline - INFO - LocalProcessSampleParameters - Reformatting Sample Parameters
2022-07-14 07:19:55,292 - data_pipeline - INFO - LocalProcessSampleParameters - Saving sample parameters data
2022-07-14 07:19:55,320 - data_pipeline - INFO - running ProcessConductance
2022-07-14 07:19:55,321 - data_pipeline - INFO - LocalProcessConductance - Processing Conductivity
2022-07-14 07:19:55,322 - data_pipeline - INFO - LocalProcessConductance - Processing Conductivity for sample 139
2022-07-14 07:19:55,325 - data_pipeline - INFO - LocalProcessConductance - Processing conductivity for sample 139, position 0
2022-07-14 07:19:55,344 - data_pipeline - INFO - LocalProcessConductance - Processing conductivity for sample 139, position 1
2022-07-14 07:19:55,364 - data_pipeline - INFO - LocalProcessConductance - Processing conductivity for sample 139, position 2
2022-07-14 07:19:55,384 - data_pipeline - INFO - LocalProcessConductance - Processing conductivity for sample 139, position 3
2022-07-14 07:19:55,403 - data_pipeline - INFO - LocalProcessConductance - Processing conductivity for sample 139, position 4
2022-07-14 07:19:55,426 - data_pipeline - INFO - LocalProcessConductance - Saving position conductivity data
2022-07-14 07:19:55,435 - data_pipeline - INFO - LocalProcessConductance - Saving sample conductivity data
2022-07-14 07:19:55,446 - data_pipeline - INFO - LocalProcessConductance - Saving raw conductivity data
2022-07-14 07:19:55,465 - data_pipeline - INFO - running ProcessXRF
2022-07-14 07:19:55,465 - data_pipeline - INFO - LocalProcessXRF - Processing XRF
2022-07-14 07:19:59,448 - data_pipeline - INFO - running CalculatePseudoconductivity
2022-07-14 07:19:59,701 - data_pipeline - INFO - running AggregateData
2022-07-14 07:19:59,754 - data_pipeline - INFO - LocalAggregateData - Saving aggregate sample data
2022-07-14 07:19:59,781 - data_pipeline - INFO - running CustomTransformations
2022-07-14 07:19:59,781 - data_pipeline - INFO - No cost parameters provided. Cost not calculated.
2022-07-14 07:19:59,798 - data_pipeline - INFO - running DataEntry
2022-07-14 07:19:59,799 - data_pipeline - INFO - LocalDataEntry - Complete the pipeline
