2022-07-13 12:01:21,107 - data_pipeline - INFO - running CampaignParameters
2022-07-13 12:01:21,108 - data_pipeline - INFO - LocalCampaignParameters - Reading Campaign Parameters
2022-07-13 12:01:21,184 - data_pipeline - INFO - running ProcessSampleParameters
2022-07-13 12:01:21,185 - data_pipeline - INFO - LocalProcessSampleParameters - Reformatting Sample Parameters
2022-07-13 12:01:21,205 - data_pipeline - INFO - LocalProcessSampleParameters - Saving sample parameters data
2022-07-13 12:01:21,224 - data_pipeline - INFO - running ProcessConductance
2022-07-13 12:01:21,225 - data_pipeline - INFO - LocalProcessConductance - Processing Conductivity
2022-07-13 12:01:21,226 - data_pipeline - INFO - LocalProcessConductance - Processing Conductivity for sample 91
2022-07-13 12:01:21,229 - data_pipeline - INFO - LocalProcessConductance - Processing conductivity for sample 91, position 0
2022-07-13 12:01:21,249 - data_pipeline - INFO - LocalProcessConductance - Processing conductivity for sample 91, position 1
2022-07-13 12:01:21,269 - data_pipeline - INFO - LocalProcessConductance - Processing conductivity for sample 91, position 2
2022-07-13 12:01:21,288 - data_pipeline - INFO - LocalProcessConductance - Processing conductivity for sample 91, position 3
2022-07-13 12:01:21,308 - data_pipeline - INFO - LocalProcessConductance - Processing conductivity for sample 91, position 4
2022-07-13 12:01:21,339 - data_pipeline - INFO - LocalProcessConductance - Saving position conductivity data
2022-07-13 12:01:21,347 - data_pipeline - INFO - LocalProcessConductance - Saving sample conductivity data
2022-07-13 12:01:21,359 - data_pipeline - INFO - LocalProcessConductance - Saving raw conductivity data
2022-07-13 12:01:21,378 - data_pipeline - INFO - running ProcessXRF
2022-07-13 12:01:21,378 - data_pipeline - INFO - LocalProcessXRF - Processing XRF
2022-07-13 12:01:25,405 - data_pipeline - INFO - running CalculatePseudoconductivity
2022-07-13 12:01:25,675 - data_pipeline - INFO - running AggregateData
2022-07-13 12:01:25,719 - data_pipeline - INFO - LocalAggregateData - Saving aggregate sample data
2022-07-13 12:01:25,747 - data_pipeline - INFO - running CustomTransformations
2022-07-13 12:01:25,748 - data_pipeline - INFO - No cost parameters provided. Cost not calculated.
2022-07-13 12:01:25,764 - data_pipeline - INFO - running DataEntry
2022-07-13 12:01:25,765 - data_pipeline - INFO - LocalDataEntry - Complete the pipeline
