2022-07-11 20:31:33,029 - data_pipeline - INFO - running CampaignParameters
2022-07-11 20:31:33,030 - data_pipeline - INFO - LocalCampaignParameters - Reading Campaign Parameters
2022-07-11 20:31:33,145 - data_pipeline - INFO - running ProcessSampleParameters
2022-07-11 20:31:33,146 - data_pipeline - INFO - LocalProcessSampleParameters - Reformatting Sample Parameters
2022-07-11 20:31:33,166 - data_pipeline - INFO - LocalProcessSampleParameters - Saving sample parameters data
2022-07-11 20:31:33,184 - data_pipeline - INFO - running ProcessConductance
2022-07-11 20:31:33,185 - data_pipeline - INFO - LocalProcessConductance - Processing Conductivity
2022-07-11 20:31:33,186 - data_pipeline - INFO - LocalProcessConductance - Processing Conductivity for sample 22
2022-07-11 20:31:33,190 - data_pipeline - INFO - LocalProcessConductance - Processing conductivity for sample 22, position 0
2022-07-11 20:31:33,209 - data_pipeline - INFO - LocalProcessConductance - Processing conductivity for sample 22, position 1
2022-07-11 20:31:33,228 - data_pipeline - INFO - LocalProcessConductance - Processing conductivity for sample 22, position 2
2022-07-11 20:31:33,248 - data_pipeline - INFO - LocalProcessConductance - Processing conductivity for sample 22, position 3
2022-07-11 20:31:33,267 - data_pipeline - INFO - LocalProcessConductance - Processing conductivity for sample 22, position 4
2022-07-11 20:31:33,289 - data_pipeline - INFO - LocalProcessConductance - Saving position conductivity data
2022-07-11 20:31:33,298 - data_pipeline - INFO - LocalProcessConductance - Saving sample conductivity data
2022-07-11 20:31:33,309 - data_pipeline - INFO - LocalProcessConductance - Saving raw conductivity data
2022-07-11 20:31:33,327 - data_pipeline - INFO - running ProcessXRF
2022-07-11 20:31:33,328 - data_pipeline - INFO - LocalProcessXRF - Processing XRF
2022-07-11 20:31:37,290 - data_pipeline - INFO - running CalculatePseudoconductivity
2022-07-11 20:31:37,573 - data_pipeline - INFO - running AggregateData
2022-07-11 20:31:37,618 - data_pipeline - INFO - LocalAggregateData - Saving aggregate sample data
2022-07-11 20:31:37,644 - data_pipeline - INFO - running CustomTransformations
2022-07-11 20:31:37,645 - data_pipeline - INFO - No cost parameters provided. Cost not calculated.
2022-07-11 20:31:37,662 - data_pipeline - INFO - running DataEntry
2022-07-11 20:31:37,662 - data_pipeline - INFO - LocalDataEntry - Complete the pipeline
