2022-07-13 18:34:21,700 - data_pipeline - INFO - running CampaignParameters
2022-07-13 18:34:21,701 - data_pipeline - INFO - LocalCampaignParameters - Reading Campaign Parameters
2022-07-13 18:34:21,916 - data_pipeline - INFO - running ProcessSampleParameters
2022-07-13 18:34:21,917 - data_pipeline - INFO - LocalProcessSampleParameters - Reformatting Sample Parameters
2022-07-13 18:34:21,936 - data_pipeline - INFO - LocalProcessSampleParameters - Saving sample parameters data
2022-07-13 18:34:21,957 - data_pipeline - INFO - running ProcessConductance
2022-07-13 18:34:21,958 - data_pipeline - INFO - LocalProcessConductance - Processing Conductivity
2022-07-13 18:34:21,959 - data_pipeline - INFO - LocalProcessConductance - Processing Conductivity for sample 111
2022-07-13 18:34:21,962 - data_pipeline - INFO - LocalProcessConductance - Processing conductivity for sample 111, position 0
2022-07-13 18:34:21,980 - data_pipeline - INFO - LocalProcessConductance - Processing conductivity for sample 111, position 1
2022-07-13 18:34:21,999 - data_pipeline - INFO - LocalProcessConductance - Processing conductivity for sample 111, position 2
2022-07-13 18:34:22,018 - data_pipeline - INFO - LocalProcessConductance - Processing conductivity for sample 111, position 3
2022-07-13 18:34:22,039 - data_pipeline - INFO - LocalProcessConductance - Processing conductivity for sample 111, position 4
2022-07-13 18:34:22,068 - data_pipeline - INFO - LocalProcessConductance - Saving position conductivity data
2022-07-13 18:34:22,075 - data_pipeline - INFO - LocalProcessConductance - Saving sample conductivity data
2022-07-13 18:34:22,088 - data_pipeline - INFO - LocalProcessConductance - Saving raw conductivity data
2022-07-13 18:34:22,109 - data_pipeline - INFO - running ProcessXRF
2022-07-13 18:34:22,110 - data_pipeline - INFO - LocalProcessXRF - Processing XRF
2022-07-13 18:34:26,069 - data_pipeline - INFO - running CalculatePseudoconductivity
2022-07-13 18:34:26,341 - data_pipeline - INFO - running AggregateData
2022-07-13 18:34:26,384 - data_pipeline - INFO - LocalAggregateData - Saving aggregate sample data
2022-07-13 18:34:26,415 - data_pipeline - INFO - running CustomTransformations
2022-07-13 18:34:26,416 - data_pipeline - INFO - No cost parameters provided. Cost not calculated.
2022-07-13 18:34:26,433 - data_pipeline - INFO - running DataEntry
2022-07-13 18:34:26,433 - data_pipeline - INFO - LocalDataEntry - Complete the pipeline
