2022-07-14 10:43:26,040 - data_pipeline - INFO - running CampaignParameters
2022-07-14 10:43:26,040 - data_pipeline - INFO - LocalCampaignParameters - Reading Campaign Parameters
2022-07-14 10:43:26,291 - data_pipeline - INFO - running ProcessSampleParameters
2022-07-14 10:43:26,292 - data_pipeline - INFO - LocalProcessSampleParameters - Reformatting Sample Parameters
2022-07-14 10:43:26,312 - data_pipeline - INFO - LocalProcessSampleParameters - Saving sample parameters data
2022-07-14 10:43:26,332 - data_pipeline - INFO - running ProcessConductance
2022-07-14 10:43:26,332 - data_pipeline - INFO - LocalProcessConductance - Processing Conductivity
2022-07-14 10:43:26,333 - data_pipeline - INFO - LocalProcessConductance - Processing Conductivity for sample 150
2022-07-14 10:43:26,336 - data_pipeline - INFO - LocalProcessConductance - Processing conductivity for sample 150, position 0
2022-07-14 10:43:26,354 - data_pipeline - INFO - LocalProcessConductance - Processing conductivity for sample 150, position 1
2022-07-14 10:43:26,375 - data_pipeline - INFO - LocalProcessConductance - Processing conductivity for sample 150, position 2
2022-07-14 10:43:26,394 - data_pipeline - INFO - LocalProcessConductance - Processing conductivity for sample 150, position 3
2022-07-14 10:43:26,412 - data_pipeline - INFO - LocalProcessConductance - Processing conductivity for sample 150, position 4
2022-07-14 10:43:26,435 - data_pipeline - INFO - LocalProcessConductance - Saving position conductivity data
2022-07-14 10:43:26,442 - data_pipeline - INFO - LocalProcessConductance - Saving sample conductivity data
2022-07-14 10:43:26,453 - data_pipeline - INFO - LocalProcessConductance - Saving raw conductivity data
2022-07-14 10:43:26,471 - data_pipeline - INFO - running ProcessXRF
2022-07-14 10:43:26,472 - data_pipeline - INFO - LocalProcessXRF - Processing XRF
2022-07-14 10:43:30,536 - data_pipeline - INFO - running CalculatePseudoconductivity
2022-07-14 10:43:30,833 - data_pipeline - INFO - running AggregateData
2022-07-14 10:43:30,876 - data_pipeline - INFO - LocalAggregateData - Saving aggregate sample data
2022-07-14 10:43:30,903 - data_pipeline - INFO - running CustomTransformations
2022-07-14 10:43:30,904 - data_pipeline - INFO - No cost parameters provided. Cost not calculated.
2022-07-14 10:43:30,971 - data_pipeline - INFO - running DataEntry
2022-07-14 10:43:30,971 - data_pipeline - INFO - LocalDataEntry - Complete the pipeline
