2022-07-13 10:54:05,277 - data_pipeline - INFO - running CampaignParameters
2022-07-13 10:54:05,278 - data_pipeline - INFO - LocalCampaignParameters - Reading Campaign Parameters
2022-07-13 10:54:05,343 - data_pipeline - INFO - running ProcessSampleParameters
2022-07-13 10:54:05,343 - data_pipeline - INFO - LocalProcessSampleParameters - Reformatting Sample Parameters
2022-07-13 10:54:05,365 - data_pipeline - INFO - LocalProcessSampleParameters - Saving sample parameters data
2022-07-13 10:54:05,383 - data_pipeline - INFO - running ProcessConductance
2022-07-13 10:54:05,384 - data_pipeline - INFO - LocalProcessConductance - Processing Conductivity
2022-07-13 10:54:05,385 - data_pipeline - INFO - LocalProcessConductance - Processing Conductivity for sample 87
2022-07-13 10:54:05,388 - data_pipeline - INFO - LocalProcessConductance - Processing conductivity for sample 87, position 0
2022-07-13 10:54:05,403 - data_pipeline - INFO - LocalProcessConductance - Processing conductivity for sample 87, position 1
2022-07-13 10:54:05,419 - data_pipeline - INFO - LocalProcessConductance - Processing conductivity for sample 87, position 2
2022-07-13 10:54:05,434 - data_pipeline - INFO - LocalProcessConductance - Processing conductivity for sample 87, position 3
2022-07-13 10:54:05,450 - data_pipeline - INFO - LocalProcessConductance - Processing conductivity for sample 87, position 4
2022-07-13 10:54:05,470 - data_pipeline - INFO - LocalProcessConductance - Saving position conductivity data
2022-07-13 10:54:05,478 - data_pipeline - INFO - LocalProcessConductance - Saving sample conductivity data
2022-07-13 10:54:05,489 - data_pipeline - INFO - LocalProcessConductance - Saving raw conductivity data
2022-07-13 10:54:05,508 - data_pipeline - INFO - running ProcessXRF
2022-07-13 10:54:05,509 - data_pipeline - INFO - LocalProcessXRF - Processing XRF
2022-07-13 10:54:09,481 - data_pipeline - INFO - running CalculatePseudoconductivity
2022-07-13 10:54:09,779 - data_pipeline - INFO - running AggregateData
2022-07-13 10:54:09,821 - data_pipeline - INFO - LocalAggregateData - Saving aggregate sample data
2022-07-13 10:54:09,848 - data_pipeline - INFO - running CustomTransformations
2022-07-13 10:54:09,849 - data_pipeline - INFO - No cost parameters provided. Cost not calculated.
2022-07-13 10:54:09,866 - data_pipeline - INFO - running DataEntry
2022-07-13 10:54:09,867 - data_pipeline - INFO - LocalDataEntry - Complete the pipeline
