2022-07-14 04:12:53,555 - data_pipeline - INFO - running CampaignParameters
2022-07-14 04:12:53,556 - data_pipeline - INFO - LocalCampaignParameters - Reading Campaign Parameters
2022-07-14 04:12:53,693 - data_pipeline - INFO - running ProcessSampleParameters
2022-07-14 04:12:53,694 - data_pipeline - INFO - LocalProcessSampleParameters - Reformatting Sample Parameters
2022-07-14 04:12:53,714 - data_pipeline - INFO - LocalProcessSampleParameters - Saving sample parameters data
2022-07-14 04:12:53,733 - data_pipeline - INFO - running ProcessConductance
2022-07-14 04:12:53,733 - data_pipeline - INFO - LocalProcessConductance - Processing Conductivity
2022-07-14 04:12:53,734 - data_pipeline - INFO - LocalProcessConductance - Processing Conductivity for sample 130
2022-07-14 04:12:53,737 - data_pipeline - INFO - LocalProcessConductance - Processing conductivity for sample 130, position 0
2022-07-14 04:12:53,752 - data_pipeline - INFO - LocalProcessConductance - Processing conductivity for sample 130, position 1
2022-07-14 04:12:53,768 - data_pipeline - INFO - LocalProcessConductance - Processing conductivity for sample 130, position 2
2022-07-14 04:12:53,783 - data_pipeline - INFO - LocalProcessConductance - Processing conductivity for sample 130, position 3
2022-07-14 04:12:53,798 - data_pipeline - INFO - LocalProcessConductance - Processing conductivity for sample 130, position 4
2022-07-14 04:12:53,818 - data_pipeline - INFO - LocalProcessConductance - Saving position conductivity data
2022-07-14 04:12:53,825 - data_pipeline - INFO - LocalProcessConductance - Saving sample conductivity data
2022-07-14 04:12:53,836 - data_pipeline - INFO - LocalProcessConductance - Saving raw conductivity data
2022-07-14 04:12:53,854 - data_pipeline - INFO - running ProcessXRF
2022-07-14 04:12:53,855 - data_pipeline - INFO - LocalProcessXRF - Processing XRF
2022-07-14 04:12:57,860 - data_pipeline - INFO - running CalculatePseudoconductivity
2022-07-14 04:12:58,151 - data_pipeline - INFO - running AggregateData
2022-07-14 04:12:58,195 - data_pipeline - INFO - LocalAggregateData - Saving aggregate sample data
2022-07-14 04:12:58,221 - data_pipeline - INFO - running CustomTransformations
2022-07-14 04:12:58,222 - data_pipeline - INFO - No cost parameters provided. Cost not calculated.
2022-07-14 04:12:58,238 - data_pipeline - INFO - running DataEntry
2022-07-14 04:12:58,239 - data_pipeline - INFO - LocalDataEntry - Complete the pipeline
