2022-07-13 05:17:57,324 - data_pipeline - INFO - running CampaignParameters
2022-07-13 05:17:57,325 - data_pipeline - INFO - LocalCampaignParameters - Reading Campaign Parameters
2022-07-13 05:17:57,666 - data_pipeline - INFO - running ProcessSampleParameters
2022-07-13 05:17:57,667 - data_pipeline - INFO - LocalProcessSampleParameters - Reformatting Sample Parameters
2022-07-13 05:17:57,687 - data_pipeline - INFO - LocalProcessSampleParameters - Saving sample parameters data
2022-07-13 05:17:57,706 - data_pipeline - INFO - running ProcessConductance
2022-07-13 05:17:57,707 - data_pipeline - INFO - LocalProcessConductance - Processing Conductivity
2022-07-13 05:17:57,708 - data_pipeline - INFO - LocalProcessConductance - Processing Conductivity for sample 86
2022-07-13 05:17:57,711 - data_pipeline - INFO - LocalProcessConductance - Processing conductivity for sample 86, position 0
2022-07-13 05:17:57,730 - data_pipeline - INFO - LocalProcessConductance - Processing conductivity for sample 86, position 1
2022-07-13 05:17:57,749 - data_pipeline - INFO - LocalProcessConductance - Processing conductivity for sample 86, position 2
2022-07-13 05:17:57,768 - data_pipeline - INFO - LocalProcessConductance - Processing conductivity for sample 86, position 3
2022-07-13 05:17:57,787 - data_pipeline - INFO - LocalProcessConductance - Processing conductivity for sample 86, position 4
2022-07-13 05:17:57,810 - data_pipeline - INFO - LocalProcessConductance - Saving position conductivity data
2022-07-13 05:17:57,818 - data_pipeline - INFO - LocalProcessConductance - Saving sample conductivity data
2022-07-13 05:17:57,830 - data_pipeline - INFO - LocalProcessConductance - Saving raw conductivity data
2022-07-13 05:17:57,848 - data_pipeline - INFO - running ProcessXRF
2022-07-13 05:17:57,849 - data_pipeline - INFO - LocalProcessXRF - Processing XRF
2022-07-13 05:18:01,807 - data_pipeline - INFO - running CalculatePseudoconductivity
2022-07-13 05:18:02,132 - data_pipeline - INFO - running AggregateData
2022-07-13 05:18:02,175 - data_pipeline - INFO - LocalAggregateData - Saving aggregate sample data
2022-07-13 05:18:02,202 - data_pipeline - INFO - running CustomTransformations
2022-07-13 05:18:02,203 - data_pipeline - INFO - No cost parameters provided. Cost not calculated.
2022-07-13 05:18:02,225 - data_pipeline - INFO - running DataEntry
2022-07-13 05:18:02,226 - data_pipeline - INFO - LocalDataEntry - Complete the pipeline
