2022-07-11 15:20:33,509 - data_pipeline - INFO - running CampaignParameters
2022-07-11 15:20:33,510 - data_pipeline - INFO - LocalCampaignParameters - Reading Campaign Parameters
2022-07-11 15:20:33,590 - data_pipeline - INFO - running ProcessSampleParameters
2022-07-11 15:20:33,590 - data_pipeline - INFO - LocalProcessSampleParameters - Reformatting Sample Parameters
2022-07-11 15:20:33,610 - data_pipeline - INFO - LocalProcessSampleParameters - Saving sample parameters data
2022-07-11 15:20:33,630 - data_pipeline - INFO - running ProcessConductance
2022-07-11 15:20:33,631 - data_pipeline - INFO - LocalProcessConductance - Processing Conductivity
2022-07-11 15:20:33,632 - data_pipeline - INFO - LocalProcessConductance - Processing Conductivity for sample 5
2022-07-11 15:20:33,635 - data_pipeline - INFO - LocalProcessConductance - Processing conductivity for sample 5, position 0
2022-07-11 15:20:33,650 - data_pipeline - INFO - LocalProcessConductance - Processing conductivity for sample 5, position 1
2022-07-11 15:20:33,666 - data_pipeline - INFO - LocalProcessConductance - Processing conductivity for sample 5, position 2
2022-07-11 15:20:33,682 - data_pipeline - INFO - LocalProcessConductance - Processing conductivity for sample 5, position 3
2022-07-11 15:20:33,697 - data_pipeline - INFO - LocalProcessConductance - Processing conductivity for sample 5, position 4
2022-07-11 15:20:33,717 - data_pipeline - INFO - LocalProcessConductance - Saving position conductivity data
2022-07-11 15:20:33,725 - data_pipeline - INFO - LocalProcessConductance - Saving sample conductivity data
2022-07-11 15:20:33,738 - data_pipeline - INFO - LocalProcessConductance - Saving raw conductivity data
2022-07-11 15:20:33,756 - data_pipeline - INFO - running ProcessXRF
2022-07-11 15:20:33,757 - data_pipeline - INFO - LocalProcessXRF - Processing XRF
2022-07-11 15:20:37,703 - data_pipeline - INFO - running CalculatePseudoconductivity
2022-07-11 15:20:38,185 - data_pipeline - INFO - running AggregateData
2022-07-11 15:20:38,236 - data_pipeline - INFO - LocalAggregateData - Saving aggregate sample data
2022-07-11 15:20:38,263 - data_pipeline - INFO - running CustomTransformations
2022-07-11 15:20:38,264 - data_pipeline - INFO - No cost parameters provided. Cost not calculated.
2022-07-11 15:20:38,280 - data_pipeline - INFO - running DataEntry
2022-07-11 15:20:38,280 - data_pipeline - INFO - LocalDataEntry - Complete the pipeline
