2022-07-14 02:30:39,905 - data_pipeline - INFO - running CampaignParameters
2022-07-14 02:30:39,906 - data_pipeline - INFO - LocalCampaignParameters - Reading Campaign Parameters
2022-07-14 02:30:40,002 - data_pipeline - INFO - running ProcessSampleParameters
2022-07-14 02:30:40,003 - data_pipeline - INFO - LocalProcessSampleParameters - Reformatting Sample Parameters
2022-07-14 02:30:40,023 - data_pipeline - INFO - LocalProcessSampleParameters - Saving sample parameters data
2022-07-14 02:30:40,043 - data_pipeline - INFO - running ProcessConductance
2022-07-14 02:30:40,044 - data_pipeline - INFO - LocalProcessConductance - Processing Conductivity
2022-07-14 02:30:40,044 - data_pipeline - INFO - LocalProcessConductance - Processing Conductivity for sample 124
2022-07-14 02:30:40,047 - data_pipeline - INFO - LocalProcessConductance - Processing conductivity for sample 124, position 0
2022-07-14 02:30:40,066 - data_pipeline - INFO - LocalProcessConductance - Processing conductivity for sample 124, position 1
2022-07-14 02:30:40,085 - data_pipeline - INFO - LocalProcessConductance - Processing conductivity for sample 124, position 2
2022-07-14 02:30:40,104 - data_pipeline - INFO - LocalProcessConductance - Processing conductivity for sample 124, position 3
2022-07-14 02:30:40,124 - data_pipeline - INFO - LocalProcessConductance - Processing conductivity for sample 124, position 4
2022-07-14 02:30:40,147 - data_pipeline - INFO - LocalProcessConductance - Saving position conductivity data
2022-07-14 02:30:40,155 - data_pipeline - INFO - LocalProcessConductance - Saving sample conductivity data
2022-07-14 02:30:40,167 - data_pipeline - INFO - LocalProcessConductance - Saving raw conductivity data
2022-07-14 02:30:40,184 - data_pipeline - INFO - running ProcessXRF
2022-07-14 02:30:40,185 - data_pipeline - INFO - LocalProcessXRF - Processing XRF
2022-07-14 02:30:44,145 - data_pipeline - INFO - running CalculatePseudoconductivity
2022-07-14 02:30:44,489 - data_pipeline - INFO - running AggregateData
2022-07-14 02:30:44,538 - data_pipeline - INFO - LocalAggregateData - Saving aggregate sample data
2022-07-14 02:30:44,565 - data_pipeline - INFO - running CustomTransformations
2022-07-14 02:30:44,566 - data_pipeline - INFO - No cost parameters provided. Cost not calculated.
2022-07-14 02:30:44,583 - data_pipeline - INFO - running DataEntry
2022-07-14 02:30:44,584 - data_pipeline - INFO - LocalDataEntry - Complete the pipeline
