2022-07-13 11:10:40,709 - data_pipeline - INFO - running CampaignParameters
2022-07-13 11:10:40,710 - data_pipeline - INFO - LocalCampaignParameters - Reading Campaign Parameters
2022-07-13 11:10:40,782 - data_pipeline - INFO - running ProcessSampleParameters
2022-07-13 11:10:40,783 - data_pipeline - INFO - LocalProcessSampleParameters - Reformatting Sample Parameters
2022-07-13 11:10:40,804 - data_pipeline - INFO - LocalProcessSampleParameters - Saving sample parameters data
2022-07-13 11:10:40,833 - data_pipeline - INFO - running ProcessConductance
2022-07-13 11:10:40,834 - data_pipeline - INFO - LocalProcessConductance - Processing Conductivity
2022-07-13 11:10:40,835 - data_pipeline - INFO - LocalProcessConductance - Processing Conductivity for sample 88
2022-07-13 11:10:40,837 - data_pipeline - INFO - LocalProcessConductance - Processing conductivity for sample 88, position 0
2022-07-13 11:10:40,853 - data_pipeline - INFO - LocalProcessConductance - Processing conductivity for sample 88, position 1
2022-07-13 11:10:40,870 - data_pipeline - INFO - LocalProcessConductance - Processing conductivity for sample 88, position 2
2022-07-13 11:10:40,886 - data_pipeline - INFO - LocalProcessConductance - Processing conductivity for sample 88, position 3
2022-07-13 11:10:40,902 - data_pipeline - INFO - LocalProcessConductance - Processing conductivity for sample 88, position 4
2022-07-13 11:10:40,922 - data_pipeline - INFO - LocalProcessConductance - Saving position conductivity data
2022-07-13 11:10:40,930 - data_pipeline - INFO - LocalProcessConductance - Saving sample conductivity data
2022-07-13 11:10:40,941 - data_pipeline - INFO - LocalProcessConductance - Saving raw conductivity data
2022-07-13 11:10:40,959 - data_pipeline - INFO - running ProcessXRF
2022-07-13 11:10:40,960 - data_pipeline - INFO - LocalProcessXRF - Processing XRF
2022-07-13 11:10:44,899 - data_pipeline - INFO - running CalculatePseudoconductivity
2022-07-13 11:10:45,195 - data_pipeline - INFO - running AggregateData
2022-07-13 11:10:45,239 - data_pipeline - INFO - LocalAggregateData - Saving aggregate sample data
2022-07-13 11:10:45,264 - data_pipeline - INFO - running CustomTransformations
2022-07-13 11:10:45,265 - data_pipeline - INFO - No cost parameters provided. Cost not calculated.
2022-07-13 11:10:45,281 - data_pipeline - INFO - running DataEntry
2022-07-13 11:10:45,281 - data_pipeline - INFO - LocalDataEntry - Complete the pipeline
