2022-07-13 00:29:33,019 - data_pipeline - INFO - running CampaignParameters
2022-07-13 00:29:33,020 - data_pipeline - INFO - LocalCampaignParameters - Reading Campaign Parameters
2022-07-13 00:29:33,320 - data_pipeline - INFO - running ProcessSampleParameters
2022-07-13 00:29:33,321 - data_pipeline - INFO - LocalProcessSampleParameters - Reformatting Sample Parameters
2022-07-13 00:29:33,340 - data_pipeline - INFO - LocalProcessSampleParameters - Saving sample parameters data
2022-07-13 00:29:33,359 - data_pipeline - INFO - running ProcessConductance
2022-07-13 00:29:33,360 - data_pipeline - INFO - LocalProcessConductance - Processing Conductivity
2022-07-13 00:29:33,361 - data_pipeline - INFO - LocalProcessConductance - Processing Conductivity for sample 70
2022-07-13 00:29:33,364 - data_pipeline - INFO - LocalProcessConductance - Processing conductivity for sample 70, position 0
2022-07-13 00:29:33,382 - data_pipeline - INFO - LocalProcessConductance - Processing conductivity for sample 70, position 1
2022-07-13 00:29:33,402 - data_pipeline - INFO - LocalProcessConductance - Processing conductivity for sample 70, position 2
2022-07-13 00:29:33,421 - data_pipeline - INFO - LocalProcessConductance - Processing conductivity for sample 70, position 3
2022-07-13 00:29:33,440 - data_pipeline - INFO - LocalProcessConductance - Processing conductivity for sample 70, position 4
2022-07-13 00:29:33,463 - data_pipeline - INFO - LocalProcessConductance - Saving position conductivity data
2022-07-13 00:29:33,471 - data_pipeline - INFO - LocalProcessConductance - Saving sample conductivity data
2022-07-13 00:29:33,483 - data_pipeline - INFO - LocalProcessConductance - Saving raw conductivity data
2022-07-13 00:29:33,501 - data_pipeline - INFO - running ProcessXRF
2022-07-13 00:29:33,501 - data_pipeline - INFO - LocalProcessXRF - Processing XRF
2022-07-13 00:29:37,603 - data_pipeline - INFO - running CalculatePseudoconductivity
2022-07-13 00:29:38,001 - data_pipeline - INFO - running AggregateData
2022-07-13 00:29:38,043 - data_pipeline - INFO - LocalAggregateData - Saving aggregate sample data
2022-07-13 00:29:38,111 - data_pipeline - INFO - running CustomTransformations
2022-07-13 00:29:38,111 - data_pipeline - INFO - No cost parameters provided. Cost not calculated.
2022-07-13 00:29:38,128 - data_pipeline - INFO - running DataEntry
2022-07-13 00:29:38,129 - data_pipeline - INFO - LocalDataEntry - Complete the pipeline
