2022-07-14 09:33:18,407 - data_pipeline - INFO - running CampaignParameters
2022-07-14 09:33:18,408 - data_pipeline - INFO - LocalCampaignParameters - Reading Campaign Parameters
2022-07-14 09:33:18,643 - data_pipeline - INFO - running ProcessSampleParameters
2022-07-14 09:33:18,644 - data_pipeline - INFO - LocalProcessSampleParameters - Reformatting Sample Parameters
2022-07-14 09:33:18,664 - data_pipeline - INFO - LocalProcessSampleParameters - Saving sample parameters data
2022-07-14 09:33:18,683 - data_pipeline - INFO - running ProcessConductance
2022-07-14 09:33:18,683 - data_pipeline - INFO - LocalProcessConductance - Processing Conductivity
2022-07-14 09:33:18,684 - data_pipeline - INFO - LocalProcessConductance - Processing Conductivity for sample 146
2022-07-14 09:33:18,688 - data_pipeline - INFO - LocalProcessConductance - Processing conductivity for sample 146, position 0
2022-07-14 09:33:18,702 - data_pipeline - INFO - LocalProcessConductance - Processing conductivity for sample 146, position 1
2022-07-14 09:33:18,718 - data_pipeline - INFO - LocalProcessConductance - Processing conductivity for sample 146, position 2
2022-07-14 09:33:18,733 - data_pipeline - INFO - LocalProcessConductance - Processing conductivity for sample 146, position 3
2022-07-14 09:33:18,748 - data_pipeline - INFO - LocalProcessConductance - Processing conductivity for sample 146, position 4
2022-07-14 09:33:18,768 - data_pipeline - INFO - LocalProcessConductance - Saving position conductivity data
2022-07-14 09:33:18,775 - data_pipeline - INFO - LocalProcessConductance - Saving sample conductivity data
2022-07-14 09:33:18,787 - data_pipeline - INFO - LocalProcessConductance - Saving raw conductivity data
2022-07-14 09:33:18,806 - data_pipeline - INFO - running ProcessXRF
2022-07-14 09:33:18,807 - data_pipeline - INFO - LocalProcessXRF - Processing XRF
2022-07-14 09:33:22,782 - data_pipeline - INFO - running CalculatePseudoconductivity
2022-07-14 09:33:23,189 - data_pipeline - INFO - running AggregateData
2022-07-14 09:33:23,233 - data_pipeline - INFO - LocalAggregateData - Saving aggregate sample data
2022-07-14 09:33:23,268 - data_pipeline - INFO - running CustomTransformations
2022-07-14 09:33:23,269 - data_pipeline - INFO - No cost parameters provided. Cost not calculated.
2022-07-14 09:33:23,286 - data_pipeline - INFO - running DataEntry
2022-07-14 09:33:23,287 - data_pipeline - INFO - LocalDataEntry - Complete the pipeline
