2022-07-11 14:14:03,163 - data_pipeline - INFO - running CampaignParameters
2022-07-11 14:14:03,164 - data_pipeline - INFO - LocalCampaignParameters - Reading Campaign Parameters
2022-07-11 14:14:03,232 - data_pipeline - INFO - running ProcessSampleParameters
2022-07-11 14:14:03,233 - data_pipeline - INFO - LocalProcessSampleParameters - Reformatting Sample Parameters
2022-07-11 14:14:03,253 - data_pipeline - INFO - LocalProcessSampleParameters - Saving sample parameters data
2022-07-11 14:14:03,272 - data_pipeline - INFO - running ProcessConductance
2022-07-11 14:14:03,273 - data_pipeline - INFO - LocalProcessConductance - Processing Conductivity
2022-07-11 14:14:03,274 - data_pipeline - INFO - LocalProcessConductance - Processing Conductivity for sample 1
2022-07-11 14:14:03,277 - data_pipeline - INFO - LocalProcessConductance - Processing conductivity for sample 1, position 0
2022-07-11 14:14:03,297 - data_pipeline - INFO - LocalProcessConductance - Processing conductivity for sample 1, position 1
2022-07-11 14:14:03,316 - data_pipeline - INFO - LocalProcessConductance - Processing conductivity for sample 1, position 2
2022-07-11 14:14:03,336 - data_pipeline - INFO - LocalProcessConductance - Processing conductivity for sample 1, position 3
2022-07-11 14:14:03,356 - data_pipeline - INFO - LocalProcessConductance - Processing conductivity for sample 1, position 4
2022-07-11 14:14:03,379 - data_pipeline - INFO - LocalProcessConductance - Saving position conductivity data
2022-07-11 14:14:03,387 - data_pipeline - INFO - LocalProcessConductance - Saving sample conductivity data
2022-07-11 14:14:03,399 - data_pipeline - INFO - LocalProcessConductance - Saving raw conductivity data
2022-07-11 14:14:03,417 - data_pipeline - INFO - running ProcessXRF
2022-07-11 14:14:03,418 - data_pipeline - INFO - LocalProcessXRF - Processing XRF
2022-07-11 14:14:07,299 - data_pipeline - INFO - running CalculatePseudoconductivity
2022-07-11 14:14:07,606 - data_pipeline - INFO - running AggregateData
2022-07-11 14:14:07,649 - data_pipeline - INFO - LocalAggregateData - Saving aggregate sample data
2022-07-11 14:14:07,677 - data_pipeline - INFO - running CustomTransformations
2022-07-11 14:14:07,678 - data_pipeline - INFO - No cost parameters provided. Cost not calculated.
2022-07-11 14:14:07,693 - data_pipeline - INFO - running DataEntry
2022-07-11 14:14:07,693 - data_pipeline - INFO - LocalDataEntry - Complete the pipeline
