2022-07-13 16:03:00,897 - data_pipeline - INFO - running CampaignParameters
2022-07-13 16:03:00,898 - data_pipeline - INFO - LocalCampaignParameters - Reading Campaign Parameters
2022-07-13 16:03:01,015 - data_pipeline - INFO - running ProcessSampleParameters
2022-07-13 16:03:01,016 - data_pipeline - INFO - LocalProcessSampleParameters - Reformatting Sample Parameters
2022-07-13 16:03:01,037 - data_pipeline - INFO - LocalProcessSampleParameters - Saving sample parameters data
2022-07-13 16:03:01,057 - data_pipeline - INFO - running ProcessConductance
2022-07-13 16:03:01,058 - data_pipeline - INFO - LocalProcessConductance - Processing Conductivity
2022-07-13 16:03:01,059 - data_pipeline - INFO - LocalProcessConductance - Processing Conductivity for sample 103
2022-07-13 16:03:01,062 - data_pipeline - INFO - LocalProcessConductance - Processing conductivity for sample 103, position 0
2022-07-13 16:03:01,081 - data_pipeline - INFO - LocalProcessConductance - Processing conductivity for sample 103, position 1
2022-07-13 16:03:01,100 - data_pipeline - INFO - LocalProcessConductance - Processing conductivity for sample 103, position 2
2022-07-13 16:03:01,120 - data_pipeline - INFO - LocalProcessConductance - Processing conductivity for sample 103, position 3
2022-07-13 16:03:01,139 - data_pipeline - INFO - LocalProcessConductance - Processing conductivity for sample 103, position 4
2022-07-13 16:03:01,162 - data_pipeline - INFO - LocalProcessConductance - Saving position conductivity data
2022-07-13 16:03:01,171 - data_pipeline - INFO - LocalProcessConductance - Saving sample conductivity data
2022-07-13 16:03:01,183 - data_pipeline - INFO - LocalProcessConductance - Saving raw conductivity data
2022-07-13 16:03:01,201 - data_pipeline - INFO - running ProcessXRF
2022-07-13 16:03:01,202 - data_pipeline - INFO - LocalProcessXRF - Processing XRF
2022-07-13 16:03:05,217 - data_pipeline - INFO - running CalculatePseudoconductivity
2022-07-13 16:03:05,525 - data_pipeline - INFO - running AggregateData
2022-07-13 16:03:05,569 - data_pipeline - INFO - LocalAggregateData - Saving aggregate sample data
2022-07-13 16:03:05,597 - data_pipeline - INFO - running CustomTransformations
2022-07-13 16:03:05,597 - data_pipeline - INFO - No cost parameters provided. Cost not calculated.
2022-07-13 16:03:05,613 - data_pipeline - INFO - running DataEntry
2022-07-13 16:03:05,614 - data_pipeline - INFO - LocalDataEntry - Complete the pipeline
