2022-07-14 16:45:24,043 - data_pipeline - INFO - running CampaignParameters
2022-07-14 16:45:24,044 - data_pipeline - INFO - LocalCampaignParameters - Reading Campaign Parameters
2022-07-14 16:45:24,155 - data_pipeline - INFO - running ProcessSampleParameters
2022-07-14 16:45:24,156 - data_pipeline - INFO - LocalProcessSampleParameters - Reformatting Sample Parameters
2022-07-14 16:45:24,185 - data_pipeline - INFO - LocalProcessSampleParameters - Saving sample parameters data
2022-07-14 16:45:24,205 - data_pipeline - INFO - running ProcessConductance
2022-07-14 16:45:24,206 - data_pipeline - INFO - LocalProcessConductance - Processing Conductivity
2022-07-14 16:45:24,207 - data_pipeline - INFO - LocalProcessConductance - Processing Conductivity for sample 166
2022-07-14 16:45:24,210 - data_pipeline - INFO - LocalProcessConductance - Processing conductivity for sample 166, position 0
2022-07-14 16:45:24,230 - data_pipeline - INFO - LocalProcessConductance - Processing conductivity for sample 166, position 1
2022-07-14 16:45:24,250 - data_pipeline - INFO - LocalProcessConductance - Processing conductivity for sample 166, position 2
2022-07-14 16:45:24,269 - data_pipeline - INFO - LocalProcessConductance - Processing conductivity for sample 166, position 3
2022-07-14 16:45:24,289 - data_pipeline - INFO - LocalProcessConductance - Processing conductivity for sample 166, position 4
2022-07-14 16:45:24,312 - data_pipeline - INFO - LocalProcessConductance - Saving position conductivity data
2022-07-14 16:45:24,319 - data_pipeline - INFO - LocalProcessConductance - Saving sample conductivity data
2022-07-14 16:45:24,331 - data_pipeline - INFO - LocalProcessConductance - Saving raw conductivity data
2022-07-14 16:45:24,349 - data_pipeline - INFO - running ProcessXRF
2022-07-14 16:45:24,350 - data_pipeline - INFO - LocalProcessXRF - Processing XRF
2022-07-14 16:45:28,299 - data_pipeline - INFO - running CalculatePseudoconductivity
2022-07-14 16:45:28,580 - data_pipeline - INFO - running AggregateData
2022-07-14 16:45:28,624 - data_pipeline - INFO - LocalAggregateData - Saving aggregate sample data
2022-07-14 16:45:28,652 - data_pipeline - INFO - running CustomTransformations
2022-07-14 16:45:28,653 - data_pipeline - INFO - No cost parameters provided. Cost not calculated.
2022-07-14 16:45:28,671 - data_pipeline - INFO - running DataEntry
2022-07-14 16:45:28,672 - data_pipeline - INFO - LocalDataEntry - Complete the pipeline
