2022-07-14 11:02:41,275 - data_pipeline - INFO - running CampaignParameters
2022-07-14 11:02:41,276 - data_pipeline - INFO - LocalCampaignParameters - Reading Campaign Parameters
2022-07-14 11:02:41,584 - data_pipeline - INFO - running ProcessSampleParameters
2022-07-14 11:02:41,585 - data_pipeline - INFO - LocalProcessSampleParameters - Reformatting Sample Parameters
2022-07-14 11:02:41,605 - data_pipeline - INFO - LocalProcessSampleParameters - Saving sample parameters data
2022-07-14 11:02:41,623 - data_pipeline - INFO - running ProcessConductance
2022-07-14 11:02:41,624 - data_pipeline - INFO - LocalProcessConductance - Processing Conductivity
2022-07-14 11:02:41,625 - data_pipeline - INFO - LocalProcessConductance - Processing Conductivity for sample 151
2022-07-14 11:02:41,628 - data_pipeline - INFO - LocalProcessConductance - Processing conductivity for sample 151, position 0
2022-07-14 11:02:41,646 - data_pipeline - INFO - LocalProcessConductance - Processing conductivity for sample 151, position 1
2022-07-14 11:02:41,667 - data_pipeline - INFO - LocalProcessConductance - Processing conductivity for sample 151, position 2
2022-07-14 11:02:41,686 - data_pipeline - INFO - LocalProcessConductance - Processing conductivity for sample 151, position 3
2022-07-14 11:02:41,705 - data_pipeline - INFO - LocalProcessConductance - Processing conductivity for sample 151, position 4
2022-07-14 11:02:41,728 - data_pipeline - INFO - LocalProcessConductance - Saving position conductivity data
2022-07-14 11:02:41,736 - data_pipeline - INFO - LocalProcessConductance - Saving sample conductivity data
2022-07-14 11:02:41,748 - data_pipeline - INFO - LocalProcessConductance - Saving raw conductivity data
2022-07-14 11:02:41,766 - data_pipeline - INFO - running ProcessXRF
2022-07-14 11:02:41,766 - data_pipeline - INFO - LocalProcessXRF - Processing XRF
2022-07-14 11:02:45,684 - data_pipeline - INFO - running CalculatePseudoconductivity
2022-07-14 11:02:45,941 - data_pipeline - INFO - running AggregateData
2022-07-14 11:02:45,987 - data_pipeline - INFO - LocalAggregateData - Saving aggregate sample data
2022-07-14 11:02:46,039 - data_pipeline - INFO - running CustomTransformations
2022-07-14 11:02:46,040 - data_pipeline - INFO - No cost parameters provided. Cost not calculated.
2022-07-14 11:02:46,058 - data_pipeline - INFO - running DataEntry
2022-07-14 11:02:46,059 - data_pipeline - INFO - LocalDataEntry - Complete the pipeline
