2022-07-11 21:53:07,516 - data_pipeline - INFO - running CampaignParameters
2022-07-11 21:53:07,517 - data_pipeline - INFO - LocalCampaignParameters - Reading Campaign Parameters
2022-07-11 21:53:07,650 - data_pipeline - INFO - running ProcessSampleParameters
2022-07-11 21:53:07,651 - data_pipeline - INFO - LocalProcessSampleParameters - Reformatting Sample Parameters
2022-07-11 21:53:07,671 - data_pipeline - INFO - LocalProcessSampleParameters - Saving sample parameters data
2022-07-11 21:53:07,692 - data_pipeline - INFO - running ProcessConductance
2022-07-11 21:53:07,693 - data_pipeline - INFO - LocalProcessConductance - Processing Conductivity
2022-07-11 21:53:07,694 - data_pipeline - INFO - LocalProcessConductance - Processing Conductivity for sample 27
2022-07-11 21:53:07,697 - data_pipeline - INFO - LocalProcessConductance - Processing conductivity for sample 27, position 0
2022-07-11 21:53:07,716 - data_pipeline - INFO - LocalProcessConductance - Processing conductivity for sample 27, position 1
2022-07-11 21:53:07,736 - data_pipeline - INFO - LocalProcessConductance - Processing conductivity for sample 27, position 2
2022-07-11 21:53:07,755 - data_pipeline - INFO - LocalProcessConductance - Processing conductivity for sample 27, position 3
2022-07-11 21:53:07,774 - data_pipeline - INFO - LocalProcessConductance - Processing conductivity for sample 27, position 4
2022-07-11 21:53:07,797 - data_pipeline - INFO - LocalProcessConductance - Saving position conductivity data
2022-07-11 21:53:07,805 - data_pipeline - INFO - LocalProcessConductance - Saving sample conductivity data
2022-07-11 21:53:07,816 - data_pipeline - INFO - LocalProcessConductance - Saving raw conductivity data
2022-07-11 21:53:07,834 - data_pipeline - INFO - running ProcessXRF
2022-07-11 21:53:07,835 - data_pipeline - INFO - LocalProcessXRF - Processing XRF
2022-07-11 21:53:11,736 - data_pipeline - INFO - running CalculatePseudoconductivity
2022-07-11 21:53:12,035 - data_pipeline - INFO - running AggregateData
2022-07-11 21:53:12,086 - data_pipeline - INFO - LocalAggregateData - Saving aggregate sample data
2022-07-11 21:53:12,113 - data_pipeline - INFO - running CustomTransformations
2022-07-11 21:53:12,114 - data_pipeline - INFO - No cost parameters provided. Cost not calculated.
2022-07-11 21:53:12,137 - data_pipeline - INFO - running DataEntry
2022-07-11 21:53:12,138 - data_pipeline - INFO - LocalDataEntry - Complete the pipeline
