2022-07-14 01:24:50,066 - data_pipeline - INFO - running CampaignParameters
2022-07-14 01:24:50,067 - data_pipeline - INFO - LocalCampaignParameters - Reading Campaign Parameters
2022-07-14 01:24:50,146 - data_pipeline - INFO - running ProcessSampleParameters
2022-07-14 01:24:50,147 - data_pipeline - INFO - LocalProcessSampleParameters - Reformatting Sample Parameters
2022-07-14 01:24:50,168 - data_pipeline - INFO - LocalProcessSampleParameters - Saving sample parameters data
2022-07-14 01:24:50,187 - data_pipeline - INFO - running ProcessConductance
2022-07-14 01:24:50,187 - data_pipeline - INFO - LocalProcessConductance - Processing Conductivity
2022-07-14 01:24:50,188 - data_pipeline - INFO - LocalProcessConductance - Processing Conductivity for sample 120
2022-07-14 01:24:50,192 - data_pipeline - INFO - LocalProcessConductance - Processing conductivity for sample 120, position 0
2022-07-14 01:24:50,207 - data_pipeline - INFO - LocalProcessConductance - Processing conductivity for sample 120, position 1
2022-07-14 01:24:50,224 - data_pipeline - INFO - LocalProcessConductance - Processing conductivity for sample 120, position 2
2022-07-14 01:24:50,240 - data_pipeline - INFO - LocalProcessConductance - Processing conductivity for sample 120, position 3
2022-07-14 01:24:50,256 - data_pipeline - INFO - LocalProcessConductance - Processing conductivity for sample 120, position 4
2022-07-14 01:24:50,276 - data_pipeline - INFO - LocalProcessConductance - Saving position conductivity data
2022-07-14 01:24:50,284 - data_pipeline - INFO - LocalProcessConductance - Saving sample conductivity data
2022-07-14 01:24:50,296 - data_pipeline - INFO - LocalProcessConductance - Saving raw conductivity data
2022-07-14 01:24:50,315 - data_pipeline - INFO - running ProcessXRF
2022-07-14 01:24:50,315 - data_pipeline - INFO - LocalProcessXRF - Processing XRF
2022-07-14 01:24:54,275 - data_pipeline - INFO - running CalculatePseudoconductivity
2022-07-14 01:24:54,650 - data_pipeline - INFO - running AggregateData
2022-07-14 01:24:54,693 - data_pipeline - INFO - LocalAggregateData - Saving aggregate sample data
2022-07-14 01:24:54,725 - data_pipeline - INFO - running CustomTransformations
2022-07-14 01:24:54,726 - data_pipeline - INFO - No cost parameters provided. Cost not calculated.
2022-07-14 01:24:54,742 - data_pipeline - INFO - running DataEntry
2022-07-14 01:24:54,743 - data_pipeline - INFO - LocalDataEntry - Complete the pipeline
