2022-07-12 19:34:58,087 - data_pipeline - INFO - running CampaignParameters
2022-07-12 19:34:58,088 - data_pipeline - INFO - LocalCampaignParameters - Reading Campaign Parameters
2022-07-12 19:34:58,323 - data_pipeline - INFO - running ProcessSampleParameters
2022-07-12 19:34:58,323 - data_pipeline - INFO - LocalProcessSampleParameters - Reformatting Sample Parameters
2022-07-12 19:34:58,344 - data_pipeline - INFO - LocalProcessSampleParameters - Saving sample parameters data
2022-07-12 19:34:58,363 - data_pipeline - INFO - running ProcessConductance
2022-07-12 19:34:58,364 - data_pipeline - INFO - LocalProcessConductance - Processing Conductivity
2022-07-12 19:34:58,365 - data_pipeline - INFO - LocalProcessConductance - Processing Conductivity for sample 58
2022-07-12 19:34:58,367 - data_pipeline - INFO - LocalProcessConductance - Processing conductivity for sample 58, position 0
2022-07-12 19:34:58,382 - data_pipeline - INFO - LocalProcessConductance - Processing conductivity for sample 58, position 1
2022-07-12 19:34:58,397 - data_pipeline - INFO - LocalProcessConductance - Processing conductivity for sample 58, position 2
2022-07-12 19:34:58,413 - data_pipeline - INFO - LocalProcessConductance - Processing conductivity for sample 58, position 3
2022-07-12 19:34:58,428 - data_pipeline - INFO - LocalProcessConductance - Processing conductivity for sample 58, position 4
2022-07-12 19:34:58,448 - data_pipeline - INFO - LocalProcessConductance - Saving position conductivity data
2022-07-12 19:34:58,455 - data_pipeline - INFO - LocalProcessConductance - Saving sample conductivity data
2022-07-12 19:34:58,467 - data_pipeline - INFO - LocalProcessConductance - Saving raw conductivity data
2022-07-12 19:34:58,484 - data_pipeline - INFO - running ProcessXRF
2022-07-12 19:34:58,485 - data_pipeline - INFO - LocalProcessXRF - Processing XRF
2022-07-12 19:35:02,451 - data_pipeline - INFO - running CalculatePseudoconductivity
2022-07-12 19:35:02,734 - data_pipeline - INFO - running AggregateData
2022-07-12 19:35:02,779 - data_pipeline - INFO - LocalAggregateData - Saving aggregate sample data
2022-07-12 19:35:02,812 - data_pipeline - INFO - running CustomTransformations
2022-07-12 19:35:02,813 - data_pipeline - INFO - No cost parameters provided. Cost not calculated.
2022-07-12 19:35:02,829 - data_pipeline - INFO - running DataEntry
2022-07-12 19:35:02,829 - data_pipeline - INFO - LocalDataEntry - Complete the pipeline
