2022-07-14 09:00:31,362 - data_pipeline - INFO - running CampaignParameters
2022-07-14 09:00:31,363 - data_pipeline - INFO - LocalCampaignParameters - Reading Campaign Parameters
2022-07-14 09:00:31,775 - data_pipeline - INFO - running ProcessSampleParameters
2022-07-14 09:00:31,776 - data_pipeline - INFO - LocalProcessSampleParameters - Reformatting Sample Parameters
2022-07-14 09:00:31,796 - data_pipeline - INFO - LocalProcessSampleParameters - Saving sample parameters data
2022-07-14 09:00:31,814 - data_pipeline - INFO - running ProcessConductance
2022-07-14 09:00:31,815 - data_pipeline - INFO - LocalProcessConductance - Processing Conductivity
2022-07-14 09:00:31,816 - data_pipeline - INFO - LocalProcessConductance - Processing Conductivity for sample 144
2022-07-14 09:00:31,819 - data_pipeline - INFO - LocalProcessConductance - Processing conductivity for sample 144, position 0
2022-07-14 09:00:31,833 - data_pipeline - INFO - LocalProcessConductance - Processing conductivity for sample 144, position 1
2022-07-14 09:00:31,849 - data_pipeline - INFO - LocalProcessConductance - Processing conductivity for sample 144, position 2
2022-07-14 09:00:31,865 - data_pipeline - INFO - LocalProcessConductance - Processing conductivity for sample 144, position 3
2022-07-14 09:00:31,879 - data_pipeline - INFO - LocalProcessConductance - Processing conductivity for sample 144, position 4
2022-07-14 09:00:31,898 - data_pipeline - INFO - LocalProcessConductance - Saving position conductivity data
2022-07-14 09:00:31,907 - data_pipeline - INFO - LocalProcessConductance - Saving sample conductivity data
2022-07-14 09:00:31,919 - data_pipeline - INFO - LocalProcessConductance - Saving raw conductivity data
2022-07-14 09:00:31,937 - data_pipeline - INFO - running ProcessXRF
2022-07-14 09:00:31,938 - data_pipeline - INFO - LocalProcessXRF - Processing XRF
2022-07-14 09:00:35,990 - data_pipeline - INFO - running CalculatePseudoconductivity
2022-07-14 09:00:36,318 - data_pipeline - INFO - running AggregateData
2022-07-14 09:00:36,360 - data_pipeline - INFO - LocalAggregateData - Saving aggregate sample data
2022-07-14 09:00:36,387 - data_pipeline - INFO - running CustomTransformations
2022-07-14 09:00:36,388 - data_pipeline - INFO - No cost parameters provided. Cost not calculated.
2022-07-14 09:00:36,505 - data_pipeline - INFO - running DataEntry
2022-07-14 09:00:36,506 - data_pipeline - INFO - LocalDataEntry - Complete the pipeline
