2022-07-14 07:35:58,352 - data_pipeline - INFO - running CampaignParameters
2022-07-14 07:35:58,353 - data_pipeline - INFO - LocalCampaignParameters - Reading Campaign Parameters
2022-07-14 07:35:58,572 - data_pipeline - INFO - running ProcessSampleParameters
2022-07-14 07:35:58,573 - data_pipeline - INFO - LocalProcessSampleParameters - Reformatting Sample Parameters
2022-07-14 07:35:58,594 - data_pipeline - INFO - LocalProcessSampleParameters - Saving sample parameters data
2022-07-14 07:35:58,621 - data_pipeline - INFO - running ProcessConductance
2022-07-14 07:35:58,622 - data_pipeline - INFO - LocalProcessConductance - Processing Conductivity
2022-07-14 07:35:58,623 - data_pipeline - INFO - LocalProcessConductance - Processing Conductivity for sample 140
2022-07-14 07:35:58,626 - data_pipeline - INFO - LocalProcessConductance - Processing conductivity for sample 140, position 0
2022-07-14 07:35:58,645 - data_pipeline - INFO - LocalProcessConductance - Processing conductivity for sample 140, position 1
2022-07-14 07:35:58,665 - data_pipeline - INFO - LocalProcessConductance - Processing conductivity for sample 140, position 2
2022-07-14 07:35:58,685 - data_pipeline - INFO - LocalProcessConductance - Processing conductivity for sample 140, position 3
2022-07-14 07:35:58,706 - data_pipeline - INFO - LocalProcessConductance - Processing conductivity for sample 140, position 4
2022-07-14 07:35:58,732 - data_pipeline - INFO - LocalProcessConductance - Saving position conductivity data
2022-07-14 07:35:58,741 - data_pipeline - INFO - LocalProcessConductance - Saving sample conductivity data
2022-07-14 07:35:58,754 - data_pipeline - INFO - LocalProcessConductance - Saving raw conductivity data
2022-07-14 07:35:58,773 - data_pipeline - INFO - running ProcessXRF
2022-07-14 07:35:58,774 - data_pipeline - INFO - LocalProcessXRF - Processing XRF
2022-07-14 07:36:02,885 - data_pipeline - INFO - running CalculatePseudoconductivity
2022-07-14 07:36:03,171 - data_pipeline - INFO - running AggregateData
2022-07-14 07:36:03,215 - data_pipeline - INFO - LocalAggregateData - Saving aggregate sample data
2022-07-14 07:36:03,243 - data_pipeline - INFO - running CustomTransformations
2022-07-14 07:36:03,244 - data_pipeline - INFO - No cost parameters provided. Cost not calculated.
2022-07-14 07:36:03,260 - data_pipeline - INFO - running DataEntry
2022-07-14 07:36:03,261 - data_pipeline - INFO - LocalDataEntry - Complete the pipeline
