2022-07-13 13:11:57,981 - data_pipeline - INFO - running CampaignParameters
2022-07-13 13:11:57,982 - data_pipeline - INFO - LocalCampaignParameters - Reading Campaign Parameters
2022-07-13 13:11:58,081 - data_pipeline - INFO - running ProcessSampleParameters
2022-07-13 13:11:58,082 - data_pipeline - INFO - LocalProcessSampleParameters - Reformatting Sample Parameters
2022-07-13 13:11:58,102 - data_pipeline - INFO - LocalProcessSampleParameters - Saving sample parameters data
2022-07-13 13:11:58,121 - data_pipeline - INFO - running ProcessConductance
2022-07-13 13:11:58,122 - data_pipeline - INFO - LocalProcessConductance - Processing Conductivity
2022-07-13 13:11:58,123 - data_pipeline - INFO - LocalProcessConductance - Processing Conductivity for sample 95
2022-07-13 13:11:58,126 - data_pipeline - INFO - LocalProcessConductance - Processing conductivity for sample 95, position 0
2022-07-13 13:11:58,142 - data_pipeline - INFO - LocalProcessConductance - Processing conductivity for sample 95, position 1
2022-07-13 13:11:58,157 - data_pipeline - INFO - LocalProcessConductance - Processing conductivity for sample 95, position 2
2022-07-13 13:11:58,172 - data_pipeline - INFO - LocalProcessConductance - Processing conductivity for sample 95, position 3
2022-07-13 13:11:58,187 - data_pipeline - INFO - LocalProcessConductance - Processing conductivity for sample 95, position 4
2022-07-13 13:11:58,207 - data_pipeline - INFO - LocalProcessConductance - Saving position conductivity data
2022-07-13 13:11:58,215 - data_pipeline - INFO - LocalProcessConductance - Saving sample conductivity data
2022-07-13 13:11:58,228 - data_pipeline - INFO - LocalProcessConductance - Saving raw conductivity data
2022-07-13 13:11:58,246 - data_pipeline - INFO - running ProcessXRF
2022-07-13 13:11:58,247 - data_pipeline - INFO - LocalProcessXRF - Processing XRF
2022-07-13 13:12:02,379 - data_pipeline - INFO - running CalculatePseudoconductivity
2022-07-13 13:12:02,686 - data_pipeline - INFO - running AggregateData
2022-07-13 13:12:02,729 - data_pipeline - INFO - LocalAggregateData - Saving aggregate sample data
2022-07-13 13:12:02,763 - data_pipeline - INFO - running CustomTransformations
2022-07-13 13:12:02,764 - data_pipeline - INFO - No cost parameters provided. Cost not calculated.
2022-07-13 13:12:02,780 - data_pipeline - INFO - running DataEntry
2022-07-13 13:12:02,781 - data_pipeline - INFO - LocalDataEntry - Complete the pipeline
