2022-07-11 22:07:29,892 - data_pipeline - INFO - running CampaignParameters
2022-07-11 22:07:29,893 - data_pipeline - INFO - LocalCampaignParameters - Reading Campaign Parameters
2022-07-11 22:07:30,031 - data_pipeline - INFO - running ProcessSampleParameters
2022-07-11 22:07:30,031 - data_pipeline - INFO - LocalProcessSampleParameters - Reformatting Sample Parameters
2022-07-11 22:07:30,052 - data_pipeline - INFO - LocalProcessSampleParameters - Saving sample parameters data
2022-07-11 22:07:30,072 - data_pipeline - INFO - running ProcessConductance
2022-07-11 22:07:30,072 - data_pipeline - INFO - LocalProcessConductance - Processing Conductivity
2022-07-11 22:07:30,073 - data_pipeline - INFO - LocalProcessConductance - Processing Conductivity for sample 28
2022-07-11 22:07:30,077 - data_pipeline - INFO - LocalProcessConductance - Processing conductivity for sample 28, position 0
2022-07-11 22:07:30,096 - data_pipeline - INFO - LocalProcessConductance - Processing conductivity for sample 28, position 1
2022-07-11 22:07:30,122 - data_pipeline - INFO - LocalProcessConductance - Processing conductivity for sample 28, position 2
2022-07-11 22:07:30,142 - data_pipeline - INFO - LocalProcessConductance - Processing conductivity for sample 28, position 3
2022-07-11 22:07:30,162 - data_pipeline - INFO - LocalProcessConductance - Processing conductivity for sample 28, position 4
2022-07-11 22:07:30,185 - data_pipeline - INFO - LocalProcessConductance - Saving position conductivity data
2022-07-11 22:07:30,193 - data_pipeline - INFO - LocalProcessConductance - Saving sample conductivity data
2022-07-11 22:07:30,205 - data_pipeline - INFO - LocalProcessConductance - Saving raw conductivity data
2022-07-11 22:07:30,224 - data_pipeline - INFO - running ProcessXRF
2022-07-11 22:07:30,225 - data_pipeline - INFO - LocalProcessXRF - Processing XRF
2022-07-11 22:07:34,115 - data_pipeline - INFO - running CalculatePseudoconductivity
2022-07-11 22:07:34,907 - data_pipeline - INFO - running AggregateData
2022-07-11 22:07:34,950 - data_pipeline - INFO - LocalAggregateData - Saving aggregate sample data
2022-07-11 22:07:34,986 - data_pipeline - INFO - running CustomTransformations
2022-07-11 22:07:34,986 - data_pipeline - INFO - No cost parameters provided. Cost not calculated.
2022-07-11 22:07:35,002 - data_pipeline - INFO - running DataEntry
2022-07-11 22:07:35,003 - data_pipeline - INFO - LocalDataEntry - Complete the pipeline
