2022-07-12 15:52:19,104 - data_pipeline - INFO - running CampaignParameters
2022-07-12 15:52:19,104 - data_pipeline - INFO - LocalCampaignParameters - Reading Campaign Parameters
2022-07-12 15:52:19,223 - data_pipeline - INFO - running ProcessSampleParameters
2022-07-12 15:52:19,223 - data_pipeline - INFO - LocalProcessSampleParameters - Reformatting Sample Parameters
2022-07-12 15:52:19,244 - data_pipeline - INFO - LocalProcessSampleParameters - Saving sample parameters data
2022-07-12 15:52:19,263 - data_pipeline - INFO - running ProcessConductance
2022-07-12 15:52:19,263 - data_pipeline - INFO - LocalProcessConductance - Processing Conductivity
2022-07-12 15:52:19,264 - data_pipeline - INFO - LocalProcessConductance - Processing Conductivity for sample 45
2022-07-12 15:52:19,267 - data_pipeline - INFO - LocalProcessConductance - Processing conductivity for sample 45, position 0
2022-07-12 15:52:19,286 - data_pipeline - INFO - LocalProcessConductance - Processing conductivity for sample 45, position 1
2022-07-12 15:52:19,306 - data_pipeline - INFO - LocalProcessConductance - Processing conductivity for sample 45, position 2
2022-07-12 15:52:19,325 - data_pipeline - INFO - LocalProcessConductance - Processing conductivity for sample 45, position 3
2022-07-12 15:52:19,344 - data_pipeline - INFO - LocalProcessConductance - Processing conductivity for sample 45, position 4
2022-07-12 15:52:19,368 - data_pipeline - INFO - LocalProcessConductance - Saving position conductivity data
2022-07-12 15:52:19,375 - data_pipeline - INFO - LocalProcessConductance - Saving sample conductivity data
2022-07-12 15:52:19,386 - data_pipeline - INFO - LocalProcessConductance - Saving raw conductivity data
2022-07-12 15:52:19,406 - data_pipeline - INFO - running ProcessXRF
2022-07-12 15:52:19,406 - data_pipeline - INFO - LocalProcessXRF - Processing XRF
2022-07-12 15:52:23,351 - data_pipeline - INFO - running CalculatePseudoconductivity
2022-07-12 15:52:23,658 - data_pipeline - INFO - running AggregateData
2022-07-12 15:52:23,701 - data_pipeline - INFO - LocalAggregateData - Saving aggregate sample data
2022-07-12 15:52:23,727 - data_pipeline - INFO - running CustomTransformations
2022-07-12 15:52:23,728 - data_pipeline - INFO - No cost parameters provided. Cost not calculated.
2022-07-12 15:52:23,746 - data_pipeline - INFO - running DataEntry
2022-07-12 15:52:23,746 - data_pipeline - INFO - LocalDataEntry - Complete the pipeline
