2022-07-14 19:57:51,718 - data_pipeline - INFO - running CampaignParameters
2022-07-14 19:57:51,719 - data_pipeline - INFO - LocalCampaignParameters - Reading Campaign Parameters
2022-07-14 19:57:51,862 - data_pipeline - INFO - running ProcessSampleParameters
2022-07-14 19:57:51,863 - data_pipeline - INFO - LocalProcessSampleParameters - Reformatting Sample Parameters
2022-07-14 19:57:51,884 - data_pipeline - INFO - LocalProcessSampleParameters - Saving sample parameters data
2022-07-14 19:57:51,903 - data_pipeline - INFO - running ProcessConductance
2022-07-14 19:57:51,904 - data_pipeline - INFO - LocalProcessConductance - Processing Conductivity
2022-07-14 19:57:51,905 - data_pipeline - INFO - LocalProcessConductance - Processing Conductivity for sample 175
2022-07-14 19:57:51,908 - data_pipeline - INFO - LocalProcessConductance - Processing conductivity for sample 175, position 0
2022-07-14 19:57:51,927 - data_pipeline - INFO - LocalProcessConductance - Processing conductivity for sample 175, position 1
2022-07-14 19:57:51,947 - data_pipeline - INFO - LocalProcessConductance - Processing conductivity for sample 175, position 2
2022-07-14 19:57:51,966 - data_pipeline - INFO - LocalProcessConductance - Processing conductivity for sample 175, position 3
2022-07-14 19:57:51,985 - data_pipeline - INFO - LocalProcessConductance - Processing conductivity for sample 175, position 4
2022-07-14 19:57:52,008 - data_pipeline - INFO - LocalProcessConductance - Saving position conductivity data
2022-07-14 19:57:52,016 - data_pipeline - INFO - LocalProcessConductance - Saving sample conductivity data
2022-07-14 19:57:52,028 - data_pipeline - INFO - LocalProcessConductance - Saving raw conductivity data
2022-07-14 19:57:52,047 - data_pipeline - INFO - running ProcessXRF
2022-07-14 19:57:52,048 - data_pipeline - INFO - LocalProcessXRF - Processing XRF
2022-07-14 19:57:56,073 - data_pipeline - INFO - running CalculatePseudoconductivity
2022-07-14 19:57:56,383 - data_pipeline - INFO - running AggregateData
2022-07-14 19:57:56,426 - data_pipeline - INFO - LocalAggregateData - Saving aggregate sample data
2022-07-14 19:57:56,453 - data_pipeline - INFO - running CustomTransformations
2022-07-14 19:57:56,454 - data_pipeline - INFO - No cost parameters provided. Cost not calculated.
2022-07-14 19:57:56,469 - data_pipeline - INFO - running DataEntry
2022-07-14 19:57:56,470 - data_pipeline - INFO - LocalDataEntry - Complete the pipeline
