2022-07-13 01:45:10,465 - data_pipeline - INFO - running CampaignParameters
2022-07-13 01:45:10,466 - data_pipeline - INFO - LocalCampaignParameters - Reading Campaign Parameters
2022-07-13 01:45:10,861 - data_pipeline - INFO - running ProcessSampleParameters
2022-07-13 01:45:10,862 - data_pipeline - INFO - LocalProcessSampleParameters - Reformatting Sample Parameters
2022-07-13 01:45:10,881 - data_pipeline - INFO - LocalProcessSampleParameters - Saving sample parameters data
2022-07-13 01:45:10,901 - data_pipeline - INFO - running ProcessConductance
2022-07-13 01:45:10,902 - data_pipeline - INFO - LocalProcessConductance - Processing Conductivity
2022-07-13 01:45:10,903 - data_pipeline - INFO - LocalProcessConductance - Processing Conductivity for sample 74
2022-07-13 01:45:10,906 - data_pipeline - INFO - LocalProcessConductance - Processing conductivity for sample 74, position 0
2022-07-13 01:45:10,921 - data_pipeline - INFO - LocalProcessConductance - Processing conductivity for sample 74, position 1
2022-07-13 01:45:10,936 - data_pipeline - INFO - LocalProcessConductance - Processing conductivity for sample 74, position 2
2022-07-13 01:45:10,952 - data_pipeline - INFO - LocalProcessConductance - Processing conductivity for sample 74, position 3
2022-07-13 01:45:10,967 - data_pipeline - INFO - LocalProcessConductance - Processing conductivity for sample 74, position 4
2022-07-13 01:45:10,987 - data_pipeline - INFO - LocalProcessConductance - Saving position conductivity data
2022-07-13 01:45:10,994 - data_pipeline - INFO - LocalProcessConductance - Saving sample conductivity data
2022-07-13 01:45:11,006 - data_pipeline - INFO - LocalProcessConductance - Saving raw conductivity data
2022-07-13 01:45:11,025 - data_pipeline - INFO - running ProcessXRF
2022-07-13 01:45:11,026 - data_pipeline - INFO - LocalProcessXRF - Processing XRF
2022-07-13 01:45:14,983 - data_pipeline - INFO - running CalculatePseudoconductivity
2022-07-13 01:45:15,268 - data_pipeline - INFO - running AggregateData
2022-07-13 01:45:15,312 - data_pipeline - INFO - LocalAggregateData - Saving aggregate sample data
2022-07-13 01:45:15,339 - data_pipeline - INFO - running CustomTransformations
2022-07-13 01:45:15,340 - data_pipeline - INFO - No cost parameters provided. Cost not calculated.
2022-07-13 01:45:15,357 - data_pipeline - INFO - running DataEntry
2022-07-13 01:45:15,358 - data_pipeline - INFO - LocalDataEntry - Complete the pipeline
