2022-07-13 02:55:29,662 - data_pipeline - INFO - running CampaignParameters
2022-07-13 02:55:29,663 - data_pipeline - INFO - LocalCampaignParameters - Reading Campaign Parameters
2022-07-13 02:55:29,994 - data_pipeline - INFO - running ProcessSampleParameters
2022-07-13 02:55:29,995 - data_pipeline - INFO - LocalProcessSampleParameters - Reformatting Sample Parameters
2022-07-13 02:55:30,015 - data_pipeline - INFO - LocalProcessSampleParameters - Saving sample parameters data
2022-07-13 02:55:30,036 - data_pipeline - INFO - running ProcessConductance
2022-07-13 02:55:30,037 - data_pipeline - INFO - LocalProcessConductance - Processing Conductivity
2022-07-13 02:55:30,038 - data_pipeline - INFO - LocalProcessConductance - Processing Conductivity for sample 78
2022-07-13 02:55:30,042 - data_pipeline - INFO - LocalProcessConductance - Processing conductivity for sample 78, position 0
2022-07-13 02:55:30,061 - data_pipeline - INFO - LocalProcessConductance - Processing conductivity for sample 78, position 1
2022-07-13 02:55:30,080 - data_pipeline - INFO - LocalProcessConductance - Processing conductivity for sample 78, position 2
2022-07-13 02:55:30,099 - data_pipeline - INFO - LocalProcessConductance - Processing conductivity for sample 78, position 3
2022-07-13 02:55:30,119 - data_pipeline - INFO - LocalProcessConductance - Processing conductivity for sample 78, position 4
2022-07-13 02:55:30,143 - data_pipeline - INFO - LocalProcessConductance - Saving position conductivity data
2022-07-13 02:55:30,150 - data_pipeline - INFO - LocalProcessConductance - Saving sample conductivity data
2022-07-13 02:55:30,162 - data_pipeline - INFO - LocalProcessConductance - Saving raw conductivity data
2022-07-13 02:55:30,181 - data_pipeline - INFO - running ProcessXRF
2022-07-13 02:55:30,181 - data_pipeline - INFO - LocalProcessXRF - Processing XRF
2022-07-13 02:55:34,189 - data_pipeline - INFO - running CalculatePseudoconductivity
2022-07-13 02:55:34,444 - data_pipeline - INFO - running AggregateData
2022-07-13 02:55:34,488 - data_pipeline - INFO - LocalAggregateData - Saving aggregate sample data
2022-07-13 02:55:34,516 - data_pipeline - INFO - running CustomTransformations
2022-07-13 02:55:34,517 - data_pipeline - INFO - No cost parameters provided. Cost not calculated.
2022-07-13 02:55:34,533 - data_pipeline - INFO - running DataEntry
2022-07-13 02:55:34,534 - data_pipeline - INFO - LocalDataEntry - Complete the pipeline
