2022-07-12 11:34:10,966 - data_pipeline - INFO - running CampaignParameters
2022-07-12 11:34:10,967 - data_pipeline - INFO - LocalCampaignParameters - Reading Campaign Parameters
2022-07-12 11:34:11,050 - data_pipeline - INFO - running ProcessSampleParameters
2022-07-12 11:34:11,051 - data_pipeline - INFO - LocalProcessSampleParameters - Reformatting Sample Parameters
2022-07-12 11:34:11,071 - data_pipeline - INFO - LocalProcessSampleParameters - Saving sample parameters data
2022-07-12 11:34:11,082 - data_pipeline - INFO - running ProcessXRF
2022-07-12 11:34:11,083 - data_pipeline - INFO - LocalProcessXRF - Processing XRF
2022-07-12 11:34:15,298 - data_pipeline - INFO - running ProcessConductance
2022-07-12 11:34:15,300 - data_pipeline - INFO - LocalProcessConductance - Processing Conductivity
2022-07-12 11:34:15,303 - data_pipeline - INFO - LocalProcessConductance - Processing Conductivity for sample 30
2022-07-12 11:34:15,306 - data_pipeline - INFO - LocalProcessConductance - Processing conductivity for sample 30, position 0
2022-07-12 11:34:15,321 - data_pipeline - INFO - LocalProcessConductance - Processing conductivity for sample 30, position 1
2022-07-12 11:34:15,336 - data_pipeline - INFO - LocalProcessConductance - Processing conductivity for sample 30, position 2
2022-07-12 11:34:15,351 - data_pipeline - INFO - LocalProcessConductance - Processing conductivity for sample 30, position 3
2022-07-12 11:34:15,375 - data_pipeline - INFO - LocalProcessConductance - Processing conductivity for sample 30, position 4
2022-07-12 11:34:15,398 - data_pipeline - INFO - LocalProcessConductance - Saving position conductivity data
2022-07-12 11:34:15,406 - data_pipeline - INFO - LocalProcessConductance - Saving sample conductivity data
2022-07-12 11:34:15,417 - data_pipeline - INFO - LocalProcessConductance - Saving raw conductivity data
2022-07-12 11:34:15,444 - data_pipeline - INFO - running CalculatePseudoconductivity
2022-07-12 11:34:15,700 - data_pipeline - INFO - running AggregateData
2022-07-12 11:34:15,743 - data_pipeline - INFO - LocalAggregateData - Saving aggregate sample data
2022-07-12 11:34:15,772 - data_pipeline - INFO - running CustomTransformations
2022-07-12 11:34:15,773 - data_pipeline - INFO - No cost parameters provided. Cost not calculated.
2022-07-12 11:34:15,789 - data_pipeline - INFO - running DataEntry
2022-07-12 11:34:15,790 - data_pipeline - INFO - LocalDataEntry - Complete the pipeline
