2022-07-14 21:23:59,917 - data_pipeline - INFO - running CampaignParameters
2022-07-14 21:23:59,918 - data_pipeline - INFO - LocalCampaignParameters - Reading Campaign Parameters
2022-07-14 21:24:00,075 - data_pipeline - INFO - running ProcessSampleParameters
2022-07-14 21:24:00,076 - data_pipeline - INFO - LocalProcessSampleParameters - Reformatting Sample Parameters
2022-07-14 21:24:00,096 - data_pipeline - INFO - LocalProcessSampleParameters - Saving sample parameters data
2022-07-14 21:24:00,116 - data_pipeline - INFO - running ProcessConductance
2022-07-14 21:24:00,116 - data_pipeline - INFO - LocalProcessConductance - Processing Conductivity
2022-07-14 21:24:00,118 - data_pipeline - INFO - LocalProcessConductance - Processing Conductivity for sample 179
2022-07-14 21:24:00,121 - data_pipeline - INFO - LocalProcessConductance - Processing conductivity for sample 179, position 0
2022-07-14 21:24:00,140 - data_pipeline - INFO - LocalProcessConductance - Processing conductivity for sample 179, position 1
2022-07-14 21:24:00,160 - data_pipeline - INFO - LocalProcessConductance - Processing conductivity for sample 179, position 2
2022-07-14 21:24:00,180 - data_pipeline - INFO - LocalProcessConductance - Processing conductivity for sample 179, position 3
2022-07-14 21:24:00,199 - data_pipeline - INFO - LocalProcessConductance - Processing conductivity for sample 179, position 4
2022-07-14 21:24:00,221 - data_pipeline - INFO - LocalProcessConductance - Saving position conductivity data
2022-07-14 21:24:00,231 - data_pipeline - INFO - LocalProcessConductance - Saving sample conductivity data
2022-07-14 21:24:00,242 - data_pipeline - INFO - LocalProcessConductance - Saving raw conductivity data
2022-07-14 21:24:00,260 - data_pipeline - INFO - running ProcessXRF
2022-07-14 21:24:00,261 - data_pipeline - INFO - LocalProcessXRF - Processing XRF
2022-07-14 21:24:04,249 - data_pipeline - INFO - running CalculatePseudoconductivity
2022-07-14 21:24:04,499 - data_pipeline - INFO - running AggregateData
2022-07-14 21:24:04,544 - data_pipeline - INFO - LocalAggregateData - Saving aggregate sample data
2022-07-14 21:24:04,571 - data_pipeline - INFO - running CustomTransformations
2022-07-14 21:24:04,572 - data_pipeline - INFO - No cost parameters provided. Cost not calculated.
2022-07-14 21:24:04,602 - data_pipeline - INFO - running DataEntry
2022-07-14 21:24:04,602 - data_pipeline - INFO - LocalDataEntry - Complete the pipeline
