2022-07-14 18:01:15,622 - data_pipeline - INFO - running CampaignParameters
2022-07-14 18:01:15,623 - data_pipeline - INFO - LocalCampaignParameters - Reading Campaign Parameters
2022-07-14 18:01:15,756 - data_pipeline - INFO - running ProcessSampleParameters
2022-07-14 18:01:15,756 - data_pipeline - INFO - LocalProcessSampleParameters - Reformatting Sample Parameters
2022-07-14 18:01:15,778 - data_pipeline - INFO - LocalProcessSampleParameters - Saving sample parameters data
2022-07-14 18:01:15,797 - data_pipeline - INFO - running ProcessConductance
2022-07-14 18:01:15,798 - data_pipeline - INFO - LocalProcessConductance - Processing Conductivity
2022-07-14 18:01:15,799 - data_pipeline - INFO - LocalProcessConductance - Processing Conductivity for sample 169
2022-07-14 18:01:15,802 - data_pipeline - INFO - LocalProcessConductance - Processing conductivity for sample 169, position 0
2022-07-14 18:01:15,817 - data_pipeline - INFO - LocalProcessConductance - Processing conductivity for sample 169, position 1
2022-07-14 18:01:15,833 - data_pipeline - INFO - LocalProcessConductance - Processing conductivity for sample 169, position 2
2022-07-14 18:01:15,848 - data_pipeline - INFO - LocalProcessConductance - Processing conductivity for sample 169, position 3
2022-07-14 18:01:15,864 - data_pipeline - INFO - LocalProcessConductance - Processing conductivity for sample 169, position 4
2022-07-14 18:01:15,891 - data_pipeline - INFO - LocalProcessConductance - Saving position conductivity data
2022-07-14 18:01:15,899 - data_pipeline - INFO - LocalProcessConductance - Saving sample conductivity data
2022-07-14 18:01:15,912 - data_pipeline - INFO - LocalProcessConductance - Saving raw conductivity data
2022-07-14 18:01:15,931 - data_pipeline - INFO - running ProcessXRF
2022-07-14 18:01:15,932 - data_pipeline - INFO - LocalProcessXRF - Processing XRF
2022-07-14 18:01:19,913 - data_pipeline - INFO - running CalculatePseudoconductivity
2022-07-14 18:01:20,201 - data_pipeline - INFO - running AggregateData
2022-07-14 18:01:20,243 - data_pipeline - INFO - LocalAggregateData - Saving aggregate sample data
2022-07-14 18:01:20,270 - data_pipeline - INFO - running CustomTransformations
2022-07-14 18:01:20,270 - data_pipeline - INFO - No cost parameters provided. Cost not calculated.
2022-07-14 18:01:20,286 - data_pipeline - INFO - running DataEntry
2022-07-14 18:01:20,287 - data_pipeline - INFO - LocalDataEntry - Complete the pipeline
