2022-07-13 20:09:39,292 - data_pipeline - INFO - running CampaignParameters
2022-07-13 20:09:39,293 - data_pipeline - INFO - LocalCampaignParameters - Reading Campaign Parameters
2022-07-13 20:09:39,460 - data_pipeline - INFO - running ProcessSampleParameters
2022-07-13 20:09:39,461 - data_pipeline - INFO - LocalProcessSampleParameters - Reformatting Sample Parameters
2022-07-13 20:09:39,483 - data_pipeline - INFO - LocalProcessSampleParameters - Saving sample parameters data
2022-07-13 20:09:39,502 - data_pipeline - INFO - running ProcessConductance
2022-07-13 20:09:39,503 - data_pipeline - INFO - LocalProcessConductance - Processing Conductivity
2022-07-13 20:09:39,504 - data_pipeline - INFO - LocalProcessConductance - Processing Conductivity for sample 116
2022-07-13 20:09:39,507 - data_pipeline - INFO - LocalProcessConductance - Processing conductivity for sample 116, position 0
2022-07-13 20:09:39,526 - data_pipeline - INFO - LocalProcessConductance - Processing conductivity for sample 116, position 1
2022-07-13 20:09:39,545 - data_pipeline - INFO - LocalProcessConductance - Processing conductivity for sample 116, position 2
2022-07-13 20:09:39,565 - data_pipeline - INFO - LocalProcessConductance - Processing conductivity for sample 116, position 3
2022-07-13 20:09:39,584 - data_pipeline - INFO - LocalProcessConductance - Processing conductivity for sample 116, position 4
2022-07-13 20:09:39,607 - data_pipeline - INFO - LocalProcessConductance - Saving position conductivity data
2022-07-13 20:09:39,615 - data_pipeline - INFO - LocalProcessConductance - Saving sample conductivity data
2022-07-13 20:09:39,626 - data_pipeline - INFO - LocalProcessConductance - Saving raw conductivity data
2022-07-13 20:09:39,643 - data_pipeline - INFO - running ProcessXRF
2022-07-13 20:09:39,644 - data_pipeline - INFO - LocalProcessXRF - Processing XRF
2022-07-13 20:09:43,645 - data_pipeline - INFO - running CalculatePseudoconductivity
2022-07-13 20:09:43,978 - data_pipeline - INFO - running AggregateData
2022-07-13 20:09:44,021 - data_pipeline - INFO - LocalAggregateData - Saving aggregate sample data
2022-07-13 20:09:44,049 - data_pipeline - INFO - running CustomTransformations
2022-07-13 20:09:44,050 - data_pipeline - INFO - No cost parameters provided. Cost not calculated.
2022-07-13 20:09:44,068 - data_pipeline - INFO - running DataEntry
2022-07-13 20:09:44,068 - data_pipeline - INFO - LocalDataEntry - Complete the pipeline
