2022-07-12 12:50:00,283 - data_pipeline - INFO - running CampaignParameters
2022-07-12 12:50:00,284 - data_pipeline - INFO - LocalCampaignParameters - Reading Campaign Parameters
2022-07-12 12:50:00,407 - data_pipeline - INFO - running ProcessSampleParameters
2022-07-12 12:50:00,408 - data_pipeline - INFO - LocalProcessSampleParameters - Reformatting Sample Parameters
2022-07-12 12:50:00,429 - data_pipeline - INFO - LocalProcessSampleParameters - Saving sample parameters data
2022-07-12 12:50:00,447 - data_pipeline - INFO - running ProcessConductance
2022-07-12 12:50:00,448 - data_pipeline - INFO - LocalProcessConductance - Processing Conductivity
2022-07-12 12:50:00,449 - data_pipeline - INFO - LocalProcessConductance - Processing Conductivity for sample 35
2022-07-12 12:50:00,452 - data_pipeline - INFO - LocalProcessConductance - Processing conductivity for sample 35, position 0
2022-07-12 12:50:00,470 - data_pipeline - INFO - LocalProcessConductance - Processing conductivity for sample 35, position 1
2022-07-12 12:50:00,491 - data_pipeline - INFO - LocalProcessConductance - Processing conductivity for sample 35, position 2
2022-07-12 12:50:00,511 - data_pipeline - INFO - LocalProcessConductance - Processing conductivity for sample 35, position 3
2022-07-12 12:50:00,530 - data_pipeline - INFO - LocalProcessConductance - Processing conductivity for sample 35, position 4
2022-07-12 12:50:00,553 - data_pipeline - INFO - LocalProcessConductance - Saving position conductivity data
2022-07-12 12:50:00,560 - data_pipeline - INFO - LocalProcessConductance - Saving sample conductivity data
2022-07-12 12:50:00,571 - data_pipeline - INFO - LocalProcessConductance - Saving raw conductivity data
2022-07-12 12:50:00,589 - data_pipeline - INFO - running ProcessXRF
2022-07-12 12:50:00,589 - data_pipeline - INFO - LocalProcessXRF - Processing XRF
2022-07-12 12:50:04,566 - data_pipeline - INFO - running CalculatePseudoconductivity
2022-07-12 12:50:04,822 - data_pipeline - INFO - running AggregateData
2022-07-12 12:50:04,868 - data_pipeline - INFO - LocalAggregateData - Saving aggregate sample data
2022-07-12 12:50:04,895 - data_pipeline - INFO - running CustomTransformations
2022-07-12 12:50:04,897 - data_pipeline - INFO - No cost parameters provided. Cost not calculated.
2022-07-12 12:50:04,913 - data_pipeline - INFO - running DataEntry
2022-07-12 12:50:04,914 - data_pipeline - INFO - LocalDataEntry - Complete the pipeline
