2022-07-13 18:56:16,954 - data_pipeline - INFO - running CampaignParameters
2022-07-13 18:56:16,955 - data_pipeline - INFO - LocalCampaignParameters - Reading Campaign Parameters
2022-07-13 18:56:17,150 - data_pipeline - INFO - running ProcessSampleParameters
2022-07-13 18:56:17,151 - data_pipeline - INFO - LocalProcessSampleParameters - Reformatting Sample Parameters
2022-07-13 18:56:17,171 - data_pipeline - INFO - LocalProcessSampleParameters - Saving sample parameters data
2022-07-13 18:56:17,183 - data_pipeline - INFO - running ProcessXRF
2022-07-13 18:56:17,184 - data_pipeline - INFO - LocalProcessXRF - Processing XRF
2022-07-13 18:56:21,150 - data_pipeline - INFO - running ProcessConductance
2022-07-13 18:56:21,151 - data_pipeline - INFO - LocalProcessConductance - Processing Conductivity
2022-07-13 18:56:21,154 - data_pipeline - INFO - LocalProcessConductance - Processing Conductivity for sample 112
2022-07-13 18:56:21,157 - data_pipeline - INFO - LocalProcessConductance - Processing conductivity for sample 112, position 0
2022-07-13 18:56:21,176 - data_pipeline - INFO - LocalProcessConductance - Processing conductivity for sample 112, position 1
2022-07-13 18:56:21,194 - data_pipeline - INFO - LocalProcessConductance - Processing conductivity for sample 112, position 2
2022-07-13 18:56:21,213 - data_pipeline - INFO - LocalProcessConductance - Processing conductivity for sample 112, position 3
2022-07-13 18:56:21,232 - data_pipeline - INFO - LocalProcessConductance - Processing conductivity for sample 112, position 4
2022-07-13 18:56:21,255 - data_pipeline - INFO - LocalProcessConductance - Saving position conductivity data
2022-07-13 18:56:21,263 - data_pipeline - INFO - LocalProcessConductance - Saving sample conductivity data
2022-07-13 18:56:21,275 - data_pipeline - INFO - LocalProcessConductance - Saving raw conductivity data
2022-07-13 18:56:21,300 - data_pipeline - INFO - running CalculatePseudoconductivity
2022-07-13 18:56:21,592 - data_pipeline - INFO - running AggregateData
2022-07-13 18:56:21,633 - data_pipeline - INFO - LocalAggregateData - Saving aggregate sample data
2022-07-13 18:56:21,661 - data_pipeline - INFO - running CustomTransformations
2022-07-13 18:56:21,662 - data_pipeline - INFO - No cost parameters provided. Cost not calculated.
2022-07-13 18:56:21,678 - data_pipeline - INFO - running DataEntry
2022-07-13 18:56:21,679 - data_pipeline - INFO - LocalDataEntry - Complete the pipeline
