2022-07-11 22:19:26,553 - data_pipeline - INFO - running CampaignParameters
2022-07-11 22:19:26,554 - data_pipeline - INFO - LocalCampaignParameters - Reading Campaign Parameters
2022-07-11 22:19:26,708 - data_pipeline - INFO - running ProcessSampleParameters
2022-07-11 22:19:26,709 - data_pipeline - INFO - LocalProcessSampleParameters - Reformatting Sample Parameters
2022-07-11 22:19:26,742 - data_pipeline - INFO - LocalProcessSampleParameters - Saving sample parameters data
2022-07-11 22:19:26,772 - data_pipeline - INFO - running ProcessConductance
2022-07-11 22:19:26,773 - data_pipeline - INFO - LocalProcessConductance - Processing Conductivity
2022-07-11 22:19:26,774 - data_pipeline - INFO - LocalProcessConductance - Processing Conductivity for sample 29
2022-07-11 22:19:26,778 - data_pipeline - INFO - LocalProcessConductance - Processing conductivity for sample 29, position 0
2022-07-11 22:19:26,794 - data_pipeline - INFO - LocalProcessConductance - Processing conductivity for sample 29, position 1
2022-07-11 22:19:26,811 - data_pipeline - INFO - LocalProcessConductance - Processing conductivity for sample 29, position 2
2022-07-11 22:19:26,827 - data_pipeline - INFO - LocalProcessConductance - Processing conductivity for sample 29, position 3
2022-07-11 22:19:26,845 - data_pipeline - INFO - LocalProcessConductance - Processing conductivity for sample 29, position 4
2022-07-11 22:19:26,864 - data_pipeline - INFO - LocalProcessConductance - Saving position conductivity data
2022-07-11 22:19:26,875 - data_pipeline - INFO - LocalProcessConductance - Saving sample conductivity data
2022-07-11 22:19:26,888 - data_pipeline - INFO - LocalProcessConductance - Saving raw conductivity data
2022-07-11 22:19:26,912 - data_pipeline - INFO - running ProcessXRF
2022-07-11 22:19:26,914 - data_pipeline - INFO - LocalProcessXRF - Processing XRF
2022-07-11 22:19:30,825 - data_pipeline - INFO - running CalculatePseudoconductivity
2022-07-11 22:19:31,168 - data_pipeline - INFO - running AggregateData
2022-07-11 22:19:31,210 - data_pipeline - INFO - LocalAggregateData - Saving aggregate sample data
2022-07-11 22:19:31,238 - data_pipeline - INFO - running CustomTransformations
2022-07-11 22:19:31,239 - data_pipeline - INFO - No cost parameters provided. Cost not calculated.
2022-07-11 22:19:31,256 - data_pipeline - INFO - running DataEntry
2022-07-11 22:19:31,256 - data_pipeline - INFO - LocalDataEntry - Complete the pipeline
