2022-07-14 20:33:58,346 - data_pipeline - INFO - running CampaignParameters
2022-07-14 20:33:58,347 - data_pipeline - INFO - LocalCampaignParameters - Reading Campaign Parameters
2022-07-14 20:33:58,428 - data_pipeline - INFO - running ProcessSampleParameters
2022-07-14 20:33:58,428 - data_pipeline - INFO - LocalProcessSampleParameters - Reformatting Sample Parameters
2022-07-14 20:33:58,448 - data_pipeline - INFO - LocalProcessSampleParameters - Saving sample parameters data
2022-07-14 20:33:58,467 - data_pipeline - INFO - running ProcessConductance
2022-07-14 20:33:58,468 - data_pipeline - INFO - LocalProcessConductance - Processing Conductivity
2022-07-14 20:33:58,469 - data_pipeline - INFO - LocalProcessConductance - Processing Conductivity for sample 177
2022-07-14 20:33:58,472 - data_pipeline - INFO - LocalProcessConductance - Processing conductivity for sample 177, position 0
2022-07-14 20:33:58,488 - data_pipeline - INFO - LocalProcessConductance - Processing conductivity for sample 177, position 1
2022-07-14 20:33:58,504 - data_pipeline - INFO - LocalProcessConductance - Processing conductivity for sample 177, position 2
2022-07-14 20:33:58,521 - data_pipeline - INFO - LocalProcessConductance - Processing conductivity for sample 177, position 3
2022-07-14 20:33:58,536 - data_pipeline - INFO - LocalProcessConductance - Processing conductivity for sample 177, position 4
2022-07-14 20:33:58,556 - data_pipeline - INFO - LocalProcessConductance - Saving position conductivity data
2022-07-14 20:33:58,564 - data_pipeline - INFO - LocalProcessConductance - Saving sample conductivity data
2022-07-14 20:33:58,576 - data_pipeline - INFO - LocalProcessConductance - Saving raw conductivity data
2022-07-14 20:33:58,594 - data_pipeline - INFO - running ProcessXRF
2022-07-14 20:33:58,595 - data_pipeline - INFO - LocalProcessXRF - Processing XRF
2022-07-14 20:34:02,589 - data_pipeline - INFO - running CalculatePseudoconductivity
2022-07-14 20:34:02,873 - data_pipeline - INFO - running AggregateData
2022-07-14 20:34:02,916 - data_pipeline - INFO - LocalAggregateData - Saving aggregate sample data
2022-07-14 20:34:02,944 - data_pipeline - INFO - running CustomTransformations
2022-07-14 20:34:02,945 - data_pipeline - INFO - No cost parameters provided. Cost not calculated.
2022-07-14 20:34:02,961 - data_pipeline - INFO - running DataEntry
2022-07-14 20:34:02,962 - data_pipeline - INFO - LocalDataEntry - Complete the pipeline
