2022-07-11 19:05:07,737 - data_pipeline - INFO - running CampaignParameters
2022-07-11 19:05:07,738 - data_pipeline - INFO - LocalCampaignParameters - Reading Campaign Parameters
2022-07-11 19:05:07,852 - data_pipeline - INFO - running ProcessSampleParameters
2022-07-11 19:05:07,852 - data_pipeline - INFO - LocalProcessSampleParameters - Reformatting Sample Parameters
2022-07-11 19:05:07,873 - data_pipeline - INFO - LocalProcessSampleParameters - Saving sample parameters data
2022-07-11 19:05:07,892 - data_pipeline - INFO - running ProcessConductance
2022-07-11 19:05:07,893 - data_pipeline - INFO - LocalProcessConductance - Processing Conductivity
2022-07-11 19:05:07,894 - data_pipeline - INFO - LocalProcessConductance - Processing Conductivity for sample 18
2022-07-11 19:05:07,897 - data_pipeline - INFO - LocalProcessConductance - Processing conductivity for sample 18, position 0
2022-07-11 19:05:07,912 - data_pipeline - INFO - LocalProcessConductance - Processing conductivity for sample 18, position 1
2022-07-11 19:05:07,931 - data_pipeline - INFO - LocalProcessConductance - y intercept: 1.1683089523809516 > 1 setting to conductance to 0
2022-07-11 19:05:07,932 - data_pipeline - INFO - LocalProcessConductance - Processing conductivity for sample 18, position 2
2022-07-11 19:05:07,952 - data_pipeline - INFO - LocalProcessConductance - Processing conductivity for sample 18, position 3
2022-07-11 19:05:07,967 - data_pipeline - INFO - LocalProcessConductance - Processing conductivity for sample 18, position 4
2022-07-11 19:05:07,990 - data_pipeline - INFO - LocalProcessConductance - Saving position conductivity data
2022-07-11 19:05:07,998 - data_pipeline - INFO - LocalProcessConductance - Saving sample conductivity data
2022-07-11 19:05:08,010 - data_pipeline - INFO - LocalProcessConductance - Saving raw conductivity data
2022-07-11 19:05:08,030 - data_pipeline - INFO - running ProcessXRF
2022-07-11 19:05:08,031 - data_pipeline - INFO - LocalProcessXRF - Processing XRF
2022-07-11 19:05:11,931 - data_pipeline - INFO - running CalculatePseudoconductivity
2022-07-11 19:05:12,218 - data_pipeline - INFO - running AggregateData
2022-07-11 19:05:12,261 - data_pipeline - INFO - LocalAggregateData - Saving aggregate sample data
2022-07-11 19:05:12,289 - data_pipeline - INFO - running CustomTransformations
2022-07-11 19:05:12,290 - data_pipeline - INFO - No cost parameters provided. Cost not calculated.
2022-07-11 19:05:12,306 - data_pipeline - INFO - running DataEntry
2022-07-11 19:05:12,306 - data_pipeline - INFO - LocalDataEntry - Complete the pipeline
