2022-07-11 20:14:20,704 - data_pipeline - INFO - running CampaignParameters
2022-07-11 20:14:20,705 - data_pipeline - INFO - LocalCampaignParameters - Reading Campaign Parameters
2022-07-11 20:14:20,838 - data_pipeline - INFO - running ProcessSampleParameters
2022-07-11 20:14:20,838 - data_pipeline - INFO - LocalProcessSampleParameters - Reformatting Sample Parameters
2022-07-11 20:14:20,859 - data_pipeline - INFO - LocalProcessSampleParameters - Saving sample parameters data
2022-07-11 20:14:20,878 - data_pipeline - INFO - running ProcessConductance
2022-07-11 20:14:20,879 - data_pipeline - INFO - LocalProcessConductance - Processing Conductivity
2022-07-11 20:14:20,880 - data_pipeline - INFO - LocalProcessConductance - Processing Conductivity for sample 21
2022-07-11 20:14:20,883 - data_pipeline - INFO - LocalProcessConductance - Processing conductivity for sample 21, position 0
2022-07-11 20:14:20,902 - data_pipeline - INFO - LocalProcessConductance - Processing conductivity for sample 21, position 1
2022-07-11 20:14:20,922 - data_pipeline - INFO - LocalProcessConductance - Processing conductivity for sample 21, position 2
2022-07-11 20:14:20,941 - data_pipeline - INFO - LocalProcessConductance - Processing conductivity for sample 21, position 3
2022-07-11 20:14:20,959 - data_pipeline - INFO - LocalProcessConductance - Processing conductivity for sample 21, position 4
2022-07-11 20:14:20,982 - data_pipeline - INFO - LocalProcessConductance - Saving position conductivity data
2022-07-11 20:14:20,990 - data_pipeline - INFO - LocalProcessConductance - Saving sample conductivity data
2022-07-11 20:14:21,002 - data_pipeline - INFO - LocalProcessConductance - Saving raw conductivity data
2022-07-11 20:14:21,022 - data_pipeline - INFO - running ProcessXRF
2022-07-11 20:14:21,023 - data_pipeline - INFO - LocalProcessXRF - Processing XRF
2022-07-11 20:14:24,936 - data_pipeline - INFO - running CalculatePseudoconductivity
2022-07-11 20:14:25,304 - data_pipeline - INFO - running AggregateData
2022-07-11 20:14:25,352 - data_pipeline - INFO - LocalAggregateData - Saving aggregate sample data
2022-07-11 20:14:25,386 - data_pipeline - INFO - running CustomTransformations
2022-07-11 20:14:25,387 - data_pipeline - INFO - No cost parameters provided. Cost not calculated.
2022-07-11 20:14:25,403 - data_pipeline - INFO - running DataEntry
2022-07-11 20:14:25,404 - data_pipeline - INFO - LocalDataEntry - Complete the pipeline
