2022-07-12 18:47:13,623 - data_pipeline - INFO - running CampaignParameters
2022-07-12 18:47:13,624 - data_pipeline - INFO - LocalCampaignParameters - Reading Campaign Parameters
2022-07-12 18:47:13,858 - data_pipeline - INFO - running ProcessSampleParameters
2022-07-12 18:47:13,859 - data_pipeline - INFO - LocalProcessSampleParameters - Reformatting Sample Parameters
2022-07-12 18:47:13,878 - data_pipeline - INFO - LocalProcessSampleParameters - Saving sample parameters data
2022-07-12 18:47:13,896 - data_pipeline - INFO - running ProcessConductance
2022-07-12 18:47:13,897 - data_pipeline - INFO - LocalProcessConductance - Processing Conductivity
2022-07-12 18:47:13,898 - data_pipeline - INFO - LocalProcessConductance - Processing Conductivity for sample 55
2022-07-12 18:47:13,901 - data_pipeline - INFO - LocalProcessConductance - Processing conductivity for sample 55, position 0
2022-07-12 18:47:13,919 - data_pipeline - INFO - LocalProcessConductance - Processing conductivity for sample 55, position 1
2022-07-12 18:47:13,938 - data_pipeline - INFO - LocalProcessConductance - Processing conductivity for sample 55, position 2
2022-07-12 18:47:13,957 - data_pipeline - INFO - LocalProcessConductance - Processing conductivity for sample 55, position 3
2022-07-12 18:47:13,975 - data_pipeline - INFO - LocalProcessConductance - Processing conductivity for sample 55, position 4
2022-07-12 18:47:13,998 - data_pipeline - INFO - LocalProcessConductance - Saving position conductivity data
2022-07-12 18:47:14,005 - data_pipeline - INFO - LocalProcessConductance - Saving sample conductivity data
2022-07-12 18:47:14,016 - data_pipeline - INFO - LocalProcessConductance - Saving raw conductivity data
2022-07-12 18:47:14,034 - data_pipeline - INFO - running ProcessXRF
2022-07-12 18:47:14,035 - data_pipeline - INFO - LocalProcessXRF - Processing XRF
2022-07-12 18:47:18,076 - data_pipeline - INFO - running CalculatePseudoconductivity
2022-07-12 18:47:18,423 - data_pipeline - INFO - running AggregateData
2022-07-12 18:47:18,465 - data_pipeline - INFO - LocalAggregateData - Saving aggregate sample data
2022-07-12 18:47:18,491 - data_pipeline - INFO - running CustomTransformations
2022-07-12 18:47:18,492 - data_pipeline - INFO - No cost parameters provided. Cost not calculated.
2022-07-12 18:47:18,523 - data_pipeline - INFO - running DataEntry
2022-07-12 18:47:18,524 - data_pipeline - INFO - LocalDataEntry - Complete the pipeline
