2022-07-13 01:27:23,465 - data_pipeline - INFO - running CampaignParameters
2022-07-13 01:27:23,466 - data_pipeline - INFO - LocalCampaignParameters - Reading Campaign Parameters
2022-07-13 01:27:23,682 - data_pipeline - INFO - running ProcessSampleParameters
2022-07-13 01:27:23,682 - data_pipeline - INFO - LocalProcessSampleParameters - Reformatting Sample Parameters
2022-07-13 01:27:23,702 - data_pipeline - INFO - LocalProcessSampleParameters - Saving sample parameters data
2022-07-13 01:27:23,722 - data_pipeline - INFO - running ProcessConductance
2022-07-13 01:27:23,723 - data_pipeline - INFO - LocalProcessConductance - Processing Conductivity
2022-07-13 01:27:23,724 - data_pipeline - INFO - LocalProcessConductance - Processing Conductivity for sample 73
2022-07-13 01:27:23,727 - data_pipeline - INFO - LocalProcessConductance - Processing conductivity for sample 73, position 0
2022-07-13 01:27:23,746 - data_pipeline - INFO - LocalProcessConductance - Processing conductivity for sample 73, position 1
2022-07-13 01:27:23,765 - data_pipeline - INFO - LocalProcessConductance - Processing conductivity for sample 73, position 2
2022-07-13 01:27:23,784 - data_pipeline - INFO - LocalProcessConductance - Processing conductivity for sample 73, position 3
2022-07-13 01:27:23,804 - data_pipeline - INFO - LocalProcessConductance - Processing conductivity for sample 73, position 4
2022-07-13 01:27:23,826 - data_pipeline - INFO - LocalProcessConductance - Saving position conductivity data
2022-07-13 01:27:23,835 - data_pipeline - INFO - LocalProcessConductance - Saving sample conductivity data
2022-07-13 01:27:23,845 - data_pipeline - INFO - LocalProcessConductance - Saving raw conductivity data
2022-07-13 01:27:23,863 - data_pipeline - INFO - running ProcessXRF
2022-07-13 01:27:23,863 - data_pipeline - INFO - LocalProcessXRF - Processing XRF
2022-07-13 01:27:27,839 - data_pipeline - INFO - running CalculatePseudoconductivity
2022-07-13 01:27:28,202 - data_pipeline - INFO - running AggregateData
2022-07-13 01:27:28,244 - data_pipeline - INFO - LocalAggregateData - Saving aggregate sample data
2022-07-13 01:27:28,272 - data_pipeline - INFO - running CustomTransformations
2022-07-13 01:27:28,273 - data_pipeline - INFO - No cost parameters provided. Cost not calculated.
2022-07-13 01:27:28,288 - data_pipeline - INFO - running DataEntry
2022-07-13 01:27:28,289 - data_pipeline - INFO - LocalDataEntry - Complete the pipeline
