2022-07-14 07:49:13,412 - data_pipeline - INFO - running CampaignParameters
2022-07-14 07:49:13,414 - data_pipeline - INFO - LocalCampaignParameters - Reading Campaign Parameters
2022-07-14 07:49:13,609 - data_pipeline - INFO - running ProcessSampleParameters
2022-07-14 07:49:13,610 - data_pipeline - INFO - LocalProcessSampleParameters - Reformatting Sample Parameters
2022-07-14 07:49:13,631 - data_pipeline - INFO - LocalProcessSampleParameters - Saving sample parameters data
2022-07-14 07:49:13,649 - data_pipeline - INFO - running ProcessConductance
2022-07-14 07:49:13,650 - data_pipeline - INFO - LocalProcessConductance - Processing Conductivity
2022-07-14 07:49:13,651 - data_pipeline - INFO - LocalProcessConductance - Processing Conductivity for sample 141
2022-07-14 07:49:13,654 - data_pipeline - INFO - LocalProcessConductance - Processing conductivity for sample 141, position 0
2022-07-14 07:49:13,673 - data_pipeline - INFO - LocalProcessConductance - Processing conductivity for sample 141, position 1
2022-07-14 07:49:13,692 - data_pipeline - INFO - LocalProcessConductance - Processing conductivity for sample 141, position 2
2022-07-14 07:49:13,711 - data_pipeline - INFO - LocalProcessConductance - Processing conductivity for sample 141, position 3
2022-07-14 07:49:13,740 - data_pipeline - INFO - LocalProcessConductance - Processing conductivity for sample 141, position 4
2022-07-14 07:49:13,763 - data_pipeline - INFO - LocalProcessConductance - Saving position conductivity data
2022-07-14 07:49:13,772 - data_pipeline - INFO - LocalProcessConductance - Saving sample conductivity data
2022-07-14 07:49:13,783 - data_pipeline - INFO - LocalProcessConductance - Saving raw conductivity data
2022-07-14 07:49:13,802 - data_pipeline - INFO - running ProcessXRF
2022-07-14 07:49:13,803 - data_pipeline - INFO - LocalProcessXRF - Processing XRF
2022-07-14 07:49:17,798 - data_pipeline - INFO - running CalculatePseudoconductivity
2022-07-14 07:49:18,094 - data_pipeline - INFO - running AggregateData
2022-07-14 07:49:18,138 - data_pipeline - INFO - LocalAggregateData - Saving aggregate sample data
2022-07-14 07:49:18,167 - data_pipeline - INFO - running CustomTransformations
2022-07-14 07:49:18,167 - data_pipeline - INFO - No cost parameters provided. Cost not calculated.
2022-07-14 07:49:18,184 - data_pipeline - INFO - running DataEntry
2022-07-14 07:49:18,184 - data_pipeline - INFO - LocalDataEntry - Complete the pipeline
