2022-07-13 04:23:35,932 - data_pipeline - INFO - running CampaignParameters
2022-07-13 04:23:35,933 - data_pipeline - INFO - LocalCampaignParameters - Reading Campaign Parameters
2022-07-13 04:23:36,241 - data_pipeline - INFO - running ProcessSampleParameters
2022-07-13 04:23:36,241 - data_pipeline - INFO - LocalProcessSampleParameters - Reformatting Sample Parameters
2022-07-13 04:23:36,261 - data_pipeline - INFO - LocalProcessSampleParameters - Saving sample parameters data
2022-07-13 04:23:36,280 - data_pipeline - INFO - running ProcessConductance
2022-07-13 04:23:36,281 - data_pipeline - INFO - LocalProcessConductance - Processing Conductivity
2022-07-13 04:23:36,281 - data_pipeline - INFO - LocalProcessConductance - Processing Conductivity for sample 83
2022-07-13 04:23:36,285 - data_pipeline - INFO - LocalProcessConductance - Processing conductivity for sample 83, position 0
2022-07-13 04:23:36,303 - data_pipeline - INFO - LocalProcessConductance - Processing conductivity for sample 83, position 1
2022-07-13 04:23:36,322 - data_pipeline - INFO - LocalProcessConductance - Processing conductivity for sample 83, position 2
2022-07-13 04:23:36,341 - data_pipeline - INFO - LocalProcessConductance - Processing conductivity for sample 83, position 3
2022-07-13 04:23:36,360 - data_pipeline - INFO - LocalProcessConductance - Processing conductivity for sample 83, position 4
2022-07-13 04:23:36,383 - data_pipeline - INFO - LocalProcessConductance - Saving position conductivity data
2022-07-13 04:23:36,391 - data_pipeline - INFO - LocalProcessConductance - Saving sample conductivity data
2022-07-13 04:23:36,403 - data_pipeline - INFO - LocalProcessConductance - Saving raw conductivity data
2022-07-13 04:23:36,420 - data_pipeline - INFO - running ProcessXRF
2022-07-13 04:23:36,421 - data_pipeline - INFO - LocalProcessXRF - Processing XRF
2022-07-13 04:23:40,386 - data_pipeline - INFO - running CalculatePseudoconductivity
2022-07-13 04:23:40,682 - data_pipeline - INFO - running AggregateData
2022-07-13 04:23:40,733 - data_pipeline - INFO - LocalAggregateData - Saving aggregate sample data
2022-07-13 04:23:40,760 - data_pipeline - INFO - running CustomTransformations
2022-07-13 04:23:40,760 - data_pipeline - INFO - No cost parameters provided. Cost not calculated.
2022-07-13 04:23:40,776 - data_pipeline - INFO - running DataEntry
2022-07-13 04:23:40,777 - data_pipeline - INFO - LocalDataEntry - Complete the pipeline
