2022-07-13 12:33:42,601 - data_pipeline - INFO - running CampaignParameters
2022-07-13 12:33:42,601 - data_pipeline - INFO - LocalCampaignParameters - Reading Campaign Parameters
2022-07-13 12:33:42,752 - data_pipeline - INFO - running ProcessSampleParameters
2022-07-13 12:33:42,753 - data_pipeline - INFO - LocalProcessSampleParameters - Reformatting Sample Parameters
2022-07-13 12:33:42,773 - data_pipeline - INFO - LocalProcessSampleParameters - Saving sample parameters data
2022-07-13 12:33:42,793 - data_pipeline - INFO - running ProcessConductance
2022-07-13 12:33:42,793 - data_pipeline - INFO - LocalProcessConductance - Processing Conductivity
2022-07-13 12:33:42,794 - data_pipeline - INFO - LocalProcessConductance - Processing Conductivity for sample 93
2022-07-13 12:33:42,798 - data_pipeline - INFO - LocalProcessConductance - Processing conductivity for sample 93, position 0
2022-07-13 12:33:42,818 - data_pipeline - INFO - LocalProcessConductance - Processing conductivity for sample 93, position 1
2022-07-13 12:33:42,838 - data_pipeline - INFO - LocalProcessConductance - Processing conductivity for sample 93, position 2
2022-07-13 12:33:42,857 - data_pipeline - INFO - LocalProcessConductance - Processing conductivity for sample 93, position 3
2022-07-13 12:33:42,875 - data_pipeline - INFO - LocalProcessConductance - Processing conductivity for sample 93, position 4
2022-07-13 12:33:42,898 - data_pipeline - INFO - LocalProcessConductance - Saving position conductivity data
2022-07-13 12:33:42,906 - data_pipeline - INFO - LocalProcessConductance - Saving sample conductivity data
2022-07-13 12:33:42,918 - data_pipeline - INFO - LocalProcessConductance - Saving raw conductivity data
2022-07-13 12:33:42,936 - data_pipeline - INFO - running ProcessXRF
2022-07-13 12:33:42,937 - data_pipeline - INFO - LocalProcessXRF - Processing XRF
2022-07-13 12:33:46,871 - data_pipeline - INFO - running CalculatePseudoconductivity
2022-07-13 12:33:47,144 - data_pipeline - INFO - running AggregateData
2022-07-13 12:33:47,188 - data_pipeline - INFO - LocalAggregateData - Saving aggregate sample data
2022-07-13 12:33:47,215 - data_pipeline - INFO - running CustomTransformations
2022-07-13 12:33:47,216 - data_pipeline - INFO - No cost parameters provided. Cost not calculated.
2022-07-13 12:33:47,236 - data_pipeline - INFO - running DataEntry
2022-07-13 12:33:47,237 - data_pipeline - INFO - LocalDataEntry - Complete the pipeline
