2022-07-13 17:36:54,265 - data_pipeline - INFO - running CampaignParameters
2022-07-13 17:36:54,265 - data_pipeline - INFO - LocalCampaignParameters - Reading Campaign Parameters
2022-07-13 17:36:54,466 - data_pipeline - INFO - running ProcessSampleParameters
2022-07-13 17:36:54,467 - data_pipeline - INFO - LocalProcessSampleParameters - Reformatting Sample Parameters
2022-07-13 17:36:54,488 - data_pipeline - INFO - LocalProcessSampleParameters - Saving sample parameters data
2022-07-13 17:36:54,508 - data_pipeline - INFO - running ProcessConductance
2022-07-13 17:36:54,509 - data_pipeline - INFO - LocalProcessConductance - Processing Conductivity
2022-07-13 17:36:54,510 - data_pipeline - INFO - LocalProcessConductance - Processing Conductivity for sample 108
2022-07-13 17:36:54,514 - data_pipeline - INFO - LocalProcessConductance - Processing conductivity for sample 108, position 0
2022-07-13 17:36:54,532 - data_pipeline - INFO - LocalProcessConductance - Processing conductivity for sample 108, position 1
2022-07-13 17:36:54,551 - data_pipeline - INFO - LocalProcessConductance - Processing conductivity for sample 108, position 2
2022-07-13 17:36:54,571 - data_pipeline - INFO - LocalProcessConductance - Processing conductivity for sample 108, position 3
2022-07-13 17:36:54,589 - data_pipeline - INFO - LocalProcessConductance - Processing conductivity for sample 108, position 4
2022-07-13 17:36:54,612 - data_pipeline - INFO - LocalProcessConductance - Saving position conductivity data
2022-07-13 17:36:54,621 - data_pipeline - INFO - LocalProcessConductance - Saving sample conductivity data
2022-07-13 17:36:54,633 - data_pipeline - INFO - LocalProcessConductance - Saving raw conductivity data
2022-07-13 17:36:54,651 - data_pipeline - INFO - running ProcessXRF
2022-07-13 17:36:54,652 - data_pipeline - INFO - LocalProcessXRF - Processing XRF
2022-07-13 17:36:58,637 - data_pipeline - INFO - running CalculatePseudoconductivity
2022-07-13 17:36:58,920 - data_pipeline - INFO - running AggregateData
2022-07-13 17:36:58,963 - data_pipeline - INFO - LocalAggregateData - Saving aggregate sample data
2022-07-13 17:36:58,990 - data_pipeline - INFO - running CustomTransformations
2022-07-13 17:36:58,991 - data_pipeline - INFO - No cost parameters provided. Cost not calculated.
2022-07-13 17:36:59,008 - data_pipeline - INFO - running DataEntry
2022-07-13 17:36:59,009 - data_pipeline - INFO - LocalDataEntry - Complete the pipeline
