2022-07-13 01:13:24,634 - data_pipeline - INFO - running CampaignParameters
2022-07-13 01:13:24,635 - data_pipeline - INFO - LocalCampaignParameters - Reading Campaign Parameters
2022-07-13 01:13:24,929 - data_pipeline - INFO - running ProcessSampleParameters
2022-07-13 01:13:24,930 - data_pipeline - INFO - LocalProcessSampleParameters - Reformatting Sample Parameters
2022-07-13 01:13:24,950 - data_pipeline - INFO - LocalProcessSampleParameters - Saving sample parameters data
2022-07-13 01:13:24,969 - data_pipeline - INFO - running ProcessConductance
2022-07-13 01:13:24,970 - data_pipeline - INFO - LocalProcessConductance - Processing Conductivity
2022-07-13 01:13:24,971 - data_pipeline - INFO - LocalProcessConductance - Processing Conductivity for sample 72
2022-07-13 01:13:24,974 - data_pipeline - INFO - LocalProcessConductance - Processing conductivity for sample 72, position 0
2022-07-13 01:13:24,992 - data_pipeline - INFO - LocalProcessConductance - Processing conductivity for sample 72, position 1
2022-07-13 01:13:25,011 - data_pipeline - INFO - LocalProcessConductance - Processing conductivity for sample 72, position 2
2022-07-13 01:13:25,029 - data_pipeline - INFO - LocalProcessConductance - Processing conductivity for sample 72, position 3
2022-07-13 01:13:25,049 - data_pipeline - INFO - LocalProcessConductance - Processing conductivity for sample 72, position 4
2022-07-13 01:13:25,073 - data_pipeline - INFO - LocalProcessConductance - Saving position conductivity data
2022-07-13 01:13:25,082 - data_pipeline - INFO - LocalProcessConductance - Saving sample conductivity data
2022-07-13 01:13:25,094 - data_pipeline - INFO - LocalProcessConductance - Saving raw conductivity data
2022-07-13 01:13:25,112 - data_pipeline - INFO - running ProcessXRF
2022-07-13 01:13:25,113 - data_pipeline - INFO - LocalProcessXRF - Processing XRF
2022-07-13 01:13:29,097 - data_pipeline - INFO - running CalculatePseudoconductivity
2022-07-13 01:13:29,388 - data_pipeline - INFO - running AggregateData
2022-07-13 01:13:29,431 - data_pipeline - INFO - LocalAggregateData - Saving aggregate sample data
2022-07-13 01:13:29,459 - data_pipeline - INFO - running CustomTransformations
2022-07-13 01:13:29,460 - data_pipeline - INFO - No cost parameters provided. Cost not calculated.
2022-07-13 01:13:29,477 - data_pipeline - INFO - running DataEntry
2022-07-13 01:13:29,478 - data_pipeline - INFO - LocalDataEntry - Complete the pipeline
