2022-07-11 21:39:17,460 - data_pipeline - INFO - running CampaignParameters
2022-07-11 21:39:17,461 - data_pipeline - INFO - LocalCampaignParameters - Reading Campaign Parameters
2022-07-11 21:39:17,594 - data_pipeline - INFO - running ProcessSampleParameters
2022-07-11 21:39:17,595 - data_pipeline - INFO - LocalProcessSampleParameters - Reformatting Sample Parameters
2022-07-11 21:39:17,617 - data_pipeline - INFO - LocalProcessSampleParameters - Saving sample parameters data
2022-07-11 21:39:17,636 - data_pipeline - INFO - running ProcessConductance
2022-07-11 21:39:17,637 - data_pipeline - INFO - LocalProcessConductance - Processing Conductivity
2022-07-11 21:39:17,638 - data_pipeline - INFO - LocalProcessConductance - Processing Conductivity for sample 26
2022-07-11 21:39:17,641 - data_pipeline - INFO - LocalProcessConductance - Processing conductivity for sample 26, position 0
2022-07-11 21:39:17,661 - data_pipeline - INFO - LocalProcessConductance - Processing conductivity for sample 26, position 1
2022-07-11 21:39:17,680 - data_pipeline - INFO - LocalProcessConductance - Processing conductivity for sample 26, position 2
2022-07-11 21:39:17,700 - data_pipeline - INFO - LocalProcessConductance - Processing conductivity for sample 26, position 3
2022-07-11 21:39:17,723 - data_pipeline - INFO - LocalProcessConductance - Processing conductivity for sample 26, position 4
2022-07-11 21:39:17,746 - data_pipeline - INFO - LocalProcessConductance - Saving position conductivity data
2022-07-11 21:39:17,755 - data_pipeline - INFO - LocalProcessConductance - Saving sample conductivity data
2022-07-11 21:39:17,767 - data_pipeline - INFO - LocalProcessConductance - Saving raw conductivity data
2022-07-11 21:39:17,786 - data_pipeline - INFO - running ProcessXRF
2022-07-11 21:39:17,787 - data_pipeline - INFO - LocalProcessXRF - Processing XRF
2022-07-11 21:39:21,650 - data_pipeline - INFO - running CalculatePseudoconductivity
2022-07-11 21:39:21,906 - data_pipeline - INFO - running AggregateData
2022-07-11 21:39:21,951 - data_pipeline - INFO - LocalAggregateData - Saving aggregate sample data
2022-07-11 21:39:22,067 - data_pipeline - INFO - running CustomTransformations
2022-07-11 21:39:22,068 - data_pipeline - INFO - No cost parameters provided. Cost not calculated.
2022-07-11 21:39:22,085 - data_pipeline - INFO - running DataEntry
2022-07-11 21:39:22,086 - data_pipeline - INFO - LocalDataEntry - Complete the pipeline
