2022-07-14 17:09:50,947 - data_pipeline - INFO - running CampaignParameters
2022-07-14 17:09:50,948 - data_pipeline - INFO - LocalCampaignParameters - Reading Campaign Parameters
2022-07-14 17:09:51,025 - data_pipeline - INFO - running ProcessSampleParameters
2022-07-14 17:09:51,025 - data_pipeline - INFO - LocalProcessSampleParameters - Reformatting Sample Parameters
2022-07-14 17:09:51,046 - data_pipeline - INFO - LocalProcessSampleParameters - Saving sample parameters data
2022-07-14 17:09:51,072 - data_pipeline - INFO - running ProcessConductance
2022-07-14 17:09:51,073 - data_pipeline - INFO - LocalProcessConductance - Processing Conductivity
2022-07-14 17:09:51,074 - data_pipeline - INFO - LocalProcessConductance - Processing Conductivity for sample 167
2022-07-14 17:09:51,078 - data_pipeline - INFO - LocalProcessConductance - Processing conductivity for sample 167, position 0
2022-07-14 17:09:51,094 - data_pipeline - INFO - LocalProcessConductance - Processing conductivity for sample 167, position 1
2022-07-14 17:09:51,109 - data_pipeline - INFO - LocalProcessConductance - Processing conductivity for sample 167, position 2
2022-07-14 17:09:51,126 - data_pipeline - INFO - LocalProcessConductance - Processing conductivity for sample 167, position 3
2022-07-14 17:09:51,141 - data_pipeline - INFO - LocalProcessConductance - Processing conductivity for sample 167, position 4
2022-07-14 17:09:51,160 - data_pipeline - INFO - LocalProcessConductance - Saving position conductivity data
2022-07-14 17:09:51,168 - data_pipeline - INFO - LocalProcessConductance - Saving sample conductivity data
2022-07-14 17:09:51,181 - data_pipeline - INFO - LocalProcessConductance - Saving raw conductivity data
2022-07-14 17:09:51,200 - data_pipeline - INFO - running ProcessXRF
2022-07-14 17:09:51,201 - data_pipeline - INFO - LocalProcessXRF - Processing XRF
2022-07-14 17:09:55,171 - data_pipeline - INFO - running CalculatePseudoconductivity
2022-07-14 17:09:55,459 - data_pipeline - INFO - running AggregateData
2022-07-14 17:09:55,502 - data_pipeline - INFO - LocalAggregateData - Saving aggregate sample data
2022-07-14 17:09:55,531 - data_pipeline - INFO - running CustomTransformations
2022-07-14 17:09:55,532 - data_pipeline - INFO - No cost parameters provided. Cost not calculated.
2022-07-14 17:09:55,548 - data_pipeline - INFO - running DataEntry
2022-07-14 17:09:55,549 - data_pipeline - INFO - LocalDataEntry - Complete the pipeline
