2022-07-13 03:51:23,606 - data_pipeline - INFO - running CampaignParameters
2022-07-13 03:51:23,607 - data_pipeline - INFO - LocalCampaignParameters - Reading Campaign Parameters
2022-07-13 03:51:23,936 - data_pipeline - INFO - running ProcessSampleParameters
2022-07-13 03:51:23,937 - data_pipeline - INFO - LocalProcessSampleParameters - Reformatting Sample Parameters
2022-07-13 03:51:23,957 - data_pipeline - INFO - LocalProcessSampleParameters - Saving sample parameters data
2022-07-13 03:51:23,977 - data_pipeline - INFO - running ProcessConductance
2022-07-13 03:51:23,977 - data_pipeline - INFO - LocalProcessConductance - Processing Conductivity
2022-07-13 03:51:23,978 - data_pipeline - INFO - LocalProcessConductance - Processing Conductivity for sample 81
2022-07-13 03:51:23,981 - data_pipeline - INFO - LocalProcessConductance - Processing conductivity for sample 81, position 0
2022-07-13 03:51:23,997 - data_pipeline - INFO - LocalProcessConductance - Processing conductivity for sample 81, position 1
2022-07-13 03:51:24,012 - data_pipeline - INFO - LocalProcessConductance - Processing conductivity for sample 81, position 2
2022-07-13 03:51:24,027 - data_pipeline - INFO - LocalProcessConductance - Processing conductivity for sample 81, position 3
2022-07-13 03:51:24,043 - data_pipeline - INFO - LocalProcessConductance - Processing conductivity for sample 81, position 4
2022-07-13 03:51:24,063 - data_pipeline - INFO - LocalProcessConductance - Saving position conductivity data
2022-07-13 03:51:24,071 - data_pipeline - INFO - LocalProcessConductance - Saving sample conductivity data
2022-07-13 03:51:24,083 - data_pipeline - INFO - LocalProcessConductance - Saving raw conductivity data
2022-07-13 03:51:24,101 - data_pipeline - INFO - running ProcessXRF
2022-07-13 03:51:24,101 - data_pipeline - INFO - LocalProcessXRF - Processing XRF
2022-07-13 03:51:28,078 - data_pipeline - INFO - running CalculatePseudoconductivity
2022-07-13 03:51:28,392 - data_pipeline - INFO - running AggregateData
2022-07-13 03:51:28,438 - data_pipeline - INFO - LocalAggregateData - Saving aggregate sample data
2022-07-13 03:51:28,471 - data_pipeline - INFO - running CustomTransformations
2022-07-13 03:51:28,472 - data_pipeline - INFO - No cost parameters provided. Cost not calculated.
2022-07-13 03:51:28,489 - data_pipeline - INFO - running DataEntry
2022-07-13 03:51:28,490 - data_pipeline - INFO - LocalDataEntry - Complete the pipeline
