2022-07-14 20:57:56,016 - data_pipeline - INFO - running CampaignParameters
2022-07-14 20:57:56,017 - data_pipeline - INFO - LocalCampaignParameters - Reading Campaign Parameters
2022-07-14 20:57:56,118 - data_pipeline - INFO - running ProcessSampleParameters
2022-07-14 20:57:56,119 - data_pipeline - INFO - LocalProcessSampleParameters - Reformatting Sample Parameters
2022-07-14 20:57:56,140 - data_pipeline - INFO - LocalProcessSampleParameters - Saving sample parameters data
2022-07-14 20:57:56,160 - data_pipeline - INFO - running ProcessConductance
2022-07-14 20:57:56,161 - data_pipeline - INFO - LocalProcessConductance - Processing Conductivity
2022-07-14 20:57:56,162 - data_pipeline - INFO - LocalProcessConductance - Processing Conductivity for sample 178
2022-07-14 20:57:56,165 - data_pipeline - INFO - LocalProcessConductance - Processing conductivity for sample 178, position 0
2022-07-14 20:57:56,180 - data_pipeline - INFO - LocalProcessConductance - Processing conductivity for sample 178, position 1
2022-07-14 20:57:56,195 - data_pipeline - INFO - LocalProcessConductance - Processing conductivity for sample 178, position 2
2022-07-14 20:57:56,211 - data_pipeline - INFO - LocalProcessConductance - Processing conductivity for sample 178, position 3
2022-07-14 20:57:56,227 - data_pipeline - INFO - LocalProcessConductance - Processing conductivity for sample 178, position 4
2022-07-14 20:57:56,247 - data_pipeline - INFO - LocalProcessConductance - Saving position conductivity data
2022-07-14 20:57:56,255 - data_pipeline - INFO - LocalProcessConductance - Saving sample conductivity data
2022-07-14 20:57:56,266 - data_pipeline - INFO - LocalProcessConductance - Saving raw conductivity data
2022-07-14 20:57:56,284 - data_pipeline - INFO - running ProcessXRF
2022-07-14 20:57:56,285 - data_pipeline - INFO - LocalProcessXRF - Processing XRF
2022-07-14 20:58:00,361 - data_pipeline - INFO - running CalculatePseudoconductivity
2022-07-14 20:58:00,646 - data_pipeline - INFO - running AggregateData
2022-07-14 20:58:00,691 - data_pipeline - INFO - LocalAggregateData - Saving aggregate sample data
2022-07-14 20:58:00,722 - data_pipeline - INFO - running CustomTransformations
2022-07-14 20:58:00,723 - data_pipeline - INFO - No cost parameters provided. Cost not calculated.
2022-07-14 20:58:00,742 - data_pipeline - INFO - running DataEntry
2022-07-14 20:58:00,742 - data_pipeline - INFO - LocalDataEntry - Complete the pipeline
