2022-07-14 03:01:35,753 - data_pipeline - INFO - running CampaignParameters
2022-07-14 03:01:35,754 - data_pipeline - INFO - LocalCampaignParameters - Reading Campaign Parameters
2022-07-14 03:01:35,863 - data_pipeline - INFO - running ProcessSampleParameters
2022-07-14 03:01:35,864 - data_pipeline - INFO - LocalProcessSampleParameters - Reformatting Sample Parameters
2022-07-14 03:01:35,884 - data_pipeline - INFO - LocalProcessSampleParameters - Saving sample parameters data
2022-07-14 03:01:35,904 - data_pipeline - INFO - running ProcessConductance
2022-07-14 03:01:35,905 - data_pipeline - INFO - LocalProcessConductance - Processing Conductivity
2022-07-14 03:01:35,906 - data_pipeline - INFO - LocalProcessConductance - Processing Conductivity for sample 126
2022-07-14 03:01:35,909 - data_pipeline - INFO - LocalProcessConductance - Processing conductivity for sample 126, position 0
2022-07-14 03:01:35,929 - data_pipeline - INFO - LocalProcessConductance - Processing conductivity for sample 126, position 1
2022-07-14 03:01:35,949 - data_pipeline - INFO - LocalProcessConductance - Processing conductivity for sample 126, position 2
2022-07-14 03:01:35,969 - data_pipeline - INFO - LocalProcessConductance - Processing conductivity for sample 126, position 3
2022-07-14 03:01:35,988 - data_pipeline - INFO - LocalProcessConductance - Processing conductivity for sample 126, position 4
2022-07-14 03:01:36,018 - data_pipeline - INFO - LocalProcessConductance - Saving position conductivity data
2022-07-14 03:01:36,027 - data_pipeline - INFO - LocalProcessConductance - Saving sample conductivity data
2022-07-14 03:01:36,038 - data_pipeline - INFO - LocalProcessConductance - Saving raw conductivity data
2022-07-14 03:01:36,057 - data_pipeline - INFO - running ProcessXRF
2022-07-14 03:01:36,057 - data_pipeline - INFO - LocalProcessXRF - Processing XRF
2022-07-14 03:01:40,038 - data_pipeline - INFO - running CalculatePseudoconductivity
2022-07-14 03:01:40,343 - data_pipeline - INFO - running AggregateData
2022-07-14 03:01:40,387 - data_pipeline - INFO - LocalAggregateData - Saving aggregate sample data
2022-07-14 03:01:40,414 - data_pipeline - INFO - running CustomTransformations
2022-07-14 03:01:40,415 - data_pipeline - INFO - No cost parameters provided. Cost not calculated.
2022-07-14 03:01:40,431 - data_pipeline - INFO - running DataEntry
2022-07-14 03:01:40,432 - data_pipeline - INFO - LocalDataEntry - Complete the pipeline
