2022-07-12 14:01:20,227 - data_pipeline - INFO - running CampaignParameters
2022-07-12 14:01:20,228 - data_pipeline - INFO - LocalCampaignParameters - Reading Campaign Parameters
2022-07-12 14:01:20,314 - data_pipeline - INFO - running ProcessSampleParameters
2022-07-12 14:01:20,315 - data_pipeline - INFO - LocalProcessSampleParameters - Reformatting Sample Parameters
2022-07-12 14:01:20,546 - data_pipeline - INFO - LocalProcessSampleParameters - Saving sample parameters data
2022-07-12 14:01:20,617 - data_pipeline - INFO - running ProcessConductance
2022-07-12 14:01:20,618 - data_pipeline - INFO - LocalProcessConductance - Processing Conductivity
2022-07-12 14:01:20,619 - data_pipeline - INFO - LocalProcessConductance - Processing Conductivity for sample 39
2022-07-12 14:01:20,623 - data_pipeline - INFO - LocalProcessConductance - Processing conductivity for sample 39, position 0
2022-07-12 14:01:20,641 - data_pipeline - INFO - LocalProcessConductance - Processing conductivity for sample 39, position 1
2022-07-12 14:01:20,661 - data_pipeline - INFO - LocalProcessConductance - Processing conductivity for sample 39, position 2
2022-07-12 14:01:20,680 - data_pipeline - INFO - LocalProcessConductance - Processing conductivity for sample 39, position 3
2022-07-12 14:01:20,699 - data_pipeline - INFO - LocalProcessConductance - Processing conductivity for sample 39, position 4
2022-07-12 14:01:20,722 - data_pipeline - INFO - LocalProcessConductance - Saving position conductivity data
2022-07-12 14:01:20,729 - data_pipeline - INFO - LocalProcessConductance - Saving sample conductivity data
2022-07-12 14:01:20,740 - data_pipeline - INFO - LocalProcessConductance - Saving raw conductivity data
2022-07-12 14:01:20,759 - data_pipeline - INFO - running ProcessXRF
2022-07-12 14:01:20,760 - data_pipeline - INFO - LocalProcessXRF - Processing XRF
2022-07-12 14:01:24,702 - data_pipeline - INFO - running CalculatePseudoconductivity
2022-07-12 14:01:24,994 - data_pipeline - INFO - running AggregateData
2022-07-12 14:01:25,037 - data_pipeline - INFO - LocalAggregateData - Saving aggregate sample data
2022-07-12 14:01:25,065 - data_pipeline - INFO - running CustomTransformations
2022-07-12 14:01:25,065 - data_pipeline - INFO - No cost parameters provided. Cost not calculated.
2022-07-12 14:01:25,083 - data_pipeline - INFO - running DataEntry
2022-07-12 14:01:25,083 - data_pipeline - INFO - LocalDataEntry - Complete the pipeline
