2022-07-12 20:44:48,899 - data_pipeline - INFO - running CampaignParameters
2022-07-12 20:44:48,900 - data_pipeline - INFO - LocalCampaignParameters - Reading Campaign Parameters
2022-07-12 20:44:49,159 - data_pipeline - INFO - running ProcessSampleParameters
2022-07-12 20:44:49,159 - data_pipeline - INFO - LocalProcessSampleParameters - Reformatting Sample Parameters
2022-07-12 20:44:49,180 - data_pipeline - INFO - LocalProcessSampleParameters - Saving sample parameters data
2022-07-12 20:44:49,199 - data_pipeline - INFO - running ProcessConductance
2022-07-12 20:44:49,200 - data_pipeline - INFO - LocalProcessConductance - Processing Conductivity
2022-07-12 20:44:49,201 - data_pipeline - INFO - LocalProcessConductance - Processing Conductivity for sample 62
2022-07-12 20:44:49,204 - data_pipeline - INFO - LocalProcessConductance - Processing conductivity for sample 62, position 0
2022-07-12 20:44:49,223 - data_pipeline - INFO - LocalProcessConductance - Processing conductivity for sample 62, position 1
2022-07-12 20:44:49,242 - data_pipeline - INFO - LocalProcessConductance - Processing conductivity for sample 62, position 2
2022-07-12 20:44:49,262 - data_pipeline - INFO - LocalProcessConductance - Processing conductivity for sample 62, position 3
2022-07-12 20:44:49,281 - data_pipeline - INFO - LocalProcessConductance - Processing conductivity for sample 62, position 4
2022-07-12 20:44:49,303 - data_pipeline - INFO - LocalProcessConductance - Saving position conductivity data
2022-07-12 20:44:49,311 - data_pipeline - INFO - LocalProcessConductance - Saving sample conductivity data
2022-07-12 20:44:49,323 - data_pipeline - INFO - LocalProcessConductance - Saving raw conductivity data
2022-07-12 20:44:49,340 - data_pipeline - INFO - running ProcessXRF
2022-07-12 20:44:49,342 - data_pipeline - INFO - LocalProcessXRF - Processing XRF
2022-07-12 20:44:53,286 - data_pipeline - INFO - running CalculatePseudoconductivity
2022-07-12 20:44:53,581 - data_pipeline - INFO - running AggregateData
2022-07-12 20:44:53,624 - data_pipeline - INFO - LocalAggregateData - Saving aggregate sample data
2022-07-12 20:44:53,651 - data_pipeline - INFO - running CustomTransformations
2022-07-12 20:44:53,652 - data_pipeline - INFO - No cost parameters provided. Cost not calculated.
2022-07-12 20:44:53,668 - data_pipeline - INFO - running DataEntry
2022-07-12 20:44:53,669 - data_pipeline - INFO - LocalDataEntry - Complete the pipeline
