2022-07-13 02:01:41,022 - data_pipeline - INFO - running CampaignParameters
2022-07-13 02:01:41,023 - data_pipeline - INFO - LocalCampaignParameters - Reading Campaign Parameters
2022-07-13 02:01:41,327 - data_pipeline - INFO - running ProcessSampleParameters
2022-07-13 02:01:41,328 - data_pipeline - INFO - LocalProcessSampleParameters - Reformatting Sample Parameters
2022-07-13 02:01:41,356 - data_pipeline - INFO - LocalProcessSampleParameters - Saving sample parameters data
2022-07-13 02:01:41,374 - data_pipeline - INFO - running ProcessConductance
2022-07-13 02:01:41,375 - data_pipeline - INFO - LocalProcessConductance - Processing Conductivity
2022-07-13 02:01:41,376 - data_pipeline - INFO - LocalProcessConductance - Processing Conductivity for sample 75
2022-07-13 02:01:41,379 - data_pipeline - INFO - LocalProcessConductance - Processing conductivity for sample 75, position 0
2022-07-13 02:01:41,393 - data_pipeline - INFO - LocalProcessConductance - Processing conductivity for sample 75, position 1
2022-07-13 02:01:41,408 - data_pipeline - INFO - LocalProcessConductance - Processing conductivity for sample 75, position 2
2022-07-13 02:01:41,424 - data_pipeline - INFO - LocalProcessConductance - Processing conductivity for sample 75, position 3
2022-07-13 02:01:41,440 - data_pipeline - INFO - LocalProcessConductance - Processing conductivity for sample 75, position 4
2022-07-13 02:01:41,459 - data_pipeline - INFO - LocalProcessConductance - Saving position conductivity data
2022-07-13 02:01:41,466 - data_pipeline - INFO - LocalProcessConductance - Saving sample conductivity data
2022-07-13 02:01:41,478 - data_pipeline - INFO - LocalProcessConductance - Saving raw conductivity data
2022-07-13 02:01:41,497 - data_pipeline - INFO - running ProcessXRF
2022-07-13 02:01:41,498 - data_pipeline - INFO - LocalProcessXRF - Processing XRF
2022-07-13 02:01:45,536 - data_pipeline - INFO - running CalculatePseudoconductivity
2022-07-13 02:01:45,783 - data_pipeline - INFO - running AggregateData
2022-07-13 02:01:45,827 - data_pipeline - INFO - LocalAggregateData - Saving aggregate sample data
2022-07-13 02:01:45,856 - data_pipeline - INFO - running CustomTransformations
2022-07-13 02:01:45,856 - data_pipeline - INFO - No cost parameters provided. Cost not calculated.
2022-07-13 02:01:45,939 - data_pipeline - INFO - running DataEntry
2022-07-13 02:01:45,940 - data_pipeline - INFO - LocalDataEntry - Complete the pipeline
