2022-07-12 21:16:36,067 - data_pipeline - INFO - running CampaignParameters
2022-07-12 21:16:36,067 - data_pipeline - INFO - LocalCampaignParameters - Reading Campaign Parameters
2022-07-12 21:16:36,300 - data_pipeline - INFO - running ProcessSampleParameters
2022-07-12 21:16:36,301 - data_pipeline - INFO - LocalProcessSampleParameters - Reformatting Sample Parameters
2022-07-12 21:16:36,321 - data_pipeline - INFO - LocalProcessSampleParameters - Saving sample parameters data
2022-07-12 21:16:36,340 - data_pipeline - INFO - running ProcessConductance
2022-07-12 21:16:36,341 - data_pipeline - INFO - LocalProcessConductance - Processing Conductivity
2022-07-12 21:16:36,342 - data_pipeline - INFO - LocalProcessConductance - Processing Conductivity for sample 64
2022-07-12 21:16:36,345 - data_pipeline - INFO - LocalProcessConductance - Processing conductivity for sample 64, position 0
2022-07-12 21:16:36,365 - data_pipeline - INFO - LocalProcessConductance - Processing conductivity for sample 64, position 1
2022-07-12 21:16:36,383 - data_pipeline - INFO - LocalProcessConductance - Processing conductivity for sample 64, position 2
2022-07-12 21:16:36,403 - data_pipeline - INFO - LocalProcessConductance - Processing conductivity for sample 64, position 3
2022-07-12 21:16:36,422 - data_pipeline - INFO - LocalProcessConductance - Processing conductivity for sample 64, position 4
2022-07-12 21:16:36,445 - data_pipeline - INFO - LocalProcessConductance - Saving position conductivity data
2022-07-12 21:16:36,453 - data_pipeline - INFO - LocalProcessConductance - Saving sample conductivity data
2022-07-12 21:16:36,465 - data_pipeline - INFO - LocalProcessConductance - Saving raw conductivity data
2022-07-12 21:16:36,483 - data_pipeline - INFO - running ProcessXRF
2022-07-12 21:16:36,484 - data_pipeline - INFO - LocalProcessXRF - Processing XRF
2022-07-12 21:16:40,456 - data_pipeline - INFO - running CalculatePseudoconductivity
2022-07-12 21:16:40,746 - data_pipeline - INFO - running AggregateData
2022-07-12 21:16:40,791 - data_pipeline - INFO - LocalAggregateData - Saving aggregate sample data
2022-07-12 21:16:40,819 - data_pipeline - INFO - running CustomTransformations
2022-07-12 21:16:40,820 - data_pipeline - INFO - No cost parameters provided. Cost not calculated.
2022-07-12 21:16:40,836 - data_pipeline - INFO - running DataEntry
2022-07-12 21:16:40,837 - data_pipeline - INFO - LocalDataEntry - Complete the pipeline
