2022-07-12 17:52:27,370 - data_pipeline - INFO - running CampaignParameters
2022-07-12 17:52:27,371 - data_pipeline - INFO - LocalCampaignParameters - Reading Campaign Parameters
2022-07-12 17:52:27,508 - data_pipeline - INFO - running ProcessSampleParameters
2022-07-12 17:52:27,509 - data_pipeline - INFO - LocalProcessSampleParameters - Reformatting Sample Parameters
2022-07-12 17:52:27,529 - data_pipeline - INFO - LocalProcessSampleParameters - Saving sample parameters data
2022-07-12 17:52:27,549 - data_pipeline - INFO - running ProcessConductance
2022-07-12 17:52:27,550 - data_pipeline - INFO - LocalProcessConductance - Processing Conductivity
2022-07-12 17:52:27,551 - data_pipeline - INFO - LocalProcessConductance - Processing Conductivity for sample 52
2022-07-12 17:52:27,554 - data_pipeline - INFO - LocalProcessConductance - Processing conductivity for sample 52, position 0
2022-07-12 17:52:27,574 - data_pipeline - INFO - LocalProcessConductance - Processing conductivity for sample 52, position 1
2022-07-12 17:52:27,594 - data_pipeline - INFO - LocalProcessConductance - Processing conductivity for sample 52, position 2
2022-07-12 17:52:27,614 - data_pipeline - INFO - LocalProcessConductance - Processing conductivity for sample 52, position 3
2022-07-12 17:52:27,633 - data_pipeline - INFO - LocalProcessConductance - Processing conductivity for sample 52, position 4
2022-07-12 17:52:27,656 - data_pipeline - INFO - LocalProcessConductance - Saving position conductivity data
2022-07-12 17:52:27,663 - data_pipeline - INFO - LocalProcessConductance - Saving sample conductivity data
2022-07-12 17:52:27,675 - data_pipeline - INFO - LocalProcessConductance - Saving raw conductivity data
2022-07-12 17:52:27,694 - data_pipeline - INFO - running ProcessXRF
2022-07-12 17:52:27,695 - data_pipeline - INFO - LocalProcessXRF - Processing XRF
2022-07-12 17:52:31,662 - data_pipeline - INFO - running CalculatePseudoconductivity
2022-07-12 17:52:31,943 - data_pipeline - INFO - running AggregateData
2022-07-12 17:52:31,987 - data_pipeline - INFO - LocalAggregateData - Saving aggregate sample data
2022-07-12 17:52:32,015 - data_pipeline - INFO - running CustomTransformations
2022-07-12 17:52:32,016 - data_pipeline - INFO - No cost parameters provided. Cost not calculated.
2022-07-12 17:52:32,032 - data_pipeline - INFO - running DataEntry
2022-07-12 17:52:32,032 - data_pipeline - INFO - LocalDataEntry - Complete the pipeline
