2022-07-13 04:08:24,586 - data_pipeline - INFO - running CampaignParameters
2022-07-13 04:08:24,587 - data_pipeline - INFO - LocalCampaignParameters - Reading Campaign Parameters
2022-07-13 04:08:24,949 - data_pipeline - INFO - running ProcessSampleParameters
2022-07-13 04:08:24,951 - data_pipeline - INFO - LocalProcessSampleParameters - Reformatting Sample Parameters
2022-07-13 04:08:24,970 - data_pipeline - INFO - LocalProcessSampleParameters - Saving sample parameters data
2022-07-13 04:08:24,989 - data_pipeline - INFO - running ProcessConductance
2022-07-13 04:08:24,990 - data_pipeline - INFO - LocalProcessConductance - Processing Conductivity
2022-07-13 04:08:24,991 - data_pipeline - INFO - LocalProcessConductance - Processing Conductivity for sample 82
2022-07-13 04:08:24,994 - data_pipeline - INFO - LocalProcessConductance - Processing conductivity for sample 82, position 0
2022-07-13 04:08:25,013 - data_pipeline - INFO - LocalProcessConductance - Processing conductivity for sample 82, position 1
2022-07-13 04:08:25,033 - data_pipeline - INFO - LocalProcessConductance - Processing conductivity for sample 82, position 2
2022-07-13 04:08:25,051 - data_pipeline - INFO - LocalProcessConductance - Processing conductivity for sample 82, position 3
2022-07-13 04:08:25,071 - data_pipeline - INFO - LocalProcessConductance - Processing conductivity for sample 82, position 4
2022-07-13 04:08:25,094 - data_pipeline - INFO - LocalProcessConductance - Saving position conductivity data
2022-07-13 04:08:25,102 - data_pipeline - INFO - LocalProcessConductance - Saving sample conductivity data
2022-07-13 04:08:25,114 - data_pipeline - INFO - LocalProcessConductance - Saving raw conductivity data
2022-07-13 04:08:25,133 - data_pipeline - INFO - running ProcessXRF
2022-07-13 04:08:25,133 - data_pipeline - INFO - LocalProcessXRF - Processing XRF
2022-07-13 04:08:29,095 - data_pipeline - INFO - running CalculatePseudoconductivity
2022-07-13 04:08:29,371 - data_pipeline - INFO - running AggregateData
2022-07-13 04:08:29,414 - data_pipeline - INFO - LocalAggregateData - Saving aggregate sample data
2022-07-13 04:08:29,443 - data_pipeline - INFO - running CustomTransformations
2022-07-13 04:08:29,444 - data_pipeline - INFO - No cost parameters provided. Cost not calculated.
2022-07-13 04:08:29,461 - data_pipeline - INFO - running DataEntry
2022-07-13 04:08:29,462 - data_pipeline - INFO - LocalDataEntry - Complete the pipeline
