2022-07-14 18:50:50,196 - data_pipeline - INFO - running CampaignParameters
2022-07-14 18:50:50,197 - data_pipeline - INFO - LocalCampaignParameters - Reading Campaign Parameters
2022-07-14 18:50:50,327 - data_pipeline - INFO - running ProcessSampleParameters
2022-07-14 18:50:50,328 - data_pipeline - INFO - LocalProcessSampleParameters - Reformatting Sample Parameters
2022-07-14 18:50:50,350 - data_pipeline - INFO - LocalProcessSampleParameters - Saving sample parameters data
2022-07-14 18:50:50,372 - data_pipeline - INFO - running ProcessConductance
2022-07-14 18:50:50,373 - data_pipeline - INFO - LocalProcessConductance - Processing Conductivity
2022-07-14 18:50:50,375 - data_pipeline - INFO - LocalProcessConductance - Processing Conductivity for sample 171
2022-07-14 18:50:50,378 - data_pipeline - INFO - LocalProcessConductance - Processing conductivity for sample 171, position 0
2022-07-14 18:50:50,398 - data_pipeline - INFO - LocalProcessConductance - Processing conductivity for sample 171, position 1
2022-07-14 18:50:50,419 - data_pipeline - INFO - LocalProcessConductance - Processing conductivity for sample 171, position 2
2022-07-14 18:50:50,440 - data_pipeline - INFO - LocalProcessConductance - Processing conductivity for sample 171, position 3
2022-07-14 18:50:50,460 - data_pipeline - INFO - LocalProcessConductance - Processing conductivity for sample 171, position 4
2022-07-14 18:50:50,484 - data_pipeline - INFO - LocalProcessConductance - Saving position conductivity data
2022-07-14 18:50:50,494 - data_pipeline - INFO - LocalProcessConductance - Saving sample conductivity data
2022-07-14 18:50:50,506 - data_pipeline - INFO - LocalProcessConductance - Saving raw conductivity data
2022-07-14 18:50:50,525 - data_pipeline - INFO - running ProcessXRF
2022-07-14 18:50:50,526 - data_pipeline - INFO - LocalProcessXRF - Processing XRF
2022-07-14 18:50:54,545 - data_pipeline - INFO - running CalculatePseudoconductivity
2022-07-14 18:50:54,854 - data_pipeline - INFO - running AggregateData
2022-07-14 18:50:54,905 - data_pipeline - INFO - LocalAggregateData - Saving aggregate sample data
2022-07-14 18:50:54,932 - data_pipeline - INFO - running CustomTransformations
2022-07-14 18:50:54,933 - data_pipeline - INFO - No cost parameters provided. Cost not calculated.
2022-07-14 18:50:54,950 - data_pipeline - INFO - running DataEntry
2022-07-14 18:50:54,950 - data_pipeline - INFO - LocalDataEntry - Complete the pipeline
