2022-07-14 19:21:59,050 - data_pipeline - INFO - running CampaignParameters
2022-07-14 19:21:59,051 - data_pipeline - INFO - LocalCampaignParameters - Reading Campaign Parameters
2022-07-14 19:21:59,144 - data_pipeline - INFO - running ProcessSampleParameters
2022-07-14 19:21:59,144 - data_pipeline - INFO - LocalProcessSampleParameters - Reformatting Sample Parameters
2022-07-14 19:21:59,165 - data_pipeline - INFO - LocalProcessSampleParameters - Saving sample parameters data
2022-07-14 19:21:59,176 - data_pipeline - INFO - running ProcessXRF
2022-07-14 19:21:59,177 - data_pipeline - INFO - LocalProcessXRF - Processing XRF
2022-07-14 19:22:03,165 - data_pipeline - INFO - running ProcessConductance
2022-07-14 19:22:03,166 - data_pipeline - INFO - LocalProcessConductance - Processing Conductivity
2022-07-14 19:22:03,169 - data_pipeline - INFO - LocalProcessConductance - Processing Conductivity for sample 173
2022-07-14 19:22:03,171 - data_pipeline - INFO - LocalProcessConductance - Processing conductivity for sample 173, position 0
2022-07-14 19:22:03,190 - data_pipeline - INFO - LocalProcessConductance - Processing conductivity for sample 173, position 1
2022-07-14 19:22:03,209 - data_pipeline - INFO - LocalProcessConductance - Processing conductivity for sample 173, position 2
2022-07-14 19:22:03,228 - data_pipeline - INFO - LocalProcessConductance - Processing conductivity for sample 173, position 3
2022-07-14 19:22:03,248 - data_pipeline - INFO - LocalProcessConductance - Processing conductivity for sample 173, position 4
2022-07-14 19:22:03,271 - data_pipeline - INFO - LocalProcessConductance - Saving position conductivity data
2022-07-14 19:22:03,279 - data_pipeline - INFO - LocalProcessConductance - Saving sample conductivity data
2022-07-14 19:22:03,290 - data_pipeline - INFO - LocalProcessConductance - Saving raw conductivity data
2022-07-14 19:22:03,317 - data_pipeline - INFO - running CalculatePseudoconductivity
2022-07-14 19:22:03,668 - data_pipeline - INFO - running AggregateData
2022-07-14 19:22:03,710 - data_pipeline - INFO - LocalAggregateData - Saving aggregate sample data
2022-07-14 19:22:03,738 - data_pipeline - INFO - running CustomTransformations
2022-07-14 19:22:03,738 - data_pipeline - INFO - No cost parameters provided. Cost not calculated.
2022-07-14 19:22:03,755 - data_pipeline - INFO - running DataEntry
2022-07-14 19:22:03,756 - data_pipeline - INFO - LocalDataEntry - Complete the pipeline
