2022-07-14 19:06:58,400 - data_pipeline - INFO - running CampaignParameters
2022-07-14 19:06:58,401 - data_pipeline - INFO - LocalCampaignParameters - Reading Campaign Parameters
2022-07-14 19:06:58,514 - data_pipeline - INFO - running ProcessSampleParameters
2022-07-14 19:06:58,515 - data_pipeline - INFO - LocalProcessSampleParameters - Reformatting Sample Parameters
2022-07-14 19:06:58,542 - data_pipeline - INFO - LocalProcessSampleParameters - Saving sample parameters data
2022-07-14 19:06:58,580 - data_pipeline - INFO - running ProcessConductance
2022-07-14 19:06:58,581 - data_pipeline - INFO - LocalProcessConductance - Processing Conductivity
2022-07-14 19:06:58,582 - data_pipeline - INFO - LocalProcessConductance - Processing Conductivity for sample 172
2022-07-14 19:06:58,588 - data_pipeline - INFO - LocalProcessConductance - Processing conductivity for sample 172, position 0
2022-07-14 19:06:58,609 - data_pipeline - INFO - LocalProcessConductance - Processing conductivity for sample 172, position 1
2022-07-14 19:06:58,630 - data_pipeline - INFO - LocalProcessConductance - Processing conductivity for sample 172, position 2
2022-07-14 19:06:58,651 - data_pipeline - INFO - LocalProcessConductance - Processing conductivity for sample 172, position 3
2022-07-14 19:06:58,670 - data_pipeline - INFO - LocalProcessConductance - Processing conductivity for sample 172, position 4
2022-07-14 19:06:58,693 - data_pipeline - INFO - LocalProcessConductance - Saving position conductivity data
2022-07-14 19:06:58,702 - data_pipeline - INFO - LocalProcessConductance - Saving sample conductivity data
2022-07-14 19:06:58,714 - data_pipeline - INFO - LocalProcessConductance - Saving raw conductivity data
2022-07-14 19:06:58,733 - data_pipeline - INFO - running ProcessXRF
2022-07-14 19:06:58,734 - data_pipeline - INFO - LocalProcessXRF - Processing XRF
2022-07-14 19:07:02,706 - data_pipeline - INFO - running CalculatePseudoconductivity
2022-07-14 19:07:03,071 - data_pipeline - INFO - running AggregateData
2022-07-14 19:07:03,115 - data_pipeline - INFO - LocalAggregateData - Saving aggregate sample data
2022-07-14 19:07:03,142 - data_pipeline - INFO - running CustomTransformations
2022-07-14 19:07:03,142 - data_pipeline - INFO - No cost parameters provided. Cost not calculated.
2022-07-14 19:07:03,160 - data_pipeline - INFO - running DataEntry
2022-07-14 19:07:03,160 - data_pipeline - INFO - LocalDataEntry - Complete the pipeline
