2022-07-14 12:53:24,732 - data_pipeline - INFO - running CampaignParameters
2022-07-14 12:53:24,733 - data_pipeline - INFO - LocalCampaignParameters - Reading Campaign Parameters
2022-07-14 12:53:24,950 - data_pipeline - INFO - running ProcessSampleParameters
2022-07-14 12:53:24,950 - data_pipeline - INFO - LocalProcessSampleParameters - Reformatting Sample Parameters
2022-07-14 12:53:24,970 - data_pipeline - INFO - LocalProcessSampleParameters - Saving sample parameters data
2022-07-14 12:53:24,989 - data_pipeline - INFO - running ProcessConductance
2022-07-14 12:53:24,990 - data_pipeline - INFO - LocalProcessConductance - Processing Conductivity
2022-07-14 12:53:24,991 - data_pipeline - INFO - LocalProcessConductance - Processing Conductivity for sample 157
2022-07-14 12:53:24,994 - data_pipeline - INFO - LocalProcessConductance - Processing conductivity for sample 157, position 0
2022-07-14 12:53:25,012 - data_pipeline - INFO - LocalProcessConductance - Processing conductivity for sample 157, position 1
2022-07-14 12:53:25,032 - data_pipeline - INFO - LocalProcessConductance - Processing conductivity for sample 157, position 2
2022-07-14 12:53:25,051 - data_pipeline - INFO - LocalProcessConductance - Processing conductivity for sample 157, position 3
2022-07-14 12:53:25,070 - data_pipeline - INFO - LocalProcessConductance - Processing conductivity for sample 157, position 4
2022-07-14 12:53:25,094 - data_pipeline - INFO - LocalProcessConductance - Saving position conductivity data
2022-07-14 12:53:25,103 - data_pipeline - INFO - LocalProcessConductance - Saving sample conductivity data
2022-07-14 12:53:25,114 - data_pipeline - INFO - LocalProcessConductance - Saving raw conductivity data
2022-07-14 12:53:25,133 - data_pipeline - INFO - running ProcessXRF
2022-07-14 12:53:25,134 - data_pipeline - INFO - LocalProcessXRF - Processing XRF
2022-07-14 12:53:29,123 - data_pipeline - INFO - running CalculatePseudoconductivity
2022-07-14 12:53:29,408 - data_pipeline - INFO - running AggregateData
2022-07-14 12:53:29,452 - data_pipeline - INFO - LocalAggregateData - Saving aggregate sample data
2022-07-14 12:53:29,481 - data_pipeline - INFO - running CustomTransformations
2022-07-14 12:53:29,482 - data_pipeline - INFO - No cost parameters provided. Cost not calculated.
2022-07-14 12:53:29,499 - data_pipeline - INFO - running DataEntry
2022-07-14 12:53:29,500 - data_pipeline - INFO - LocalDataEntry - Complete the pipeline
