2022-07-14 13:31:16,583 - data_pipeline - INFO - running CampaignParameters
2022-07-14 13:31:16,584 - data_pipeline - INFO - LocalCampaignParameters - Reading Campaign Parameters
2022-07-14 13:31:16,821 - data_pipeline - INFO - running ProcessSampleParameters
2022-07-14 13:31:16,822 - data_pipeline - INFO - LocalProcessSampleParameters - Reformatting Sample Parameters
2022-07-14 13:31:16,842 - data_pipeline - INFO - LocalProcessSampleParameters - Saving sample parameters data
2022-07-14 13:31:16,863 - data_pipeline - INFO - running ProcessConductance
2022-07-14 13:31:16,864 - data_pipeline - INFO - LocalProcessConductance - Processing Conductivity
2022-07-14 13:31:16,865 - data_pipeline - INFO - LocalProcessConductance - Processing Conductivity for sample 159
2022-07-14 13:31:16,868 - data_pipeline - INFO - LocalProcessConductance - Processing conductivity for sample 159, position 0
2022-07-14 13:31:16,886 - data_pipeline - INFO - LocalProcessConductance - Processing conductivity for sample 159, position 1
2022-07-14 13:31:16,906 - data_pipeline - INFO - LocalProcessConductance - Processing conductivity for sample 159, position 2
2022-07-14 13:31:16,925 - data_pipeline - INFO - LocalProcessConductance - Processing conductivity for sample 159, position 3
2022-07-14 13:31:16,953 - data_pipeline - INFO - LocalProcessConductance - Processing conductivity for sample 159, position 4
2022-07-14 13:31:16,976 - data_pipeline - INFO - LocalProcessConductance - Saving position conductivity data
2022-07-14 13:31:16,983 - data_pipeline - INFO - LocalProcessConductance - Saving sample conductivity data
2022-07-14 13:31:16,995 - data_pipeline - INFO - LocalProcessConductance - Saving raw conductivity data
2022-07-14 13:31:17,014 - data_pipeline - INFO - running ProcessXRF
2022-07-14 13:31:17,015 - data_pipeline - INFO - LocalProcessXRF - Processing XRF
2022-07-14 13:31:21,000 - data_pipeline - INFO - running CalculatePseudoconductivity
2022-07-14 13:31:21,294 - data_pipeline - INFO - running AggregateData
2022-07-14 13:31:21,340 - data_pipeline - INFO - LocalAggregateData - Saving aggregate sample data
2022-07-14 13:31:21,367 - data_pipeline - INFO - running CustomTransformations
2022-07-14 13:31:21,368 - data_pipeline - INFO - No cost parameters provided. Cost not calculated.
2022-07-14 13:31:21,383 - data_pipeline - INFO - running DataEntry
2022-07-14 13:31:21,384 - data_pipeline - INFO - LocalDataEntry - Complete the pipeline
