2022-07-11 17:04:38,637 - data_pipeline - INFO - running CampaignParameters
2022-07-11 17:04:38,637 - data_pipeline - INFO - LocalCampaignParameters - Reading Campaign Parameters
2022-07-11 17:04:38,728 - data_pipeline - INFO - running ProcessSampleParameters
2022-07-11 17:04:38,729 - data_pipeline - INFO - LocalProcessSampleParameters - Reformatting Sample Parameters
2022-07-11 17:04:38,750 - data_pipeline - INFO - LocalProcessSampleParameters - Saving sample parameters data
2022-07-11 17:04:38,770 - data_pipeline - INFO - running ProcessConductance
2022-07-11 17:04:38,771 - data_pipeline - INFO - LocalProcessConductance - Processing Conductivity
2022-07-11 17:04:38,772 - data_pipeline - INFO - LocalProcessConductance - Processing Conductivity for sample 11
2022-07-11 17:04:38,775 - data_pipeline - INFO - LocalProcessConductance - Processing conductivity for sample 11, position 0
2022-07-11 17:04:38,791 - data_pipeline - INFO - LocalProcessConductance - Processing conductivity for sample 11, position 1
2022-07-11 17:04:38,807 - data_pipeline - INFO - LocalProcessConductance - Processing conductivity for sample 11, position 2
2022-07-11 17:04:38,823 - data_pipeline - INFO - LocalProcessConductance - Processing conductivity for sample 11, position 3
2022-07-11 17:04:38,839 - data_pipeline - INFO - LocalProcessConductance - Processing conductivity for sample 11, position 4
2022-07-11 17:04:38,859 - data_pipeline - INFO - LocalProcessConductance - Saving position conductivity data
2022-07-11 17:04:38,867 - data_pipeline - INFO - LocalProcessConductance - Saving sample conductivity data
2022-07-11 17:04:38,879 - data_pipeline - INFO - LocalProcessConductance - Saving raw conductivity data
2022-07-11 17:04:38,897 - data_pipeline - INFO - running ProcessXRF
2022-07-11 17:04:38,898 - data_pipeline - INFO - LocalProcessXRF - Processing XRF
2022-07-11 17:04:42,827 - data_pipeline - INFO - running CalculatePseudoconductivity
2022-07-11 17:04:43,143 - data_pipeline - INFO - running AggregateData
2022-07-11 17:04:43,185 - data_pipeline - INFO - LocalAggregateData - Saving aggregate sample data
2022-07-11 17:04:43,218 - data_pipeline - INFO - running CustomTransformations
2022-07-11 17:04:43,219 - data_pipeline - INFO - No cost parameters provided. Cost not calculated.
2022-07-11 17:04:43,236 - data_pipeline - INFO - running DataEntry
2022-07-11 17:04:43,237 - data_pipeline - INFO - LocalDataEntry - Complete the pipeline
