2022-07-14 14:20:17,603 - data_pipeline - INFO - running CampaignParameters
2022-07-14 14:20:17,604 - data_pipeline - INFO - LocalCampaignParameters - Reading Campaign Parameters
2022-07-14 14:20:17,779 - data_pipeline - INFO - running ProcessSampleParameters
2022-07-14 14:20:17,780 - data_pipeline - INFO - LocalProcessSampleParameters - Reformatting Sample Parameters
2022-07-14 14:20:17,800 - data_pipeline - INFO - LocalProcessSampleParameters - Saving sample parameters data
2022-07-14 14:20:17,821 - data_pipeline - INFO - running ProcessConductance
2022-07-14 14:20:17,822 - data_pipeline - INFO - LocalProcessConductance - Processing Conductivity
2022-07-14 14:20:17,823 - data_pipeline - INFO - LocalProcessConductance - Processing Conductivity for sample 162
2022-07-14 14:20:17,826 - data_pipeline - INFO - LocalProcessConductance - Processing conductivity for sample 162, position 0
2022-07-14 14:20:17,849 - data_pipeline - INFO - LocalProcessConductance - Processing conductivity for sample 162, position 1
2022-07-14 14:20:17,865 - data_pipeline - INFO - LocalProcessConductance - Processing conductivity for sample 162, position 2
2022-07-14 14:20:17,881 - data_pipeline - INFO - LocalProcessConductance - Processing conductivity for sample 162, position 3
2022-07-14 14:20:17,897 - data_pipeline - INFO - LocalProcessConductance - Processing conductivity for sample 162, position 4
2022-07-14 14:20:17,916 - data_pipeline - INFO - LocalProcessConductance - Saving position conductivity data
2022-07-14 14:20:17,925 - data_pipeline - INFO - LocalProcessConductance - Saving sample conductivity data
2022-07-14 14:20:17,936 - data_pipeline - INFO - LocalProcessConductance - Saving raw conductivity data
2022-07-14 14:20:17,954 - data_pipeline - INFO - running ProcessXRF
2022-07-14 14:20:17,956 - data_pipeline - INFO - LocalProcessXRF - Processing XRF
2022-07-14 14:20:21,971 - data_pipeline - INFO - running CalculatePseudoconductivity
2022-07-14 14:20:22,264 - data_pipeline - INFO - running AggregateData
2022-07-14 14:20:22,308 - data_pipeline - INFO - LocalAggregateData - Saving aggregate sample data
2022-07-14 14:20:22,334 - data_pipeline - INFO - running CustomTransformations
2022-07-14 14:20:22,335 - data_pipeline - INFO - No cost parameters provided. Cost not calculated.
2022-07-14 14:20:22,351 - data_pipeline - INFO - running DataEntry
2022-07-14 14:20:22,352 - data_pipeline - INFO - LocalDataEntry - Complete the pipeline
