2022-07-13 00:06:14,364 - data_pipeline - INFO - running CampaignParameters
2022-07-13 00:06:14,365 - data_pipeline - INFO - LocalCampaignParameters - Reading Campaign Parameters
2022-07-13 00:06:14,587 - data_pipeline - INFO - running ProcessSampleParameters
2022-07-13 00:06:14,588 - data_pipeline - INFO - LocalProcessSampleParameters - Reformatting Sample Parameters
2022-07-13 00:06:14,608 - data_pipeline - INFO - LocalProcessSampleParameters - Saving sample parameters data
2022-07-13 00:06:14,628 - data_pipeline - INFO - running ProcessConductance
2022-07-13 00:06:14,629 - data_pipeline - INFO - LocalProcessConductance - Processing Conductivity
2022-07-13 00:06:14,630 - data_pipeline - INFO - LocalProcessConductance - Processing Conductivity for sample 69
2022-07-13 00:06:14,633 - data_pipeline - INFO - LocalProcessConductance - Processing conductivity for sample 69, position 0
2022-07-13 00:06:14,652 - data_pipeline - INFO - LocalProcessConductance - Processing conductivity for sample 69, position 1
2022-07-13 00:06:14,671 - data_pipeline - INFO - LocalProcessConductance - Processing conductivity for sample 69, position 2
2022-07-13 00:06:14,690 - data_pipeline - INFO - LocalProcessConductance - Processing conductivity for sample 69, position 3
2022-07-13 00:06:14,709 - data_pipeline - INFO - LocalProcessConductance - Processing conductivity for sample 69, position 4
2022-07-13 00:06:14,732 - data_pipeline - INFO - LocalProcessConductance - Saving position conductivity data
2022-07-13 00:06:14,740 - data_pipeline - INFO - LocalProcessConductance - Saving sample conductivity data
2022-07-13 00:06:14,753 - data_pipeline - INFO - LocalProcessConductance - Saving raw conductivity data
2022-07-13 00:06:14,771 - data_pipeline - INFO - running ProcessXRF
2022-07-13 00:06:14,772 - data_pipeline - INFO - LocalProcessXRF - Processing XRF
2022-07-13 00:06:18,741 - data_pipeline - INFO - running CalculatePseudoconductivity
2022-07-13 00:06:19,032 - data_pipeline - INFO - running AggregateData
2022-07-13 00:06:19,076 - data_pipeline - INFO - LocalAggregateData - Saving aggregate sample data
2022-07-13 00:06:19,102 - data_pipeline - INFO - running CustomTransformations
2022-07-13 00:06:19,103 - data_pipeline - INFO - No cost parameters provided. Cost not calculated.
2022-07-13 00:06:19,124 - data_pipeline - INFO - running DataEntry
2022-07-13 00:06:19,125 - data_pipeline - INFO - LocalDataEntry - Complete the pipeline
