2022-07-13 04:44:46,853 - data_pipeline - INFO - running CampaignParameters
2022-07-13 04:44:46,854 - data_pipeline - INFO - LocalCampaignParameters - Reading Campaign Parameters
2022-07-13 04:44:47,249 - data_pipeline - INFO - running ProcessSampleParameters
2022-07-13 04:44:47,250 - data_pipeline - INFO - LocalProcessSampleParameters - Reformatting Sample Parameters
2022-07-13 04:44:47,270 - data_pipeline - INFO - LocalProcessSampleParameters - Saving sample parameters data
2022-07-13 04:44:47,288 - data_pipeline - INFO - running ProcessConductance
2022-07-13 04:44:47,289 - data_pipeline - INFO - LocalProcessConductance - Processing Conductivity
2022-07-13 04:44:47,290 - data_pipeline - INFO - LocalProcessConductance - Processing Conductivity for sample 84
2022-07-13 04:44:47,293 - data_pipeline - INFO - LocalProcessConductance - Processing conductivity for sample 84, position 0
2022-07-13 04:44:47,311 - data_pipeline - INFO - LocalProcessConductance - Processing conductivity for sample 84, position 1
2022-07-13 04:44:47,331 - data_pipeline - INFO - LocalProcessConductance - Processing conductivity for sample 84, position 2
2022-07-13 04:44:47,350 - data_pipeline - INFO - LocalProcessConductance - Processing conductivity for sample 84, position 3
2022-07-13 04:44:47,369 - data_pipeline - INFO - LocalProcessConductance - Processing conductivity for sample 84, position 4
2022-07-13 04:44:47,393 - data_pipeline - INFO - LocalProcessConductance - Saving position conductivity data
2022-07-13 04:44:47,401 - data_pipeline - INFO - LocalProcessConductance - Saving sample conductivity data
2022-07-13 04:44:47,412 - data_pipeline - INFO - LocalProcessConductance - Saving raw conductivity data
2022-07-13 04:44:47,431 - data_pipeline - INFO - running ProcessXRF
2022-07-13 04:44:47,432 - data_pipeline - INFO - LocalProcessXRF - Processing XRF
2022-07-13 04:44:51,532 - data_pipeline - INFO - running CalculatePseudoconductivity
2022-07-13 04:44:51,864 - data_pipeline - INFO - running AggregateData
2022-07-13 04:44:51,949 - data_pipeline - INFO - LocalAggregateData - Saving aggregate sample data
2022-07-13 04:44:51,978 - data_pipeline - INFO - running CustomTransformations
2022-07-13 04:44:51,979 - data_pipeline - INFO - No cost parameters provided. Cost not calculated.
2022-07-13 04:44:52,031 - data_pipeline - INFO - running DataEntry
2022-07-13 04:44:52,033 - data_pipeline - INFO - LocalDataEntry - Complete the pipeline
