2022-07-14 11:55:18,327 - data_pipeline - INFO - running CampaignParameters
2022-07-14 11:55:18,327 - data_pipeline - INFO - LocalCampaignParameters - Reading Campaign Parameters
2022-07-14 11:55:18,692 - data_pipeline - INFO - running ProcessSampleParameters
2022-07-14 11:55:18,693 - data_pipeline - INFO - LocalProcessSampleParameters - Reformatting Sample Parameters
2022-07-14 11:55:18,712 - data_pipeline - INFO - LocalProcessSampleParameters - Saving sample parameters data
2022-07-14 11:55:18,731 - data_pipeline - INFO - running ProcessConductance
2022-07-14 11:55:18,731 - data_pipeline - INFO - LocalProcessConductance - Processing Conductivity
2022-07-14 11:55:18,732 - data_pipeline - INFO - LocalProcessConductance - Processing Conductivity for sample 154
2022-07-14 11:55:18,735 - data_pipeline - INFO - LocalProcessConductance - Processing conductivity for sample 154, position 0
2022-07-14 11:55:18,749 - data_pipeline - INFO - LocalProcessConductance - Processing conductivity for sample 154, position 1
2022-07-14 11:55:18,764 - data_pipeline - INFO - LocalProcessConductance - Processing conductivity for sample 154, position 2
2022-07-14 11:55:18,788 - data_pipeline - INFO - LocalProcessConductance - Processing conductivity for sample 154, position 3
2022-07-14 11:55:18,803 - data_pipeline - INFO - LocalProcessConductance - Processing conductivity for sample 154, position 4
2022-07-14 11:55:18,822 - data_pipeline - INFO - LocalProcessConductance - Saving position conductivity data
2022-07-14 11:55:18,829 - data_pipeline - INFO - LocalProcessConductance - Saving sample conductivity data
2022-07-14 11:55:18,842 - data_pipeline - INFO - LocalProcessConductance - Saving raw conductivity data
2022-07-14 11:55:18,859 - data_pipeline - INFO - running ProcessXRF
2022-07-14 11:55:18,860 - data_pipeline - INFO - LocalProcessXRF - Processing XRF
2022-07-14 11:55:22,836 - data_pipeline - INFO - running CalculatePseudoconductivity
2022-07-14 11:55:23,096 - data_pipeline - INFO - running AggregateData
2022-07-14 11:55:23,140 - data_pipeline - INFO - LocalAggregateData - Saving aggregate sample data
2022-07-14 11:55:23,167 - data_pipeline - INFO - running CustomTransformations
2022-07-14 11:55:23,168 - data_pipeline - INFO - No cost parameters provided. Cost not calculated.
2022-07-14 11:55:23,185 - data_pipeline - INFO - running DataEntry
2022-07-14 11:55:23,185 - data_pipeline - INFO - LocalDataEntry - Complete the pipeline
