2022-07-11 18:25:48,585 - data_pipeline - INFO - running CampaignParameters
2022-07-11 18:25:48,586 - data_pipeline - INFO - LocalCampaignParameters - Reading Campaign Parameters
2022-07-11 18:25:48,693 - data_pipeline - INFO - running ProcessSampleParameters
2022-07-11 18:25:48,694 - data_pipeline - INFO - LocalProcessSampleParameters - Reformatting Sample Parameters
2022-07-11 18:25:48,714 - data_pipeline - INFO - LocalProcessSampleParameters - Saving sample parameters data
2022-07-11 18:25:48,734 - data_pipeline - INFO - running ProcessConductance
2022-07-11 18:25:48,735 - data_pipeline - INFO - LocalProcessConductance - Processing Conductivity
2022-07-11 18:25:48,736 - data_pipeline - INFO - LocalProcessConductance - Processing Conductivity for sample 16
2022-07-11 18:25:48,739 - data_pipeline - INFO - LocalProcessConductance - Processing conductivity for sample 16, position 0
2022-07-11 18:25:48,755 - data_pipeline - INFO - LocalProcessConductance - Processing conductivity for sample 16, position 1
2022-07-11 18:25:48,771 - data_pipeline - INFO - LocalProcessConductance - Processing conductivity for sample 16, position 2
2022-07-11 18:25:48,787 - data_pipeline - INFO - LocalProcessConductance - Processing conductivity for sample 16, position 3
2022-07-11 18:25:48,803 - data_pipeline - INFO - LocalProcessConductance - Processing conductivity for sample 16, position 4
2022-07-11 18:25:48,822 - data_pipeline - INFO - LocalProcessConductance - Saving position conductivity data
2022-07-11 18:25:48,831 - data_pipeline - INFO - LocalProcessConductance - Saving sample conductivity data
2022-07-11 18:25:48,843 - data_pipeline - INFO - LocalProcessConductance - Saving raw conductivity data
2022-07-11 18:25:48,860 - data_pipeline - INFO - running ProcessXRF
2022-07-11 18:25:48,861 - data_pipeline - INFO - LocalProcessXRF - Processing XRF
2022-07-11 18:25:52,784 - data_pipeline - INFO - running CalculatePseudoconductivity
2022-07-11 18:25:53,147 - data_pipeline - INFO - running AggregateData
2022-07-11 18:25:53,189 - data_pipeline - INFO - LocalAggregateData - Saving aggregate sample data
2022-07-11 18:25:53,216 - data_pipeline - INFO - running CustomTransformations
2022-07-11 18:25:53,217 - data_pipeline - INFO - No cost parameters provided. Cost not calculated.
2022-07-11 18:25:53,233 - data_pipeline - INFO - running DataEntry
2022-07-11 18:25:53,234 - data_pipeline - INFO - LocalDataEntry - Complete the pipeline
