2022-07-13 15:09:45,958 - data_pipeline - INFO - running CampaignParameters
2022-07-13 15:09:45,959 - data_pipeline - INFO - LocalCampaignParameters - Reading Campaign Parameters
2022-07-13 15:09:46,060 - data_pipeline - INFO - running ProcessSampleParameters
2022-07-13 15:09:46,061 - data_pipeline - INFO - LocalProcessSampleParameters - Reformatting Sample Parameters
2022-07-13 15:09:46,081 - data_pipeline - INFO - LocalProcessSampleParameters - Saving sample parameters data
2022-07-13 15:09:46,099 - data_pipeline - INFO - running ProcessConductance
2022-07-13 15:09:46,100 - data_pipeline - INFO - LocalProcessConductance - Processing Conductivity
2022-07-13 15:09:46,101 - data_pipeline - INFO - LocalProcessConductance - Processing Conductivity for sample 100
2022-07-13 15:09:46,104 - data_pipeline - INFO - LocalProcessConductance - Processing conductivity for sample 100, position 0
2022-07-13 15:09:46,123 - data_pipeline - INFO - LocalProcessConductance - Processing conductivity for sample 100, position 1
2022-07-13 15:09:46,144 - data_pipeline - INFO - LocalProcessConductance - Processing conductivity for sample 100, position 2
2022-07-13 15:09:46,163 - data_pipeline - INFO - LocalProcessConductance - Processing conductivity for sample 100, position 3
2022-07-13 15:09:46,183 - data_pipeline - INFO - LocalProcessConductance - Processing conductivity for sample 100, position 4
2022-07-13 15:09:46,206 - data_pipeline - INFO - LocalProcessConductance - Saving position conductivity data
2022-07-13 15:09:46,215 - data_pipeline - INFO - LocalProcessConductance - Saving sample conductivity data
2022-07-13 15:09:46,227 - data_pipeline - INFO - LocalProcessConductance - Saving raw conductivity data
2022-07-13 15:09:46,249 - data_pipeline - INFO - running ProcessXRF
2022-07-13 15:09:46,249 - data_pipeline - INFO - LocalProcessXRF - Processing XRF
2022-07-13 15:09:50,251 - data_pipeline - INFO - running CalculatePseudoconductivity
2022-07-13 15:09:50,547 - data_pipeline - INFO - running AggregateData
2022-07-13 15:09:50,591 - data_pipeline - INFO - LocalAggregateData - Saving aggregate sample data
2022-07-13 15:09:50,619 - data_pipeline - INFO - running CustomTransformations
2022-07-13 15:09:50,620 - data_pipeline - INFO - No cost parameters provided. Cost not calculated.
2022-07-13 15:09:50,636 - data_pipeline - INFO - running DataEntry
2022-07-13 15:09:50,636 - data_pipeline - INFO - LocalDataEntry - Complete the pipeline
