2022-07-11 15:50:25,999 - data_pipeline - INFO - running CampaignParameters
2022-07-11 15:50:26,000 - data_pipeline - INFO - LocalCampaignParameters - Reading Campaign Parameters
2022-07-11 15:50:26,084 - data_pipeline - INFO - running ProcessSampleParameters
2022-07-11 15:50:26,085 - data_pipeline - INFO - LocalProcessSampleParameters - Reformatting Sample Parameters
2022-07-11 15:50:26,105 - data_pipeline - INFO - LocalProcessSampleParameters - Saving sample parameters data
2022-07-11 15:50:26,124 - data_pipeline - INFO - running ProcessConductance
2022-07-11 15:50:26,124 - data_pipeline - INFO - LocalProcessConductance - Processing Conductivity
2022-07-11 15:50:26,125 - data_pipeline - INFO - LocalProcessConductance - Processing Conductivity for sample 7
2022-07-11 15:50:26,128 - data_pipeline - INFO - LocalProcessConductance - Processing conductivity for sample 7, position 0
2022-07-11 15:50:26,144 - data_pipeline - INFO - LocalProcessConductance - Processing conductivity for sample 7, position 1
2022-07-11 15:50:26,160 - data_pipeline - INFO - LocalProcessConductance - Processing conductivity for sample 7, position 2
2022-07-11 15:50:26,176 - data_pipeline - INFO - LocalProcessConductance - Processing conductivity for sample 7, position 3
2022-07-11 15:50:26,192 - data_pipeline - INFO - LocalProcessConductance - Processing conductivity for sample 7, position 4
2022-07-11 15:50:26,211 - data_pipeline - INFO - LocalProcessConductance - Saving position conductivity data
2022-07-11 15:50:26,219 - data_pipeline - INFO - LocalProcessConductance - Saving sample conductivity data
2022-07-11 15:50:26,231 - data_pipeline - INFO - LocalProcessConductance - Saving raw conductivity data
2022-07-11 15:50:26,250 - data_pipeline - INFO - running ProcessXRF
2022-07-11 15:50:26,251 - data_pipeline - INFO - LocalProcessXRF - Processing XRF
2022-07-11 15:50:30,327 - data_pipeline - INFO - running CalculatePseudoconductivity
2022-07-11 15:50:30,588 - data_pipeline - INFO - running AggregateData
2022-07-11 15:50:30,634 - data_pipeline - INFO - LocalAggregateData - Saving aggregate sample data
2022-07-11 15:50:30,668 - data_pipeline - INFO - running CustomTransformations
2022-07-11 15:50:30,668 - data_pipeline - INFO - No cost parameters provided. Cost not calculated.
2022-07-11 15:50:30,717 - data_pipeline - INFO - running DataEntry
2022-07-11 15:50:30,718 - data_pipeline - INFO - LocalDataEntry - Complete the pipeline
