2022-07-12 17:37:20,601 - data_pipeline - INFO - running CampaignParameters
2022-07-12 17:37:20,601 - data_pipeline - INFO - LocalCampaignParameters - Reading Campaign Parameters
2022-07-12 17:37:20,773 - data_pipeline - INFO - running ProcessSampleParameters
2022-07-12 17:37:20,774 - data_pipeline - INFO - LocalProcessSampleParameters - Reformatting Sample Parameters
2022-07-12 17:37:20,794 - data_pipeline - INFO - LocalProcessSampleParameters - Saving sample parameters data
2022-07-12 17:37:20,814 - data_pipeline - INFO - running ProcessConductance
2022-07-12 17:37:20,815 - data_pipeline - INFO - LocalProcessConductance - Processing Conductivity
2022-07-12 17:37:20,816 - data_pipeline - INFO - LocalProcessConductance - Processing Conductivity for sample 51
2022-07-12 17:37:20,819 - data_pipeline - INFO - LocalProcessConductance - Processing conductivity for sample 51, position 0
2022-07-12 17:37:20,839 - data_pipeline - INFO - LocalProcessConductance - Processing conductivity for sample 51, position 1
2022-07-12 17:37:20,858 - data_pipeline - INFO - LocalProcessConductance - Processing conductivity for sample 51, position 2
2022-07-12 17:37:20,877 - data_pipeline - INFO - LocalProcessConductance - Processing conductivity for sample 51, position 3
2022-07-12 17:37:20,896 - data_pipeline - INFO - LocalProcessConductance - Processing conductivity for sample 51, position 4
2022-07-12 17:37:20,919 - data_pipeline - INFO - LocalProcessConductance - Saving position conductivity data
2022-07-12 17:37:20,928 - data_pipeline - INFO - LocalProcessConductance - Saving sample conductivity data
2022-07-12 17:37:20,939 - data_pipeline - INFO - LocalProcessConductance - Saving raw conductivity data
2022-07-12 17:37:20,957 - data_pipeline - INFO - running ProcessXRF
2022-07-12 17:37:20,957 - data_pipeline - INFO - LocalProcessXRF - Processing XRF
2022-07-12 17:37:24,990 - data_pipeline - INFO - running CalculatePseudoconductivity
2022-07-12 17:37:25,255 - data_pipeline - INFO - running AggregateData
2022-07-12 17:37:25,299 - data_pipeline - INFO - LocalAggregateData - Saving aggregate sample data
2022-07-12 17:37:25,327 - data_pipeline - INFO - running CustomTransformations
2022-07-12 17:37:25,328 - data_pipeline - INFO - No cost parameters provided. Cost not calculated.
2022-07-12 17:37:25,344 - data_pipeline - INFO - running DataEntry
2022-07-12 17:37:25,345 - data_pipeline - INFO - LocalDataEntry - Complete the pipeline
