2022-07-13 14:32:18,400 - data_pipeline - INFO - running CampaignParameters
2022-07-13 14:32:18,401 - data_pipeline - INFO - LocalCampaignParameters - Reading Campaign Parameters
2022-07-13 14:32:18,496 - data_pipeline - INFO - running ProcessSampleParameters
2022-07-13 14:32:18,497 - data_pipeline - INFO - LocalProcessSampleParameters - Reformatting Sample Parameters
2022-07-13 14:32:18,517 - data_pipeline - INFO - LocalProcessSampleParameters - Saving sample parameters data
2022-07-13 14:32:18,536 - data_pipeline - INFO - running ProcessConductance
2022-07-13 14:32:18,537 - data_pipeline - INFO - LocalProcessConductance - Processing Conductivity
2022-07-13 14:32:18,538 - data_pipeline - INFO - LocalProcessConductance - Processing Conductivity for sample 98
2022-07-13 14:32:18,541 - data_pipeline - INFO - LocalProcessConductance - Processing conductivity for sample 98, position 0
2022-07-13 14:32:18,561 - data_pipeline - INFO - LocalProcessConductance - Processing conductivity for sample 98, position 1
2022-07-13 14:32:18,581 - data_pipeline - INFO - LocalProcessConductance - Processing conductivity for sample 98, position 2
2022-07-13 14:32:18,600 - data_pipeline - INFO - LocalProcessConductance - Processing conductivity for sample 98, position 3
2022-07-13 14:32:18,620 - data_pipeline - INFO - LocalProcessConductance - Processing conductivity for sample 98, position 4
2022-07-13 14:32:18,644 - data_pipeline - INFO - LocalProcessConductance - Saving position conductivity data
2022-07-13 14:32:18,653 - data_pipeline - INFO - LocalProcessConductance - Saving sample conductivity data
2022-07-13 14:32:18,665 - data_pipeline - INFO - LocalProcessConductance - Saving raw conductivity data
2022-07-13 14:32:18,683 - data_pipeline - INFO - running ProcessXRF
2022-07-13 14:32:18,683 - data_pipeline - INFO - LocalProcessXRF - Processing XRF
2022-07-13 14:32:22,746 - data_pipeline - INFO - running CalculatePseudoconductivity
2022-07-13 14:32:23,093 - data_pipeline - INFO - running AggregateData
2022-07-13 14:32:23,136 - data_pipeline - INFO - LocalAggregateData - Saving aggregate sample data
2022-07-13 14:32:23,162 - data_pipeline - INFO - running CustomTransformations
2022-07-13 14:32:23,163 - data_pipeline - INFO - No cost parameters provided. Cost not calculated.
2022-07-13 14:32:23,180 - data_pipeline - INFO - running DataEntry
2022-07-13 14:32:23,181 - data_pipeline - INFO - LocalDataEntry - Complete the pipeline
