2022-07-12 11:49:02,177 - data_pipeline - INFO - running CampaignParameters
2022-07-12 11:49:02,178 - data_pipeline - INFO - LocalCampaignParameters - Reading Campaign Parameters
2022-07-12 11:49:02,244 - data_pipeline - INFO - running ProcessSampleParameters
2022-07-12 11:49:02,245 - data_pipeline - INFO - LocalProcessSampleParameters - Reformatting Sample Parameters
2022-07-12 11:49:02,264 - data_pipeline - INFO - LocalProcessSampleParameters - Saving sample parameters data
2022-07-12 11:49:02,284 - data_pipeline - INFO - running ProcessConductance
2022-07-12 11:49:02,285 - data_pipeline - INFO - LocalProcessConductance - Processing Conductivity
2022-07-12 11:49:02,286 - data_pipeline - INFO - LocalProcessConductance - Processing Conductivity for sample 31
2022-07-12 11:49:02,289 - data_pipeline - INFO - LocalProcessConductance - Processing conductivity for sample 31, position 0
2022-07-12 11:49:02,304 - data_pipeline - INFO - LocalProcessConductance - Processing conductivity for sample 31, position 1
2022-07-12 11:49:02,321 - data_pipeline - INFO - LocalProcessConductance - Processing conductivity for sample 31, position 2
2022-07-12 11:49:02,337 - data_pipeline - INFO - LocalProcessConductance - Processing conductivity for sample 31, position 3
2022-07-12 11:49:02,356 - data_pipeline - INFO - LocalProcessConductance - Processing conductivity for sample 31, position 4
2022-07-12 11:49:02,380 - data_pipeline - INFO - LocalProcessConductance - Saving position conductivity data
2022-07-12 11:49:02,388 - data_pipeline - INFO - LocalProcessConductance - Saving sample conductivity data
2022-07-12 11:49:02,400 - data_pipeline - INFO - LocalProcessConductance - Saving raw conductivity data
2022-07-12 11:49:02,417 - data_pipeline - INFO - running ProcessXRF
2022-07-12 11:49:02,417 - data_pipeline - INFO - LocalProcessXRF - Processing XRF
2022-07-12 11:49:06,321 - data_pipeline - INFO - running CalculatePseudoconductivity
2022-07-12 11:49:06,728 - data_pipeline - INFO - running AggregateData
2022-07-12 11:49:06,770 - data_pipeline - INFO - LocalAggregateData - Saving aggregate sample data
2022-07-12 11:49:06,803 - data_pipeline - INFO - running CustomTransformations
2022-07-12 11:49:06,804 - data_pipeline - INFO - No cost parameters provided. Cost not calculated.
2022-07-12 11:49:06,820 - data_pipeline - INFO - running DataEntry
2022-07-12 11:49:06,820 - data_pipeline - INFO - LocalDataEntry - Complete the pipeline
