2022-07-14 18:29:21,223 - data_pipeline - INFO - running CampaignParameters
2022-07-14 18:29:21,224 - data_pipeline - INFO - LocalCampaignParameters - Reading Campaign Parameters
2022-07-14 18:29:21,329 - data_pipeline - INFO - running ProcessSampleParameters
2022-07-14 18:29:21,329 - data_pipeline - INFO - LocalProcessSampleParameters - Reformatting Sample Parameters
2022-07-14 18:29:21,349 - data_pipeline - INFO - LocalProcessSampleParameters - Saving sample parameters data
2022-07-14 18:29:21,368 - data_pipeline - INFO - running ProcessConductance
2022-07-14 18:29:21,369 - data_pipeline - INFO - LocalProcessConductance - Processing Conductivity
2022-07-14 18:29:21,370 - data_pipeline - INFO - LocalProcessConductance - Processing Conductivity for sample 170
2022-07-14 18:29:21,373 - data_pipeline - INFO - LocalProcessConductance - Processing conductivity for sample 170, position 0
2022-07-14 18:29:21,389 - data_pipeline - INFO - LocalProcessConductance - Processing conductivity for sample 170, position 1
2022-07-14 18:29:21,405 - data_pipeline - INFO - LocalProcessConductance - Processing conductivity for sample 170, position 2
2022-07-14 18:29:21,422 - data_pipeline - INFO - LocalProcessConductance - Processing conductivity for sample 170, position 3
2022-07-14 18:29:21,437 - data_pipeline - INFO - LocalProcessConductance - Processing conductivity for sample 170, position 4
2022-07-14 18:29:21,457 - data_pipeline - INFO - LocalProcessConductance - Saving position conductivity data
2022-07-14 18:29:21,465 - data_pipeline - INFO - LocalProcessConductance - Saving sample conductivity data
2022-07-14 18:29:21,477 - data_pipeline - INFO - LocalProcessConductance - Saving raw conductivity data
2022-07-14 18:29:21,495 - data_pipeline - INFO - running ProcessXRF
2022-07-14 18:29:21,497 - data_pipeline - INFO - LocalProcessXRF - Processing XRF
2022-07-14 18:29:25,488 - data_pipeline - INFO - running CalculatePseudoconductivity
2022-07-14 18:29:25,832 - data_pipeline - INFO - running AggregateData
2022-07-14 18:29:25,874 - data_pipeline - INFO - LocalAggregateData - Saving aggregate sample data
2022-07-14 18:29:25,903 - data_pipeline - INFO - running CustomTransformations
2022-07-14 18:29:25,904 - data_pipeline - INFO - No cost parameters provided. Cost not calculated.
2022-07-14 18:29:25,922 - data_pipeline - INFO - running DataEntry
2022-07-14 18:29:25,923 - data_pipeline - INFO - LocalDataEntry - Complete the pipeline
