2022-07-12 13:30:12,876 - data_pipeline - INFO - running CampaignParameters
2022-07-12 13:30:12,877 - data_pipeline - INFO - LocalCampaignParameters - Reading Campaign Parameters
2022-07-12 13:30:12,962 - data_pipeline - INFO - running ProcessSampleParameters
2022-07-12 13:30:12,963 - data_pipeline - INFO - LocalProcessSampleParameters - Reformatting Sample Parameters
2022-07-12 13:30:12,982 - data_pipeline - INFO - LocalProcessSampleParameters - Saving sample parameters data
2022-07-12 13:30:13,002 - data_pipeline - INFO - running ProcessConductance
2022-07-12 13:30:13,003 - data_pipeline - INFO - LocalProcessConductance - Processing Conductivity
2022-07-12 13:30:13,004 - data_pipeline - INFO - LocalProcessConductance - Processing Conductivity for sample 37
2022-07-12 13:30:13,007 - data_pipeline - INFO - LocalProcessConductance - Processing conductivity for sample 37, position 0
2022-07-12 13:30:13,026 - data_pipeline - INFO - LocalProcessConductance - Processing conductivity for sample 37, position 1
2022-07-12 13:30:13,046 - data_pipeline - INFO - LocalProcessConductance - Processing conductivity for sample 37, position 2
2022-07-12 13:30:13,066 - data_pipeline - INFO - LocalProcessConductance - Processing conductivity for sample 37, position 3
2022-07-12 13:30:13,085 - data_pipeline - INFO - LocalProcessConductance - Processing conductivity for sample 37, position 4
2022-07-12 13:30:13,109 - data_pipeline - INFO - LocalProcessConductance - Saving position conductivity data
2022-07-12 13:30:13,117 - data_pipeline - INFO - LocalProcessConductance - Saving sample conductivity data
2022-07-12 13:30:13,129 - data_pipeline - INFO - LocalProcessConductance - Saving raw conductivity data
2022-07-12 13:30:13,148 - data_pipeline - INFO - running ProcessXRF
2022-07-12 13:30:13,149 - data_pipeline - INFO - LocalProcessXRF - Processing XRF
2022-07-12 13:30:17,127 - data_pipeline - INFO - running CalculatePseudoconductivity
2022-07-12 13:30:17,407 - data_pipeline - INFO - running AggregateData
2022-07-12 13:30:17,450 - data_pipeline - INFO - LocalAggregateData - Saving aggregate sample data
2022-07-12 13:30:17,477 - data_pipeline - INFO - running CustomTransformations
2022-07-12 13:30:17,479 - data_pipeline - INFO - No cost parameters provided. Cost not calculated.
2022-07-12 13:30:17,494 - data_pipeline - INFO - running DataEntry
2022-07-12 13:30:17,494 - data_pipeline - INFO - LocalDataEntry - Complete the pipeline
