2022-07-12 12:34:57,596 - data_pipeline - INFO - running CampaignParameters
2022-07-12 12:34:57,597 - data_pipeline - INFO - LocalCampaignParameters - Reading Campaign Parameters
2022-07-12 12:34:57,719 - data_pipeline - INFO - running ProcessSampleParameters
2022-07-12 12:34:57,720 - data_pipeline - INFO - LocalProcessSampleParameters - Reformatting Sample Parameters
2022-07-12 12:34:57,741 - data_pipeline - INFO - LocalProcessSampleParameters - Saving sample parameters data
2022-07-12 12:34:57,760 - data_pipeline - INFO - running ProcessConductance
2022-07-12 12:34:57,761 - data_pipeline - INFO - LocalProcessConductance - Processing Conductivity
2022-07-12 12:34:57,762 - data_pipeline - INFO - LocalProcessConductance - Processing Conductivity for sample 34
2022-07-12 12:34:57,765 - data_pipeline - INFO - LocalProcessConductance - Processing conductivity for sample 34, position 0
2022-07-12 12:34:57,784 - data_pipeline - INFO - LocalProcessConductance - Processing conductivity for sample 34, position 1
2022-07-12 12:34:57,804 - data_pipeline - INFO - LocalProcessConductance - Processing conductivity for sample 34, position 2
2022-07-12 12:34:57,824 - data_pipeline - INFO - LocalProcessConductance - Processing conductivity for sample 34, position 3
2022-07-12 12:34:57,844 - data_pipeline - INFO - LocalProcessConductance - Processing conductivity for sample 34, position 4
2022-07-12 12:34:57,867 - data_pipeline - INFO - LocalProcessConductance - Saving position conductivity data
2022-07-12 12:34:57,875 - data_pipeline - INFO - LocalProcessConductance - Saving sample conductivity data
2022-07-12 12:34:57,887 - data_pipeline - INFO - LocalProcessConductance - Saving raw conductivity data
2022-07-12 12:34:57,905 - data_pipeline - INFO - running ProcessXRF
2022-07-12 12:34:57,906 - data_pipeline - INFO - LocalProcessXRF - Processing XRF
2022-07-12 12:35:01,967 - data_pipeline - INFO - running CalculatePseudoconductivity
2022-07-12 12:35:02,271 - data_pipeline - INFO - running AggregateData
2022-07-12 12:35:02,314 - data_pipeline - INFO - LocalAggregateData - Saving aggregate sample data
2022-07-12 12:35:02,343 - data_pipeline - INFO - running CustomTransformations
2022-07-12 12:35:02,343 - data_pipeline - INFO - No cost parameters provided. Cost not calculated.
2022-07-12 12:35:02,360 - data_pipeline - INFO - running DataEntry
2022-07-12 12:35:02,361 - data_pipeline - INFO - LocalDataEntry - Complete the pipeline
