2022-07-14 09:16:54,874 - data_pipeline - INFO - running CampaignParameters
2022-07-14 09:16:54,874 - data_pipeline - INFO - LocalCampaignParameters - Reading Campaign Parameters
2022-07-14 09:16:55,108 - data_pipeline - INFO - running ProcessSampleParameters
2022-07-14 09:16:55,109 - data_pipeline - INFO - LocalProcessSampleParameters - Reformatting Sample Parameters
2022-07-14 09:16:55,129 - data_pipeline - INFO - LocalProcessSampleParameters - Saving sample parameters data
2022-07-14 09:16:55,148 - data_pipeline - INFO - running ProcessConductance
2022-07-14 09:16:55,149 - data_pipeline - INFO - LocalProcessConductance - Processing Conductivity
2022-07-14 09:16:55,150 - data_pipeline - INFO - LocalProcessConductance - Processing Conductivity for sample 145
2022-07-14 09:16:55,153 - data_pipeline - INFO - LocalProcessConductance - Processing conductivity for sample 145, position 0
2022-07-14 09:16:55,168 - data_pipeline - INFO - LocalProcessConductance - Processing conductivity for sample 145, position 1
2022-07-14 09:16:55,184 - data_pipeline - INFO - LocalProcessConductance - Processing conductivity for sample 145, position 2
2022-07-14 09:16:55,200 - data_pipeline - INFO - LocalProcessConductance - Processing conductivity for sample 145, position 3
2022-07-14 09:16:55,215 - data_pipeline - INFO - LocalProcessConductance - Processing conductivity for sample 145, position 4
2022-07-14 09:16:55,234 - data_pipeline - INFO - LocalProcessConductance - Saving position conductivity data
2022-07-14 09:16:55,242 - data_pipeline - INFO - LocalProcessConductance - Saving sample conductivity data
2022-07-14 09:16:55,254 - data_pipeline - INFO - LocalProcessConductance - Saving raw conductivity data
2022-07-14 09:16:55,272 - data_pipeline - INFO - running ProcessXRF
2022-07-14 09:16:55,273 - data_pipeline - INFO - LocalProcessXRF - Processing XRF
2022-07-14 09:16:59,265 - data_pipeline - INFO - running CalculatePseudoconductivity
2022-07-14 09:16:59,579 - data_pipeline - INFO - running AggregateData
2022-07-14 09:16:59,622 - data_pipeline - INFO - LocalAggregateData - Saving aggregate sample data
2022-07-14 09:16:59,649 - data_pipeline - INFO - running CustomTransformations
2022-07-14 09:16:59,650 - data_pipeline - INFO - No cost parameters provided. Cost not calculated.
2022-07-14 09:16:59,667 - data_pipeline - INFO - running DataEntry
2022-07-14 09:16:59,668 - data_pipeline - INFO - LocalDataEntry - Complete the pipeline
