2022-07-12 12:08:18,571 - data_pipeline - INFO - running CampaignParameters
2022-07-12 12:08:18,572 - data_pipeline - INFO - LocalCampaignParameters - Reading Campaign Parameters
2022-07-12 12:08:18,645 - data_pipeline - INFO - running ProcessSampleParameters
2022-07-12 12:08:18,645 - data_pipeline - INFO - LocalProcessSampleParameters - Reformatting Sample Parameters
2022-07-12 12:08:18,666 - data_pipeline - INFO - LocalProcessSampleParameters - Saving sample parameters data
2022-07-12 12:08:18,685 - data_pipeline - INFO - running ProcessConductance
2022-07-12 12:08:18,686 - data_pipeline - INFO - LocalProcessConductance - Processing Conductivity
2022-07-12 12:08:18,687 - data_pipeline - INFO - LocalProcessConductance - Processing Conductivity for sample 32
2022-07-12 12:08:18,690 - data_pipeline - INFO - LocalProcessConductance - Processing conductivity for sample 32, position 0
2022-07-12 12:08:18,705 - data_pipeline - INFO - LocalProcessConductance - Processing conductivity for sample 32, position 1
2022-07-12 12:08:18,720 - data_pipeline - INFO - LocalProcessConductance - Processing conductivity for sample 32, position 2
2022-07-12 12:08:18,735 - data_pipeline - INFO - LocalProcessConductance - Processing conductivity for sample 32, position 3
2022-07-12 12:08:18,755 - data_pipeline - INFO - LocalProcessConductance - Processing conductivity for sample 32, position 4
2022-07-12 12:08:18,779 - data_pipeline - INFO - LocalProcessConductance - Saving position conductivity data
2022-07-12 12:08:18,787 - data_pipeline - INFO - LocalProcessConductance - Saving sample conductivity data
2022-07-12 12:08:18,799 - data_pipeline - INFO - LocalProcessConductance - Saving raw conductivity data
2022-07-12 12:08:18,818 - data_pipeline - INFO - running ProcessXRF
2022-07-12 12:08:18,819 - data_pipeline - INFO - LocalProcessXRF - Processing XRF
2022-07-12 12:08:22,773 - data_pipeline - INFO - running CalculatePseudoconductivity
2022-07-12 12:08:23,093 - data_pipeline - INFO - running AggregateData
2022-07-12 12:08:23,136 - data_pipeline - INFO - LocalAggregateData - Saving aggregate sample data
2022-07-12 12:08:23,165 - data_pipeline - INFO - running CustomTransformations
2022-07-12 12:08:23,166 - data_pipeline - INFO - No cost parameters provided. Cost not calculated.
2022-07-12 12:08:23,210 - data_pipeline - INFO - running DataEntry
2022-07-12 12:08:23,211 - data_pipeline - INFO - LocalDataEntry - Complete the pipeline
