2022-07-11 18:11:32,566 - data_pipeline - INFO - running CampaignParameters
2022-07-11 18:11:32,567 - data_pipeline - INFO - LocalCampaignParameters - Reading Campaign Parameters
2022-07-11 18:11:32,671 - data_pipeline - INFO - running ProcessSampleParameters
2022-07-11 18:11:32,672 - data_pipeline - INFO - LocalProcessSampleParameters - Reformatting Sample Parameters
2022-07-11 18:11:32,692 - data_pipeline - INFO - LocalProcessSampleParameters - Saving sample parameters data
2022-07-11 18:11:32,711 - data_pipeline - INFO - running ProcessConductance
2022-07-11 18:11:32,711 - data_pipeline - INFO - LocalProcessConductance - Processing Conductivity
2022-07-11 18:11:32,712 - data_pipeline - INFO - LocalProcessConductance - Processing Conductivity for sample 15
2022-07-11 18:11:32,715 - data_pipeline - INFO - LocalProcessConductance - Processing conductivity for sample 15, position 0
2022-07-11 18:11:32,735 - data_pipeline - INFO - LocalProcessConductance - Processing conductivity for sample 15, position 1
2022-07-11 18:11:32,755 - data_pipeline - INFO - LocalProcessConductance - Processing conductivity for sample 15, position 2
2022-07-11 18:11:32,781 - data_pipeline - INFO - LocalProcessConductance - Processing conductivity for sample 15, position 3
2022-07-11 18:11:32,801 - data_pipeline - INFO - LocalProcessConductance - Processing conductivity for sample 15, position 4
2022-07-11 18:11:32,825 - data_pipeline - INFO - LocalProcessConductance - Saving position conductivity data
2022-07-11 18:11:32,832 - data_pipeline - INFO - LocalProcessConductance - Saving sample conductivity data
2022-07-11 18:11:32,843 - data_pipeline - INFO - LocalProcessConductance - Saving raw conductivity data
2022-07-11 18:11:32,862 - data_pipeline - INFO - running ProcessXRF
2022-07-11 18:11:32,863 - data_pipeline - INFO - LocalProcessXRF - Processing XRF
2022-07-11 18:11:36,746 - data_pipeline - INFO - running CalculatePseudoconductivity
2022-07-11 18:11:37,005 - data_pipeline - INFO - running AggregateData
2022-07-11 18:11:37,049 - data_pipeline - INFO - LocalAggregateData - Saving aggregate sample data
2022-07-11 18:11:37,130 - data_pipeline - INFO - running CustomTransformations
2022-07-11 18:11:37,131 - data_pipeline - INFO - No cost parameters provided. Cost not calculated.
2022-07-11 18:11:37,844 - data_pipeline - INFO - running DataEntry
2022-07-11 18:11:37,850 - data_pipeline - INFO - LocalDataEntry - Complete the pipeline
