2022-07-13 19:53:49,054 - data_pipeline - INFO - running CampaignParameters
2022-07-13 19:53:49,055 - data_pipeline - INFO - LocalCampaignParameters - Reading Campaign Parameters
2022-07-13 19:53:49,282 - data_pipeline - INFO - running ProcessSampleParameters
2022-07-13 19:53:49,283 - data_pipeline - INFO - LocalProcessSampleParameters - Reformatting Sample Parameters
2022-07-13 19:53:49,304 - data_pipeline - INFO - LocalProcessSampleParameters - Saving sample parameters data
2022-07-13 19:53:49,322 - data_pipeline - INFO - running ProcessConductance
2022-07-13 19:53:49,323 - data_pipeline - INFO - LocalProcessConductance - Processing Conductivity
2022-07-13 19:53:49,324 - data_pipeline - INFO - LocalProcessConductance - Processing Conductivity for sample 115
2022-07-13 19:53:49,327 - data_pipeline - INFO - LocalProcessConductance - Processing conductivity for sample 115, position 0
2022-07-13 19:53:49,346 - data_pipeline - INFO - LocalProcessConductance - Processing conductivity for sample 115, position 1
2022-07-13 19:53:49,366 - data_pipeline - INFO - LocalProcessConductance - Processing conductivity for sample 115, position 2
2022-07-13 19:53:49,385 - data_pipeline - INFO - LocalProcessConductance - Processing conductivity for sample 115, position 3
2022-07-13 19:53:49,403 - data_pipeline - INFO - LocalProcessConductance - Processing conductivity for sample 115, position 4
2022-07-13 19:53:49,427 - data_pipeline - INFO - LocalProcessConductance - Saving position conductivity data
2022-07-13 19:53:49,435 - data_pipeline - INFO - LocalProcessConductance - Saving sample conductivity data
2022-07-13 19:53:49,447 - data_pipeline - INFO - LocalProcessConductance - Saving raw conductivity data
2022-07-13 19:53:49,466 - data_pipeline - INFO - running ProcessXRF
2022-07-13 19:53:49,466 - data_pipeline - INFO - LocalProcessXRF - Processing XRF
2022-07-13 19:53:53,502 - data_pipeline - INFO - running CalculatePseudoconductivity
2022-07-13 19:53:53,906 - data_pipeline - INFO - running AggregateData
2022-07-13 19:53:53,948 - data_pipeline - INFO - LocalAggregateData - Saving aggregate sample data
2022-07-13 19:53:54,037 - data_pipeline - INFO - running CustomTransformations
2022-07-13 19:53:54,038 - data_pipeline - INFO - No cost parameters provided. Cost not calculated.
2022-07-13 19:53:54,054 - data_pipeline - INFO - running DataEntry
2022-07-13 19:53:54,055 - data_pipeline - INFO - LocalDataEntry - Complete the pipeline
