2022-07-14 15:51:01,196 - data_pipeline - INFO - running CampaignParameters
2022-07-14 15:51:01,198 - data_pipeline - INFO - LocalCampaignParameters - Reading Campaign Parameters
2022-07-14 15:51:01,268 - data_pipeline - INFO - running ProcessSampleParameters
2022-07-14 15:51:01,269 - data_pipeline - INFO - LocalProcessSampleParameters - Reformatting Sample Parameters
2022-07-14 15:51:01,292 - data_pipeline - INFO - LocalProcessSampleParameters - Saving sample parameters data
2022-07-14 15:51:01,313 - data_pipeline - INFO - running ProcessConductance
2022-07-14 15:51:01,314 - data_pipeline - INFO - LocalProcessConductance - Processing Conductivity
2022-07-14 15:51:01,315 - data_pipeline - INFO - LocalProcessConductance - Processing Conductivity for sample 163
2022-07-14 15:51:01,318 - data_pipeline - INFO - LocalProcessConductance - Processing conductivity for sample 163, position 0
2022-07-14 15:51:01,342 - data_pipeline - INFO - LocalProcessConductance - Processing conductivity for sample 163, position 1
2022-07-14 15:51:01,364 - data_pipeline - INFO - LocalProcessConductance - Processing conductivity for sample 163, position 2
2022-07-14 15:51:01,386 - data_pipeline - INFO - LocalProcessConductance - Processing conductivity for sample 163, position 3
2022-07-14 15:51:01,407 - data_pipeline - INFO - LocalProcessConductance - Processing conductivity for sample 163, position 4
2022-07-14 15:51:01,439 - data_pipeline - INFO - LocalProcessConductance - Saving position conductivity data
2022-07-14 15:51:01,450 - data_pipeline - INFO - LocalProcessConductance - Saving sample conductivity data
2022-07-14 15:51:01,463 - data_pipeline - INFO - LocalProcessConductance - Saving raw conductivity data
2022-07-14 15:51:01,488 - data_pipeline - INFO - running ProcessXRF
2022-07-14 15:51:01,489 - data_pipeline - INFO - LocalProcessXRF - Processing XRF
2022-07-14 15:51:05,445 - data_pipeline - INFO - running CalculatePseudoconductivity
2022-07-14 15:51:05,724 - data_pipeline - INFO - running AggregateData
2022-07-14 15:51:05,769 - data_pipeline - INFO - LocalAggregateData - Saving aggregate sample data
2022-07-14 15:51:05,798 - data_pipeline - INFO - running CustomTransformations
2022-07-14 15:51:05,799 - data_pipeline - INFO - No cost parameters provided. Cost not calculated.
2022-07-14 15:51:05,815 - data_pipeline - INFO - running DataEntry
2022-07-14 15:51:05,816 - data_pipeline - INFO - LocalDataEntry - Complete the pipeline
