2022-07-11 20:49:37,663 - data_pipeline - INFO - running CampaignParameters
2022-07-11 20:49:37,664 - data_pipeline - INFO - LocalCampaignParameters - Reading Campaign Parameters
2022-07-11 20:49:37,786 - data_pipeline - INFO - running ProcessSampleParameters
2022-07-11 20:49:37,787 - data_pipeline - INFO - LocalProcessSampleParameters - Reformatting Sample Parameters
2022-07-11 20:49:37,806 - data_pipeline - INFO - LocalProcessSampleParameters - Saving sample parameters data
2022-07-11 20:49:37,825 - data_pipeline - INFO - running ProcessConductance
2022-07-11 20:49:37,826 - data_pipeline - INFO - LocalProcessConductance - Processing Conductivity
2022-07-11 20:49:37,827 - data_pipeline - INFO - LocalProcessConductance - Processing Conductivity for sample 23
2022-07-11 20:49:37,830 - data_pipeline - INFO - LocalProcessConductance - Processing conductivity for sample 23, position 0
2022-07-11 20:49:37,846 - data_pipeline - INFO - LocalProcessConductance - Processing conductivity for sample 23, position 1
2022-07-11 20:49:37,862 - data_pipeline - INFO - LocalProcessConductance - Processing conductivity for sample 23, position 2
2022-07-11 20:49:37,877 - data_pipeline - INFO - LocalProcessConductance - Processing conductivity for sample 23, position 3
2022-07-11 20:49:37,893 - data_pipeline - INFO - LocalProcessConductance - Processing conductivity for sample 23, position 4
2022-07-11 20:49:37,913 - data_pipeline - INFO - LocalProcessConductance - Saving position conductivity data
2022-07-11 20:49:37,922 - data_pipeline - INFO - LocalProcessConductance - Saving sample conductivity data
2022-07-11 20:49:37,934 - data_pipeline - INFO - LocalProcessConductance - Saving raw conductivity data
2022-07-11 20:49:37,953 - data_pipeline - INFO - running ProcessXRF
2022-07-11 20:49:37,954 - data_pipeline - INFO - LocalProcessXRF - Processing XRF
2022-07-11 20:49:41,862 - data_pipeline - INFO - running CalculatePseudoconductivity
2022-07-11 20:49:42,141 - data_pipeline - INFO - running AggregateData
2022-07-11 20:49:42,185 - data_pipeline - INFO - LocalAggregateData - Saving aggregate sample data
2022-07-11 20:49:42,214 - data_pipeline - INFO - running CustomTransformations
2022-07-11 20:49:42,215 - data_pipeline - INFO - No cost parameters provided. Cost not calculated.
2022-07-11 20:49:42,231 - data_pipeline - INFO - running DataEntry
2022-07-11 20:49:42,232 - data_pipeline - INFO - LocalDataEntry - Complete the pipeline
