2022-07-12 16:29:39,037 - data_pipeline - INFO - running CampaignParameters
2022-07-12 16:29:39,038 - data_pipeline - INFO - LocalCampaignParameters - Reading Campaign Parameters
2022-07-12 16:29:39,200 - data_pipeline - INFO - running ProcessSampleParameters
2022-07-12 16:29:39,201 - data_pipeline - INFO - LocalProcessSampleParameters - Reformatting Sample Parameters
2022-07-12 16:29:39,222 - data_pipeline - INFO - LocalProcessSampleParameters - Saving sample parameters data
2022-07-12 16:29:39,240 - data_pipeline - INFO - running ProcessConductance
2022-07-12 16:29:39,241 - data_pipeline - INFO - LocalProcessConductance - Processing Conductivity
2022-07-12 16:29:39,243 - data_pipeline - INFO - LocalProcessConductance - Processing Conductivity for sample 47
2022-07-12 16:29:39,246 - data_pipeline - INFO - LocalProcessConductance - Processing conductivity for sample 47, position 0
2022-07-12 16:29:39,265 - data_pipeline - INFO - LocalProcessConductance - Processing conductivity for sample 47, position 1
2022-07-12 16:29:39,285 - data_pipeline - INFO - LocalProcessConductance - Processing conductivity for sample 47, position 2
2022-07-12 16:29:39,304 - data_pipeline - INFO - LocalProcessConductance - Processing conductivity for sample 47, position 3
2022-07-12 16:29:39,322 - data_pipeline - INFO - LocalProcessConductance - Processing conductivity for sample 47, position 4
2022-07-12 16:29:39,345 - data_pipeline - INFO - LocalProcessConductance - Saving position conductivity data
2022-07-12 16:29:39,353 - data_pipeline - INFO - LocalProcessConductance - Saving sample conductivity data
2022-07-12 16:29:39,364 - data_pipeline - INFO - LocalProcessConductance - Saving raw conductivity data
2022-07-12 16:29:39,383 - data_pipeline - INFO - running ProcessXRF
2022-07-12 16:29:39,384 - data_pipeline - INFO - LocalProcessXRF - Processing XRF
2022-07-12 16:29:43,318 - data_pipeline - INFO - running CalculatePseudoconductivity
2022-07-12 16:29:43,606 - data_pipeline - INFO - running AggregateData
2022-07-12 16:29:43,649 - data_pipeline - INFO - LocalAggregateData - Saving aggregate sample data
2022-07-12 16:29:43,677 - data_pipeline - INFO - running CustomTransformations
2022-07-12 16:29:43,678 - data_pipeline - INFO - No cost parameters provided. Cost not calculated.
2022-07-12 16:29:43,694 - data_pipeline - INFO - running DataEntry
2022-07-12 16:29:43,695 - data_pipeline - INFO - LocalDataEntry - Complete the pipeline
