2022-07-14 03:55:54,256 - data_pipeline - INFO - running CampaignParameters
2022-07-14 03:55:54,257 - data_pipeline - INFO - LocalCampaignParameters - Reading Campaign Parameters
2022-07-14 03:55:54,523 - data_pipeline - INFO - running ProcessSampleParameters
2022-07-14 03:55:54,524 - data_pipeline - INFO - LocalProcessSampleParameters - Reformatting Sample Parameters
2022-07-14 03:55:54,544 - data_pipeline - INFO - LocalProcessSampleParameters - Saving sample parameters data
2022-07-14 03:55:54,562 - data_pipeline - INFO - running ProcessConductance
2022-07-14 03:55:54,563 - data_pipeline - INFO - LocalProcessConductance - Processing Conductivity
2022-07-14 03:55:54,564 - data_pipeline - INFO - LocalProcessConductance - Processing Conductivity for sample 129
2022-07-14 03:55:54,567 - data_pipeline - INFO - LocalProcessConductance - Processing conductivity for sample 129, position 0
2022-07-14 03:55:54,583 - data_pipeline - INFO - LocalProcessConductance - Processing conductivity for sample 129, position 1
2022-07-14 03:55:54,598 - data_pipeline - INFO - LocalProcessConductance - Processing conductivity for sample 129, position 2
2022-07-14 03:55:54,613 - data_pipeline - INFO - LocalProcessConductance - Processing conductivity for sample 129, position 3
2022-07-14 03:55:54,629 - data_pipeline - INFO - LocalProcessConductance - Processing conductivity for sample 129, position 4
2022-07-14 03:55:54,649 - data_pipeline - INFO - LocalProcessConductance - Saving position conductivity data
2022-07-14 03:55:54,658 - data_pipeline - INFO - LocalProcessConductance - Saving sample conductivity data
2022-07-14 03:55:54,669 - data_pipeline - INFO - LocalProcessConductance - Saving raw conductivity data
2022-07-14 03:55:54,686 - data_pipeline - INFO - running ProcessXRF
2022-07-14 03:55:54,686 - data_pipeline - INFO - LocalProcessXRF - Processing XRF
2022-07-14 03:55:58,834 - data_pipeline - INFO - running CalculatePseudoconductivity
2022-07-14 03:55:59,078 - data_pipeline - INFO - running AggregateData
2022-07-14 03:55:59,122 - data_pipeline - INFO - LocalAggregateData - Saving aggregate sample data
2022-07-14 03:55:59,149 - data_pipeline - INFO - running CustomTransformations
2022-07-14 03:55:59,150 - data_pipeline - INFO - No cost parameters provided. Cost not calculated.
2022-07-14 03:55:59,166 - data_pipeline - INFO - running DataEntry
2022-07-14 03:55:59,167 - data_pipeline - INFO - LocalDataEntry - Complete the pipeline
