2022-07-12 17:03:17,291 - data_pipeline - INFO - running CampaignParameters
2022-07-12 17:03:17,292 - data_pipeline - INFO - LocalCampaignParameters - Reading Campaign Parameters
2022-07-12 17:03:17,456 - data_pipeline - INFO - running ProcessSampleParameters
2022-07-12 17:03:17,457 - data_pipeline - INFO - LocalProcessSampleParameters - Reformatting Sample Parameters
2022-07-12 17:03:17,477 - data_pipeline - INFO - LocalProcessSampleParameters - Saving sample parameters data
2022-07-12 17:03:17,488 - data_pipeline - INFO - running ProcessXRF
2022-07-12 17:03:17,489 - data_pipeline - INFO - LocalProcessXRF - Processing XRF
2022-07-12 17:03:21,456 - data_pipeline - INFO - running ProcessConductance
2022-07-12 17:03:21,457 - data_pipeline - INFO - LocalProcessConductance - Processing Conductivity
2022-07-12 17:03:21,461 - data_pipeline - INFO - LocalProcessConductance - Processing Conductivity for sample 49
2022-07-12 17:03:21,464 - data_pipeline - INFO - LocalProcessConductance - Processing conductivity for sample 49, position 0
2022-07-12 17:03:21,483 - data_pipeline - INFO - LocalProcessConductance - Processing conductivity for sample 49, position 1
2022-07-12 17:03:21,502 - data_pipeline - INFO - LocalProcessConductance - Processing conductivity for sample 49, position 2
2022-07-12 17:03:21,522 - data_pipeline - INFO - LocalProcessConductance - Processing conductivity for sample 49, position 3
2022-07-12 17:03:21,542 - data_pipeline - INFO - LocalProcessConductance - Processing conductivity for sample 49, position 4
2022-07-12 17:03:21,565 - data_pipeline - INFO - LocalProcessConductance - Saving position conductivity data
2022-07-12 17:03:21,573 - data_pipeline - INFO - LocalProcessConductance - Saving sample conductivity data
2022-07-12 17:03:21,585 - data_pipeline - INFO - LocalProcessConductance - Saving raw conductivity data
2022-07-12 17:03:21,612 - data_pipeline - INFO - running CalculatePseudoconductivity
2022-07-12 17:03:21,893 - data_pipeline - INFO - running AggregateData
2022-07-12 17:03:21,942 - data_pipeline - INFO - LocalAggregateData - Saving aggregate sample data
2022-07-12 17:03:21,970 - data_pipeline - INFO - running CustomTransformations
2022-07-12 17:03:21,971 - data_pipeline - INFO - No cost parameters provided. Cost not calculated.
2022-07-12 17:03:21,988 - data_pipeline - INFO - running DataEntry
2022-07-12 17:03:21,988 - data_pipeline - INFO - LocalDataEntry - Complete the pipeline
