2022-07-14 13:52:28,540 - data_pipeline - INFO - running CampaignParameters
2022-07-14 13:52:28,541 - data_pipeline - INFO - LocalCampaignParameters - Reading Campaign Parameters
2022-07-14 13:52:28,942 - data_pipeline - INFO - running ProcessSampleParameters
2022-07-14 13:52:28,943 - data_pipeline - INFO - LocalProcessSampleParameters - Reformatting Sample Parameters
2022-07-14 13:52:28,964 - data_pipeline - INFO - LocalProcessSampleParameters - Saving sample parameters data
2022-07-14 13:52:28,983 - data_pipeline - INFO - running ProcessConductance
2022-07-14 13:52:28,983 - data_pipeline - INFO - LocalProcessConductance - Processing Conductivity
2022-07-14 13:52:28,984 - data_pipeline - INFO - LocalProcessConductance - Processing Conductivity for sample 160
2022-07-14 13:52:28,987 - data_pipeline - INFO - LocalProcessConductance - Processing conductivity for sample 160, position 0
2022-07-14 13:52:29,006 - data_pipeline - INFO - LocalProcessConductance - Processing conductivity for sample 160, position 1
2022-07-14 13:52:29,025 - data_pipeline - INFO - LocalProcessConductance - Processing conductivity for sample 160, position 2
2022-07-14 13:52:29,044 - data_pipeline - INFO - LocalProcessConductance - Processing conductivity for sample 160, position 3
2022-07-14 13:52:29,063 - data_pipeline - INFO - LocalProcessConductance - Processing conductivity for sample 160, position 4
2022-07-14 13:52:29,086 - data_pipeline - INFO - LocalProcessConductance - Saving position conductivity data
2022-07-14 13:52:29,094 - data_pipeline - INFO - LocalProcessConductance - Saving sample conductivity data
2022-07-14 13:52:29,106 - data_pipeline - INFO - LocalProcessConductance - Saving raw conductivity data
2022-07-14 13:52:29,124 - data_pipeline - INFO - running ProcessXRF
2022-07-14 13:52:29,125 - data_pipeline - INFO - LocalProcessXRF - Processing XRF
2022-07-14 13:52:33,312 - data_pipeline - INFO - running CalculatePseudoconductivity
2022-07-14 13:52:33,598 - data_pipeline - INFO - running AggregateData
2022-07-14 13:52:33,643 - data_pipeline - INFO - LocalAggregateData - Saving aggregate sample data
2022-07-14 13:52:33,670 - data_pipeline - INFO - running CustomTransformations
2022-07-14 13:52:33,671 - data_pipeline - INFO - No cost parameters provided. Cost not calculated.
2022-07-14 13:52:33,688 - data_pipeline - INFO - running DataEntry
2022-07-14 13:52:33,689 - data_pipeline - INFO - LocalDataEntry - Complete the pipeline
