2022-07-13 02:16:46,306 - data_pipeline - INFO - running CampaignParameters
2022-07-13 02:16:46,307 - data_pipeline - INFO - LocalCampaignParameters - Reading Campaign Parameters
2022-07-13 02:16:46,624 - data_pipeline - INFO - running ProcessSampleParameters
2022-07-13 02:16:46,625 - data_pipeline - INFO - LocalProcessSampleParameters - Reformatting Sample Parameters
2022-07-13 02:16:46,644 - data_pipeline - INFO - LocalProcessSampleParameters - Saving sample parameters data
2022-07-13 02:16:46,663 - data_pipeline - INFO - running ProcessConductance
2022-07-13 02:16:46,664 - data_pipeline - INFO - LocalProcessConductance - Processing Conductivity
2022-07-13 02:16:46,665 - data_pipeline - INFO - LocalProcessConductance - Processing Conductivity for sample 76
2022-07-13 02:16:46,668 - data_pipeline - INFO - LocalProcessConductance - Processing conductivity for sample 76, position 0
2022-07-13 02:16:46,687 - data_pipeline - INFO - LocalProcessConductance - Processing conductivity for sample 76, position 1
2022-07-13 02:16:46,706 - data_pipeline - INFO - LocalProcessConductance - Processing conductivity for sample 76, position 2
2022-07-13 02:16:46,725 - data_pipeline - INFO - LocalProcessConductance - Processing conductivity for sample 76, position 3
2022-07-13 02:16:46,744 - data_pipeline - INFO - LocalProcessConductance - Processing conductivity for sample 76, position 4
2022-07-13 02:16:46,767 - data_pipeline - INFO - LocalProcessConductance - Saving position conductivity data
2022-07-13 02:16:46,776 - data_pipeline - INFO - LocalProcessConductance - Saving sample conductivity data
2022-07-13 02:16:46,787 - data_pipeline - INFO - LocalProcessConductance - Saving raw conductivity data
2022-07-13 02:16:46,810 - data_pipeline - INFO - running ProcessXRF
2022-07-13 02:16:46,810 - data_pipeline - INFO - LocalProcessXRF - Processing XRF
2022-07-13 02:16:50,833 - data_pipeline - INFO - running CalculatePseudoconductivity
2022-07-13 02:16:51,115 - data_pipeline - INFO - running AggregateData
2022-07-13 02:16:51,161 - data_pipeline - INFO - LocalAggregateData - Saving aggregate sample data
2022-07-13 02:16:51,190 - data_pipeline - INFO - running CustomTransformations
2022-07-13 02:16:51,191 - data_pipeline - INFO - No cost parameters provided. Cost not calculated.
2022-07-13 02:16:51,208 - data_pipeline - INFO - running DataEntry
2022-07-13 02:16:51,209 - data_pipeline - INFO - LocalDataEntry - Complete the pipeline
