2022-07-11 15:03:59,890 - data_pipeline - INFO - running CampaignParameters
2022-07-11 15:03:59,891 - data_pipeline - INFO - LocalCampaignParameters - Reading Campaign Parameters
2022-07-11 15:03:59,971 - data_pipeline - INFO - running ProcessSampleParameters
2022-07-11 15:03:59,972 - data_pipeline - INFO - LocalProcessSampleParameters - Reformatting Sample Parameters
2022-07-11 15:03:59,992 - data_pipeline - INFO - LocalProcessSampleParameters - Saving sample parameters data
2022-07-11 15:04:00,011 - data_pipeline - INFO - running ProcessConductance
2022-07-11 15:04:00,012 - data_pipeline - INFO - LocalProcessConductance - Processing Conductivity
2022-07-11 15:04:00,013 - data_pipeline - INFO - LocalProcessConductance - Processing Conductivity for sample 4
2022-07-11 15:04:00,016 - data_pipeline - INFO - LocalProcessConductance - Processing conductivity for sample 4, position 0
2022-07-11 15:04:00,031 - data_pipeline - INFO - LocalProcessConductance - Processing conductivity for sample 4, position 1
2022-07-11 15:04:00,047 - data_pipeline - INFO - LocalProcessConductance - Processing conductivity for sample 4, position 2
2022-07-11 15:04:00,064 - data_pipeline - INFO - LocalProcessConductance - Processing conductivity for sample 4, position 3
2022-07-11 15:04:00,080 - data_pipeline - INFO - LocalProcessConductance - Processing conductivity for sample 4, position 4
2022-07-11 15:04:00,100 - data_pipeline - INFO - LocalProcessConductance - Saving position conductivity data
2022-07-11 15:04:00,108 - data_pipeline - INFO - LocalProcessConductance - Saving sample conductivity data
2022-07-11 15:04:00,120 - data_pipeline - INFO - LocalProcessConductance - Saving raw conductivity data
2022-07-11 15:04:00,139 - data_pipeline - INFO - running ProcessXRF
2022-07-11 15:04:00,140 - data_pipeline - INFO - LocalProcessXRF - Processing XRF
2022-07-11 15:04:04,038 - data_pipeline - INFO - running CalculatePseudoconductivity
2022-07-11 15:04:04,431 - data_pipeline - INFO - running AggregateData
2022-07-11 15:04:04,473 - data_pipeline - INFO - LocalAggregateData - Saving aggregate sample data
2022-07-11 15:04:04,505 - data_pipeline - INFO - running CustomTransformations
2022-07-11 15:04:04,506 - data_pipeline - INFO - No cost parameters provided. Cost not calculated.
2022-07-11 15:04:04,523 - data_pipeline - INFO - running DataEntry
2022-07-11 15:04:04,523 - data_pipeline - INFO - LocalDataEntry - Complete the pipeline
