2022-07-13 18:14:25,733 - data_pipeline - INFO - running CampaignParameters
2022-07-13 18:14:25,734 - data_pipeline - INFO - LocalCampaignParameters - Reading Campaign Parameters
2022-07-13 18:14:26,007 - data_pipeline - INFO - running ProcessSampleParameters
2022-07-13 18:14:26,008 - data_pipeline - INFO - LocalProcessSampleParameters - Reformatting Sample Parameters
2022-07-13 18:14:26,028 - data_pipeline - INFO - LocalProcessSampleParameters - Saving sample parameters data
2022-07-13 18:14:26,047 - data_pipeline - INFO - running ProcessConductance
2022-07-13 18:14:26,047 - data_pipeline - INFO - LocalProcessConductance - Processing Conductivity
2022-07-13 18:14:26,048 - data_pipeline - INFO - LocalProcessConductance - Processing Conductivity for sample 110
2022-07-13 18:14:26,052 - data_pipeline - INFO - LocalProcessConductance - Processing conductivity for sample 110, position 0
2022-07-13 18:14:26,070 - data_pipeline - INFO - LocalProcessConductance - Processing conductivity for sample 110, position 1
2022-07-13 18:14:26,097 - data_pipeline - INFO - LocalProcessConductance - Processing conductivity for sample 110, position 2
2022-07-13 18:14:26,117 - data_pipeline - INFO - LocalProcessConductance - Processing conductivity for sample 110, position 3
2022-07-13 18:14:26,135 - data_pipeline - INFO - LocalProcessConductance - Processing conductivity for sample 110, position 4
2022-07-13 18:14:26,159 - data_pipeline - INFO - LocalProcessConductance - Saving position conductivity data
2022-07-13 18:14:26,168 - data_pipeline - INFO - LocalProcessConductance - Saving sample conductivity data
2022-07-13 18:14:26,179 - data_pipeline - INFO - LocalProcessConductance - Saving raw conductivity data
2022-07-13 18:14:26,198 - data_pipeline - INFO - running ProcessXRF
2022-07-13 18:14:26,199 - data_pipeline - INFO - LocalProcessXRF - Processing XRF
2022-07-13 18:14:30,175 - data_pipeline - INFO - running CalculatePseudoconductivity
2022-07-13 18:14:30,473 - data_pipeline - INFO - running AggregateData
2022-07-13 18:14:30,514 - data_pipeline - INFO - LocalAggregateData - Saving aggregate sample data
2022-07-13 18:14:30,541 - data_pipeline - INFO - running CustomTransformations
2022-07-13 18:14:30,541 - data_pipeline - INFO - No cost parameters provided. Cost not calculated.
2022-07-13 18:14:30,556 - data_pipeline - INFO - running DataEntry
2022-07-13 18:14:30,557 - data_pipeline - INFO - LocalDataEntry - Complete the pipeline
