2022-07-13 15:49:23,545 - data_pipeline - INFO - running CampaignParameters
2022-07-13 15:49:23,546 - data_pipeline - INFO - LocalCampaignParameters - Reading Campaign Parameters
2022-07-13 15:49:23,669 - data_pipeline - INFO - running ProcessSampleParameters
2022-07-13 15:49:23,670 - data_pipeline - INFO - LocalProcessSampleParameters - Reformatting Sample Parameters
2022-07-13 15:49:23,690 - data_pipeline - INFO - LocalProcessSampleParameters - Saving sample parameters data
2022-07-13 15:49:23,709 - data_pipeline - INFO - running ProcessConductance
2022-07-13 15:49:23,710 - data_pipeline - INFO - LocalProcessConductance - Processing Conductivity
2022-07-13 15:49:23,711 - data_pipeline - INFO - LocalProcessConductance - Processing Conductivity for sample 102
2022-07-13 15:49:23,714 - data_pipeline - INFO - LocalProcessConductance - Processing conductivity for sample 102, position 0
2022-07-13 15:49:23,733 - data_pipeline - INFO - LocalProcessConductance - Processing conductivity for sample 102, position 1
2022-07-13 15:49:23,752 - data_pipeline - INFO - LocalProcessConductance - Processing conductivity for sample 102, position 2
2022-07-13 15:49:23,771 - data_pipeline - INFO - LocalProcessConductance - Processing conductivity for sample 102, position 3
2022-07-13 15:49:23,789 - data_pipeline - INFO - LocalProcessConductance - Processing conductivity for sample 102, position 4
2022-07-13 15:49:23,812 - data_pipeline - INFO - LocalProcessConductance - Saving position conductivity data
2022-07-13 15:49:23,821 - data_pipeline - INFO - LocalProcessConductance - Saving sample conductivity data
2022-07-13 15:49:23,835 - data_pipeline - INFO - LocalProcessConductance - Saving raw conductivity data
2022-07-13 15:49:23,853 - data_pipeline - INFO - running ProcessXRF
2022-07-13 15:49:23,853 - data_pipeline - INFO - LocalProcessXRF - Processing XRF
2022-07-13 15:49:27,826 - data_pipeline - INFO - running CalculatePseudoconductivity
2022-07-13 15:49:28,088 - data_pipeline - INFO - running AggregateData
2022-07-13 15:49:28,134 - data_pipeline - INFO - LocalAggregateData - Saving aggregate sample data
2022-07-13 15:49:28,162 - data_pipeline - INFO - running CustomTransformations
2022-07-13 15:49:28,162 - data_pipeline - INFO - No cost parameters provided. Cost not calculated.
2022-07-13 15:49:28,178 - data_pipeline - INFO - running DataEntry
2022-07-13 15:49:28,179 - data_pipeline - INFO - LocalDataEntry - Complete the pipeline
