2022-07-14 06:31:37,468 - data_pipeline - INFO - running CampaignParameters
2022-07-14 06:31:37,469 - data_pipeline - INFO - LocalCampaignParameters - Reading Campaign Parameters
2022-07-14 06:31:37,681 - data_pipeline - INFO - running ProcessSampleParameters
2022-07-14 06:31:37,682 - data_pipeline - INFO - LocalProcessSampleParameters - Reformatting Sample Parameters
2022-07-14 06:31:37,703 - data_pipeline - INFO - LocalProcessSampleParameters - Saving sample parameters data
2022-07-14 06:31:37,724 - data_pipeline - INFO - running ProcessConductance
2022-07-14 06:31:37,725 - data_pipeline - INFO - LocalProcessConductance - Processing Conductivity
2022-07-14 06:31:37,726 - data_pipeline - INFO - LocalProcessConductance - Processing Conductivity for sample 137
2022-07-14 06:31:37,729 - data_pipeline - INFO - LocalProcessConductance - Processing conductivity for sample 137, position 0
2022-07-14 06:31:37,744 - data_pipeline - INFO - LocalProcessConductance - Processing conductivity for sample 137, position 1
2022-07-14 06:31:37,760 - data_pipeline - INFO - LocalProcessConductance - Processing conductivity for sample 137, position 2
2022-07-14 06:31:37,774 - data_pipeline - INFO - LocalProcessConductance - Processing conductivity for sample 137, position 3
2022-07-14 06:31:37,789 - data_pipeline - INFO - LocalProcessConductance - Processing conductivity for sample 137, position 4
2022-07-14 06:31:37,810 - data_pipeline - INFO - LocalProcessConductance - Saving position conductivity data
2022-07-14 06:31:37,818 - data_pipeline - INFO - LocalProcessConductance - Saving sample conductivity data
2022-07-14 06:31:37,831 - data_pipeline - INFO - LocalProcessConductance - Saving raw conductivity data
2022-07-14 06:31:37,850 - data_pipeline - INFO - running ProcessXRF
2022-07-14 06:31:37,850 - data_pipeline - INFO - LocalProcessXRF - Processing XRF
2022-07-14 06:31:41,819 - data_pipeline - INFO - running CalculatePseudoconductivity
2022-07-14 06:31:42,105 - data_pipeline - INFO - running AggregateData
2022-07-14 06:31:42,148 - data_pipeline - INFO - LocalAggregateData - Saving aggregate sample data
2022-07-14 06:31:42,176 - data_pipeline - INFO - running CustomTransformations
2022-07-14 06:31:42,176 - data_pipeline - INFO - No cost parameters provided. Cost not calculated.
2022-07-14 06:31:42,193 - data_pipeline - INFO - running DataEntry
2022-07-14 06:31:42,194 - data_pipeline - INFO - LocalDataEntry - Complete the pipeline
