2022-07-11 21:22:11,441 - data_pipeline - INFO - running CampaignParameters
2022-07-11 21:22:11,442 - data_pipeline - INFO - LocalCampaignParameters - Reading Campaign Parameters
2022-07-11 21:22:11,572 - data_pipeline - INFO - running ProcessSampleParameters
2022-07-11 21:22:11,572 - data_pipeline - INFO - LocalProcessSampleParameters - Reformatting Sample Parameters
2022-07-11 21:22:11,593 - data_pipeline - INFO - LocalProcessSampleParameters - Saving sample parameters data
2022-07-11 21:22:11,613 - data_pipeline - INFO - running ProcessConductance
2022-07-11 21:22:11,614 - data_pipeline - INFO - LocalProcessConductance - Processing Conductivity
2022-07-11 21:22:11,615 - data_pipeline - INFO - LocalProcessConductance - Processing Conductivity for sample 25
2022-07-11 21:22:11,617 - data_pipeline - INFO - LocalProcessConductance - Processing conductivity for sample 25, position 0
2022-07-11 21:22:11,632 - data_pipeline - INFO - LocalProcessConductance - Processing conductivity for sample 25, position 1
2022-07-11 21:22:11,649 - data_pipeline - INFO - LocalProcessConductance - Processing conductivity for sample 25, position 2
2022-07-11 21:22:11,664 - data_pipeline - INFO - LocalProcessConductance - Processing conductivity for sample 25, position 3
2022-07-11 21:22:11,681 - data_pipeline - INFO - LocalProcessConductance - Processing conductivity for sample 25, position 4
2022-07-11 21:22:11,700 - data_pipeline - INFO - LocalProcessConductance - Saving position conductivity data
2022-07-11 21:22:11,707 - data_pipeline - INFO - LocalProcessConductance - Saving sample conductivity data
2022-07-11 21:22:11,719 - data_pipeline - INFO - LocalProcessConductance - Saving raw conductivity data
2022-07-11 21:22:11,738 - data_pipeline - INFO - running ProcessXRF
2022-07-11 21:22:11,738 - data_pipeline - INFO - LocalProcessXRF - Processing XRF
2022-07-11 21:22:15,890 - data_pipeline - INFO - running CalculatePseudoconductivity
2022-07-11 21:22:16,136 - data_pipeline - INFO - running AggregateData
2022-07-11 21:22:16,180 - data_pipeline - INFO - LocalAggregateData - Saving aggregate sample data
2022-07-11 21:22:16,208 - data_pipeline - INFO - running CustomTransformations
2022-07-11 21:22:16,209 - data_pipeline - INFO - No cost parameters provided. Cost not calculated.
2022-07-11 21:22:16,226 - data_pipeline - INFO - running DataEntry
2022-07-11 21:22:16,226 - data_pipeline - INFO - LocalDataEntry - Complete the pipeline
