2022-07-12 15:37:50,909 - data_pipeline - INFO - running CampaignParameters
2022-07-12 15:37:50,909 - data_pipeline - INFO - LocalCampaignParameters - Reading Campaign Parameters
2022-07-12 15:37:51,042 - data_pipeline - INFO - running ProcessSampleParameters
2022-07-12 15:37:51,043 - data_pipeline - INFO - LocalProcessSampleParameters - Reformatting Sample Parameters
2022-07-12 15:37:51,063 - data_pipeline - INFO - LocalProcessSampleParameters - Saving sample parameters data
2022-07-12 15:37:51,082 - data_pipeline - INFO - running ProcessConductance
2022-07-12 15:37:51,083 - data_pipeline - INFO - LocalProcessConductance - Processing Conductivity
2022-07-12 15:37:51,084 - data_pipeline - INFO - LocalProcessConductance - Processing Conductivity for sample 44
2022-07-12 15:37:51,087 - data_pipeline - INFO - LocalProcessConductance - Processing conductivity for sample 44, position 0
2022-07-12 15:37:51,114 - data_pipeline - INFO - LocalProcessConductance - Processing conductivity for sample 44, position 1
2022-07-12 15:37:51,135 - data_pipeline - INFO - LocalProcessConductance - Processing conductivity for sample 44, position 2
2022-07-12 15:37:51,154 - data_pipeline - INFO - LocalProcessConductance - Processing conductivity for sample 44, position 3
2022-07-12 15:37:51,173 - data_pipeline - INFO - LocalProcessConductance - Processing conductivity for sample 44, position 4
2022-07-12 15:37:51,195 - data_pipeline - INFO - LocalProcessConductance - Saving position conductivity data
2022-07-12 15:37:51,204 - data_pipeline - INFO - LocalProcessConductance - Saving sample conductivity data
2022-07-12 15:37:51,216 - data_pipeline - INFO - LocalProcessConductance - Saving raw conductivity data
2022-07-12 15:37:51,233 - data_pipeline - INFO - running ProcessXRF
2022-07-12 15:37:51,234 - data_pipeline - INFO - LocalProcessXRF - Processing XRF
2022-07-12 15:37:55,142 - data_pipeline - INFO - running CalculatePseudoconductivity
2022-07-12 15:37:55,395 - data_pipeline - INFO - running AggregateData
2022-07-12 15:37:55,439 - data_pipeline - INFO - LocalAggregateData - Saving aggregate sample data
2022-07-12 15:37:55,480 - data_pipeline - INFO - running CustomTransformations
2022-07-12 15:37:55,481 - data_pipeline - INFO - No cost parameters provided. Cost not calculated.
2022-07-12 15:37:55,497 - data_pipeline - INFO - running DataEntry
2022-07-12 15:37:55,498 - data_pipeline - INFO - LocalDataEntry - Complete the pipeline
