2022-07-13 16:19:11,089 - data_pipeline - INFO - running CampaignParameters
2022-07-13 16:19:11,090 - data_pipeline - INFO - LocalCampaignParameters - Reading Campaign Parameters
2022-07-13 16:19:11,242 - data_pipeline - INFO - running ProcessSampleParameters
2022-07-13 16:19:11,243 - data_pipeline - INFO - LocalProcessSampleParameters - Reformatting Sample Parameters
2022-07-13 16:19:11,263 - data_pipeline - INFO - LocalProcessSampleParameters - Saving sample parameters data
2022-07-13 16:19:11,284 - data_pipeline - INFO - running ProcessConductance
2022-07-13 16:19:11,285 - data_pipeline - INFO - LocalProcessConductance - Processing Conductivity
2022-07-13 16:19:11,286 - data_pipeline - INFO - LocalProcessConductance - Processing Conductivity for sample 104
2022-07-13 16:19:11,289 - data_pipeline - INFO - LocalProcessConductance - Processing conductivity for sample 104, position 0
2022-07-13 16:19:11,308 - data_pipeline - INFO - LocalProcessConductance - Processing conductivity for sample 104, position 1
2022-07-13 16:19:11,327 - data_pipeline - INFO - LocalProcessConductance - Processing conductivity for sample 104, position 2
2022-07-13 16:19:11,347 - data_pipeline - INFO - LocalProcessConductance - Processing conductivity for sample 104, position 3
2022-07-13 16:19:11,366 - data_pipeline - INFO - LocalProcessConductance - Processing conductivity for sample 104, position 4
2022-07-13 16:19:11,390 - data_pipeline - INFO - LocalProcessConductance - Saving position conductivity data
2022-07-13 16:19:11,397 - data_pipeline - INFO - LocalProcessConductance - Saving sample conductivity data
2022-07-13 16:19:11,409 - data_pipeline - INFO - LocalProcessConductance - Saving raw conductivity data
2022-07-13 16:19:11,428 - data_pipeline - INFO - running ProcessXRF
2022-07-13 16:19:11,430 - data_pipeline - INFO - LocalProcessXRF - Processing XRF
2022-07-13 16:19:15,371 - data_pipeline - INFO - running CalculatePseudoconductivity
2022-07-13 16:19:15,668 - data_pipeline - INFO - running AggregateData
2022-07-13 16:19:15,711 - data_pipeline - INFO - LocalAggregateData - Saving aggregate sample data
2022-07-13 16:19:15,741 - data_pipeline - INFO - running CustomTransformations
2022-07-13 16:19:15,742 - data_pipeline - INFO - No cost parameters provided. Cost not calculated.
2022-07-13 16:19:15,759 - data_pipeline - INFO - running DataEntry
2022-07-13 16:19:15,759 - data_pipeline - INFO - LocalDataEntry - Complete the pipeline
