2022-07-12 13:46:20,280 - data_pipeline - INFO - running CampaignParameters
2022-07-12 13:46:20,281 - data_pipeline - INFO - LocalCampaignParameters - Reading Campaign Parameters
2022-07-12 13:46:20,400 - data_pipeline - INFO - running ProcessSampleParameters
2022-07-12 13:46:20,401 - data_pipeline - INFO - LocalProcessSampleParameters - Reformatting Sample Parameters
2022-07-12 13:46:20,422 - data_pipeline - INFO - LocalProcessSampleParameters - Saving sample parameters data
2022-07-12 13:46:20,441 - data_pipeline - INFO - running ProcessConductance
2022-07-12 13:46:20,442 - data_pipeline - INFO - LocalProcessConductance - Processing Conductivity
2022-07-12 13:46:20,444 - data_pipeline - INFO - LocalProcessConductance - Processing Conductivity for sample 38
2022-07-12 13:46:20,446 - data_pipeline - INFO - LocalProcessConductance - Processing conductivity for sample 38, position 0
2022-07-12 13:46:20,466 - data_pipeline - INFO - LocalProcessConductance - Processing conductivity for sample 38, position 1
2022-07-12 13:46:20,486 - data_pipeline - INFO - LocalProcessConductance - Processing conductivity for sample 38, position 2
2022-07-12 13:46:20,505 - data_pipeline - INFO - LocalProcessConductance - Processing conductivity for sample 38, position 3
2022-07-12 13:46:20,525 - data_pipeline - INFO - LocalProcessConductance - Processing conductivity for sample 38, position 4
2022-07-12 13:46:20,548 - data_pipeline - INFO - LocalProcessConductance - Saving position conductivity data
2022-07-12 13:46:20,556 - data_pipeline - INFO - LocalProcessConductance - Saving sample conductivity data
2022-07-12 13:46:20,567 - data_pipeline - INFO - LocalProcessConductance - Saving raw conductivity data
2022-07-12 13:46:20,585 - data_pipeline - INFO - running ProcessXRF
2022-07-12 13:46:20,587 - data_pipeline - INFO - LocalProcessXRF - Processing XRF
2022-07-12 13:46:24,569 - data_pipeline - INFO - running CalculatePseudoconductivity
2022-07-12 13:46:24,894 - data_pipeline - INFO - running AggregateData
2022-07-12 13:46:24,937 - data_pipeline - INFO - LocalAggregateData - Saving aggregate sample data
2022-07-12 13:46:24,966 - data_pipeline - INFO - running CustomTransformations
2022-07-12 13:46:24,967 - data_pipeline - INFO - No cost parameters provided. Cost not calculated.
2022-07-12 13:46:24,983 - data_pipeline - INFO - running DataEntry
2022-07-12 13:46:24,984 - data_pipeline - INFO - LocalDataEntry - Complete the pipeline
