2022-07-11 18:42:27,023 - data_pipeline - INFO - running CampaignParameters
2022-07-11 18:42:27,024 - data_pipeline - INFO - LocalCampaignParameters - Reading Campaign Parameters
2022-07-11 18:42:27,131 - data_pipeline - INFO - running ProcessSampleParameters
2022-07-11 18:42:27,132 - data_pipeline - INFO - LocalProcessSampleParameters - Reformatting Sample Parameters
2022-07-11 18:42:27,152 - data_pipeline - INFO - LocalProcessSampleParameters - Saving sample parameters data
2022-07-11 18:42:27,179 - data_pipeline - INFO - running ProcessConductance
2022-07-11 18:42:27,180 - data_pipeline - INFO - LocalProcessConductance - Processing Conductivity
2022-07-11 18:42:27,181 - data_pipeline - INFO - LocalProcessConductance - Processing Conductivity for sample 17
2022-07-11 18:42:27,184 - data_pipeline - INFO - LocalProcessConductance - Processing conductivity for sample 17, position 0
2022-07-11 18:42:27,200 - data_pipeline - INFO - LocalProcessConductance - Processing conductivity for sample 17, position 1
2022-07-11 18:42:27,215 - data_pipeline - INFO - LocalProcessConductance - Processing conductivity for sample 17, position 2
2022-07-11 18:42:27,232 - data_pipeline - INFO - LocalProcessConductance - Processing conductivity for sample 17, position 3
2022-07-11 18:42:27,248 - data_pipeline - INFO - LocalProcessConductance - Processing conductivity for sample 17, position 4
2022-07-11 18:42:27,267 - data_pipeline - INFO - LocalProcessConductance - Saving position conductivity data
2022-07-11 18:42:27,276 - data_pipeline - INFO - LocalProcessConductance - Saving sample conductivity data
2022-07-11 18:42:27,287 - data_pipeline - INFO - LocalProcessConductance - Saving raw conductivity data
2022-07-11 18:42:27,305 - data_pipeline - INFO - running ProcessXRF
2022-07-11 18:42:27,306 - data_pipeline - INFO - LocalProcessXRF - Processing XRF
2022-07-11 18:42:31,219 - data_pipeline - INFO - running CalculatePseudoconductivity
2022-07-11 18:42:31,492 - data_pipeline - INFO - running AggregateData
2022-07-11 18:42:31,535 - data_pipeline - INFO - LocalAggregateData - Saving aggregate sample data
2022-07-11 18:42:31,561 - data_pipeline - INFO - running CustomTransformations
2022-07-11 18:42:31,561 - data_pipeline - INFO - No cost parameters provided. Cost not calculated.
2022-07-11 18:42:31,577 - data_pipeline - INFO - running DataEntry
2022-07-11 18:42:31,577 - data_pipeline - INFO - LocalDataEntry - Complete the pipeline
