2022-07-12 19:50:21,899 - data_pipeline - INFO - running CampaignParameters
2022-07-12 19:50:21,899 - data_pipeline - INFO - LocalCampaignParameters - Reading Campaign Parameters
2022-07-12 19:50:22,261 - data_pipeline - INFO - running ProcessSampleParameters
2022-07-12 19:50:22,262 - data_pipeline - INFO - LocalProcessSampleParameters - Reformatting Sample Parameters
2022-07-12 19:50:22,281 - data_pipeline - INFO - LocalProcessSampleParameters - Saving sample parameters data
2022-07-12 19:50:22,301 - data_pipeline - INFO - running ProcessConductance
2022-07-12 19:50:22,302 - data_pipeline - INFO - LocalProcessConductance - Processing Conductivity
2022-07-12 19:50:22,303 - data_pipeline - INFO - LocalProcessConductance - Processing Conductivity for sample 59
2022-07-12 19:50:22,306 - data_pipeline - INFO - LocalProcessConductance - Processing conductivity for sample 59, position 0
2022-07-12 19:50:22,321 - data_pipeline - INFO - LocalProcessConductance - Processing conductivity for sample 59, position 1
2022-07-12 19:50:22,337 - data_pipeline - INFO - LocalProcessConductance - Processing conductivity for sample 59, position 2
2022-07-12 19:50:22,352 - data_pipeline - INFO - LocalProcessConductance - Processing conductivity for sample 59, position 3
2022-07-12 19:50:22,367 - data_pipeline - INFO - LocalProcessConductance - Processing conductivity for sample 59, position 4
2022-07-12 19:50:22,386 - data_pipeline - INFO - LocalProcessConductance - Saving position conductivity data
2022-07-12 19:50:22,394 - data_pipeline - INFO - LocalProcessConductance - Saving sample conductivity data
2022-07-12 19:50:22,407 - data_pipeline - INFO - LocalProcessConductance - Saving raw conductivity data
2022-07-12 19:50:22,427 - data_pipeline - INFO - running ProcessXRF
2022-07-12 19:50:22,427 - data_pipeline - INFO - LocalProcessXRF - Processing XRF
2022-07-12 19:50:26,429 - data_pipeline - INFO - running CalculatePseudoconductivity
2022-07-12 19:50:26,722 - data_pipeline - INFO - running AggregateData
2022-07-12 19:50:26,766 - data_pipeline - INFO - LocalAggregateData - Saving aggregate sample data
2022-07-12 19:50:26,793 - data_pipeline - INFO - running CustomTransformations
2022-07-12 19:50:26,794 - data_pipeline - INFO - No cost parameters provided. Cost not calculated.
2022-07-12 19:50:26,810 - data_pipeline - INFO - running DataEntry
2022-07-12 19:50:26,811 - data_pipeline - INFO - LocalDataEntry - Complete the pipeline
