2022-07-13 00:52:39,431 - data_pipeline - INFO - running CampaignParameters
2022-07-13 00:52:39,431 - data_pipeline - INFO - LocalCampaignParameters - Reading Campaign Parameters
2022-07-13 00:52:39,705 - data_pipeline - INFO - running ProcessSampleParameters
2022-07-13 00:52:39,705 - data_pipeline - INFO - LocalProcessSampleParameters - Reformatting Sample Parameters
2022-07-13 00:52:39,726 - data_pipeline - INFO - LocalProcessSampleParameters - Saving sample parameters data
2022-07-13 00:52:39,745 - data_pipeline - INFO - running ProcessConductance
2022-07-13 00:52:39,746 - data_pipeline - INFO - LocalProcessConductance - Processing Conductivity
2022-07-13 00:52:39,747 - data_pipeline - INFO - LocalProcessConductance - Processing Conductivity for sample 71
2022-07-13 00:52:39,751 - data_pipeline - INFO - LocalProcessConductance - Processing conductivity for sample 71, position 0
2022-07-13 00:52:39,769 - data_pipeline - INFO - LocalProcessConductance - Processing conductivity for sample 71, position 1
2022-07-13 00:52:39,788 - data_pipeline - INFO - LocalProcessConductance - Processing conductivity for sample 71, position 2
2022-07-13 00:52:39,807 - data_pipeline - INFO - LocalProcessConductance - Processing conductivity for sample 71, position 3
2022-07-13 00:52:39,826 - data_pipeline - INFO - LocalProcessConductance - Processing conductivity for sample 71, position 4
2022-07-13 00:52:39,849 - data_pipeline - INFO - LocalProcessConductance - Saving position conductivity data
2022-07-13 00:52:39,857 - data_pipeline - INFO - LocalProcessConductance - Saving sample conductivity data
2022-07-13 00:52:39,869 - data_pipeline - INFO - LocalProcessConductance - Saving raw conductivity data
2022-07-13 00:52:39,886 - data_pipeline - INFO - running ProcessXRF
2022-07-13 00:52:39,887 - data_pipeline - INFO - LocalProcessXRF - Processing XRF
2022-07-13 00:52:43,866 - data_pipeline - INFO - running CalculatePseudoconductivity
2022-07-13 00:52:44,163 - data_pipeline - INFO - running AggregateData
2022-07-13 00:52:44,206 - data_pipeline - INFO - LocalAggregateData - Saving aggregate sample data
2022-07-13 00:52:44,234 - data_pipeline - INFO - running CustomTransformations
2022-07-13 00:52:44,235 - data_pipeline - INFO - No cost parameters provided. Cost not calculated.
2022-07-13 00:52:44,251 - data_pipeline - INFO - running DataEntry
2022-07-13 00:52:44,251 - data_pipeline - INFO - LocalDataEntry - Complete the pipeline
