2022-07-12 18:08:32,159 - data_pipeline - INFO - running CampaignParameters
2022-07-12 18:08:32,160 - data_pipeline - INFO - LocalCampaignParameters - Reading Campaign Parameters
2022-07-12 18:08:32,282 - data_pipeline - INFO - running ProcessSampleParameters
2022-07-12 18:08:32,283 - data_pipeline - INFO - LocalProcessSampleParameters - Reformatting Sample Parameters
2022-07-12 18:08:32,305 - data_pipeline - INFO - LocalProcessSampleParameters - Saving sample parameters data
2022-07-12 18:08:32,323 - data_pipeline - INFO - running ProcessConductance
2022-07-12 18:08:32,324 - data_pipeline - INFO - LocalProcessConductance - Processing Conductivity
2022-07-12 18:08:32,325 - data_pipeline - INFO - LocalProcessConductance - Processing Conductivity for sample 53
2022-07-12 18:08:32,328 - data_pipeline - INFO - LocalProcessConductance - Processing conductivity for sample 53, position 0
2022-07-12 18:08:32,353 - data_pipeline - INFO - LocalProcessConductance - Processing conductivity for sample 53, position 1
2022-07-12 18:08:32,374 - data_pipeline - INFO - LocalProcessConductance - Processing conductivity for sample 53, position 2
2022-07-12 18:08:32,393 - data_pipeline - INFO - LocalProcessConductance - Processing conductivity for sample 53, position 3
2022-07-12 18:08:32,412 - data_pipeline - INFO - LocalProcessConductance - Processing conductivity for sample 53, position 4
2022-07-12 18:08:32,435 - data_pipeline - INFO - LocalProcessConductance - Saving position conductivity data
2022-07-12 18:08:32,444 - data_pipeline - INFO - LocalProcessConductance - Saving sample conductivity data
2022-07-12 18:08:32,455 - data_pipeline - INFO - LocalProcessConductance - Saving raw conductivity data
2022-07-12 18:08:32,473 - data_pipeline - INFO - running ProcessXRF
2022-07-12 18:08:32,474 - data_pipeline - INFO - LocalProcessXRF - Processing XRF
2022-07-12 18:08:36,424 - data_pipeline - INFO - running CalculatePseudoconductivity
2022-07-12 18:08:36,681 - data_pipeline - INFO - running AggregateData
2022-07-12 18:08:36,726 - data_pipeline - INFO - LocalAggregateData - Saving aggregate sample data
2022-07-12 18:08:36,805 - data_pipeline - INFO - running CustomTransformations
2022-07-12 18:08:36,806 - data_pipeline - INFO - No cost parameters provided. Cost not calculated.
2022-07-12 18:08:36,927 - data_pipeline - INFO - running DataEntry
2022-07-12 18:08:36,928 - data_pipeline - INFO - LocalDataEntry - Complete the pipeline
