2022-07-13 19:31:22,384 - data_pipeline - INFO - running CampaignParameters
2022-07-13 19:31:22,384 - data_pipeline - INFO - LocalCampaignParameters - Reading Campaign Parameters
2022-07-13 19:31:22,623 - data_pipeline - INFO - running ProcessSampleParameters
2022-07-13 19:31:22,624 - data_pipeline - INFO - LocalProcessSampleParameters - Reformatting Sample Parameters
2022-07-13 19:31:22,646 - data_pipeline - INFO - LocalProcessSampleParameters - Saving sample parameters data
2022-07-13 19:31:22,666 - data_pipeline - INFO - running ProcessConductance
2022-07-13 19:31:22,666 - data_pipeline - INFO - LocalProcessConductance - Processing Conductivity
2022-07-13 19:31:22,667 - data_pipeline - INFO - LocalProcessConductance - Processing Conductivity for sample 114
2022-07-13 19:31:22,670 - data_pipeline - INFO - LocalProcessConductance - Processing conductivity for sample 114, position 0
2022-07-13 19:31:22,688 - data_pipeline - INFO - LocalProcessConductance - Processing conductivity for sample 114, position 1
2022-07-13 19:31:22,708 - data_pipeline - INFO - LocalProcessConductance - Processing conductivity for sample 114, position 2
2022-07-13 19:31:22,727 - data_pipeline - INFO - LocalProcessConductance - Processing conductivity for sample 114, position 3
2022-07-13 19:31:22,746 - data_pipeline - INFO - LocalProcessConductance - Processing conductivity for sample 114, position 4
2022-07-13 19:31:22,768 - data_pipeline - INFO - LocalProcessConductance - Saving position conductivity data
2022-07-13 19:31:22,776 - data_pipeline - INFO - LocalProcessConductance - Saving sample conductivity data
2022-07-13 19:31:22,788 - data_pipeline - INFO - LocalProcessConductance - Saving raw conductivity data
2022-07-13 19:31:22,806 - data_pipeline - INFO - running ProcessXRF
2022-07-13 19:31:22,807 - data_pipeline - INFO - LocalProcessXRF - Processing XRF
2022-07-13 19:31:26,850 - data_pipeline - INFO - running CalculatePseudoconductivity
2022-07-13 19:31:27,141 - data_pipeline - INFO - running AggregateData
2022-07-13 19:31:27,184 - data_pipeline - INFO - LocalAggregateData - Saving aggregate sample data
2022-07-13 19:31:27,212 - data_pipeline - INFO - running CustomTransformations
2022-07-13 19:31:27,212 - data_pipeline - INFO - No cost parameters provided. Cost not calculated.
2022-07-13 19:31:27,228 - data_pipeline - INFO - running DataEntry
2022-07-13 19:31:27,229 - data_pipeline - INFO - LocalDataEntry - Complete the pipeline
