2022-07-12 20:11:23,613 - data_pipeline - INFO - running CampaignParameters
2022-07-12 20:11:23,614 - data_pipeline - INFO - LocalCampaignParameters - Reading Campaign Parameters
2022-07-12 20:11:23,834 - data_pipeline - INFO - running ProcessSampleParameters
2022-07-12 20:11:23,834 - data_pipeline - INFO - LocalProcessSampleParameters - Reformatting Sample Parameters
2022-07-12 20:11:23,855 - data_pipeline - INFO - LocalProcessSampleParameters - Saving sample parameters data
2022-07-12 20:11:23,866 - data_pipeline - INFO - running ProcessXRF
2022-07-12 20:11:23,867 - data_pipeline - INFO - LocalProcessXRF - Processing XRF
2022-07-12 20:11:27,806 - data_pipeline - INFO - running ProcessConductance
2022-07-12 20:11:27,807 - data_pipeline - INFO - LocalProcessConductance - Processing Conductivity
2022-07-12 20:11:27,810 - data_pipeline - INFO - LocalProcessConductance - Processing Conductivity for sample 60
2022-07-12 20:11:27,813 - data_pipeline - INFO - LocalProcessConductance - Processing conductivity for sample 60, position 0
2022-07-12 20:11:27,832 - data_pipeline - INFO - LocalProcessConductance - Processing conductivity for sample 60, position 1
2022-07-12 20:11:27,852 - data_pipeline - INFO - LocalProcessConductance - Processing conductivity for sample 60, position 2
2022-07-12 20:11:27,871 - data_pipeline - INFO - LocalProcessConductance - Processing conductivity for sample 60, position 3
2022-07-12 20:11:27,890 - data_pipeline - INFO - LocalProcessConductance - Processing conductivity for sample 60, position 4
2022-07-12 20:11:27,913 - data_pipeline - INFO - LocalProcessConductance - Saving position conductivity data
2022-07-12 20:11:27,921 - data_pipeline - INFO - LocalProcessConductance - Saving sample conductivity data
2022-07-12 20:11:27,933 - data_pipeline - INFO - LocalProcessConductance - Saving raw conductivity data
2022-07-12 20:11:27,960 - data_pipeline - INFO - running CalculatePseudoconductivity
2022-07-12 20:11:28,345 - data_pipeline - INFO - running AggregateData
2022-07-12 20:11:28,388 - data_pipeline - INFO - LocalAggregateData - Saving aggregate sample data
2022-07-12 20:11:28,416 - data_pipeline - INFO - running CustomTransformations
2022-07-12 20:11:28,417 - data_pipeline - INFO - No cost parameters provided. Cost not calculated.
2022-07-12 20:11:28,433 - data_pipeline - INFO - running DataEntry
2022-07-12 20:11:28,434 - data_pipeline - INFO - LocalDataEntry - Complete the pipeline
