2022-07-14 05:15:41,887 - data_pipeline - INFO - running CampaignParameters
2022-07-14 05:15:41,888 - data_pipeline - INFO - LocalCampaignParameters - Reading Campaign Parameters
2022-07-14 05:15:42,059 - data_pipeline - INFO - running ProcessSampleParameters
2022-07-14 05:15:42,060 - data_pipeline - INFO - LocalProcessSampleParameters - Reformatting Sample Parameters
2022-07-14 05:15:42,081 - data_pipeline - INFO - LocalProcessSampleParameters - Saving sample parameters data
2022-07-14 05:15:42,099 - data_pipeline - INFO - running ProcessConductance
2022-07-14 05:15:42,100 - data_pipeline - INFO - LocalProcessConductance - Processing Conductivity
2022-07-14 05:15:42,101 - data_pipeline - INFO - LocalProcessConductance - Processing Conductivity for sample 134
2022-07-14 05:15:42,105 - data_pipeline - INFO - LocalProcessConductance - Processing conductivity for sample 134, position 0
2022-07-14 05:15:42,123 - data_pipeline - INFO - LocalProcessConductance - Processing conductivity for sample 134, position 1
2022-07-14 05:15:42,142 - data_pipeline - INFO - LocalProcessConductance - Processing conductivity for sample 134, position 2
2022-07-14 05:15:42,162 - data_pipeline - INFO - LocalProcessConductance - Processing conductivity for sample 134, position 3
2022-07-14 05:15:42,181 - data_pipeline - INFO - LocalProcessConductance - Processing conductivity for sample 134, position 4
2022-07-14 05:15:42,203 - data_pipeline - INFO - LocalProcessConductance - Saving position conductivity data
2022-07-14 05:15:42,211 - data_pipeline - INFO - LocalProcessConductance - Saving sample conductivity data
2022-07-14 05:15:42,223 - data_pipeline - INFO - LocalProcessConductance - Saving raw conductivity data
2022-07-14 05:15:42,240 - data_pipeline - INFO - running ProcessXRF
2022-07-14 05:15:42,240 - data_pipeline - INFO - LocalProcessXRF - Processing XRF
2022-07-14 05:15:46,249 - data_pipeline - INFO - running CalculatePseudoconductivity
2022-07-14 05:15:46,537 - data_pipeline - INFO - running AggregateData
2022-07-14 05:15:46,581 - data_pipeline - INFO - LocalAggregateData - Saving aggregate sample data
2022-07-14 05:15:46,611 - data_pipeline - INFO - running CustomTransformations
2022-07-14 05:15:46,612 - data_pipeline - INFO - No cost parameters provided. Cost not calculated.
2022-07-14 05:15:46,628 - data_pipeline - INFO - running DataEntry
2022-07-14 05:15:46,629 - data_pipeline - INFO - LocalDataEntry - Complete the pipeline
