2022-07-14 16:12:38,275 - data_pipeline - INFO - running CampaignParameters
2022-07-14 16:12:38,276 - data_pipeline - INFO - LocalCampaignParameters - Reading Campaign Parameters
2022-07-14 16:12:38,365 - data_pipeline - INFO - running ProcessSampleParameters
2022-07-14 16:12:38,365 - data_pipeline - INFO - LocalProcessSampleParameters - Reformatting Sample Parameters
2022-07-14 16:12:38,386 - data_pipeline - INFO - LocalProcessSampleParameters - Saving sample parameters data
2022-07-14 16:12:38,405 - data_pipeline - INFO - running ProcessConductance
2022-07-14 16:12:38,406 - data_pipeline - INFO - LocalProcessConductance - Processing Conductivity
2022-07-14 16:12:38,407 - data_pipeline - INFO - LocalProcessConductance - Processing Conductivity for sample 164
2022-07-14 16:12:38,409 - data_pipeline - INFO - LocalProcessConductance - Processing conductivity for sample 164, position 0
2022-07-14 16:12:38,428 - data_pipeline - INFO - LocalProcessConductance - Processing conductivity for sample 164, position 1
2022-07-14 16:12:38,448 - data_pipeline - INFO - LocalProcessConductance - Processing conductivity for sample 164, position 2
2022-07-14 16:12:38,467 - data_pipeline - INFO - LocalProcessConductance - Processing conductivity for sample 164, position 3
2022-07-14 16:12:38,487 - data_pipeline - INFO - LocalProcessConductance - Processing conductivity for sample 164, position 4
2022-07-14 16:12:38,511 - data_pipeline - INFO - LocalProcessConductance - Saving position conductivity data
2022-07-14 16:12:38,520 - data_pipeline - INFO - LocalProcessConductance - Saving sample conductivity data
2022-07-14 16:12:38,532 - data_pipeline - INFO - LocalProcessConductance - Saving raw conductivity data
2022-07-14 16:12:38,549 - data_pipeline - INFO - running ProcessXRF
2022-07-14 16:12:38,550 - data_pipeline - INFO - LocalProcessXRF - Processing XRF
2022-07-14 16:12:42,513 - data_pipeline - INFO - running CalculatePseudoconductivity
2022-07-14 16:12:42,860 - data_pipeline - INFO - running AggregateData
2022-07-14 16:12:42,903 - data_pipeline - INFO - LocalAggregateData - Saving aggregate sample data
2022-07-14 16:12:42,930 - data_pipeline - INFO - running CustomTransformations
2022-07-14 16:12:42,930 - data_pipeline - INFO - No cost parameters provided. Cost not calculated.
2022-07-14 16:12:42,946 - data_pipeline - INFO - running DataEntry
2022-07-14 16:12:42,947 - data_pipeline - INFO - LocalDataEntry - Complete the pipeline
