2022-07-11 16:12:48,803 - data_pipeline - INFO - running CampaignParameters
2022-07-11 16:12:48,804 - data_pipeline - INFO - LocalCampaignParameters - Reading Campaign Parameters
2022-07-11 16:12:48,893 - data_pipeline - INFO - running ProcessSampleParameters
2022-07-11 16:12:48,894 - data_pipeline - INFO - LocalProcessSampleParameters - Reformatting Sample Parameters
2022-07-11 16:12:48,914 - data_pipeline - INFO - LocalProcessSampleParameters - Saving sample parameters data
2022-07-11 16:12:48,932 - data_pipeline - INFO - running ProcessConductance
2022-07-11 16:12:48,933 - data_pipeline - INFO - LocalProcessConductance - Processing Conductivity
2022-07-11 16:12:48,934 - data_pipeline - INFO - LocalProcessConductance - Processing Conductivity for sample 8
2022-07-11 16:12:48,937 - data_pipeline - INFO - LocalProcessConductance - Processing conductivity for sample 8, position 0
2022-07-11 16:12:48,956 - data_pipeline - INFO - LocalProcessConductance - Processing conductivity for sample 8, position 1
2022-07-11 16:12:48,977 - data_pipeline - INFO - LocalProcessConductance - Processing conductivity for sample 8, position 2
2022-07-11 16:12:48,996 - data_pipeline - INFO - LocalProcessConductance - Processing conductivity for sample 8, position 3
2022-07-11 16:12:49,016 - data_pipeline - INFO - LocalProcessConductance - Processing conductivity for sample 8, position 4
2022-07-11 16:12:49,040 - data_pipeline - INFO - LocalProcessConductance - Saving position conductivity data
2022-07-11 16:12:49,048 - data_pipeline - INFO - LocalProcessConductance - Saving sample conductivity data
2022-07-11 16:12:49,060 - data_pipeline - INFO - LocalProcessConductance - Saving raw conductivity data
2022-07-11 16:12:49,079 - data_pipeline - INFO - running ProcessXRF
2022-07-11 16:12:49,080 - data_pipeline - INFO - LocalProcessXRF - Processing XRF
2022-07-11 16:12:52,996 - data_pipeline - INFO - running CalculatePseudoconductivity
2022-07-11 16:12:53,358 - data_pipeline - INFO - running AggregateData
2022-07-11 16:12:53,400 - data_pipeline - INFO - LocalAggregateData - Saving aggregate sample data
2022-07-11 16:12:53,426 - data_pipeline - INFO - running CustomTransformations
2022-07-11 16:12:53,427 - data_pipeline - INFO - No cost parameters provided. Cost not calculated.
2022-07-11 16:12:53,443 - data_pipeline - INFO - running DataEntry
2022-07-11 16:12:53,444 - data_pipeline - INFO - LocalDataEntry - Complete the pipeline
