2022-07-13 16:37:29,317 - data_pipeline - INFO - running CampaignParameters
2022-07-13 16:37:29,318 - data_pipeline - INFO - LocalCampaignParameters - Reading Campaign Parameters
2022-07-13 16:37:29,451 - data_pipeline - INFO - running ProcessSampleParameters
2022-07-13 16:37:29,452 - data_pipeline - INFO - LocalProcessSampleParameters - Reformatting Sample Parameters
2022-07-13 16:37:29,473 - data_pipeline - INFO - LocalProcessSampleParameters - Saving sample parameters data
2022-07-13 16:37:29,493 - data_pipeline - INFO - running ProcessConductance
2022-07-13 16:37:29,494 - data_pipeline - INFO - LocalProcessConductance - Processing Conductivity
2022-07-13 16:37:29,496 - data_pipeline - INFO - LocalProcessConductance - Processing Conductivity for sample 105
2022-07-13 16:37:29,498 - data_pipeline - INFO - LocalProcessConductance - Processing conductivity for sample 105, position 0
2022-07-13 16:37:29,517 - data_pipeline - INFO - LocalProcessConductance - Processing conductivity for sample 105, position 1
2022-07-13 16:37:29,541 - data_pipeline - INFO - LocalProcessConductance - Processing conductivity for sample 105, position 2
2022-07-13 16:37:29,562 - data_pipeline - INFO - LocalProcessConductance - Processing conductivity for sample 105, position 3
2022-07-13 16:37:29,581 - data_pipeline - INFO - LocalProcessConductance - Processing conductivity for sample 105, position 4
2022-07-13 16:37:29,605 - data_pipeline - INFO - LocalProcessConductance - Saving position conductivity data
2022-07-13 16:37:29,612 - data_pipeline - INFO - LocalProcessConductance - Saving sample conductivity data
2022-07-13 16:37:29,625 - data_pipeline - INFO - LocalProcessConductance - Saving raw conductivity data
2022-07-13 16:37:29,644 - data_pipeline - INFO - running ProcessXRF
2022-07-13 16:37:29,644 - data_pipeline - INFO - LocalProcessXRF - Processing XRF
2022-07-13 16:37:33,604 - data_pipeline - INFO - running CalculatePseudoconductivity
2022-07-13 16:37:34,051 - data_pipeline - INFO - running AggregateData
2022-07-13 16:37:34,098 - data_pipeline - INFO - LocalAggregateData - Saving aggregate sample data
2022-07-13 16:37:34,123 - data_pipeline - INFO - running CustomTransformations
2022-07-13 16:37:34,124 - data_pipeline - INFO - No cost parameters provided. Cost not calculated.
2022-07-13 16:37:34,141 - data_pipeline - INFO - running DataEntry
2022-07-13 16:37:34,142 - data_pipeline - INFO - LocalDataEntry - Complete the pipeline
