2022-07-11 13:52:53,929 - data_pipeline - INFO - running CampaignParameters
2022-07-11 13:52:53,930 - data_pipeline - INFO - LocalCampaignParameters - Reading Campaign Parameters
2022-07-11 13:52:53,991 - data_pipeline - INFO - running ProcessSampleParameters
2022-07-11 13:52:53,992 - data_pipeline - INFO - LocalProcessSampleParameters - Reformatting Sample Parameters
2022-07-11 13:52:54,013 - data_pipeline - INFO - LocalProcessSampleParameters - Saving sample parameters data
2022-07-11 13:52:54,032 - data_pipeline - INFO - running ProcessConductance
2022-07-11 13:52:54,034 - data_pipeline - INFO - LocalProcessConductance - Processing Conductivity
2022-07-11 13:52:54,034 - data_pipeline - INFO - LocalProcessConductance - Processing Conductivity for sample 0
2022-07-11 13:52:54,037 - data_pipeline - INFO - LocalProcessConductance - Processing conductivity for sample 0, position 0
2022-07-11 13:52:54,076 - data_pipeline - INFO - LocalProcessConductance - Processing conductivity for sample 0, position 1
2022-07-11 13:52:54,095 - data_pipeline - INFO - LocalProcessConductance - Processing conductivity for sample 0, position 2
2022-07-11 13:52:54,117 - data_pipeline - INFO - LocalProcessConductance - Processing conductivity for sample 0, position 3
2022-07-11 13:52:54,137 - data_pipeline - INFO - LocalProcessConductance - Processing conductivity for sample 0, position 4
2022-07-11 13:52:54,163 - data_pipeline - INFO - LocalProcessConductance - Saving position conductivity data
2022-07-11 13:52:54,171 - data_pipeline - INFO - LocalProcessConductance - Saving sample conductivity data
2022-07-11 13:52:54,187 - data_pipeline - INFO - LocalProcessConductance - Saving raw conductivity data
2022-07-11 13:52:54,205 - data_pipeline - INFO - running ProcessXRF
2022-07-11 13:52:54,205 - data_pipeline - INFO - LocalProcessXRF - Processing XRF
2022-07-11 13:52:58,118 - data_pipeline - INFO - running CalculatePseudoconductivity
2022-07-11 13:52:59,018 - data_pipeline - INFO - running AggregateData
2022-07-11 13:52:59,060 - data_pipeline - INFO - LocalAggregateData - Saving aggregate sample data
2022-07-11 13:52:59,105 - data_pipeline - INFO - running CustomTransformations
2022-07-11 13:52:59,105 - data_pipeline - INFO - No cost parameters provided. Cost not calculated.
2022-07-11 13:52:59,121 - data_pipeline - INFO - running DataEntry
2022-07-11 13:52:59,122 - data_pipeline - INFO - LocalDataEntry - Complete the pipeline
