2022-07-11 17:39:32,133 - data_pipeline - INFO - running CampaignParameters
2022-07-11 17:39:32,134 - data_pipeline - INFO - LocalCampaignParameters - Reading Campaign Parameters
2022-07-11 17:39:32,220 - data_pipeline - INFO - running ProcessSampleParameters
2022-07-11 17:39:32,221 - data_pipeline - INFO - LocalProcessSampleParameters - Reformatting Sample Parameters
2022-07-11 17:39:32,242 - data_pipeline - INFO - LocalProcessSampleParameters - Saving sample parameters data
2022-07-11 17:39:32,260 - data_pipeline - INFO - running ProcessConductance
2022-07-11 17:39:32,261 - data_pipeline - INFO - LocalProcessConductance - Processing Conductivity
2022-07-11 17:39:32,262 - data_pipeline - INFO - LocalProcessConductance - Processing Conductivity for sample 13
2022-07-11 17:39:32,265 - data_pipeline - INFO - LocalProcessConductance - Processing conductivity for sample 13, position 0
2022-07-11 17:39:32,282 - data_pipeline - INFO - LocalProcessConductance - Processing conductivity for sample 13, position 1
2022-07-11 17:39:32,298 - data_pipeline - INFO - LocalProcessConductance - Processing conductivity for sample 13, position 2
2022-07-11 17:39:32,313 - data_pipeline - INFO - LocalProcessConductance - Processing conductivity for sample 13, position 3
2022-07-11 17:39:32,329 - data_pipeline - INFO - LocalProcessConductance - Processing conductivity for sample 13, position 4
2022-07-11 17:39:32,353 - data_pipeline - INFO - LocalProcessConductance - Saving position conductivity data
2022-07-11 17:39:32,360 - data_pipeline - INFO - LocalProcessConductance - Saving sample conductivity data
2022-07-11 17:39:32,372 - data_pipeline - INFO - LocalProcessConductance - Saving raw conductivity data
2022-07-11 17:39:32,391 - data_pipeline - INFO - running ProcessXRF
2022-07-11 17:39:32,392 - data_pipeline - INFO - LocalProcessXRF - Processing XRF
2022-07-11 17:39:36,311 - data_pipeline - INFO - running CalculatePseudoconductivity
2022-07-11 17:39:36,607 - data_pipeline - INFO - running AggregateData
2022-07-11 17:39:36,649 - data_pipeline - INFO - LocalAggregateData - Saving aggregate sample data
2022-07-11 17:39:36,676 - data_pipeline - INFO - running CustomTransformations
2022-07-11 17:39:36,677 - data_pipeline - INFO - No cost parameters provided. Cost not calculated.
2022-07-11 17:39:36,693 - data_pipeline - INFO - running DataEntry
2022-07-11 17:39:36,694 - data_pipeline - INFO - LocalDataEntry - Complete the pipeline
