2022-07-14 01:53:26,313 - data_pipeline - INFO - running CampaignParameters
2022-07-14 01:53:26,314 - data_pipeline - INFO - LocalCampaignParameters - Reading Campaign Parameters
2022-07-14 01:53:26,372 - data_pipeline - INFO - running ProcessSampleParameters
2022-07-14 01:53:26,373 - data_pipeline - INFO - LocalProcessSampleParameters - Reformatting Sample Parameters
2022-07-14 01:53:26,392 - data_pipeline - INFO - LocalProcessSampleParameters - Saving sample parameters data
2022-07-14 01:53:26,412 - data_pipeline - INFO - running ProcessConductance
2022-07-14 01:53:26,412 - data_pipeline - INFO - LocalProcessConductance - Processing Conductivity
2022-07-14 01:53:26,413 - data_pipeline - INFO - LocalProcessConductance - Processing Conductivity for sample 122
2022-07-14 01:53:26,417 - data_pipeline - INFO - LocalProcessConductance - Processing conductivity for sample 122, position 0
2022-07-14 01:53:26,431 - data_pipeline - INFO - LocalProcessConductance - Processing conductivity for sample 122, position 1
2022-07-14 01:53:26,446 - data_pipeline - INFO - LocalProcessConductance - Processing conductivity for sample 122, position 2
2022-07-14 01:53:26,462 - data_pipeline - INFO - LocalProcessConductance - Processing conductivity for sample 122, position 3
2022-07-14 01:53:26,478 - data_pipeline - INFO - LocalProcessConductance - Processing conductivity for sample 122, position 4
2022-07-14 01:53:26,497 - data_pipeline - INFO - LocalProcessConductance - Saving position conductivity data
2022-07-14 01:53:26,505 - data_pipeline - INFO - LocalProcessConductance - Saving sample conductivity data
2022-07-14 01:53:26,518 - data_pipeline - INFO - LocalProcessConductance - Saving raw conductivity data
2022-07-14 01:53:26,536 - data_pipeline - INFO - running ProcessXRF
2022-07-14 01:53:26,537 - data_pipeline - INFO - LocalProcessXRF - Processing XRF
2022-07-14 01:53:30,493 - data_pipeline - INFO - running CalculatePseudoconductivity
2022-07-14 01:53:30,785 - data_pipeline - INFO - running AggregateData
2022-07-14 01:53:30,830 - data_pipeline - INFO - LocalAggregateData - Saving aggregate sample data
2022-07-14 01:53:30,857 - data_pipeline - INFO - running CustomTransformations
2022-07-14 01:53:30,858 - data_pipeline - INFO - No cost parameters provided. Cost not calculated.
2022-07-14 01:53:30,875 - data_pipeline - INFO - running DataEntry
2022-07-14 01:53:30,876 - data_pipeline - INFO - LocalDataEntry - Complete the pipeline
