2022-07-14 02:46:20,249 - data_pipeline - INFO - running CampaignParameters
2022-07-14 02:46:20,250 - data_pipeline - INFO - LocalCampaignParameters - Reading Campaign Parameters
2022-07-14 02:46:20,354 - data_pipeline - INFO - running ProcessSampleParameters
2022-07-14 02:46:20,355 - data_pipeline - INFO - LocalProcessSampleParameters - Reformatting Sample Parameters
2022-07-14 02:46:20,375 - data_pipeline - INFO - LocalProcessSampleParameters - Saving sample parameters data
2022-07-14 02:46:20,395 - data_pipeline - INFO - running ProcessConductance
2022-07-14 02:46:20,396 - data_pipeline - INFO - LocalProcessConductance - Processing Conductivity
2022-07-14 02:46:20,397 - data_pipeline - INFO - LocalProcessConductance - Processing Conductivity for sample 125
2022-07-14 02:46:20,400 - data_pipeline - INFO - LocalProcessConductance - Processing conductivity for sample 125, position 0
2022-07-14 02:46:20,419 - data_pipeline - INFO - LocalProcessConductance - Processing conductivity for sample 125, position 1
2022-07-14 02:46:20,440 - data_pipeline - INFO - LocalProcessConductance - Processing conductivity for sample 125, position 2
2022-07-14 02:46:20,459 - data_pipeline - INFO - LocalProcessConductance - Processing conductivity for sample 125, position 3
2022-07-14 02:46:20,478 - data_pipeline - INFO - LocalProcessConductance - Processing conductivity for sample 125, position 4
2022-07-14 02:46:20,502 - data_pipeline - INFO - LocalProcessConductance - Saving position conductivity data
2022-07-14 02:46:20,509 - data_pipeline - INFO - LocalProcessConductance - Saving sample conductivity data
2022-07-14 02:46:20,521 - data_pipeline - INFO - LocalProcessConductance - Saving raw conductivity data
2022-07-14 02:46:20,540 - data_pipeline - INFO - running ProcessXRF
2022-07-14 02:46:20,541 - data_pipeline - INFO - LocalProcessXRF - Processing XRF
2022-07-14 02:46:24,567 - data_pipeline - INFO - running CalculatePseudoconductivity
2022-07-14 02:46:24,886 - data_pipeline - INFO - running AggregateData
2022-07-14 02:46:24,929 - data_pipeline - INFO - LocalAggregateData - Saving aggregate sample data
2022-07-14 02:46:24,956 - data_pipeline - INFO - running CustomTransformations
2022-07-14 02:46:24,957 - data_pipeline - INFO - No cost parameters provided. Cost not calculated.
2022-07-14 02:46:24,972 - data_pipeline - INFO - running DataEntry
2022-07-14 02:46:24,972 - data_pipeline - INFO - LocalDataEntry - Complete the pipeline
