2022-07-14 17:38:29,859 - data_pipeline - INFO - running CampaignParameters
2022-07-14 17:38:29,860 - data_pipeline - INFO - LocalCampaignParameters - Reading Campaign Parameters
2022-07-14 17:38:30,010 - data_pipeline - INFO - running ProcessSampleParameters
2022-07-14 17:38:30,011 - data_pipeline - INFO - LocalProcessSampleParameters - Reformatting Sample Parameters
2022-07-14 17:38:30,030 - data_pipeline - INFO - LocalProcessSampleParameters - Saving sample parameters data
2022-07-14 17:38:30,050 - data_pipeline - INFO - running ProcessConductance
2022-07-14 17:38:30,052 - data_pipeline - INFO - LocalProcessConductance - Processing Conductivity
2022-07-14 17:38:30,052 - data_pipeline - INFO - LocalProcessConductance - Processing Conductivity for sample 168
2022-07-14 17:38:30,055 - data_pipeline - INFO - LocalProcessConductance - Processing conductivity for sample 168, position 0
2022-07-14 17:38:30,071 - data_pipeline - INFO - LocalProcessConductance - Processing conductivity for sample 168, position 1
2022-07-14 17:38:30,087 - data_pipeline - INFO - LocalProcessConductance - Processing conductivity for sample 168, position 2
2022-07-14 17:38:30,104 - data_pipeline - INFO - LocalProcessConductance - Processing conductivity for sample 168, position 3
2022-07-14 17:38:30,119 - data_pipeline - INFO - LocalProcessConductance - Processing conductivity for sample 168, position 4
2022-07-14 17:38:30,138 - data_pipeline - INFO - LocalProcessConductance - Saving position conductivity data
2022-07-14 17:38:30,146 - data_pipeline - INFO - LocalProcessConductance - Saving sample conductivity data
2022-07-14 17:38:30,158 - data_pipeline - INFO - LocalProcessConductance - Saving raw conductivity data
2022-07-14 17:38:30,177 - data_pipeline - INFO - running ProcessXRF
2022-07-14 17:38:30,177 - data_pipeline - INFO - LocalProcessXRF - Processing XRF
2022-07-14 17:38:34,150 - data_pipeline - INFO - running CalculatePseudoconductivity
2022-07-14 17:38:34,446 - data_pipeline - INFO - running AggregateData
2022-07-14 17:38:34,491 - data_pipeline - INFO - LocalAggregateData - Saving aggregate sample data
2022-07-14 17:38:34,519 - data_pipeline - INFO - running CustomTransformations
2022-07-14 17:38:34,520 - data_pipeline - INFO - No cost parameters provided. Cost not calculated.
2022-07-14 17:38:34,536 - data_pipeline - INFO - running DataEntry
2022-07-14 17:38:34,537 - data_pipeline - INFO - LocalDataEntry - Complete the pipeline
