2022-07-14 10:24:23,133 - data_pipeline - INFO - running CampaignParameters
2022-07-14 10:24:23,134 - data_pipeline - INFO - LocalCampaignParameters - Reading Campaign Parameters
2022-07-14 10:24:23,360 - data_pipeline - INFO - running ProcessSampleParameters
2022-07-14 10:24:23,361 - data_pipeline - INFO - LocalProcessSampleParameters - Reformatting Sample Parameters
2022-07-14 10:24:23,381 - data_pipeline - INFO - LocalProcessSampleParameters - Saving sample parameters data
2022-07-14 10:24:23,402 - data_pipeline - INFO - running ProcessConductance
2022-07-14 10:24:23,402 - data_pipeline - INFO - LocalProcessConductance - Processing Conductivity
2022-07-14 10:24:23,403 - data_pipeline - INFO - LocalProcessConductance - Processing Conductivity for sample 149
2022-07-14 10:24:23,406 - data_pipeline - INFO - LocalProcessConductance - Processing conductivity for sample 149, position 0
2022-07-14 10:24:23,424 - data_pipeline - INFO - LocalProcessConductance - Processing conductivity for sample 149, position 1
2022-07-14 10:24:23,443 - data_pipeline - INFO - LocalProcessConductance - Processing conductivity for sample 149, position 2
2022-07-14 10:24:23,463 - data_pipeline - INFO - LocalProcessConductance - Processing conductivity for sample 149, position 3
2022-07-14 10:24:23,482 - data_pipeline - INFO - LocalProcessConductance - Processing conductivity for sample 149, position 4
2022-07-14 10:24:23,505 - data_pipeline - INFO - LocalProcessConductance - Saving position conductivity data
2022-07-14 10:24:23,512 - data_pipeline - INFO - LocalProcessConductance - Saving sample conductivity data
2022-07-14 10:24:23,524 - data_pipeline - INFO - LocalProcessConductance - Saving raw conductivity data
2022-07-14 10:24:23,542 - data_pipeline - INFO - running ProcessXRF
2022-07-14 10:24:23,543 - data_pipeline - INFO - LocalProcessXRF - Processing XRF
2022-07-14 10:24:27,521 - data_pipeline - INFO - running CalculatePseudoconductivity
2022-07-14 10:24:27,828 - data_pipeline - INFO - running AggregateData
2022-07-14 10:24:27,873 - data_pipeline - INFO - LocalAggregateData - Saving aggregate sample data
2022-07-14 10:24:27,901 - data_pipeline - INFO - running CustomTransformations
2022-07-14 10:24:27,901 - data_pipeline - INFO - No cost parameters provided. Cost not calculated.
2022-07-14 10:24:27,918 - data_pipeline - INFO - running DataEntry
2022-07-14 10:24:27,919 - data_pipeline - INFO - LocalDataEntry - Complete the pipeline
