2022-07-14 05:39:28,938 - data_pipeline - INFO - running CampaignParameters
2022-07-14 05:39:28,939 - data_pipeline - INFO - LocalCampaignParameters - Reading Campaign Parameters
2022-07-14 05:39:29,104 - data_pipeline - INFO - running ProcessSampleParameters
2022-07-14 05:39:29,105 - data_pipeline - INFO - LocalProcessSampleParameters - Reformatting Sample Parameters
2022-07-14 05:39:29,126 - data_pipeline - INFO - LocalProcessSampleParameters - Saving sample parameters data
2022-07-14 05:39:29,146 - data_pipeline - INFO - running ProcessConductance
2022-07-14 05:39:29,147 - data_pipeline - INFO - LocalProcessConductance - Processing Conductivity
2022-07-14 05:39:29,148 - data_pipeline - INFO - LocalProcessConductance - Processing Conductivity for sample 135
2022-07-14 05:39:29,151 - data_pipeline - INFO - LocalProcessConductance - Processing conductivity for sample 135, position 0
2022-07-14 05:39:29,167 - data_pipeline - INFO - LocalProcessConductance - Processing conductivity for sample 135, position 1
2022-07-14 05:39:29,184 - data_pipeline - INFO - LocalProcessConductance - Processing conductivity for sample 135, position 2
2022-07-14 05:39:29,199 - data_pipeline - INFO - LocalProcessConductance - Processing conductivity for sample 135, position 3
2022-07-14 05:39:29,219 - data_pipeline - INFO - LocalProcessConductance - Processing conductivity for sample 135, position 4
2022-07-14 05:39:29,241 - data_pipeline - INFO - LocalProcessConductance - Saving position conductivity data
2022-07-14 05:39:29,251 - data_pipeline - INFO - LocalProcessConductance - Saving sample conductivity data
2022-07-14 05:39:29,263 - data_pipeline - INFO - LocalProcessConductance - Saving raw conductivity data
2022-07-14 05:39:29,281 - data_pipeline - INFO - running ProcessXRF
2022-07-14 05:39:29,282 - data_pipeline - INFO - LocalProcessXRF - Processing XRF
2022-07-14 05:39:33,329 - data_pipeline - INFO - running CalculatePseudoconductivity
2022-07-14 05:39:33,591 - data_pipeline - INFO - running AggregateData
2022-07-14 05:39:33,634 - data_pipeline - INFO - LocalAggregateData - Saving aggregate sample data
2022-07-14 05:39:33,663 - data_pipeline - INFO - running CustomTransformations
2022-07-14 05:39:33,664 - data_pipeline - INFO - No cost parameters provided. Cost not calculated.
2022-07-14 05:39:33,681 - data_pipeline - INFO - running DataEntry
2022-07-14 05:39:33,682 - data_pipeline - INFO - LocalDataEntry - Complete the pipeline
