2022-07-13 02:36:21,308 - data_pipeline - INFO - running CampaignParameters
2022-07-13 02:36:21,309 - data_pipeline - INFO - LocalCampaignParameters - Reading Campaign Parameters
2022-07-13 02:36:21,687 - data_pipeline - INFO - running ProcessSampleParameters
2022-07-13 02:36:21,688 - data_pipeline - INFO - LocalProcessSampleParameters - Reformatting Sample Parameters
2022-07-13 02:36:21,707 - data_pipeline - INFO - LocalProcessSampleParameters - Saving sample parameters data
2022-07-13 02:36:21,728 - data_pipeline - INFO - running ProcessConductance
2022-07-13 02:36:21,729 - data_pipeline - INFO - LocalProcessConductance - Processing Conductivity
2022-07-13 02:36:21,730 - data_pipeline - INFO - LocalProcessConductance - Processing Conductivity for sample 77
2022-07-13 02:36:21,733 - data_pipeline - INFO - LocalProcessConductance - Processing conductivity for sample 77, position 0
2022-07-13 02:36:21,753 - data_pipeline - INFO - LocalProcessConductance - Processing conductivity for sample 77, position 1
2022-07-13 02:36:21,773 - data_pipeline - INFO - LocalProcessConductance - Processing conductivity for sample 77, position 2
2022-07-13 02:36:21,791 - data_pipeline - INFO - LocalProcessConductance - Processing conductivity for sample 77, position 3
2022-07-13 02:36:21,811 - data_pipeline - INFO - LocalProcessConductance - Processing conductivity for sample 77, position 4
2022-07-13 02:36:21,834 - data_pipeline - INFO - LocalProcessConductance - Saving position conductivity data
2022-07-13 02:36:21,843 - data_pipeline - INFO - LocalProcessConductance - Saving sample conductivity data
2022-07-13 02:36:21,855 - data_pipeline - INFO - LocalProcessConductance - Saving raw conductivity data
2022-07-13 02:36:21,873 - data_pipeline - INFO - running ProcessXRF
2022-07-13 02:36:21,874 - data_pipeline - INFO - LocalProcessXRF - Processing XRF
2022-07-13 02:36:25,838 - data_pipeline - INFO - running CalculatePseudoconductivity
2022-07-13 02:36:26,149 - data_pipeline - INFO - running AggregateData
2022-07-13 02:36:26,199 - data_pipeline - INFO - LocalAggregateData - Saving aggregate sample data
2022-07-13 02:36:26,227 - data_pipeline - INFO - running CustomTransformations
2022-07-13 02:36:26,227 - data_pipeline - INFO - No cost parameters provided. Cost not calculated.
2022-07-13 02:36:26,262 - data_pipeline - INFO - running DataEntry
2022-07-13 02:36:26,263 - data_pipeline - INFO - LocalDataEntry - Complete the pipeline
