2022-07-13 15:30:18,099 - data_pipeline - INFO - running CampaignParameters
2022-07-13 15:30:18,100 - data_pipeline - INFO - LocalCampaignParameters - Reading Campaign Parameters
2022-07-13 15:30:18,216 - data_pipeline - INFO - running ProcessSampleParameters
2022-07-13 15:30:18,217 - data_pipeline - INFO - LocalProcessSampleParameters - Reformatting Sample Parameters
2022-07-13 15:30:18,238 - data_pipeline - INFO - LocalProcessSampleParameters - Saving sample parameters data
2022-07-13 15:30:18,257 - data_pipeline - INFO - running ProcessConductance
2022-07-13 15:30:18,258 - data_pipeline - INFO - LocalProcessConductance - Processing Conductivity
2022-07-13 15:30:18,259 - data_pipeline - INFO - LocalProcessConductance - Processing Conductivity for sample 101
2022-07-13 15:30:18,262 - data_pipeline - INFO - LocalProcessConductance - Processing conductivity for sample 101, position 0
2022-07-13 15:30:18,281 - data_pipeline - INFO - LocalProcessConductance - Processing conductivity for sample 101, position 1
2022-07-13 15:30:18,301 - data_pipeline - INFO - LocalProcessConductance - Processing conductivity for sample 101, position 2
2022-07-13 15:30:18,320 - data_pipeline - INFO - LocalProcessConductance - Processing conductivity for sample 101, position 3
2022-07-13 15:30:18,340 - data_pipeline - INFO - LocalProcessConductance - Processing conductivity for sample 101, position 4
2022-07-13 15:30:18,364 - data_pipeline - INFO - LocalProcessConductance - Saving position conductivity data
2022-07-13 15:30:18,371 - data_pipeline - INFO - LocalProcessConductance - Saving sample conductivity data
2022-07-13 15:30:18,384 - data_pipeline - INFO - LocalProcessConductance - Saving raw conductivity data
2022-07-13 15:30:18,402 - data_pipeline - INFO - running ProcessXRF
2022-07-13 15:30:18,403 - data_pipeline - INFO - LocalProcessXRF - Processing XRF
2022-07-13 15:30:22,403 - data_pipeline - INFO - running CalculatePseudoconductivity
2022-07-13 15:30:22,656 - data_pipeline - INFO - running AggregateData
2022-07-13 15:30:22,700 - data_pipeline - INFO - LocalAggregateData - Saving aggregate sample data
2022-07-13 15:30:22,728 - data_pipeline - INFO - running CustomTransformations
2022-07-13 15:30:22,729 - data_pipeline - INFO - No cost parameters provided. Cost not calculated.
2022-07-13 15:30:22,744 - data_pipeline - INFO - running DataEntry
2022-07-13 15:30:22,745 - data_pipeline - INFO - LocalDataEntry - Complete the pipeline
