2022-07-13 05:03:08,391 - data_pipeline - INFO - running CampaignParameters
2022-07-13 05:03:08,392 - data_pipeline - INFO - LocalCampaignParameters - Reading Campaign Parameters
2022-07-13 05:03:08,744 - data_pipeline - INFO - running ProcessSampleParameters
2022-07-13 05:03:08,745 - data_pipeline - INFO - LocalProcessSampleParameters - Reformatting Sample Parameters
2022-07-13 05:03:08,765 - data_pipeline - INFO - LocalProcessSampleParameters - Saving sample parameters data
2022-07-13 05:03:08,783 - data_pipeline - INFO - running ProcessConductance
2022-07-13 05:03:08,785 - data_pipeline - INFO - LocalProcessConductance - Processing Conductivity
2022-07-13 05:03:08,786 - data_pipeline - INFO - LocalProcessConductance - Processing Conductivity for sample 85
2022-07-13 05:03:08,789 - data_pipeline - INFO - LocalProcessConductance - Processing conductivity for sample 85, position 0
2022-07-13 05:03:08,807 - data_pipeline - INFO - LocalProcessConductance - Processing conductivity for sample 85, position 1
2022-07-13 05:03:08,826 - data_pipeline - INFO - LocalProcessConductance - Processing conductivity for sample 85, position 2
2022-07-13 05:03:08,845 - data_pipeline - INFO - LocalProcessConductance - Processing conductivity for sample 85, position 3
2022-07-13 05:03:08,864 - data_pipeline - INFO - LocalProcessConductance - Processing conductivity for sample 85, position 4
2022-07-13 05:03:08,888 - data_pipeline - INFO - LocalProcessConductance - Saving position conductivity data
2022-07-13 05:03:08,896 - data_pipeline - INFO - LocalProcessConductance - Saving sample conductivity data
2022-07-13 05:03:08,908 - data_pipeline - INFO - LocalProcessConductance - Saving raw conductivity data
2022-07-13 05:03:08,926 - data_pipeline - INFO - running ProcessXRF
2022-07-13 05:03:08,927 - data_pipeline - INFO - LocalProcessXRF - Processing XRF
2022-07-13 05:03:12,947 - data_pipeline - INFO - running CalculatePseudoconductivity
2022-07-13 05:03:13,201 - data_pipeline - INFO - running AggregateData
2022-07-13 05:03:13,245 - data_pipeline - INFO - LocalAggregateData - Saving aggregate sample data
2022-07-13 05:03:13,272 - data_pipeline - INFO - running CustomTransformations
2022-07-13 05:03:13,273 - data_pipeline - INFO - No cost parameters provided. Cost not calculated.
2022-07-13 05:03:13,290 - data_pipeline - INFO - running DataEntry
2022-07-13 05:03:13,290 - data_pipeline - INFO - LocalDataEntry - Complete the pipeline
