2022-07-11 16:45:54,408 - data_pipeline - INFO - running CampaignParameters
2022-07-11 16:45:54,409 - data_pipeline - INFO - LocalCampaignParameters - Reading Campaign Parameters
2022-07-11 16:45:54,494 - data_pipeline - INFO - running ProcessSampleParameters
2022-07-11 16:45:54,495 - data_pipeline - INFO - LocalProcessSampleParameters - Reformatting Sample Parameters
2022-07-11 16:45:54,516 - data_pipeline - INFO - LocalProcessSampleParameters - Saving sample parameters data
2022-07-11 16:45:54,535 - data_pipeline - INFO - running ProcessConductance
2022-07-11 16:45:54,536 - data_pipeline - INFO - LocalProcessConductance - Processing Conductivity
2022-07-11 16:45:54,537 - data_pipeline - INFO - LocalProcessConductance - Processing Conductivity for sample 10
2022-07-11 16:45:54,540 - data_pipeline - INFO - LocalProcessConductance - Processing conductivity for sample 10, position 0
2022-07-11 16:45:54,556 - data_pipeline - INFO - LocalProcessConductance - Processing conductivity for sample 10, position 1
2022-07-11 16:45:54,572 - data_pipeline - INFO - LocalProcessConductance - Processing conductivity for sample 10, position 2
2022-07-11 16:45:54,588 - data_pipeline - INFO - LocalProcessConductance - Processing conductivity for sample 10, position 3
2022-07-11 16:45:54,605 - data_pipeline - INFO - LocalProcessConductance - Processing conductivity for sample 10, position 4
2022-07-11 16:45:54,624 - data_pipeline - INFO - LocalProcessConductance - Saving position conductivity data
2022-07-11 16:45:54,633 - data_pipeline - INFO - LocalProcessConductance - Saving sample conductivity data
2022-07-11 16:45:54,645 - data_pipeline - INFO - LocalProcessConductance - Saving raw conductivity data
2022-07-11 16:45:54,665 - data_pipeline - INFO - running ProcessXRF
2022-07-11 16:45:54,665 - data_pipeline - INFO - LocalProcessXRF - Processing XRF
2022-07-11 16:45:58,547 - data_pipeline - INFO - running CalculatePseudoconductivity
2022-07-11 16:45:58,795 - data_pipeline - INFO - running AggregateData
2022-07-11 16:45:58,839 - data_pipeline - INFO - LocalAggregateData - Saving aggregate sample data
2022-07-11 16:45:58,868 - data_pipeline - INFO - running CustomTransformations
2022-07-11 16:45:58,868 - data_pipeline - INFO - No cost parameters provided. Cost not calculated.
2022-07-11 16:45:58,886 - data_pipeline - INFO - running DataEntry
2022-07-11 16:45:58,886 - data_pipeline - INFO - LocalDataEntry - Complete the pipeline
