2022-07-14 06:58:59,788 - data_pipeline - INFO - running CampaignParameters
2022-07-14 06:58:59,788 - data_pipeline - INFO - LocalCampaignParameters - Reading Campaign Parameters
2022-07-14 06:58:59,982 - data_pipeline - INFO - running ProcessSampleParameters
2022-07-14 06:58:59,982 - data_pipeline - INFO - LocalProcessSampleParameters - Reformatting Sample Parameters
2022-07-14 06:59:00,003 - data_pipeline - INFO - LocalProcessSampleParameters - Saving sample parameters data
2022-07-14 06:59:00,022 - data_pipeline - INFO - running ProcessConductance
2022-07-14 06:59:00,023 - data_pipeline - INFO - LocalProcessConductance - Processing Conductivity
2022-07-14 06:59:00,024 - data_pipeline - INFO - LocalProcessConductance - Processing Conductivity for sample 138
2022-07-14 06:59:00,042 - data_pipeline - INFO - LocalProcessConductance - Processing conductivity for sample 138, position 0
2022-07-14 06:59:00,057 - data_pipeline - INFO - LocalProcessConductance - Processing conductivity for sample 138, position 1
2022-07-14 06:59:00,072 - data_pipeline - INFO - LocalProcessConductance - Processing conductivity for sample 138, position 2
2022-07-14 06:59:00,088 - data_pipeline - INFO - LocalProcessConductance - Processing conductivity for sample 138, position 3
2022-07-14 06:59:00,103 - data_pipeline - INFO - LocalProcessConductance - Processing conductivity for sample 138, position 4
2022-07-14 06:59:00,122 - data_pipeline - INFO - LocalProcessConductance - Saving position conductivity data
2022-07-14 06:59:00,129 - data_pipeline - INFO - LocalProcessConductance - Saving sample conductivity data
2022-07-14 06:59:00,140 - data_pipeline - INFO - LocalProcessConductance - Saving raw conductivity data
2022-07-14 06:59:00,157 - data_pipeline - INFO - running ProcessXRF
2022-07-14 06:59:00,157 - data_pipeline - INFO - LocalProcessXRF - Processing XRF
2022-07-14 06:59:04,254 - data_pipeline - INFO - running CalculatePseudoconductivity
2022-07-14 06:59:04,553 - data_pipeline - INFO - running AggregateData
2022-07-14 06:59:04,603 - data_pipeline - INFO - LocalAggregateData - Saving aggregate sample data
2022-07-14 06:59:04,633 - data_pipeline - INFO - running CustomTransformations
2022-07-14 06:59:04,634 - data_pipeline - INFO - No cost parameters provided. Cost not calculated.
2022-07-14 06:59:04,651 - data_pipeline - INFO - running DataEntry
2022-07-14 06:59:04,652 - data_pipeline - INFO - LocalDataEntry - Complete the pipeline
