2022-07-14 01:38:12,883 - data_pipeline - INFO - running CampaignParameters
2022-07-14 01:38:12,883 - data_pipeline - INFO - LocalCampaignParameters - Reading Campaign Parameters
2022-07-14 01:38:12,962 - data_pipeline - INFO - running ProcessSampleParameters
2022-07-14 01:38:12,963 - data_pipeline - INFO - LocalProcessSampleParameters - Reformatting Sample Parameters
2022-07-14 01:38:12,982 - data_pipeline - INFO - LocalProcessSampleParameters - Saving sample parameters data
2022-07-14 01:38:13,002 - data_pipeline - INFO - running ProcessConductance
2022-07-14 01:38:13,004 - data_pipeline - INFO - LocalProcessConductance - Processing Conductivity
2022-07-14 01:38:13,005 - data_pipeline - INFO - LocalProcessConductance - Processing Conductivity for sample 121
2022-07-14 01:38:13,008 - data_pipeline - INFO - LocalProcessConductance - Processing conductivity for sample 121, position 0
2022-07-14 01:38:13,024 - data_pipeline - INFO - LocalProcessConductance - Processing conductivity for sample 121, position 1
2022-07-14 01:38:13,039 - data_pipeline - INFO - LocalProcessConductance - Processing conductivity for sample 121, position 2
2022-07-14 01:38:13,055 - data_pipeline - INFO - LocalProcessConductance - Processing conductivity for sample 121, position 3
2022-07-14 01:38:13,071 - data_pipeline - INFO - LocalProcessConductance - Processing conductivity for sample 121, position 4
2022-07-14 01:38:13,090 - data_pipeline - INFO - LocalProcessConductance - Saving position conductivity data
2022-07-14 01:38:13,099 - data_pipeline - INFO - LocalProcessConductance - Saving sample conductivity data
2022-07-14 01:38:13,111 - data_pipeline - INFO - LocalProcessConductance - Saving raw conductivity data
2022-07-14 01:38:13,130 - data_pipeline - INFO - running ProcessXRF
2022-07-14 01:38:13,131 - data_pipeline - INFO - LocalProcessXRF - Processing XRF
2022-07-14 01:38:17,135 - data_pipeline - INFO - running CalculatePseudoconductivity
2022-07-14 01:38:17,457 - data_pipeline - INFO - running AggregateData
2022-07-14 01:38:17,501 - data_pipeline - INFO - LocalAggregateData - Saving aggregate sample data
2022-07-14 01:38:17,529 - data_pipeline - INFO - running CustomTransformations
2022-07-14 01:38:17,530 - data_pipeline - INFO - No cost parameters provided. Cost not calculated.
2022-07-14 01:38:17,555 - data_pipeline - INFO - running DataEntry
2022-07-14 01:38:17,556 - data_pipeline - INFO - LocalDataEntry - Complete the pipeline
