2022-07-14 04:45:21,944 - data_pipeline - INFO - running CampaignParameters
2022-07-14 04:45:21,945 - data_pipeline - INFO - LocalCampaignParameters - Reading Campaign Parameters
2022-07-14 04:45:22,064 - data_pipeline - INFO - running ProcessSampleParameters
2022-07-14 04:45:22,064 - data_pipeline - INFO - LocalProcessSampleParameters - Reformatting Sample Parameters
2022-07-14 04:45:22,084 - data_pipeline - INFO - LocalProcessSampleParameters - Saving sample parameters data
2022-07-14 04:45:22,103 - data_pipeline - INFO - running ProcessConductance
2022-07-14 04:45:22,104 - data_pipeline - INFO - LocalProcessConductance - Processing Conductivity
2022-07-14 04:45:22,105 - data_pipeline - INFO - LocalProcessConductance - Processing Conductivity for sample 132
2022-07-14 04:45:22,108 - data_pipeline - INFO - LocalProcessConductance - Processing conductivity for sample 132, position 0
2022-07-14 04:45:22,127 - data_pipeline - INFO - LocalProcessConductance - Processing conductivity for sample 132, position 1
2022-07-14 04:45:22,148 - data_pipeline - INFO - LocalProcessConductance - Processing conductivity for sample 132, position 2
2022-07-14 04:45:22,168 - data_pipeline - INFO - LocalProcessConductance - Processing conductivity for sample 132, position 3
2022-07-14 04:45:22,187 - data_pipeline - INFO - LocalProcessConductance - Processing conductivity for sample 132, position 4
2022-07-14 04:45:22,210 - data_pipeline - INFO - LocalProcessConductance - Saving position conductivity data
2022-07-14 04:45:22,218 - data_pipeline - INFO - LocalProcessConductance - Saving sample conductivity data
2022-07-14 04:45:22,229 - data_pipeline - INFO - LocalProcessConductance - Saving raw conductivity data
2022-07-14 04:45:22,248 - data_pipeline - INFO - running ProcessXRF
2022-07-14 04:45:22,248 - data_pipeline - INFO - LocalProcessXRF - Processing XRF
2022-07-14 04:45:26,249 - data_pipeline - INFO - running CalculatePseudoconductivity
2022-07-14 04:45:26,518 - data_pipeline - INFO - running AggregateData
2022-07-14 04:45:26,562 - data_pipeline - INFO - LocalAggregateData - Saving aggregate sample data
2022-07-14 04:45:26,588 - data_pipeline - INFO - running CustomTransformations
2022-07-14 04:45:26,589 - data_pipeline - INFO - No cost parameters provided. Cost not calculated.
2022-07-14 04:45:26,605 - data_pipeline - INFO - running DataEntry
2022-07-14 04:45:26,606 - data_pipeline - INFO - LocalDataEntry - Complete the pipeline
