2022-07-13 14:04:48,349 - data_pipeline - INFO - running CampaignParameters
2022-07-13 14:04:48,350 - data_pipeline - INFO - LocalCampaignParameters - Reading Campaign Parameters
2022-07-13 14:04:48,458 - data_pipeline - INFO - running ProcessSampleParameters
2022-07-13 14:04:48,458 - data_pipeline - INFO - LocalProcessSampleParameters - Reformatting Sample Parameters
2022-07-13 14:04:48,479 - data_pipeline - INFO - LocalProcessSampleParameters - Saving sample parameters data
2022-07-13 14:04:48,498 - data_pipeline - INFO - running ProcessConductance
2022-07-13 14:04:48,499 - data_pipeline - INFO - LocalProcessConductance - Processing Conductivity
2022-07-13 14:04:48,500 - data_pipeline - INFO - LocalProcessConductance - Processing Conductivity for sample 97
2022-07-13 14:04:48,503 - data_pipeline - INFO - LocalProcessConductance - Processing conductivity for sample 97, position 0
2022-07-13 14:04:48,523 - data_pipeline - INFO - LocalProcessConductance - Processing conductivity for sample 97, position 1
2022-07-13 14:04:48,542 - data_pipeline - INFO - LocalProcessConductance - Processing conductivity for sample 97, position 2
2022-07-13 14:04:48,562 - data_pipeline - INFO - LocalProcessConductance - Processing conductivity for sample 97, position 3
2022-07-13 14:04:48,582 - data_pipeline - INFO - LocalProcessConductance - Processing conductivity for sample 97, position 4
2022-07-13 14:04:48,604 - data_pipeline - INFO - LocalProcessConductance - Saving position conductivity data
2022-07-13 14:04:48,613 - data_pipeline - INFO - LocalProcessConductance - Saving sample conductivity data
2022-07-13 14:04:48,624 - data_pipeline - INFO - LocalProcessConductance - Saving raw conductivity data
2022-07-13 14:04:48,642 - data_pipeline - INFO - running ProcessXRF
2022-07-13 14:04:48,643 - data_pipeline - INFO - LocalProcessXRF - Processing XRF
2022-07-13 14:04:52,635 - data_pipeline - INFO - running CalculatePseudoconductivity
2022-07-13 14:04:52,960 - data_pipeline - INFO - running AggregateData
2022-07-13 14:04:53,005 - data_pipeline - INFO - LocalAggregateData - Saving aggregate sample data
2022-07-13 14:04:53,033 - data_pipeline - INFO - running CustomTransformations
2022-07-13 14:04:53,034 - data_pipeline - INFO - No cost parameters provided. Cost not calculated.
2022-07-13 14:04:53,056 - data_pipeline - INFO - running DataEntry
2022-07-13 14:04:53,057 - data_pipeline - INFO - LocalDataEntry - Complete the pipeline
