2022-07-11 17:22:17,273 - data_pipeline - INFO - running CampaignParameters
2022-07-11 17:22:17,274 - data_pipeline - INFO - LocalCampaignParameters - Reading Campaign Parameters
2022-07-11 17:22:17,366 - data_pipeline - INFO - running ProcessSampleParameters
2022-07-11 17:22:17,368 - data_pipeline - INFO - LocalProcessSampleParameters - Reformatting Sample Parameters
2022-07-11 17:22:17,388 - data_pipeline - INFO - LocalProcessSampleParameters - Saving sample parameters data
2022-07-11 17:22:17,407 - data_pipeline - INFO - running ProcessConductance
2022-07-11 17:22:17,408 - data_pipeline - INFO - LocalProcessConductance - Processing Conductivity
2022-07-11 17:22:17,409 - data_pipeline - INFO - LocalProcessConductance - Processing Conductivity for sample 12
2022-07-11 17:22:17,412 - data_pipeline - INFO - LocalProcessConductance - Processing conductivity for sample 12, position 0
2022-07-11 17:22:17,431 - data_pipeline - INFO - LocalProcessConductance - Processing conductivity for sample 12, position 1
2022-07-11 17:22:17,450 - data_pipeline - INFO - LocalProcessConductance - Processing conductivity for sample 12, position 2
2022-07-11 17:22:17,469 - data_pipeline - INFO - LocalProcessConductance - Processing conductivity for sample 12, position 3
2022-07-11 17:22:17,489 - data_pipeline - INFO - LocalProcessConductance - Processing conductivity for sample 12, position 4
2022-07-11 17:22:17,514 - data_pipeline - INFO - LocalProcessConductance - Saving position conductivity data
2022-07-11 17:22:17,522 - data_pipeline - INFO - LocalProcessConductance - Saving sample conductivity data
2022-07-11 17:22:17,535 - data_pipeline - INFO - LocalProcessConductance - Saving raw conductivity data
2022-07-11 17:22:17,553 - data_pipeline - INFO - running ProcessXRF
2022-07-11 17:22:17,554 - data_pipeline - INFO - LocalProcessXRF - Processing XRF
2022-07-11 17:22:21,458 - data_pipeline - INFO - running CalculatePseudoconductivity
2022-07-11 17:22:21,751 - data_pipeline - INFO - running AggregateData
2022-07-11 17:22:21,794 - data_pipeline - INFO - LocalAggregateData - Saving aggregate sample data
2022-07-11 17:22:21,821 - data_pipeline - INFO - running CustomTransformations
2022-07-11 17:22:21,821 - data_pipeline - INFO - No cost parameters provided. Cost not calculated.
2022-07-11 17:22:21,837 - data_pipeline - INFO - running DataEntry
2022-07-11 17:22:21,837 - data_pipeline - INFO - LocalDataEntry - Complete the pipeline
