2022-07-11 21:07:06,010 - data_pipeline - INFO - running CampaignParameters
2022-07-11 21:07:06,011 - data_pipeline - INFO - LocalCampaignParameters - Reading Campaign Parameters
2022-07-11 21:07:06,135 - data_pipeline - INFO - running ProcessSampleParameters
2022-07-11 21:07:06,135 - data_pipeline - INFO - LocalProcessSampleParameters - Reformatting Sample Parameters
2022-07-11 21:07:06,155 - data_pipeline - INFO - LocalProcessSampleParameters - Saving sample parameters data
2022-07-11 21:07:06,182 - data_pipeline - INFO - running ProcessConductance
2022-07-11 21:07:06,183 - data_pipeline - INFO - LocalProcessConductance - Processing Conductivity
2022-07-11 21:07:06,185 - data_pipeline - INFO - LocalProcessConductance - Processing Conductivity for sample 24
2022-07-11 21:07:06,188 - data_pipeline - INFO - LocalProcessConductance - Processing conductivity for sample 24, position 0
2022-07-11 21:07:06,203 - data_pipeline - INFO - LocalProcessConductance - Processing conductivity for sample 24, position 1
2022-07-11 21:07:06,218 - data_pipeline - INFO - LocalProcessConductance - Processing conductivity for sample 24, position 2
2022-07-11 21:07:06,234 - data_pipeline - INFO - LocalProcessConductance - Processing conductivity for sample 24, position 3
2022-07-11 21:07:06,249 - data_pipeline - INFO - LocalProcessConductance - Processing conductivity for sample 24, position 4
2022-07-11 21:07:06,268 - data_pipeline - INFO - LocalProcessConductance - Saving position conductivity data
2022-07-11 21:07:06,275 - data_pipeline - INFO - LocalProcessConductance - Saving sample conductivity data
2022-07-11 21:07:06,288 - data_pipeline - INFO - LocalProcessConductance - Saving raw conductivity data
2022-07-11 21:07:06,305 - data_pipeline - INFO - running ProcessXRF
2022-07-11 21:07:06,306 - data_pipeline - INFO - LocalProcessXRF - Processing XRF
2022-07-11 21:07:10,215 - data_pipeline - INFO - running CalculatePseudoconductivity
2022-07-11 21:07:10,467 - data_pipeline - INFO - running AggregateData
2022-07-11 21:07:10,510 - data_pipeline - INFO - LocalAggregateData - Saving aggregate sample data
2022-07-11 21:07:10,538 - data_pipeline - INFO - running CustomTransformations
2022-07-11 21:07:10,539 - data_pipeline - INFO - No cost parameters provided. Cost not calculated.
2022-07-11 21:07:10,555 - data_pipeline - INFO - running DataEntry
2022-07-11 21:07:10,556 - data_pipeline - INFO - LocalDataEntry - Complete the pipeline
