2022-07-11 14:27:50,192 - data_pipeline - INFO - running CampaignParameters
2022-07-11 14:27:50,193 - data_pipeline - INFO - LocalCampaignParameters - Reading Campaign Parameters
2022-07-11 14:27:50,264 - data_pipeline - INFO - running ProcessSampleParameters
2022-07-11 14:27:50,264 - data_pipeline - INFO - LocalProcessSampleParameters - Reformatting Sample Parameters
2022-07-11 14:27:50,285 - data_pipeline - INFO - LocalProcessSampleParameters - Saving sample parameters data
2022-07-11 14:27:50,304 - data_pipeline - INFO - running ProcessConductance
2022-07-11 14:27:50,305 - data_pipeline - INFO - LocalProcessConductance - Processing Conductivity
2022-07-11 14:27:50,306 - data_pipeline - INFO - LocalProcessConductance - Processing Conductivity for sample 2
2022-07-11 14:27:50,309 - data_pipeline - INFO - LocalProcessConductance - Processing conductivity for sample 2, position 0
2022-07-11 14:27:50,330 - data_pipeline - INFO - LocalProcessConductance - Processing conductivity for sample 2, position 1
2022-07-11 14:27:50,350 - data_pipeline - INFO - LocalProcessConductance - Processing conductivity for sample 2, position 2
2022-07-11 14:27:50,370 - data_pipeline - INFO - LocalProcessConductance - Processing conductivity for sample 2, position 3
2022-07-11 14:27:50,390 - data_pipeline - INFO - LocalProcessConductance - Processing conductivity for sample 2, position 4
2022-07-11 14:27:50,413 - data_pipeline - INFO - LocalProcessConductance - Saving position conductivity data
2022-07-11 14:27:50,420 - data_pipeline - INFO - LocalProcessConductance - Saving sample conductivity data
2022-07-11 14:27:50,432 - data_pipeline - INFO - LocalProcessConductance - Saving raw conductivity data
2022-07-11 14:27:50,450 - data_pipeline - INFO - running ProcessXRF
2022-07-11 14:27:50,451 - data_pipeline - INFO - LocalProcessXRF - Processing XRF
2022-07-11 14:27:54,341 - data_pipeline - INFO - running CalculatePseudoconductivity
2022-07-11 14:27:54,642 - data_pipeline - INFO - running AggregateData
2022-07-11 14:27:54,684 - data_pipeline - INFO - LocalAggregateData - Saving aggregate sample data
2022-07-11 14:27:54,711 - data_pipeline - INFO - running CustomTransformations
2022-07-11 14:27:54,712 - data_pipeline - INFO - No cost parameters provided. Cost not calculated.
2022-07-11 14:27:54,727 - data_pipeline - INFO - running DataEntry
2022-07-11 14:27:54,728 - data_pipeline - INFO - LocalDataEntry - Complete the pipeline
