2022-07-14 02:14:44,852 - data_pipeline - INFO - running CampaignParameters
2022-07-14 02:14:44,853 - data_pipeline - INFO - LocalCampaignParameters - Reading Campaign Parameters
2022-07-14 02:14:44,936 - data_pipeline - INFO - running ProcessSampleParameters
2022-07-14 02:14:44,936 - data_pipeline - INFO - LocalProcessSampleParameters - Reformatting Sample Parameters
2022-07-14 02:14:44,957 - data_pipeline - INFO - LocalProcessSampleParameters - Saving sample parameters data
2022-07-14 02:14:45,126 - data_pipeline - INFO - running ProcessConductance
2022-07-14 02:14:45,126 - data_pipeline - INFO - LocalProcessConductance - Processing Conductivity
2022-07-14 02:14:45,127 - data_pipeline - INFO - LocalProcessConductance - Processing Conductivity for sample 123
2022-07-14 02:14:45,131 - data_pipeline - INFO - LocalProcessConductance - Processing conductivity for sample 123, position 0
2022-07-14 02:14:45,151 - data_pipeline - INFO - LocalProcessConductance - Processing conductivity for sample 123, position 1
2022-07-14 02:14:45,171 - data_pipeline - INFO - LocalProcessConductance - Processing conductivity for sample 123, position 2
2022-07-14 02:14:45,190 - data_pipeline - INFO - LocalProcessConductance - Processing conductivity for sample 123, position 3
2022-07-14 02:14:45,209 - data_pipeline - INFO - LocalProcessConductance - Processing conductivity for sample 123, position 4
2022-07-14 02:14:45,232 - data_pipeline - INFO - LocalProcessConductance - Saving position conductivity data
2022-07-14 02:14:45,240 - data_pipeline - INFO - LocalProcessConductance - Saving sample conductivity data
2022-07-14 02:14:45,251 - data_pipeline - INFO - LocalProcessConductance - Saving raw conductivity data
2022-07-14 02:14:45,269 - data_pipeline - INFO - running ProcessXRF
2022-07-14 02:14:45,270 - data_pipeline - INFO - LocalProcessXRF - Processing XRF
2022-07-14 02:14:49,232 - data_pipeline - INFO - running CalculatePseudoconductivity
2022-07-14 02:14:49,510 - data_pipeline - INFO - running AggregateData
2022-07-14 02:14:49,554 - data_pipeline - INFO - LocalAggregateData - Saving aggregate sample data
2022-07-14 02:14:49,581 - data_pipeline - INFO - running CustomTransformations
2022-07-14 02:14:49,582 - data_pipeline - INFO - No cost parameters provided. Cost not calculated.
2022-07-14 02:14:49,597 - data_pipeline - INFO - running DataEntry
2022-07-14 02:14:49,598 - data_pipeline - INFO - LocalDataEntry - Complete the pipeline
