2022-07-12 21:26:48,306 - data_pipeline - INFO - running CampaignParameters
2022-07-12 21:26:48,307 - data_pipeline - INFO - LocalCampaignParameters - Reading Campaign Parameters
2022-07-12 21:26:48,484 - data_pipeline - INFO - running ProcessSampleParameters
2022-07-12 21:26:48,485 - data_pipeline - INFO - LocalProcessSampleParameters - Reformatting Sample Parameters
2022-07-12 21:26:48,505 - data_pipeline - INFO - LocalProcessSampleParameters - Saving sample parameters data
2022-07-12 21:26:48,524 - data_pipeline - INFO - running ProcessConductance
2022-07-12 21:26:48,524 - data_pipeline - INFO - LocalProcessConductance - Processing Conductivity
2022-07-12 21:26:48,525 - data_pipeline - INFO - LocalProcessConductance - Processing Conductivity for sample 65
2022-07-12 21:26:48,528 - data_pipeline - INFO - LocalProcessConductance - Processing conductivity for sample 65, position 0
2022-07-12 21:26:48,547 - data_pipeline - INFO - LocalProcessConductance - Processing conductivity for sample 65, position 1
2022-07-12 21:26:48,566 - data_pipeline - INFO - LocalProcessConductance - Processing conductivity for sample 65, position 2
2022-07-12 21:26:48,585 - data_pipeline - INFO - LocalProcessConductance - Processing conductivity for sample 65, position 3
2022-07-12 21:26:48,604 - data_pipeline - INFO - LocalProcessConductance - Processing conductivity for sample 65, position 4
2022-07-12 21:26:48,628 - data_pipeline - INFO - LocalProcessConductance - Saving position conductivity data
2022-07-12 21:26:48,636 - data_pipeline - INFO - LocalProcessConductance - Saving sample conductivity data
2022-07-12 21:26:48,648 - data_pipeline - INFO - LocalProcessConductance - Saving raw conductivity data
2022-07-12 21:26:48,666 - data_pipeline - INFO - running ProcessXRF
2022-07-12 21:26:48,667 - data_pipeline - INFO - LocalProcessXRF - Processing XRF
2022-07-12 21:26:52,791 - data_pipeline - INFO - running CalculatePseudoconductivity
2022-07-12 21:26:53,079 - data_pipeline - INFO - running AggregateData
2022-07-12 21:26:53,122 - data_pipeline - INFO - LocalAggregateData - Saving aggregate sample data
2022-07-12 21:26:53,157 - data_pipeline - INFO - running CustomTransformations
2022-07-12 21:26:53,158 - data_pipeline - INFO - No cost parameters provided. Cost not calculated.
2022-07-12 21:26:53,174 - data_pipeline - INFO - running DataEntry
2022-07-12 21:26:53,176 - data_pipeline - INFO - LocalDataEntry - Complete the pipeline
