2022-07-11 14:45:20,349 - data_pipeline - INFO - running CampaignParameters
2022-07-11 14:45:20,350 - data_pipeline - INFO - LocalCampaignParameters - Reading Campaign Parameters
2022-07-11 14:45:20,430 - data_pipeline - INFO - running ProcessSampleParameters
2022-07-11 14:45:20,430 - data_pipeline - INFO - LocalProcessSampleParameters - Reformatting Sample Parameters
2022-07-11 14:45:20,452 - data_pipeline - INFO - LocalProcessSampleParameters - Saving sample parameters data
2022-07-11 14:45:20,473 - data_pipeline - INFO - running ProcessConductance
2022-07-11 14:45:20,474 - data_pipeline - INFO - LocalProcessConductance - Processing Conductivity
2022-07-11 14:45:20,475 - data_pipeline - INFO - LocalProcessConductance - Processing Conductivity for sample 3
2022-07-11 14:45:20,478 - data_pipeline - INFO - LocalProcessConductance - Processing conductivity for sample 3, position 0
2022-07-11 14:45:20,498 - data_pipeline - INFO - LocalProcessConductance - Processing conductivity for sample 3, position 1
2022-07-11 14:45:20,521 - data_pipeline - INFO - LocalProcessConductance - Processing conductivity for sample 3, position 2
2022-07-11 14:45:20,541 - data_pipeline - INFO - LocalProcessConductance - Processing conductivity for sample 3, position 3
2022-07-11 14:45:20,561 - data_pipeline - INFO - LocalProcessConductance - Processing conductivity for sample 3, position 4
2022-07-11 14:45:20,585 - data_pipeline - INFO - LocalProcessConductance - Saving position conductivity data
2022-07-11 14:45:20,594 - data_pipeline - INFO - LocalProcessConductance - Saving sample conductivity data
2022-07-11 14:45:20,606 - data_pipeline - INFO - LocalProcessConductance - Saving raw conductivity data
2022-07-11 14:45:20,625 - data_pipeline - INFO - running ProcessXRF
2022-07-11 14:45:20,627 - data_pipeline - INFO - LocalProcessXRF - Processing XRF
2022-07-11 14:45:24,539 - data_pipeline - INFO - running CalculatePseudoconductivity
2022-07-11 14:45:24,794 - data_pipeline - INFO - running AggregateData
2022-07-11 14:45:24,838 - data_pipeline - INFO - LocalAggregateData - Saving aggregate sample data
2022-07-11 14:45:24,866 - data_pipeline - INFO - running CustomTransformations
2022-07-11 14:45:24,867 - data_pipeline - INFO - No cost parameters provided. Cost not calculated.
2022-07-11 14:45:25,183 - data_pipeline - INFO - running DataEntry
2022-07-11 14:45:25,184 - data_pipeline - INFO - LocalDataEntry - Complete the pipeline
