2022-07-14 08:03:59,084 - data_pipeline - INFO - running CampaignParameters
2022-07-14 08:03:59,085 - data_pipeline - INFO - LocalCampaignParameters - Reading Campaign Parameters
2022-07-14 08:03:59,318 - data_pipeline - INFO - running ProcessSampleParameters
2022-07-14 08:03:59,319 - data_pipeline - INFO - LocalProcessSampleParameters - Reformatting Sample Parameters
2022-07-14 08:03:59,339 - data_pipeline - INFO - LocalProcessSampleParameters - Saving sample parameters data
2022-07-14 08:03:59,358 - data_pipeline - INFO - running ProcessConductance
2022-07-14 08:03:59,359 - data_pipeline - INFO - LocalProcessConductance - Processing Conductivity
2022-07-14 08:03:59,359 - data_pipeline - INFO - LocalProcessConductance - Processing Conductivity for sample 142
2022-07-14 08:03:59,363 - data_pipeline - INFO - LocalProcessConductance - Processing conductivity for sample 142, position 0
2022-07-14 08:03:59,381 - data_pipeline - INFO - LocalProcessConductance - Processing conductivity for sample 142, position 1
2022-07-14 08:03:59,401 - data_pipeline - INFO - LocalProcessConductance - Processing conductivity for sample 142, position 2
2022-07-14 08:03:59,421 - data_pipeline - INFO - LocalProcessConductance - Processing conductivity for sample 142, position 3
2022-07-14 08:03:59,440 - data_pipeline - INFO - LocalProcessConductance - Processing conductivity for sample 142, position 4
2022-07-14 08:03:59,462 - data_pipeline - INFO - LocalProcessConductance - Saving position conductivity data
2022-07-14 08:03:59,470 - data_pipeline - INFO - LocalProcessConductance - Saving sample conductivity data
2022-07-14 08:03:59,481 - data_pipeline - INFO - LocalProcessConductance - Saving raw conductivity data
2022-07-14 08:03:59,498 - data_pipeline - INFO - running ProcessXRF
2022-07-14 08:03:59,499 - data_pipeline - INFO - LocalProcessXRF - Processing XRF
2022-07-14 08:04:03,510 - data_pipeline - INFO - running CalculatePseudoconductivity
2022-07-14 08:04:03,949 - data_pipeline - INFO - running AggregateData
2022-07-14 08:04:04,025 - data_pipeline - INFO - LocalAggregateData - Saving aggregate sample data
2022-07-14 08:04:04,056 - data_pipeline - INFO - running CustomTransformations
2022-07-14 08:04:04,057 - data_pipeline - INFO - No cost parameters provided. Cost not calculated.
2022-07-14 08:04:04,073 - data_pipeline - INFO - running DataEntry
2022-07-14 08:04:04,074 - data_pipeline - INFO - LocalDataEntry - Complete the pipeline
