2022-07-12 20:29:41,503 - data_pipeline - INFO - running CampaignParameters
2022-07-12 20:29:41,503 - data_pipeline - INFO - LocalCampaignParameters - Reading Campaign Parameters
2022-07-12 20:29:41,807 - data_pipeline - INFO - running ProcessSampleParameters
2022-07-12 20:29:41,808 - data_pipeline - INFO - LocalProcessSampleParameters - Reformatting Sample Parameters
2022-07-12 20:29:41,829 - data_pipeline - INFO - LocalProcessSampleParameters - Saving sample parameters data
2022-07-12 20:29:41,847 - data_pipeline - INFO - running ProcessConductance
2022-07-12 20:29:41,848 - data_pipeline - INFO - LocalProcessConductance - Processing Conductivity
2022-07-12 20:29:41,849 - data_pipeline - INFO - LocalProcessConductance - Processing Conductivity for sample 61
2022-07-12 20:29:41,852 - data_pipeline - INFO - LocalProcessConductance - Processing conductivity for sample 61, position 0
2022-07-12 20:29:41,870 - data_pipeline - INFO - LocalProcessConductance - Processing conductivity for sample 61, position 1
2022-07-12 20:29:41,890 - data_pipeline - INFO - LocalProcessConductance - Processing conductivity for sample 61, position 2
2022-07-12 20:29:41,909 - data_pipeline - INFO - LocalProcessConductance - Processing conductivity for sample 61, position 3
2022-07-12 20:29:41,929 - data_pipeline - INFO - LocalProcessConductance - Processing conductivity for sample 61, position 4
2022-07-12 20:29:41,952 - data_pipeline - INFO - LocalProcessConductance - Saving position conductivity data
2022-07-12 20:29:41,960 - data_pipeline - INFO - LocalProcessConductance - Saving sample conductivity data
2022-07-12 20:29:41,972 - data_pipeline - INFO - LocalProcessConductance - Saving raw conductivity data
2022-07-12 20:29:41,990 - data_pipeline - INFO - running ProcessXRF
2022-07-12 20:29:41,990 - data_pipeline - INFO - LocalProcessXRF - Processing XRF
2022-07-12 20:29:45,990 - data_pipeline - INFO - running CalculatePseudoconductivity
2022-07-12 20:29:46,254 - data_pipeline - INFO - running AggregateData
2022-07-12 20:29:46,299 - data_pipeline - INFO - LocalAggregateData - Saving aggregate sample data
2022-07-12 20:29:46,327 - data_pipeline - INFO - running CustomTransformations
2022-07-12 20:29:46,328 - data_pipeline - INFO - No cost parameters provided. Cost not calculated.
2022-07-12 20:29:46,344 - data_pipeline - INFO - running DataEntry
2022-07-12 20:29:46,345 - data_pipeline - INFO - LocalDataEntry - Complete the pipeline
