2022-07-12 14:20:25,362 - data_pipeline - INFO - running CampaignParameters
2022-07-12 14:20:25,363 - data_pipeline - INFO - LocalCampaignParameters - Reading Campaign Parameters
2022-07-12 14:20:25,449 - data_pipeline - INFO - running ProcessSampleParameters
2022-07-12 14:20:25,450 - data_pipeline - INFO - LocalProcessSampleParameters - Reformatting Sample Parameters
2022-07-12 14:20:25,469 - data_pipeline - INFO - LocalProcessSampleParameters - Saving sample parameters data
2022-07-12 14:20:25,488 - data_pipeline - INFO - running ProcessConductance
2022-07-12 14:20:25,489 - data_pipeline - INFO - LocalProcessConductance - Processing Conductivity
2022-07-12 14:20:25,490 - data_pipeline - INFO - LocalProcessConductance - Processing Conductivity for sample 40
2022-07-12 14:20:25,494 - data_pipeline - INFO - LocalProcessConductance - Processing conductivity for sample 40, position 0
2022-07-12 14:20:25,513 - data_pipeline - INFO - LocalProcessConductance - Processing conductivity for sample 40, position 1
2022-07-12 14:20:25,533 - data_pipeline - INFO - LocalProcessConductance - Processing conductivity for sample 40, position 2
2022-07-12 14:20:25,553 - data_pipeline - INFO - LocalProcessConductance - Processing conductivity for sample 40, position 3
2022-07-12 14:20:25,573 - data_pipeline - INFO - LocalProcessConductance - Processing conductivity for sample 40, position 4
2022-07-12 14:20:25,596 - data_pipeline - INFO - LocalProcessConductance - Saving position conductivity data
2022-07-12 14:20:25,604 - data_pipeline - INFO - LocalProcessConductance - Saving sample conductivity data
2022-07-12 14:20:25,616 - data_pipeline - INFO - LocalProcessConductance - Saving raw conductivity data
2022-07-12 14:20:25,634 - data_pipeline - INFO - running ProcessXRF
2022-07-12 14:20:25,636 - data_pipeline - INFO - LocalProcessXRF - Processing XRF
2022-07-12 14:20:29,587 - data_pipeline - INFO - running CalculatePseudoconductivity
2022-07-12 14:20:29,884 - data_pipeline - INFO - running AggregateData
2022-07-12 14:20:29,927 - data_pipeline - INFO - LocalAggregateData - Saving aggregate sample data
2022-07-12 14:20:29,958 - data_pipeline - INFO - running CustomTransformations
2022-07-12 14:20:29,958 - data_pipeline - INFO - No cost parameters provided. Cost not calculated.
2022-07-12 14:20:29,974 - data_pipeline - INFO - running DataEntry
2022-07-12 14:20:29,974 - data_pipeline - INFO - LocalDataEntry - Complete the pipeline
