2022-07-14 09:46:12,779 - data_pipeline - INFO - running CampaignParameters
2022-07-14 09:46:12,780 - data_pipeline - INFO - LocalCampaignParameters - Reading Campaign Parameters
2022-07-14 09:46:13,001 - data_pipeline - INFO - running ProcessSampleParameters
2022-07-14 09:46:13,002 - data_pipeline - INFO - LocalProcessSampleParameters - Reformatting Sample Parameters
2022-07-14 09:46:13,024 - data_pipeline - INFO - LocalProcessSampleParameters - Saving sample parameters data
2022-07-14 09:46:13,045 - data_pipeline - INFO - running ProcessConductance
2022-07-14 09:46:13,046 - data_pipeline - INFO - LocalProcessConductance - Processing Conductivity
2022-07-14 09:46:13,047 - data_pipeline - INFO - LocalProcessConductance - Processing Conductivity for sample 147
2022-07-14 09:46:13,051 - data_pipeline - INFO - LocalProcessConductance - Processing conductivity for sample 147, position 0
2022-07-14 09:46:13,079 - data_pipeline - INFO - LocalProcessConductance - Processing conductivity for sample 147, position 1
2022-07-14 09:46:13,099 - data_pipeline - INFO - LocalProcessConductance - Processing conductivity for sample 147, position 2
2022-07-14 09:46:13,119 - data_pipeline - INFO - LocalProcessConductance - Processing conductivity for sample 147, position 3
2022-07-14 09:46:13,138 - data_pipeline - INFO - LocalProcessConductance - Processing conductivity for sample 147, position 4
2022-07-14 09:46:13,162 - data_pipeline - INFO - LocalProcessConductance - Saving position conductivity data
2022-07-14 09:46:13,171 - data_pipeline - INFO - LocalProcessConductance - Saving sample conductivity data
2022-07-14 09:46:13,183 - data_pipeline - INFO - LocalProcessConductance - Saving raw conductivity data
2022-07-14 09:46:13,202 - data_pipeline - INFO - running ProcessXRF
2022-07-14 09:46:13,202 - data_pipeline - INFO - LocalProcessXRF - Processing XRF
2022-07-14 09:46:17,229 - data_pipeline - INFO - running CalculatePseudoconductivity
2022-07-14 09:46:17,636 - data_pipeline - INFO - running AggregateData
2022-07-14 09:46:17,679 - data_pipeline - INFO - LocalAggregateData - Saving aggregate sample data
2022-07-14 09:46:17,714 - data_pipeline - INFO - running CustomTransformations
2022-07-14 09:46:17,714 - data_pipeline - INFO - No cost parameters provided. Cost not calculated.
2022-07-14 09:46:17,730 - data_pipeline - INFO - running DataEntry
2022-07-14 09:46:17,731 - data_pipeline - INFO - LocalDataEntry - Complete the pipeline
