2022-07-14 16:33:27,849 - data_pipeline - INFO - running CampaignParameters
2022-07-14 16:33:27,850 - data_pipeline - INFO - LocalCampaignParameters - Reading Campaign Parameters
2022-07-14 16:33:27,925 - data_pipeline - INFO - running ProcessSampleParameters
2022-07-14 16:33:27,925 - data_pipeline - INFO - LocalProcessSampleParameters - Reformatting Sample Parameters
2022-07-14 16:33:27,946 - data_pipeline - INFO - LocalProcessSampleParameters - Saving sample parameters data
2022-07-14 16:33:27,965 - data_pipeline - INFO - running ProcessConductance
2022-07-14 16:33:27,966 - data_pipeline - INFO - LocalProcessConductance - Processing Conductivity
2022-07-14 16:33:27,967 - data_pipeline - INFO - LocalProcessConductance - Processing Conductivity for sample 165
2022-07-14 16:33:27,970 - data_pipeline - INFO - LocalProcessConductance - Processing conductivity for sample 165, position 0
2022-07-14 16:33:27,989 - data_pipeline - INFO - LocalProcessConductance - Processing conductivity for sample 165, position 1
2022-07-14 16:33:28,009 - data_pipeline - INFO - LocalProcessConductance - Processing conductivity for sample 165, position 2
2022-07-14 16:33:28,031 - data_pipeline - INFO - LocalProcessConductance - Processing conductivity for sample 165, position 3
2022-07-14 16:33:28,051 - data_pipeline - INFO - LocalProcessConductance - Processing conductivity for sample 165, position 4
2022-07-14 16:33:28,075 - data_pipeline - INFO - LocalProcessConductance - Saving position conductivity data
2022-07-14 16:33:28,083 - data_pipeline - INFO - LocalProcessConductance - Saving sample conductivity data
2022-07-14 16:33:28,096 - data_pipeline - INFO - LocalProcessConductance - Saving raw conductivity data
2022-07-14 16:33:28,113 - data_pipeline - INFO - running ProcessXRF
2022-07-14 16:33:28,114 - data_pipeline - INFO - LocalProcessXRF - Processing XRF
2022-07-14 16:33:32,121 - data_pipeline - INFO - running CalculatePseudoconductivity
2022-07-14 16:33:32,448 - data_pipeline - INFO - running AggregateData
2022-07-14 16:33:32,492 - data_pipeline - INFO - LocalAggregateData - Saving aggregate sample data
2022-07-14 16:33:32,520 - data_pipeline - INFO - running CustomTransformations
2022-07-14 16:33:32,521 - data_pipeline - INFO - No cost parameters provided. Cost not calculated.
2022-07-14 16:33:32,537 - data_pipeline - INFO - running DataEntry
2022-07-14 16:33:32,538 - data_pipeline - INFO - LocalDataEntry - Complete the pipeline
