2022-07-12 22:54:25,848 - data_pipeline - INFO - running CampaignParameters
2022-07-12 22:54:25,849 - data_pipeline - INFO - LocalCampaignParameters - Reading Campaign Parameters
2022-07-12 22:54:26,129 - data_pipeline - INFO - running ProcessSampleParameters
2022-07-12 22:54:26,130 - data_pipeline - INFO - LocalProcessSampleParameters - Reformatting Sample Parameters
2022-07-12 22:54:26,149 - data_pipeline - INFO - LocalProcessSampleParameters - Saving sample parameters data
2022-07-12 22:54:26,169 - data_pipeline - INFO - running ProcessConductance
2022-07-12 22:54:26,170 - data_pipeline - INFO - LocalProcessConductance - Processing Conductivity
2022-07-12 22:54:26,171 - data_pipeline - INFO - LocalProcessConductance - Processing Conductivity for sample 66
2022-07-12 22:54:26,174 - data_pipeline - INFO - LocalProcessConductance - Processing conductivity for sample 66, position 0
2022-07-12 22:54:26,189 - data_pipeline - INFO - LocalProcessConductance - Processing conductivity for sample 66, position 1
2022-07-12 22:54:26,204 - data_pipeline - INFO - LocalProcessConductance - Processing conductivity for sample 66, position 2
2022-07-12 22:54:26,220 - data_pipeline - INFO - LocalProcessConductance - Processing conductivity for sample 66, position 3
2022-07-12 22:54:26,235 - data_pipeline - INFO - LocalProcessConductance - Processing conductivity for sample 66, position 4
2022-07-12 22:54:26,254 - data_pipeline - INFO - LocalProcessConductance - Saving position conductivity data
2022-07-12 22:54:26,261 - data_pipeline - INFO - LocalProcessConductance - Saving sample conductivity data
2022-07-12 22:54:26,273 - data_pipeline - INFO - LocalProcessConductance - Saving raw conductivity data
2022-07-12 22:54:26,293 - data_pipeline - INFO - running ProcessXRF
2022-07-12 22:54:26,293 - data_pipeline - INFO - LocalProcessXRF - Processing XRF
2022-07-12 22:54:30,284 - data_pipeline - INFO - running CalculatePseudoconductivity
2022-07-12 22:54:30,582 - data_pipeline - INFO - running AggregateData
2022-07-12 22:54:30,624 - data_pipeline - INFO - LocalAggregateData - Saving aggregate sample data
2022-07-12 22:54:30,652 - data_pipeline - INFO - running CustomTransformations
2022-07-12 22:54:30,653 - data_pipeline - INFO - No cost parameters provided. Cost not calculated.
2022-07-12 22:54:30,668 - data_pipeline - INFO - running DataEntry
2022-07-12 22:54:30,669 - data_pipeline - INFO - LocalDataEntry - Complete the pipeline
