2022-07-13 12:18:32,305 - data_pipeline - INFO - running CampaignParameters
2022-07-13 12:18:32,306 - data_pipeline - INFO - LocalCampaignParameters - Reading Campaign Parameters
2022-07-13 12:18:32,385 - data_pipeline - INFO - running ProcessSampleParameters
2022-07-13 12:18:32,386 - data_pipeline - INFO - LocalProcessSampleParameters - Reformatting Sample Parameters
2022-07-13 12:18:32,407 - data_pipeline - INFO - LocalProcessSampleParameters - Saving sample parameters data
2022-07-13 12:18:32,426 - data_pipeline - INFO - running ProcessConductance
2022-07-13 12:18:32,427 - data_pipeline - INFO - LocalProcessConductance - Processing Conductivity
2022-07-13 12:18:32,428 - data_pipeline - INFO - LocalProcessConductance - Processing Conductivity for sample 92
2022-07-13 12:18:32,431 - data_pipeline - INFO - LocalProcessConductance - Processing conductivity for sample 92, position 0
2022-07-13 12:18:32,450 - data_pipeline - INFO - LocalProcessConductance - Processing conductivity for sample 92, position 1
2022-07-13 12:18:32,478 - data_pipeline - INFO - LocalProcessConductance - Processing conductivity for sample 92, position 2
2022-07-13 12:18:32,497 - data_pipeline - INFO - LocalProcessConductance - Processing conductivity for sample 92, position 3
2022-07-13 12:18:32,517 - data_pipeline - INFO - LocalProcessConductance - Processing conductivity for sample 92, position 4
2022-07-13 12:18:32,540 - data_pipeline - INFO - LocalProcessConductance - Saving position conductivity data
2022-07-13 12:18:32,548 - data_pipeline - INFO - LocalProcessConductance - Saving sample conductivity data
2022-07-13 12:18:32,560 - data_pipeline - INFO - LocalProcessConductance - Saving raw conductivity data
2022-07-13 12:18:32,578 - data_pipeline - INFO - running ProcessXRF
2022-07-13 12:18:32,579 - data_pipeline - INFO - LocalProcessXRF - Processing XRF
2022-07-13 12:18:36,593 - data_pipeline - INFO - running CalculatePseudoconductivity
2022-07-13 12:18:36,854 - data_pipeline - INFO - running AggregateData
2022-07-13 12:18:36,899 - data_pipeline - INFO - LocalAggregateData - Saving aggregate sample data
2022-07-13 12:18:36,927 - data_pipeline - INFO - running CustomTransformations
2022-07-13 12:18:36,928 - data_pipeline - INFO - No cost parameters provided. Cost not calculated.
2022-07-13 12:18:36,945 - data_pipeline - INFO - running DataEntry
2022-07-13 12:18:36,945 - data_pipeline - INFO - LocalDataEntry - Complete the pipeline
