2022-07-14 01:03:52,917 - data_pipeline - INFO - running CampaignParameters
2022-07-14 01:03:52,918 - data_pipeline - INFO - LocalCampaignParameters - Reading Campaign Parameters
2022-07-14 01:03:52,958 - data_pipeline - INFO - running ProcessSampleParameters
2022-07-14 01:03:52,959 - data_pipeline - INFO - LocalProcessSampleParameters - Reformatting Sample Parameters
2022-07-14 01:03:52,983 - data_pipeline - INFO - LocalProcessSampleParameters - Saving sample parameters data
2022-07-14 01:03:53,015 - data_pipeline - INFO - running ProcessConductance
2022-07-14 01:03:53,017 - data_pipeline - INFO - LocalProcessConductance - Processing Conductivity
2022-07-14 01:03:53,018 - data_pipeline - INFO - LocalProcessConductance - Processing Conductivity for sample 119
2022-07-14 01:03:53,023 - data_pipeline - INFO - LocalProcessConductance - Processing conductivity for sample 119, position 0
2022-07-14 01:03:53,048 - data_pipeline - INFO - LocalProcessConductance - Processing conductivity for sample 119, position 1
2022-07-14 01:03:53,063 - data_pipeline - INFO - LocalProcessConductance - Processing conductivity for sample 119, position 2
2022-07-14 01:03:53,079 - data_pipeline - INFO - LocalProcessConductance - Processing conductivity for sample 119, position 3
2022-07-14 01:03:53,096 - data_pipeline - INFO - LocalProcessConductance - Processing conductivity for sample 119, position 4
2022-07-14 01:03:53,119 - data_pipeline - INFO - LocalProcessConductance - Saving position conductivity data
2022-07-14 01:03:53,128 - data_pipeline - INFO - LocalProcessConductance - Saving sample conductivity data
2022-07-14 01:03:53,141 - data_pipeline - INFO - LocalProcessConductance - Saving raw conductivity data
2022-07-14 01:03:53,160 - data_pipeline - INFO - running ProcessXRF
2022-07-14 01:03:53,161 - data_pipeline - INFO - LocalProcessXRF - Processing XRF
2022-07-14 01:03:57,103 - data_pipeline - INFO - running CalculatePseudoconductivity
2022-07-14 01:03:57,441 - data_pipeline - INFO - running AggregateData
2022-07-14 01:03:57,486 - data_pipeline - INFO - LocalAggregateData - Saving aggregate sample data
2022-07-14 01:03:57,517 - data_pipeline - INFO - running CustomTransformations
2022-07-14 01:03:57,518 - data_pipeline - INFO - No cost parameters provided. Cost not calculated.
2022-07-14 01:03:57,536 - data_pipeline - INFO - running DataEntry
2022-07-14 01:03:57,537 - data_pipeline - INFO - LocalDataEntry - Complete the pipeline
