2022-07-12 19:02:05,201 - data_pipeline - INFO - running CampaignParameters
2022-07-12 19:02:05,202 - data_pipeline - INFO - LocalCampaignParameters - Reading Campaign Parameters
2022-07-12 19:02:05,393 - data_pipeline - INFO - running ProcessSampleParameters
2022-07-12 19:02:05,393 - data_pipeline - INFO - LocalProcessSampleParameters - Reformatting Sample Parameters
2022-07-12 19:02:05,414 - data_pipeline - INFO - LocalProcessSampleParameters - Saving sample parameters data
2022-07-12 19:02:05,433 - data_pipeline - INFO - running ProcessConductance
2022-07-12 19:02:05,433 - data_pipeline - INFO - LocalProcessConductance - Processing Conductivity
2022-07-12 19:02:05,434 - data_pipeline - INFO - LocalProcessConductance - Processing Conductivity for sample 56
2022-07-12 19:02:05,438 - data_pipeline - INFO - LocalProcessConductance - Processing conductivity for sample 56, position 0
2022-07-12 19:02:05,457 - data_pipeline - INFO - LocalProcessConductance - Processing conductivity for sample 56, position 1
2022-07-12 19:02:05,476 - data_pipeline - INFO - LocalProcessConductance - Processing conductivity for sample 56, position 2
2022-07-12 19:02:05,496 - data_pipeline - INFO - LocalProcessConductance - Processing conductivity for sample 56, position 3
2022-07-12 19:02:05,515 - data_pipeline - INFO - LocalProcessConductance - Processing conductivity for sample 56, position 4
2022-07-12 19:02:05,537 - data_pipeline - INFO - LocalProcessConductance - Saving position conductivity data
2022-07-12 19:02:05,545 - data_pipeline - INFO - LocalProcessConductance - Saving sample conductivity data
2022-07-12 19:02:05,558 - data_pipeline - INFO - LocalProcessConductance - Saving raw conductivity data
2022-07-12 19:02:05,576 - data_pipeline - INFO - running ProcessXRF
2022-07-12 19:02:05,576 - data_pipeline - INFO - LocalProcessXRF - Processing XRF
2022-07-12 19:02:09,484 - data_pipeline - INFO - running CalculatePseudoconductivity
2022-07-12 19:02:09,892 - data_pipeline - INFO - running AggregateData
2022-07-12 19:02:09,944 - data_pipeline - INFO - LocalAggregateData - Saving aggregate sample data
2022-07-12 19:02:09,971 - data_pipeline - INFO - running CustomTransformations
2022-07-12 19:02:09,972 - data_pipeline - INFO - No cost parameters provided. Cost not calculated.
2022-07-12 19:02:10,044 - data_pipeline - INFO - running DataEntry
2022-07-12 19:02:10,045 - data_pipeline - INFO - LocalDataEntry - Complete the pipeline
