2022-07-12 23:19:39,237 - data_pipeline - INFO - running CampaignParameters
2022-07-12 23:19:39,238 - data_pipeline - INFO - LocalCampaignParameters - Reading Campaign Parameters
2022-07-12 23:19:39,488 - data_pipeline - INFO - running ProcessSampleParameters
2022-07-12 23:19:39,489 - data_pipeline - INFO - LocalProcessSampleParameters - Reformatting Sample Parameters
2022-07-12 23:19:39,509 - data_pipeline - INFO - LocalProcessSampleParameters - Saving sample parameters data
2022-07-12 23:19:39,529 - data_pipeline - INFO - running ProcessConductance
2022-07-12 23:19:39,529 - data_pipeline - INFO - LocalProcessConductance - Processing Conductivity
2022-07-12 23:19:39,530 - data_pipeline - INFO - LocalProcessConductance - Processing Conductivity for sample 67
2022-07-12 23:19:39,533 - data_pipeline - INFO - LocalProcessConductance - Processing conductivity for sample 67, position 0
2022-07-12 23:19:39,547 - data_pipeline - INFO - LocalProcessConductance - Processing conductivity for sample 67, position 1
2022-07-12 23:19:39,563 - data_pipeline - INFO - LocalProcessConductance - Processing conductivity for sample 67, position 2
2022-07-12 23:19:39,578 - data_pipeline - INFO - LocalProcessConductance - Processing conductivity for sample 67, position 3
2022-07-12 23:19:39,593 - data_pipeline - INFO - LocalProcessConductance - Processing conductivity for sample 67, position 4
2022-07-12 23:19:39,613 - data_pipeline - INFO - LocalProcessConductance - Saving position conductivity data
2022-07-12 23:19:39,621 - data_pipeline - INFO - LocalProcessConductance - Saving sample conductivity data
2022-07-12 23:19:39,632 - data_pipeline - INFO - LocalProcessConductance - Saving raw conductivity data
2022-07-12 23:19:39,650 - data_pipeline - INFO - running ProcessXRF
2022-07-12 23:19:39,650 - data_pipeline - INFO - LocalProcessXRF - Processing XRF
2022-07-12 23:19:43,591 - data_pipeline - INFO - running CalculatePseudoconductivity
2022-07-12 23:19:43,875 - data_pipeline - INFO - running AggregateData
2022-07-12 23:19:43,918 - data_pipeline - INFO - LocalAggregateData - Saving aggregate sample data
2022-07-12 23:19:43,945 - data_pipeline - INFO - running CustomTransformations
2022-07-12 23:19:43,946 - data_pipeline - INFO - No cost parameters provided. Cost not calculated.
2022-07-12 23:19:43,964 - data_pipeline - INFO - running DataEntry
2022-07-12 23:19:43,965 - data_pipeline - INFO - LocalDataEntry - Complete the pipeline
