2022-07-14 00:44:43,880 - data_pipeline - INFO - running CampaignParameters
2022-07-14 00:44:43,881 - data_pipeline - INFO - LocalCampaignParameters - Reading Campaign Parameters
2022-07-14 00:44:43,948 - data_pipeline - INFO - running ProcessSampleParameters
2022-07-14 00:44:43,948 - data_pipeline - INFO - LocalProcessSampleParameters - Reformatting Sample Parameters
2022-07-14 00:44:43,969 - data_pipeline - INFO - LocalProcessSampleParameters - Saving sample parameters data
2022-07-14 00:44:43,980 - data_pipeline - INFO - running ProcessXRF
2022-07-14 00:44:43,981 - data_pipeline - INFO - LocalProcessXRF - Processing XRF
2022-07-14 00:44:47,940 - data_pipeline - INFO - running ProcessConductance
2022-07-14 00:44:47,941 - data_pipeline - INFO - LocalProcessConductance - Processing Conductivity
2022-07-14 00:44:47,944 - data_pipeline - INFO - LocalProcessConductance - Processing Conductivity for sample 118
2022-07-14 00:44:47,947 - data_pipeline - INFO - LocalProcessConductance - Processing conductivity for sample 118, position 0
2022-07-14 00:44:47,962 - data_pipeline - INFO - LocalProcessConductance - Processing conductivity for sample 118, position 1
2022-07-14 00:44:47,977 - data_pipeline - INFO - LocalProcessConductance - Processing conductivity for sample 118, position 2
2022-07-14 00:44:47,994 - data_pipeline - INFO - LocalProcessConductance - Processing conductivity for sample 118, position 3
2022-07-14 00:44:48,009 - data_pipeline - INFO - LocalProcessConductance - Processing conductivity for sample 118, position 4
2022-07-14 00:44:48,028 - data_pipeline - INFO - LocalProcessConductance - Saving position conductivity data
2022-07-14 00:44:48,036 - data_pipeline - INFO - LocalProcessConductance - Saving sample conductivity data
2022-07-14 00:44:48,048 - data_pipeline - INFO - LocalProcessConductance - Saving raw conductivity data
2022-07-14 00:44:48,074 - data_pipeline - INFO - running CalculatePseudoconductivity
2022-07-14 00:44:48,342 - data_pipeline - INFO - running AggregateData
2022-07-14 00:44:48,385 - data_pipeline - INFO - LocalAggregateData - Saving aggregate sample data
2022-07-14 00:44:48,418 - data_pipeline - INFO - running CustomTransformations
2022-07-14 00:44:48,419 - data_pipeline - INFO - No cost parameters provided. Cost not calculated.
2022-07-14 00:44:48,436 - data_pipeline - INFO - running DataEntry
2022-07-14 00:44:48,437 - data_pipeline - INFO - LocalDataEntry - Complete the pipeline
