2022-07-14 03:20:46,145 - data_pipeline - INFO - running CampaignParameters
2022-07-14 03:20:46,145 - data_pipeline - INFO - LocalCampaignParameters - Reading Campaign Parameters
2022-07-14 03:20:46,259 - data_pipeline - INFO - running ProcessSampleParameters
2022-07-14 03:20:46,260 - data_pipeline - INFO - LocalProcessSampleParameters - Reformatting Sample Parameters
2022-07-14 03:20:46,280 - data_pipeline - INFO - LocalProcessSampleParameters - Saving sample parameters data
2022-07-14 03:20:46,297 - data_pipeline - INFO - running ProcessConductance
2022-07-14 03:20:46,297 - data_pipeline - INFO - LocalProcessConductance - Processing Conductivity
2022-07-14 03:20:46,298 - data_pipeline - INFO - LocalProcessConductance - Processing Conductivity for sample 127
2022-07-14 03:20:46,301 - data_pipeline - INFO - LocalProcessConductance - Processing conductivity for sample 127, position 0
2022-07-14 03:20:46,320 - data_pipeline - INFO - LocalProcessConductance - Processing conductivity for sample 127, position 1
2022-07-14 03:20:46,342 - data_pipeline - INFO - LocalProcessConductance - Processing conductivity for sample 127, position 2
2022-07-14 03:20:46,361 - data_pipeline - INFO - LocalProcessConductance - Processing conductivity for sample 127, position 3
2022-07-14 03:20:46,380 - data_pipeline - INFO - LocalProcessConductance - Processing conductivity for sample 127, position 4
2022-07-14 03:20:46,404 - data_pipeline - INFO - LocalProcessConductance - Saving position conductivity data
2022-07-14 03:20:46,412 - data_pipeline - INFO - LocalProcessConductance - Saving sample conductivity data
2022-07-14 03:20:46,424 - data_pipeline - INFO - LocalProcessConductance - Saving raw conductivity data
2022-07-14 03:20:46,442 - data_pipeline - INFO - running ProcessXRF
2022-07-14 03:20:46,444 - data_pipeline - INFO - LocalProcessXRF - Processing XRF
2022-07-14 03:20:50,392 - data_pipeline - INFO - running CalculatePseudoconductivity
2022-07-14 03:20:50,730 - data_pipeline - INFO - running AggregateData
2022-07-14 03:20:50,780 - data_pipeline - INFO - LocalAggregateData - Saving aggregate sample data
2022-07-14 03:20:50,808 - data_pipeline - INFO - running CustomTransformations
2022-07-14 03:20:50,808 - data_pipeline - INFO - No cost parameters provided. Cost not calculated.
2022-07-14 03:20:50,825 - data_pipeline - INFO - running DataEntry
2022-07-14 03:20:50,825 - data_pipeline - INFO - LocalDataEntry - Complete the pipeline
