2022-07-14 06:08:48,759 - data_pipeline - INFO - running CampaignParameters
2022-07-14 06:08:48,760 - data_pipeline - INFO - LocalCampaignParameters - Reading Campaign Parameters
2022-07-14 06:08:48,952 - data_pipeline - INFO - running ProcessSampleParameters
2022-07-14 06:08:48,953 - data_pipeline - INFO - LocalProcessSampleParameters - Reformatting Sample Parameters
2022-07-14 06:08:48,974 - data_pipeline - INFO - LocalProcessSampleParameters - Saving sample parameters data
2022-07-14 06:08:48,994 - data_pipeline - INFO - running ProcessConductance
2022-07-14 06:08:48,995 - data_pipeline - INFO - LocalProcessConductance - Processing Conductivity
2022-07-14 06:08:48,996 - data_pipeline - INFO - LocalProcessConductance - Processing Conductivity for sample 136
2022-07-14 06:08:48,999 - data_pipeline - INFO - LocalProcessConductance - Processing conductivity for sample 136, position 0
2022-07-14 06:08:49,014 - data_pipeline - INFO - LocalProcessConductance - Processing conductivity for sample 136, position 1
2022-07-14 06:08:49,030 - data_pipeline - INFO - LocalProcessConductance - Processing conductivity for sample 136, position 2
2022-07-14 06:08:49,045 - data_pipeline - INFO - LocalProcessConductance - Processing conductivity for sample 136, position 3
2022-07-14 06:08:49,065 - data_pipeline - INFO - LocalProcessConductance - Processing conductivity for sample 136, position 4
2022-07-14 06:08:49,087 - data_pipeline - INFO - LocalProcessConductance - Saving position conductivity data
2022-07-14 06:08:49,096 - data_pipeline - INFO - LocalProcessConductance - Saving sample conductivity data
2022-07-14 06:08:49,107 - data_pipeline - INFO - LocalProcessConductance - Saving raw conductivity data
2022-07-14 06:08:49,125 - data_pipeline - INFO - running ProcessXRF
2022-07-14 06:08:49,125 - data_pipeline - INFO - LocalProcessXRF - Processing XRF
2022-07-14 06:08:53,090 - data_pipeline - INFO - running CalculatePseudoconductivity
2022-07-14 06:08:53,352 - data_pipeline - INFO - running AggregateData
2022-07-14 06:08:53,396 - data_pipeline - INFO - LocalAggregateData - Saving aggregate sample data
2022-07-14 06:08:53,441 - data_pipeline - INFO - running CustomTransformations
2022-07-14 06:08:53,442 - data_pipeline - INFO - No cost parameters provided. Cost not calculated.
2022-07-14 06:08:53,480 - data_pipeline - INFO - running DataEntry
2022-07-14 06:08:53,480 - data_pipeline - INFO - LocalDataEntry - Complete the pipeline
