2022-07-11 15:35:17,202 - data_pipeline - INFO - running CampaignParameters
2022-07-11 15:35:17,203 - data_pipeline - INFO - LocalCampaignParameters - Reading Campaign Parameters
2022-07-11 15:35:17,289 - data_pipeline - INFO - running ProcessSampleParameters
2022-07-11 15:35:17,290 - data_pipeline - INFO - LocalProcessSampleParameters - Reformatting Sample Parameters
2022-07-11 15:35:17,309 - data_pipeline - INFO - LocalProcessSampleParameters - Saving sample parameters data
2022-07-11 15:35:17,328 - data_pipeline - INFO - running ProcessConductance
2022-07-11 15:35:17,329 - data_pipeline - INFO - LocalProcessConductance - Processing Conductivity
2022-07-11 15:35:17,330 - data_pipeline - INFO - LocalProcessConductance - Processing Conductivity for sample 6
2022-07-11 15:35:17,333 - data_pipeline - INFO - LocalProcessConductance - Processing conductivity for sample 6, position 0
2022-07-11 15:35:17,349 - data_pipeline - INFO - LocalProcessConductance - Processing conductivity for sample 6, position 1
2022-07-11 15:35:17,365 - data_pipeline - INFO - LocalProcessConductance - Processing conductivity for sample 6, position 2
2022-07-11 15:35:17,380 - data_pipeline - INFO - LocalProcessConductance - Processing conductivity for sample 6, position 3
2022-07-11 15:35:17,397 - data_pipeline - INFO - LocalProcessConductance - Processing conductivity for sample 6, position 4
2022-07-11 15:35:17,417 - data_pipeline - INFO - LocalProcessConductance - Saving position conductivity data
2022-07-11 15:35:17,426 - data_pipeline - INFO - LocalProcessConductance - Saving sample conductivity data
2022-07-11 15:35:17,437 - data_pipeline - INFO - LocalProcessConductance - Saving raw conductivity data
2022-07-11 15:35:17,456 - data_pipeline - INFO - running ProcessXRF
2022-07-11 15:35:17,457 - data_pipeline - INFO - LocalProcessXRF - Processing XRF
2022-07-11 15:35:21,380 - data_pipeline - INFO - running CalculatePseudoconductivity
2022-07-11 15:35:21,676 - data_pipeline - INFO - running AggregateData
2022-07-11 15:35:21,718 - data_pipeline - INFO - LocalAggregateData - Saving aggregate sample data
2022-07-11 15:35:21,746 - data_pipeline - INFO - running CustomTransformations
2022-07-11 15:35:21,747 - data_pipeline - INFO - No cost parameters provided. Cost not calculated.
2022-07-11 15:35:21,763 - data_pipeline - INFO - running DataEntry
2022-07-11 15:35:21,764 - data_pipeline - INFO - LocalDataEntry - Complete the pipeline
