2022-07-12 13:12:58,576 - data_pipeline - INFO - running CampaignParameters
2022-07-12 13:12:58,585 - data_pipeline - INFO - LocalCampaignParameters - Reading Campaign Parameters
2022-07-12 13:12:58,689 - data_pipeline - INFO - running ProcessSampleParameters
2022-07-12 13:12:58,689 - data_pipeline - INFO - LocalProcessSampleParameters - Reformatting Sample Parameters
2022-07-12 13:12:58,712 - data_pipeline - INFO - LocalProcessSampleParameters - Saving sample parameters data
2022-07-12 13:12:58,732 - data_pipeline - INFO - running ProcessConductance
2022-07-12 13:12:58,733 - data_pipeline - INFO - LocalProcessConductance - Processing Conductivity
2022-07-12 13:12:58,734 - data_pipeline - INFO - LocalProcessConductance - Processing Conductivity for sample 36
2022-07-12 13:12:58,737 - data_pipeline - INFO - LocalProcessConductance - Processing conductivity for sample 36, position 0
2022-07-12 13:12:58,756 - data_pipeline - INFO - LocalProcessConductance - Processing conductivity for sample 36, position 1
2022-07-12 13:12:58,776 - data_pipeline - INFO - LocalProcessConductance - Processing conductivity for sample 36, position 2
2022-07-12 13:12:58,796 - data_pipeline - INFO - LocalProcessConductance - Processing conductivity for sample 36, position 3
2022-07-12 13:12:58,815 - data_pipeline - INFO - LocalProcessConductance - Processing conductivity for sample 36, position 4
2022-07-12 13:12:58,838 - data_pipeline - INFO - LocalProcessConductance - Saving position conductivity data
2022-07-12 13:12:58,847 - data_pipeline - INFO - LocalProcessConductance - Saving sample conductivity data
2022-07-12 13:12:58,858 - data_pipeline - INFO - LocalProcessConductance - Saving raw conductivity data
2022-07-12 13:12:58,877 - data_pipeline - INFO - running ProcessXRF
2022-07-12 13:12:58,877 - data_pipeline - INFO - LocalProcessXRF - Processing XRF
2022-07-12 13:13:02,852 - data_pipeline - INFO - running CalculatePseudoconductivity
2022-07-12 13:13:03,133 - data_pipeline - INFO - running AggregateData
2022-07-12 13:13:03,183 - data_pipeline - INFO - LocalAggregateData - Saving aggregate sample data
2022-07-12 13:13:03,231 - data_pipeline - INFO - running CustomTransformations
2022-07-12 13:13:03,232 - data_pipeline - INFO - No cost parameters provided. Cost not calculated.
2022-07-12 13:13:03,249 - data_pipeline - INFO - running DataEntry
2022-07-12 13:13:03,250 - data_pipeline - INFO - LocalDataEntry - Complete the pipeline
