2022-07-14 10:05:08,712 - data_pipeline - INFO - running CampaignParameters
2022-07-14 10:05:08,713 - data_pipeline - INFO - LocalCampaignParameters - Reading Campaign Parameters
2022-07-14 10:05:08,979 - data_pipeline - INFO - running ProcessSampleParameters
2022-07-14 10:05:08,980 - data_pipeline - INFO - LocalProcessSampleParameters - Reformatting Sample Parameters
2022-07-14 10:05:09,000 - data_pipeline - INFO - LocalProcessSampleParameters - Saving sample parameters data
2022-07-14 10:05:09,019 - data_pipeline - INFO - running ProcessConductance
2022-07-14 10:05:09,020 - data_pipeline - INFO - LocalProcessConductance - Processing Conductivity
2022-07-14 10:05:09,021 - data_pipeline - INFO - LocalProcessConductance - Processing Conductivity for sample 148
2022-07-14 10:05:09,024 - data_pipeline - INFO - LocalProcessConductance - Processing conductivity for sample 148, position 0
2022-07-14 10:05:09,043 - data_pipeline - INFO - LocalProcessConductance - Processing conductivity for sample 148, position 1
2022-07-14 10:05:09,062 - data_pipeline - INFO - LocalProcessConductance - Processing conductivity for sample 148, position 2
2022-07-14 10:05:09,081 - data_pipeline - INFO - LocalProcessConductance - Processing conductivity for sample 148, position 3
2022-07-14 10:05:09,100 - data_pipeline - INFO - LocalProcessConductance - Processing conductivity for sample 148, position 4
2022-07-14 10:05:09,124 - data_pipeline - INFO - LocalProcessConductance - Saving position conductivity data
2022-07-14 10:05:09,132 - data_pipeline - INFO - LocalProcessConductance - Saving sample conductivity data
2022-07-14 10:05:09,144 - data_pipeline - INFO - LocalProcessConductance - Saving raw conductivity data
2022-07-14 10:05:09,164 - data_pipeline - INFO - running ProcessXRF
2022-07-14 10:05:09,165 - data_pipeline - INFO - LocalProcessXRF - Processing XRF
2022-07-14 10:05:13,193 - data_pipeline - INFO - running CalculatePseudoconductivity
2022-07-14 10:05:13,498 - data_pipeline - INFO - running AggregateData
2022-07-14 10:05:13,541 - data_pipeline - INFO - LocalAggregateData - Saving aggregate sample data
2022-07-14 10:05:13,569 - data_pipeline - INFO - running CustomTransformations
2022-07-14 10:05:13,570 - data_pipeline - INFO - No cost parameters provided. Cost not calculated.
2022-07-14 10:05:13,586 - data_pipeline - INFO - running DataEntry
2022-07-14 10:05:13,587 - data_pipeline - INFO - LocalDataEntry - Complete the pipeline
