2022-07-12 19:20:26,747 - data_pipeline - INFO - running CampaignParameters
2022-07-12 19:20:26,749 - data_pipeline - INFO - LocalCampaignParameters - Reading Campaign Parameters
2022-07-12 19:20:26,928 - data_pipeline - INFO - running ProcessSampleParameters
2022-07-12 19:20:26,929 - data_pipeline - INFO - LocalProcessSampleParameters - Reformatting Sample Parameters
2022-07-12 19:20:26,950 - data_pipeline - INFO - LocalProcessSampleParameters - Saving sample parameters data
2022-07-12 19:20:26,969 - data_pipeline - INFO - running ProcessConductance
2022-07-12 19:20:26,970 - data_pipeline - INFO - LocalProcessConductance - Processing Conductivity
2022-07-12 19:20:26,971 - data_pipeline - INFO - LocalProcessConductance - Processing Conductivity for sample 57
2022-07-12 19:20:26,974 - data_pipeline - INFO - LocalProcessConductance - Processing conductivity for sample 57, position 0
2022-07-12 19:20:26,993 - data_pipeline - INFO - LocalProcessConductance - Processing conductivity for sample 57, position 1
2022-07-12 19:20:27,012 - data_pipeline - INFO - LocalProcessConductance - Processing conductivity for sample 57, position 2
2022-07-12 19:20:27,031 - data_pipeline - INFO - LocalProcessConductance - Processing conductivity for sample 57, position 3
2022-07-12 19:20:27,050 - data_pipeline - INFO - LocalProcessConductance - Processing conductivity for sample 57, position 4
2022-07-12 19:20:27,073 - data_pipeline - INFO - LocalProcessConductance - Saving position conductivity data
2022-07-12 19:20:27,081 - data_pipeline - INFO - LocalProcessConductance - Saving sample conductivity data
2022-07-12 19:20:27,092 - data_pipeline - INFO - LocalProcessConductance - Saving raw conductivity data
2022-07-12 19:20:27,111 - data_pipeline - INFO - running ProcessXRF
2022-07-12 19:20:27,112 - data_pipeline - INFO - LocalProcessXRF - Processing XRF
2022-07-12 19:20:31,069 - data_pipeline - INFO - running CalculatePseudoconductivity
2022-07-12 19:20:31,344 - data_pipeline - INFO - running AggregateData
2022-07-12 19:20:31,388 - data_pipeline - INFO - LocalAggregateData - Saving aggregate sample data
2022-07-12 19:20:31,415 - data_pipeline - INFO - running CustomTransformations
2022-07-12 19:20:31,415 - data_pipeline - INFO - No cost parameters provided. Cost not calculated.
2022-07-12 19:20:31,433 - data_pipeline - INFO - running DataEntry
2022-07-12 19:20:31,434 - data_pipeline - INFO - LocalDataEntry - Complete the pipeline
