2022-07-13 12:47:13,766 - data_pipeline - INFO - running CampaignParameters
2022-07-13 12:47:13,767 - data_pipeline - INFO - LocalCampaignParameters - Reading Campaign Parameters
2022-07-13 12:47:13,930 - data_pipeline - INFO - running ProcessSampleParameters
2022-07-13 12:47:13,931 - data_pipeline - INFO - LocalProcessSampleParameters - Reformatting Sample Parameters
2022-07-13 12:47:13,951 - data_pipeline - INFO - LocalProcessSampleParameters - Saving sample parameters data
2022-07-13 12:47:13,971 - data_pipeline - INFO - running ProcessConductance
2022-07-13 12:47:13,972 - data_pipeline - INFO - LocalProcessConductance - Processing Conductivity
2022-07-13 12:47:13,973 - data_pipeline - INFO - LocalProcessConductance - Processing Conductivity for sample 94
2022-07-13 12:47:13,976 - data_pipeline - INFO - LocalProcessConductance - Processing conductivity for sample 94, position 0
2022-07-13 12:47:13,996 - data_pipeline - INFO - LocalProcessConductance - Processing conductivity for sample 94, position 1
2022-07-13 12:47:14,015 - data_pipeline - INFO - LocalProcessConductance - Processing conductivity for sample 94, position 2
2022-07-13 12:47:14,034 - data_pipeline - INFO - LocalProcessConductance - Processing conductivity for sample 94, position 3
2022-07-13 12:47:14,053 - data_pipeline - INFO - LocalProcessConductance - Processing conductivity for sample 94, position 4
2022-07-13 12:47:14,076 - data_pipeline - INFO - LocalProcessConductance - Saving position conductivity data
2022-07-13 12:47:14,084 - data_pipeline - INFO - LocalProcessConductance - Saving sample conductivity data
2022-07-13 12:47:14,096 - data_pipeline - INFO - LocalProcessConductance - Saving raw conductivity data
2022-07-13 12:47:14,115 - data_pipeline - INFO - running ProcessXRF
2022-07-13 12:47:14,115 - data_pipeline - INFO - LocalProcessXRF - Processing XRF
2022-07-13 12:47:18,039 - data_pipeline - INFO - running CalculatePseudoconductivity
2022-07-13 12:47:18,329 - data_pipeline - INFO - running AggregateData
2022-07-13 12:47:18,372 - data_pipeline - INFO - LocalAggregateData - Saving aggregate sample data
2022-07-13 12:47:18,401 - data_pipeline - INFO - running CustomTransformations
2022-07-13 12:47:18,402 - data_pipeline - INFO - No cost parameters provided. Cost not calculated.
2022-07-13 12:47:18,417 - data_pipeline - INFO - running DataEntry
2022-07-13 12:47:18,418 - data_pipeline - INFO - LocalDataEntry - Complete the pipeline
