2022-07-14 20:14:00,646 - data_pipeline - INFO - running CampaignParameters
2022-07-14 20:14:00,647 - data_pipeline - INFO - LocalCampaignParameters - Reading Campaign Parameters
2022-07-14 20:14:00,833 - data_pipeline - INFO - running ProcessSampleParameters
2022-07-14 20:14:00,834 - data_pipeline - INFO - LocalProcessSampleParameters - Reformatting Sample Parameters
2022-07-14 20:14:00,855 - data_pipeline - INFO - LocalProcessSampleParameters - Saving sample parameters data
2022-07-14 20:14:00,875 - data_pipeline - INFO - running ProcessConductance
2022-07-14 20:14:00,876 - data_pipeline - INFO - LocalProcessConductance - Processing Conductivity
2022-07-14 20:14:00,877 - data_pipeline - INFO - LocalProcessConductance - Processing Conductivity for sample 176
2022-07-14 20:14:00,880 - data_pipeline - INFO - LocalProcessConductance - Processing conductivity for sample 176, position 0
2022-07-14 20:14:00,899 - data_pipeline - INFO - LocalProcessConductance - Processing conductivity for sample 176, position 1
2022-07-14 20:14:00,918 - data_pipeline - INFO - LocalProcessConductance - Processing conductivity for sample 176, position 2
2022-07-14 20:14:00,938 - data_pipeline - INFO - LocalProcessConductance - Processing conductivity for sample 176, position 3
2022-07-14 20:14:00,957 - data_pipeline - INFO - LocalProcessConductance - Processing conductivity for sample 176, position 4
2022-07-14 20:14:00,981 - data_pipeline - INFO - LocalProcessConductance - Saving position conductivity data
2022-07-14 20:14:00,989 - data_pipeline - INFO - LocalProcessConductance - Saving sample conductivity data
2022-07-14 20:14:01,000 - data_pipeline - INFO - LocalProcessConductance - Saving raw conductivity data
2022-07-14 20:14:01,022 - data_pipeline - INFO - running ProcessXRF
2022-07-14 20:14:01,023 - data_pipeline - INFO - LocalProcessXRF - Processing XRF
2022-07-14 20:14:05,024 - data_pipeline - INFO - running CalculatePseudoconductivity
2022-07-14 20:14:05,350 - data_pipeline - INFO - running AggregateData
2022-07-14 20:14:05,394 - data_pipeline - INFO - LocalAggregateData - Saving aggregate sample data
2022-07-14 20:14:05,423 - data_pipeline - INFO - running CustomTransformations
2022-07-14 20:14:05,424 - data_pipeline - INFO - No cost parameters provided. Cost not calculated.
2022-07-14 20:14:05,440 - data_pipeline - INFO - running DataEntry
2022-07-14 20:14:05,441 - data_pipeline - INFO - LocalDataEntry - Complete the pipeline
