2022-07-14 05:00:25,647 - data_pipeline - INFO - running CampaignParameters
2022-07-14 05:00:25,648 - data_pipeline - INFO - LocalCampaignParameters - Reading Campaign Parameters
2022-07-14 05:00:25,812 - data_pipeline - INFO - running ProcessSampleParameters
2022-07-14 05:00:25,813 - data_pipeline - INFO - LocalProcessSampleParameters - Reformatting Sample Parameters
2022-07-14 05:00:25,834 - data_pipeline - INFO - LocalProcessSampleParameters - Saving sample parameters data
2022-07-14 05:00:25,853 - data_pipeline - INFO - running ProcessConductance
2022-07-14 05:00:25,853 - data_pipeline - INFO - LocalProcessConductance - Processing Conductivity
2022-07-14 05:00:25,854 - data_pipeline - INFO - LocalProcessConductance - Processing Conductivity for sample 133
2022-07-14 05:00:25,858 - data_pipeline - INFO - LocalProcessConductance - Processing conductivity for sample 133, position 0
2022-07-14 05:00:25,876 - data_pipeline - INFO - LocalProcessConductance - Processing conductivity for sample 133, position 1
2022-07-14 05:00:25,896 - data_pipeline - INFO - LocalProcessConductance - Processing conductivity for sample 133, position 2
2022-07-14 05:00:25,914 - data_pipeline - INFO - LocalProcessConductance - Processing conductivity for sample 133, position 3
2022-07-14 05:00:25,933 - data_pipeline - INFO - LocalProcessConductance - Processing conductivity for sample 133, position 4
2022-07-14 05:00:25,956 - data_pipeline - INFO - LocalProcessConductance - Saving position conductivity data
2022-07-14 05:00:25,964 - data_pipeline - INFO - LocalProcessConductance - Saving sample conductivity data
2022-07-14 05:00:25,975 - data_pipeline - INFO - LocalProcessConductance - Saving raw conductivity data
2022-07-14 05:00:25,995 - data_pipeline - INFO - running ProcessXRF
2022-07-14 05:00:25,995 - data_pipeline - INFO - LocalProcessXRF - Processing XRF
2022-07-14 05:00:30,028 - data_pipeline - INFO - running CalculatePseudoconductivity
2022-07-14 05:00:30,333 - data_pipeline - INFO - running AggregateData
2022-07-14 05:00:30,375 - data_pipeline - INFO - LocalAggregateData - Saving aggregate sample data
2022-07-14 05:00:30,403 - data_pipeline - INFO - running CustomTransformations
2022-07-14 05:00:30,404 - data_pipeline - INFO - No cost parameters provided. Cost not calculated.
2022-07-14 05:00:30,420 - data_pipeline - INFO - running DataEntry
2022-07-14 05:00:30,420 - data_pipeline - INFO - LocalDataEntry - Complete the pipeline
